coupled_FoFo_375_mu30e3.log @ arthur-ltf
2018-06-20T21:07:06

c0 = 3.344140e-02 (approx 0.74 wt.%)
T_C = 375.0 [oC]
total_time = 1000.0 [s]; n_time = 30800

mart: structure = bcc; E = 0.0 [J/mol]; type_D = 3 (pseudophase alpha + carbides)
      thermodynamical data: thermo/FoFo/TCFE8/375-bcc.txt
      z0 = -1.16 um; zn = -0.66 um; n = 40
aus1: structure = fcc; E = 0.0 [J/mol]; type_D = 0 (comp.local)
      thermodynamical data: thermo/FoFo/TCFE8/375-fcc.txt
      z0 = -0.66 um; zn = -0.33 um; n = 100
fer1: structure = bcc; E = 1787.5852936460433 [J/mol]; type_D = 0 (comp.local)
      thermodynamical data: thermo/FoFo/TCFE8/375-bcc.txt
      z0 = -0.33 um; zn = -0.33 um; n = 10
aus2: structure = fcc; E = 0.0 [J/mol]; type_D = 0 (comp.local)
      thermodynamical data: thermo/FoFo/TCFE8/375-fcc.txt
      z0 = -0.33 um; zn = 0.00 um; n = 100
fer2: structure = bcc; E = 1787.5852936460433 [J/mol]; type_D = 0 (comp.local)
      thermodynamical data: thermo/FoFo/TCFE8/375-bcc.txt
      z0 = 0.00 um; zn = 0.00 um; n = 10
int1: type_int = 1 (fixed.fluxes)
int2: type_int = 3 (mobile.mmode)
int4: type_int = 3 (mobile.mmode)
int4: type_int = 3 (mobile.mmode)

  200: t=0.010, cavg*=0.997323, r_mart=0.0942703, r_aus1=0.0271852, r_fer1=0, r_aus2=0.00120973, r_fer2=0
  400: t=0.020, cavg*=0.998756, r_mart=0.0941247, r_aus1=0.0272394, r_fer1=0, r_aus2=0.00127069, r_fer2=0
  600: t=0.030, cavg*=0.999093, r_mart=0.0940892, r_aus1=0.0272917, r_fer1=0, r_aus2=0.00132803, r_fer2=0
  800: t=0.040, cavg*=0.999186, r_mart=0.0940777, r_aus1=0.027342, r_fer1=0, r_aus2=0.00138425, r_fer2=0
 1000: t=0.050, cavg*=0.999248, r_mart=0.0940688, r_aus1=0.0273905, r_fer1=0, r_aus2=0.00143923, r_fer2=0
 1200: t=0.060, cavg*=0.999252, r_mart=0.0940632, r_aus1=0.0274373, r_fer1=0, r_aus2=0.00149285, r_fer2=0
 1400: t=0.070, cavg*=0.99926, r_mart=0.0940579, r_aus1=0.0274825, r_fer1=0, r_aus2=0.00154497, r_fer2=0
 1600: t=0.080, cavg*=0.99926, r_mart=0.0940542, r_aus1=0.0275262, r_fer1=0, r_aus2=0.00159538, r_fer2=0
 1800: t=0.090, cavg*=0.999259, r_mart=0.0940509, r_aus1=0.0275684, r_fer1=0, r_aus2=0.00164388, r_fer2=0
 2000: t=0.100, cavg*=0.99927, r_mart=0.0940481, r_aus1=0.0276093, r_fer1=0, r_aus2=0.00169039, r_fer2=0
 2200: t=0.110, cavg*=0.99928, r_mart=0.094046, r_aus1=0.027649, r_fer1=0, r_aus2=0.00173482, r_fer2=0
 2400: t=0.120, cavg*=0.999297, r_mart=0.0940444, r_aus1=0.0276874, r_fer1=0, r_aus2=0.00177723, r_fer2=0
 2600: t=0.130, cavg*=0.999322, r_mart=0.0940432, r_aus1=0.0277248, r_fer1=0, r_aus2=0.00181763, r_fer2=0
 2800: t=0.140, cavg*=0.99935, r_mart=0.0940427, r_aus1=0.0277612, r_fer1=0, r_aus2=0.00185615, r_fer2=0
 3000: t=0.150, cavg*=0.999383, r_mart=0.0940427, r_aus1=0.0277966, r_fer1=0, r_aus2=0.00189292, r_fer2=0
 3200: t=0.160, cavg*=0.999422, r_mart=0.0940432, r_aus1=0.0278311, r_fer1=0, r_aus2=0.001928, r_fer2=0
 3400: t=0.170, cavg*=0.999464, r_mart=0.0940444, r_aus1=0.0278649, r_fer1=0, r_aus2=0.00196147, r_fer2=0
 3600: t=0.180, cavg*=0.999509, r_mart=0.0940462, r_aus1=0.0278978, r_fer1=0, r_aus2=0.00199323, r_fer2=0
 3800: t=0.190, cavg*=0.999557, r_mart=0.0940487, r_aus1=0.02793, r_fer1=0, r_aus2=0.00202358, r_fer2=0
 4000: t=0.200, cavg*=0.999608, r_mart=0.0940517, r_aus1=0.0279616, r_fer1=0, r_aus2=0.00205262, r_fer2=0
 4200: t=0.300, cavg*=1.00012, r_mart=0.941117, r_aus1=0.282473, r_fer1=0, r_aus2=0.0228165, r_fer2=0
 4400: t=0.400, cavg*=1.00069, r_mart=0.942088, r_aus1=0.284965, r_fer1=0, r_aus2=0.0245199, r_fer2=0
 4600: t=0.500, cavg*=1.00125, r_mart=0.94323, r_aus1=0.287204, r_fer1=0, r_aus2=0.0258585, r_fer2=0
 4800: t=0.600, cavg*=1.00178, r_mart=0.944427, r_aus1=0.289263, r_fer1=0, r_aus2=0.0269726, r_fer2=0
 5000: t=0.700, cavg*=1.00229, r_mart=0.945627, r_aus1=0.291184, r_fer1=0, r_aus2=0.0279363, r_fer2=0
 5200: t=0.800, cavg*=1.00276, r_mart=0.946807, r_aus1=0.292996, r_fer1=0, r_aus2=0.028793, r_fer2=0
 5400: t=0.900, cavg*=1.0032, r_mart=0.947959, r_aus1=0.294719, r_fer1=0, r_aus2=0.0295667, r_fer2=0
 5600: t=1.000, cavg*=1.00362, r_mart=0.949078, r_aus1=0.296366, r_fer1=0, r_aus2=0.0302783, r_fer2=0
 5800: t=1.100, cavg*=1.00402, r_mart=0.950166, r_aus1=0.297949, r_fer1=0, r_aus2=0.0309407, r_fer2=0
 6000: t=1.200, cavg*=1.0044, r_mart=0.951223, r_aus1=0.299477, r_fer1=0, r_aus2=0.0315632, r_fer2=0
 6200: t=1.300, cavg*=1.00476, r_mart=0.952251, r_aus1=0.300956, r_fer1=0, r_aus2=0.0321525, r_fer2=0
 6400: t=1.400, cavg*=1.0051, r_mart=0.953252, r_aus1=0.302392, r_fer1=0, r_aus2=0.0327139, r_fer2=0
 6600: t=1.500, cavg*=1.00543, r_mart=0.954227, r_aus1=0.303789, r_fer1=0, r_aus2=0.0332516, r_fer2=0
 6800: t=1.600, cavg*=1.00574, r_mart=0.955178, r_aus1=0.305151, r_fer1=0, r_aus2=0.0337688, r_fer2=0
 7000: t=1.700, cavg*=1.00604, r_mart=0.956107, r_aus1=0.306482, r_fer1=0, r_aus2=0.0342681, r_fer2=0
 7200: t=1.800, cavg*=1.00633, r_mart=0.957016, r_aus1=0.307784, r_fer1=0, r_aus2=0.0347518, r_fer2=0
 7400: t=1.900, cavg*=1.00661, r_mart=0.957904, r_aus1=0.30906, r_fer1=0, r_aus2=0.0352216, r_fer2=0
 7600: t=2.000, cavg*=1.00688, r_mart=0.958775, r_aus1=0.310311, r_fer1=0, r_aus2=0.0356786, r_fer2=0
 7800: t=3.000, cavg*=1.00862, r_mart=9.66629, r_aus1=3.21907, r_fer1=0, r_aus2=0.397185, r_fer2=0
 8000: t=4.000, cavg*=1.00996, r_mart=9.73453, r_aus1=3.3232, r_fer1=0, r_aus2=0.434146, r_fer2=0
 8200: t=5.000, cavg*=1.01104, r_mart=9.79564, r_aus1=3.41938, r_fer1=0, r_aus2=0.468908, r_fer2=0
 8400: t=6.000, cavg*=1.01191, r_mart=9.85153, r_aus1=3.51006, r_fer1=0, r_aus2=0.502676, r_fer2=0
 8600: t=7.000, cavg*=1.01261, r_mart=9.90342, r_aus1=3.59672, r_fer1=0, r_aus2=0.536091, r_fer2=0
 8800: t=8.000, cavg*=1.01319, r_mart=9.95209, r_aus1=3.68019, r_fer1=0, r_aus2=0.569563, r_fer2=0
 9000: t=9.000, cavg*=1.01365, r_mart=9.99808, r_aus1=3.76007, r_fer1=0, r_aus2=0.603407, r_fer2=0
 9200: t=10.000, cavg*=1.014, r_mart=10.0417, r_aus1=3.83193, r_fer1=0, r_aus2=0.637906, r_fer2=0
 9400: t=11.000, cavg*=1.01427, r_mart=10.0832, r_aus1=3.88453, r_fer1=0, r_aus2=0.67329, r_fer2=0
 9600: t=12.000, cavg*=1.01446, r_mart=10.1226, r_aus1=3.90514, r_fer1=0, r_aus2=0.709594, r_fer2=0
 9800: t=13.000, cavg*=1.01459, r_mart=10.1598, r_aus1=3.89016, r_fer1=0, r_aus2=0.746726, r_fer2=0
10000: t=14.000, cavg*=1.01467, r_mart=10.1951, r_aus1=3.8459, r_fer1=0, r_aus2=0.784641, r_fer2=0
10200: t=15.000, cavg*=1.01469, r_mart=10.2285, r_aus1=3.7817, r_fer1=0, r_aus2=0.823352, r_fer2=0
10400: t=16.000, cavg*=1.01467, r_mart=10.2604, r_aus1=3.70555, r_fer1=0, r_aus2=0.862827, r_fer2=0
10600: t=17.000, cavg*=1.01461, r_mart=10.291, r_aus1=3.62313, r_fer1=0, r_aus2=0.90293, r_fer2=0
10800: t=18.000, cavg*=1.01452, r_mart=10.3205, r_aus1=3.53821, r_fer1=0, r_aus2=0.943379, r_fer2=0
11000: t=19.000, cavg*=1.0165, r_mart=10.3394, r_aus1=3.252, r_fer1=0, r_aus2=0.983742, r_fer2=0
11200: t=20.000, cavg*=1.01774, r_mart=10.34, r_aus1=2.63233, r_fer1=0, r_aus2=1.02347, r_fer2=0
11400: t=30.000, cavg*=1.03419, r_mart=103.413, r_aus1=14.0493, r_fer1=0, r_aus2=13.0192, r_fer2=0
11600: t=40.000, cavg*=1.04229, r_mart=103.419, r_aus1=9.36022, r_fer1=0, r_aus2=13.4612, r_fer2=0
11800: t=50.000, cavg*=1.04685, r_mart=103.423, r_aus1=7.07059, r_fer1=0, r_aus2=13.3962, r_fer2=0
12000: t=60.000, cavg*=1.04971, r_mart=103.426, r_aus1=5.74878, r_fer1=0, r_aus2=13.2851, r_fer2=0
12200: t=70.000, cavg*=1.05166, r_mart=103.428, r_aus1=4.90004, r_fer1=0, r_aus2=13.1728, r_fer2=0
12400: t=80.000, cavg*=1.05308, r_mart=103.43, r_aus1=4.31434, r_fer1=0, r_aus2=13.0609, r_fer2=0
12600: t=90.000, cavg*=1.05416, r_mart=103.431, r_aus1=3.88901, r_fer1=0, r_aus2=12.9472, r_fer2=0
12800: t=100.000, cavg*=1.05501, r_mart=103.432, r_aus1=3.56848, r_fer1=0, r_aus2=12.8285, r_fer2=0
13000: t=110.000, cavg*=1.05569, r_mart=103.433, r_aus1=3.32029, r_fer1=0, r_aus2=12.701, r_fer2=0
13200: t=120.000, cavg*=1.05624, r_mart=103.433, r_aus1=3.12454, r_fer1=0, r_aus2=12.559, r_fer2=0
13400: t=130.000, cavg*=1.05672, r_mart=103.434, r_aus1=2.96883, r_fer1=0, r_aus2=12.3925, r_fer2=0
13600: t=140.000, cavg*=1.05731, r_mart=103.434, r_aus1=16.5047, r_fer2=0
13800: t=150.000, cavg*=1.05793, r_mart=103.435, r_aus1=16.0458, r_fer2=0
14000: t=160.000, cavg*=1.05847, r_mart=103.435, r_aus1=15.6341, r_fer2=0
14200: t=170.000, cavg*=1.0589, r_mart=103.435, r_aus1=15.2851, r_fer2=0
14400: t=180.000, cavg*=1.05925, r_mart=103.436, r_aus1=14.9878, r_fer2=0
14600: t=190.000, cavg*=1.05955, r_mart=103.436, r_aus1=14.7297, r_fer2=0
14800: t=200.000, cavg*=1.0598, r_mart=103.436, r_aus1=14.5009, r_fer2=0
15000: t=210.000, cavg*=1.06003, r_mart=103.436, r_aus1=14.2949, r_fer2=0
15200: t=220.000, cavg*=1.06024, r_mart=103.436, r_aus1=14.1071, r_fer2=0
15400: t=230.000, cavg*=1.06042, r_mart=103.436, r_aus1=13.9342, r_fer2=0
15600: t=240.000, cavg*=1.0606, r_mart=103.436, r_aus1=13.7741, r_fer2=0
15800: t=250.000, cavg*=1.06076, r_mart=103.436, r_aus1=13.6251, r_fer2=0
16000: t=260.000, cavg*=1.06091, r_mart=103.437, r_aus1=13.486, r_fer2=0
16200: t=270.000, cavg*=1.06105, r_mart=103.437, r_aus1=13.3557, r_fer2=0
16400: t=280.000, cavg*=1.06118, r_mart=103.437, r_aus1=13.2334, r_fer2=0
16600: t=290.000, cavg*=1.06131, r_mart=103.437, r_aus1=13.1185, r_fer2=0
16800: t=300.000, cavg*=1.06143, r_mart=103.437, r_aus1=13.0103, r_fer2=0
17000: t=310.000, cavg*=1.06154, r_mart=103.437, r_aus1=12.9083, r_fer2=0
17200: t=320.000, cavg*=1.06164, r_mart=103.437, r_aus1=12.8121, r_fer2=0
17400: t=330.000, cavg*=1.06174, r_mart=103.437, r_aus1=12.7213, r_fer2=0
17600: t=340.000, cavg*=1.06184, r_mart=103.437, r_aus1=12.6355, r_fer2=0
17800: t=350.000, cavg*=1.06193, r_mart=103.437, r_aus1=12.5543, r_fer2=0
18000: t=360.000, cavg*=1.06201, r_mart=103.437, r_aus1=12.4775, r_fer2=0
18200: t=370.000, cavg*=1.0621, r_mart=103.437, r_aus1=12.4048, r_fer2=0
18400: t=380.000, cavg*=1.06217, r_mart=103.437, r_aus1=12.3358, r_fer2=0
18600: t=390.000, cavg*=1.06225, r_mart=103.437, r_aus1=12.2705, r_fer2=0
18800: t=400.000, cavg*=1.06231, r_mart=103.437, r_aus1=12.2085, r_fer2=0
19000: t=410.000, cavg*=1.06238, r_mart=103.437, r_aus1=12.1497, r_fer2=0
19200: t=420.000, cavg*=1.06244, r_mart=103.437, r_aus1=12.0938, r_fer2=0
19400: t=430.000, cavg*=1.0625, r_mart=103.438, r_aus1=12.0408, r_fer2=0
19600: t=440.000, cavg*=1.06256, r_mart=103.438, r_aus1=11.9904, r_fer2=0
19800: t=450.000, cavg*=1.06261, r_mart=103.438, r_aus1=11.9424, r_fer2=0
20000: t=460.000, cavg*=1.06267, r_mart=103.438, r_aus1=11.8969, r_fer2=0
20200: t=470.000, cavg*=1.06271, r_mart=103.438, r_aus1=11.8535, r_fer2=0
20400: t=480.000, cavg*=1.06276, r_mart=103.438, r_aus1=11.8122, r_fer2=0
20600: t=490.000, cavg*=1.06281, r_mart=103.438, r_aus1=11.7729, r_fer2=0
20800: t=500.000, cavg*=1.06285, r_mart=103.438, r_aus1=11.7355, r_fer2=0
21000: t=510.000, cavg*=1.06289, r_mart=103.438, r_aus1=11.6999, r_fer2=0
21200: t=520.000, cavg*=1.06293, r_mart=103.438, r_aus1=11.6659, r_fer2=0
21400: t=530.000, cavg*=1.06297, r_mart=103.438, r_aus1=11.6335, r_fer2=0
21600: t=540.000, cavg*=1.063, r_mart=103.438, r_aus1=11.6027, r_fer2=0
21800: t=550.000, cavg*=1.06303, r_mart=103.438, r_aus1=11.5732, r_fer2=0
22000: t=560.000, cavg*=1.06307, r_mart=103.438, r_aus1=11.5451, r_fer2=0
22200: t=570.000, cavg*=1.0631, r_mart=103.438, r_aus1=11.5184, r_fer2=0
22400: t=580.000, cavg*=1.06313, r_mart=103.438, r_aus1=11.4928, r_fer2=0
22600: t=590.000, cavg*=1.06315, r_mart=103.438, r_aus1=11.4684, r_fer2=0
22800: t=600.000, cavg*=1.06318, r_mart=103.438, r_aus1=11.4451, r_fer2=0
23000: t=610.000, cavg*=1.06321, r_mart=103.438, r_aus1=11.4229, r_fer2=0
23200: t=620.000, cavg*=1.06323, r_mart=103.438, r_aus1=11.4016, r_fer2=0
23400: t=630.000, cavg*=1.06325, r_mart=103.438, r_aus1=11.3814, r_fer2=0
23600: t=640.000, cavg*=1.06328, r_mart=103.438, r_aus1=11.362, r_fer2=0
23800: t=650.000, cavg*=1.0633, r_mart=103.438, r_aus1=11.3435, r_fer2=0
24000: t=660.000, cavg*=1.06332, r_mart=103.438, r_aus1=11.3258, r_fer2=0
24200: t=670.000, cavg*=1.06334, r_mart=103.438, r_aus1=11.3089, r_fer2=0
24400: t=680.000, cavg*=1.06336, r_mart=103.438, r_aus1=11.2927, r_fer2=0
24600: t=690.000, cavg*=1.06337, r_mart=103.438, r_aus1=11.2773, r_fer2=0
24800: t=700.000, cavg*=1.06339, r_mart=103.438, r_aus1=11.2625, r_fer2=0
25000: t=710.000, cavg*=1.06341, r_mart=103.438, r_aus1=11.2484, r_fer2=0
25200: t=720.000, cavg*=1.06342, r_mart=103.438, r_aus1=11.2348, r_fer2=0
25400: t=730.000, cavg*=1.06344, r_mart=103.438, r_aus1=11.2219, r_fer2=0
25600: t=740.000, cavg*=1.06345, r_mart=103.438, r_aus1=11.2096, r_fer2=0
25800: t=750.000, cavg*=1.06347, r_mart=103.438, r_aus1=11.1978, r_fer2=0
26000: t=760.000, cavg*=1.06348, r_mart=103.438, r_aus1=11.1864, r_fer2=0
26200: t=770.000, cavg*=1.06349, r_mart=103.438, r_aus1=11.1756, r_fer2=0
26400: t=780.000, cavg*=1.0635, r_mart=103.438, r_aus1=11.1653, r_fer2=0
26600: t=790.000, cavg*=1.06352, r_mart=103.438, r_aus1=11.1554, r_fer2=0
26800: t=800.000, cavg*=1.06353, r_mart=103.438, r_aus1=11.1459, r_fer2=0
27000: t=810.000, cavg*=1.06354, r_mart=103.438, r_aus1=11.1368, r_fer2=0
27200: t=820.000, cavg*=1.06355, r_mart=103.438, r_aus1=11.1281, r_fer2=0
27400: t=830.000, cavg*=1.06356, r_mart=103.438, r_aus1=11.1198, r_fer2=0
27600: t=840.000, cavg*=1.06357, r_mart=103.438, r_aus1=11.1118, r_fer2=0
27800: t=850.000, cavg*=1.06358, r_mart=103.438, r_aus1=11.1042, r_fer2=0
28000: t=860.000, cavg*=1.06358, r_mart=103.438, r_aus1=11.0969, r_fer2=0
28200: t=870.000, cavg*=1.06359, r_mart=103.438, r_aus1=11.0899, r_fer2=0
28400: t=880.000, cavg*=1.0636, r_mart=103.438, r_aus1=11.0832, r_fer2=0
28600: t=890.000, cavg*=1.06361, r_mart=103.438, r_aus1=11.0768, r_fer2=0
28800: t=900.000, cavg*=1.06361, r_mart=103.438, r_aus1=11.0707, r_fer2=0
29000: t=910.000, cavg*=1.06362, r_mart=103.438, r_aus1=11.0648, r_fer2=0
29200: t=920.000, cavg*=1.06363, r_mart=103.438, r_aus1=11.0592, r_fer2=0
29400: t=930.000, cavg*=1.06363, r_mart=103.438, r_aus1=11.0538, r_fer2=0
29600: t=940.000, cavg*=1.06364, r_mart=103.438, r_aus1=11.0487, r_fer2=0
29800: t=950.000, cavg*=1.06365, r_mart=103.438, r_aus1=11.0437, r_fer2=0
30000: t=960.000, cavg*=1.06365, r_mart=103.438, r_aus1=11.039, r_fer2=0
30200: t=970.000, cavg*=1.06366, r_mart=103.438, r_aus1=11.0344, r_fer2=0
30400: t=980.000, cavg*=1.06366, r_mart=103.438, r_aus1=11.0301, r_fer2=0
30600: t=990.000, cavg*=1.06367, r_mart=103.438, r_aus1=11.0259, r_fer2=0
30800: t=1000.000, cavg*=1.06367, r_mart=103.438, r_aus1=11.0219, r_fer2=0
Time elapsed: 127.02 s

