coupled_FoFo_375_CCEortho.log @ arthur-ltf
2018-06-20T11:19:17

c0 = 3.344140e-02 (approx 0.74 wt.%)
T_C = 375.0 [oC]
total_time = 1.0 [s]; n_time = 2000

mart: structure = bcc; E = 0.0 [J/mol]; type_D = 3 (pseudophase alpha + carbides)
      thermodynamical data: thermo/FoFo/TCFE8/375-bcc.txt
      z0 = -1.16 um; zn = -0.66 um; n = 20
aus1: structure = fcc; E = 0.0 [J/mol]; type_D = 0 (comp.local)
      thermodynamical data: thermo/FoFo/TCFE8/375-fcc.txt
      z0 = -0.66 um; zn = -0.33 um; n = 100
fer1: structure = bcc; E = 1787.5852936460433 [J/mol]; type_D = 0 (comp.local)
      thermodynamical data: thermo/FoFo/TCFE8/375-bcc.txt
      z0 = -0.33 um; zn = -0.33 um; n = 10
aus2: structure = fcc; E = 0.0 [J/mol]; type_D = 0 (comp.local)
      thermodynamical data: thermo/FoFo/TCFE8/375-fcc.txt
      z0 = -0.33 um; zn = 0.00 um; n = 100
fer2: structure = bcc; E = 1787.5852936460433 [J/mol]; type_D = 0 (comp.local)
      thermodynamical data: thermo/FoFo/TCFE8/375-bcc.txt
      z0 = 0.00 um; zn = 0.00 um; n = 10
int1: type_int = 1 (fixed.fluxes)
int2: type_int = 3 (mobile.mmode)
int4: type_int = 3 (mobile.mmode)
int4: type_int = 3 (mobile.mmode)

  100: t=0.050, cavg*=0.997205, r_mart=0.212778, r_aus1=0.0135982, r_fer1=0, r_aus2=0.0137613, r_fer2=0
  200: t=0.100, cavg*=0.995824, r_mart=0.212769, r_aus1=0.0160141, r_fer1=0, r_aus2=0.0163609, r_fer2=0
  300: t=0.150, cavg*=0.994967, r_mart=0.212751, r_aus1=0.0179747, r_fer1=0, r_aus2=0.0185066, r_fer2=0
  400: t=0.200, cavg*=0.994427, r_mart=0.212729, r_aus1=0.0195095, r_fer1=0, r_aus2=0.0202176, r_fer2=0
  500: t=0.250, cavg*=0.994075, r_mart=0.212707, r_aus1=0.0207175, r_fer1=0, r_aus2=0.0215923, r_fer2=0
  600: t=0.300, cavg*=0.993833, r_mart=0.212685, r_aus1=0.0216968, r_fer1=0, r_aus2=0.0227303, r_fer2=0
  700: t=0.350, cavg*=0.993658, r_mart=0.212665, r_aus1=0.0225095, r_fer1=0, r_aus2=0.023695, r_fer2=0
  800: t=0.400, cavg*=0.993527, r_mart=0.212646, r_aus1=0.0231972, r_fer1=0, r_aus2=0.0245292, r_fer2=0
  900: t=0.450, cavg*=0.993426, r_mart=0.212628, r_aus1=0.0237924, r_fer1=0, r_aus2=0.0252663, r_fer2=0
 1000: t=0.500, cavg*=0.993344, r_mart=0.212611, r_aus1=0.0243149, r_fer1=0, r_aus2=0.0259267, r_fer2=0
 1100: t=0.550, cavg*=0.993277, r_mart=0.212595, r_aus1=0.0247816, r_fer1=0, r_aus2=0.026528, r_fer2=0
 1200: t=0.600, cavg*=0.993221, r_mart=0.21258, r_aus1=0.0252032, r_fer1=0, r_aus2=0.0270812, r_fer2=0
 1300: t=0.650, cavg*=0.993173, r_mart=0.212566, r_aus1=0.0255876, r_fer1=0, r_aus2=0.0275946, r_fer2=0
 1400: t=0.700, cavg*=0.993132, r_mart=0.212552, r_aus1=0.0259413, r_fer1=0, r_aus2=0.028075, r_fer2=0
 1500: t=0.750, cavg*=0.993096, r_mart=0.212539, r_aus1=0.0262691, r_fer1=0, r_aus2=0.0285276, r_fer2=0
 1600: t=0.800, cavg*=0.993064, r_mart=0.212526, r_aus1=0.0265748, r_fer1=0, r_aus2=0.0289561, r_fer2=0
 1700: t=0.850, cavg*=0.993035, r_mart=0.212513, r_aus1=0.0268599, r_fer1=0, r_aus2=0.0293624, r_fer2=0
 1800: t=0.900, cavg*=0.993009, r_mart=0.212502, r_aus1=0.027128, r_fer1=0, r_aus2=0.02975, r_fer2=0
 1900: t=0.950, cavg*=0.992986, r_mart=0.21249, r_aus1=0.0273814, r_fer1=0, r_aus2=0.0301215, r_fer2=0
 2000: t=1.000, cavg*=0.992965, r_mart=0.212479, r_aus1=0.0276218, r_fer1=0, r_aus2=0.0304788, r_fer2=0
Time elapsed: 9.72 s

coupled_FoFo_375_CCEortho.log @ arthur-ltf
2018-06-20T11:19:27

c0 = 3.344140e-02 (approx 0.74 wt.%)
T_C = 375.0 [oC]
total_time = 10.0 [s]; n_time = 1800

mart: structure = bcc; E = 0.0 [J/mol]; type_D = 3 (pseudophase alpha + carbides)
      thermodynamical data: thermo/FoFo/TCFE8/375-bcc.txt
      z0 = -1.16 um; zn = -0.66 um; n = 20
aus1: structure = fcc; E = 0.0 [J/mol]; type_D = 0 (comp.local)
      thermodynamical data: thermo/FoFo/TCFE8/375-fcc.txt
      z0 = -0.66 um; zn = -0.33 um; n = 100
fer1: structure = bcc; E = 1787.5852936460433 [J/mol]; type_D = 0 (comp.local)
      thermodynamical data: thermo/FoFo/TCFE8/375-bcc.txt
      z0 = -0.33 um; zn = -0.33 um; n = 10
aus2: structure = fcc; E = 0.0 [J/mol]; type_D = 0 (comp.local)
      thermodynamical data: thermo/FoFo/TCFE8/375-fcc.txt
      z0 = -0.33 um; zn = 0.00 um; n = 100
fer2: structure = bcc; E = 1787.5852936460433 [J/mol]; type_D = 0 (comp.local)
      thermodynamical data: thermo/FoFo/TCFE8/375-bcc.txt
      z0 = 0.00 um; zn = 0.00 um; n = 10
int1: type_int = 1 (fixed.fluxes)
int2: type_int = 3 (mobile.mmode)
int4: type_int = 3 (mobile.mmode)
int4: type_int = 3 (mobile.mmode)

 2101: t=1.500, cavg*=0.992299, r_mart=2.1238, r_aus1=0.294143, r_fer1=0, r_aus2=0.333765, r_fer2=0
 2201: t=2.000, cavg*=0.991836, r_mart=2.12296, r_aus1=0.308546, r_fer1=0, r_aus2=0.359023, r_fer2=0
 2301: t=2.500, cavg*=0.991489, r_mart=2.12222, r_aus1=0.320297, r_fer1=0, r_aus2=0.381355, r_fer2=0
 2401: t=3.000, cavg*=0.991211, r_mart=2.12155, r_aus1=0.330407, r_fer1=0, r_aus2=0.401912, r_fer2=0
 2501: t=3.500, cavg*=0.99098, r_mart=2.12094, r_aus1=0.339413, r_fer1=0, r_aus2=0.421321, r_fer2=0
 2601: t=4.000, cavg*=0.990781, r_mart=2.12037, r_aus1=0.347621, r_fer1=0, r_aus2=0.439952, r_fer2=0
 2701: t=4.500, cavg*=0.990607, r_mart=2.11984, r_aus1=0.355194, r_fer1=0, r_aus2=0.458002, r_fer2=0
 2801: t=5.000, cavg*=0.990452, r_mart=2.11934, r_aus1=0.362296, r_fer1=0, r_aus2=0.475675, r_fer2=0
 2901: t=5.500, cavg*=0.990311, r_mart=2.11886, r_aus1=0.369025, r_fer1=0, r_aus2=0.4931, r_fer2=0
 3001: t=6.000, cavg*=0.990183, r_mart=2.1184, r_aus1=0.375448, r_fer1=0, r_aus2=0.510367, r_fer2=0
 3101: t=6.500, cavg*=0.990065, r_mart=2.11796, r_aus1=0.381616, r_fer1=0, r_aus2=0.527549, r_fer2=0
 3201: t=7.000, cavg*=0.989955, r_mart=2.11754, r_aus1=0.387571, r_fer1=0, r_aus2=0.544704, r_fer2=0
 3301: t=7.500, cavg*=0.989853, r_mart=2.11713, r_aus1=0.393342, r_fer1=0, r_aus2=0.561877, r_fer2=0
 3401: t=8.000, cavg*=0.989756, r_mart=2.11673, r_aus1=0.398956, r_fer1=0, r_aus2=0.57911, r_fer2=0
 3501: t=8.500, cavg*=0.989665, r_mart=2.11635, r_aus1=0.404433, r_fer1=0, r_aus2=0.596437, r_fer2=0
 3601: t=9.000, cavg*=0.989579, r_mart=2.11598, r_aus1=0.409789, r_fer1=0, r_aus2=0.613887, r_fer2=0
 3701: t=9.500, cavg*=0.989497, r_mart=2.11562, r_aus1=0.41504, r_fer1=0, r_aus2=0.631488, r_fer2=0
 3801: t=10.000, cavg*=0.989419, r_mart=2.11527, r_aus1=0.420197, r_fer1=0, r_aus2=0.649264, r_fer2=0
Time elapsed: 8.69 s

coupled_FoFo_375_CCEortho.log @ arthur-ltf
2018-06-20T11:19:35

c0 = 3.344140e-02 (approx 0.74 wt.%)
T_C = 375.0 [oC]
total_time = 100.0 [s]; n_time = 1800

mart: structure = bcc; E = 0.0 [J/mol]; type_D = 3 (pseudophase alpha + carbides)
      thermodynamical data: thermo/FoFo/TCFE8/375-bcc.txt
      z0 = -1.16 um; zn = -0.66 um; n = 20
aus1: structure = fcc; E = 0.0 [J/mol]; type_D = 0 (comp.local)
      thermodynamical data: thermo/FoFo/TCFE8/375-fcc.txt
      z0 = -0.66 um; zn = -0.33 um; n = 100
fer1: structure = bcc; E = 1787.5852936460433 [J/mol]; type_D = 0 (comp.local)
      thermodynamical data: thermo/FoFo/TCFE8/375-bcc.txt
      z0 = -0.33 um; zn = -0.33 um; n = 10
aus2: structure = fcc; E = 0.0 [J/mol]; type_D = 0 (comp.local)
      thermodynamical data: thermo/FoFo/TCFE8/375-fcc.txt
      z0 = -0.33 um; zn = 0.00 um; n = 100
fer2: structure = bcc; E = 1787.5852936460433 [J/mol]; type_D = 0 (comp.local)
      thermodynamical data: thermo/FoFo/TCFE8/375-bcc.txt
      z0 = 0.00 um; zn = 0.00 um; n = 10
int1: type_int = 1 (fixed.fluxes)
int2: type_int = 3 (mobile.mmode)
int4: type_int = 3 (mobile.mmode)
int4: type_int = 3 (mobile.mmode)

 3902: t=15.000, cavg*=0.983979, r_mart=21.1228, r_aus1=0.275088, r_fer1=0, r_aus2=8.5371, r_fer2=0
 4002: t=20.000, cavg*=0.979653, r_mart=21.0971, r_aus1=0.301942, r_fer1=0, r_aus2=11.079, r_fer2=0
 4102: t=25.000, cavg*=0.97698, r_mart=21.0743, r_aus1=0.32819, r_fer1=0, r_aus2=13.3534, r_fer2=0
 4202: t=30.000, cavg*=0.975788, r_mart=21.0532, r_aus1=0.354497, r_fer1=0, r_aus2=14.5753, r_fer2=0
 4302: t=35.000, cavg*=0.975254, r_mart=21.0326, r_aus1=0.381559, r_fer1=0, r_aus2=15.0287, r_fer2=0
 4402: t=40.000, cavg*=0.974916, r_mart=21.0112, r_aus1=0.410047, r_fer1=0, r_aus2=15.1812, r_fer2=0
 4502: t=45.000, cavg*=0.974611, r_mart=20.9874, r_aus1=0.440568, r_fer1=0, r_aus2=15.2408, r_fer2=0
 4602: t=50.000, cavg*=0.974283, r_mart=20.9598, r_aus1=0.473716, r_fer1=0, r_aus2=15.2733, r_fer2=0
 4702: t=55.000, cavg*=0.973905, r_mart=20.9275, r_aus1=0.510131, r_fer1=0, r_aus2=15.2977, r_fer2=0
 4802: t=60.000, cavg*=0.97346, r_mart=20.8897, r_aus1=0.550552, r_fer1=0, r_aus2=15.3194, r_fer2=0
 4902: t=65.000, cavg*=0.972932, r_mart=20.8463, r_aus1=0.595901, r_fer1=0, r_aus2=15.34, r_fer2=0
 5002: t=70.000, cavg*=0.972311, r_mart=20.7974, r_aus1=0.647384, r_fer1=0, r_aus2=15.36, r_fer2=0
 5102: t=75.000, cavg*=0.971593, r_mart=20.7432, r_aus1=0.706648, r_fer1=0, r_aus2=15.3796, r_fer2=0
 5202: t=80.000, cavg*=0.970775, r_mart=20.6839, r_aus1=0.775995, r_fer1=0, r_aus2=15.3991, r_fer2=0
 5302: t=85.000, cavg*=0.969853, r_mart=20.6197, r_aus1=0.858721, r_fer1=0, r_aus2=15.4187, r_fer2=0
 5402: t=90.000, cavg*=0.968825, r_mart=20.5504, r_aus1=0.959683, r_fer1=0, r_aus2=15.4385, r_fer2=0
 5502: t=95.000, cavg*=0.966509, r_mart=20.4813, r_aus1=0.228112, r_fer1=0, r_aus2=15.4586, r_fer2=0
 5602: t=100.000, cavg*=0.964123, r_mart=20.4109, r_aus1=0.261967, r_fer1=0, r_aus2=15.4792, r_fer2=0
Time elapsed: 8.78 s

