mart_FoFo_mu16e3.log @ arthur-ltf
2018-06-22T21:08:42

c0 = 3.344140e-02 (approx 0.74 wt.%)
T_C = 375.0 [oC]
total_time = 1000.0 [s]; n_time = 2198

mart: structure = bcc; E = 0.0 [J/mol]; type_D = 3 (pseudophase alpha + carbides)
      thermodynamical data: thermo/FoFo/TCFE8/375-bcc.txt
      z0 = -1.16 um; zn = -0.66 um; n = 20
aust: structure = fcc; E = 0.0 [J/mol]; type_D = 0 (comp.local)
      thermodynamical data: thermo/FoFo/TCFE8/375-fcc.txt
      z0 = -0.66 um; zn = 0.00 um; n = 100
intf: type_int = 1 (fixed.fluxes)

    2: t=0.010, cavg*=1, r_mart=2.18176, r_aust=0.0157066
    4: t=0.020, cavg*=1, r_mart=2.18176, r_aust=0.0157066
    6: t=0.030, cavg*=1, r_mart=2.18176, r_aust=0.0157066
    8: t=0.040, cavg*=1, r_mart=2.18176, r_aust=0.0157066
   10: t=0.050, cavg*=1, r_mart=2.18176, r_aust=0.0157066
   12: t=0.060, cavg*=1, r_mart=2.18176, r_aust=0.0157066
   14: t=0.070, cavg*=1, r_mart=2.18176, r_aust=0.0157066
   16: t=0.080, cavg*=1, r_mart=2.18176, r_aust=0.0157066
   18: t=0.090, cavg*=1, r_mart=2.18176, r_aust=0.0157066
   20: t=0.100, cavg*=1, r_mart=2.18176, r_aust=0.0157066
   22: t=0.110, cavg*=1, r_mart=2.18176, r_aust=0.0157066
   24: t=0.120, cavg*=1, r_mart=2.18176, r_aust=0.0157066
   26: t=0.130, cavg*=1, r_mart=2.18176, r_aust=0.0157066
   28: t=0.140, cavg*=1, r_mart=2.18176, r_aust=0.0157066
   30: t=0.150, cavg*=1, r_mart=2.18176, r_aust=0.0157066
   32: t=0.160, cavg*=1, r_mart=2.18176, r_aust=0.0157066
   34: t=0.170, cavg*=1, r_mart=2.18176, r_aust=0.0157066
   36: t=0.180, cavg*=1, r_mart=2.18176, r_aust=0.0157066
   38: t=0.190, cavg*=1, r_mart=2.18176, r_aust=0.0157066
   40: t=0.200, cavg*=1, r_mart=2.18176, r_aust=0.0157066
   42: t=0.210, cavg*=1, r_mart=2.18176, r_aust=0.0157066
   44: t=0.220, cavg*=1, r_mart=2.18176, r_aust=0.0157066
   46: t=0.230, cavg*=1, r_mart=2.18176, r_aust=0.0157066
   48: t=0.240, cavg*=1, r_mart=2.18176, r_aust=0.0157066
   50: t=0.250, cavg*=1, r_mart=2.18176, r_aust=0.0157066
   52: t=0.260, cavg*=1, r_mart=2.18176, r_aust=0.0157066
   54: t=0.270, cavg*=1, r_mart=2.18176, r_aust=0.0157066
   56: t=0.280, cavg*=1, r_mart=2.18176, r_aust=0.0157066
   58: t=0.290, cavg*=1, r_mart=2.18176, r_aust=0.0157066
   60: t=0.300, cavg*=1, r_mart=2.18176, r_aust=0.0157066
   62: t=0.310, cavg*=1, r_mart=2.18176, r_aust=0.0157066
   64: t=0.320, cavg*=1, r_mart=2.18176, r_aust=0.0157066
   66: t=0.330, cavg*=1, r_mart=2.18176, r_aust=0.0157066
   68: t=0.340, cavg*=1, r_mart=2.18176, r_aust=0.0157066
   70: t=0.350, cavg*=1, r_mart=2.18176, r_aust=0.0157066
   72: t=0.360, cavg*=1, r_mart=2.18176, r_aust=0.0157066
   74: t=0.370, cavg*=1, r_mart=2.18176, r_aust=0.0157066
   76: t=0.380, cavg*=1, r_mart=2.18176, r_aust=0.0157066
   78: t=0.390, cavg*=1, r_mart=2.18176, r_aust=0.0157066
   80: t=0.400, cavg*=1, r_mart=2.18176, r_aust=0.0157066
   82: t=0.410, cavg*=1, r_mart=2.18176, r_aust=0.0157066
   84: t=0.420, cavg*=1, r_mart=2.18176, r_aust=0.0157066
   86: t=0.430, cavg*=1, r_mart=2.18176, r_aust=0.0157066
   88: t=0.440, cavg*=1, r_mart=2.18176, r_aust=0.0157066
   90: t=0.450, cavg*=1, r_mart=2.18176, r_aust=0.0157066
   92: t=0.460, cavg*=1, r_mart=2.18176, r_aust=0.0157066
   94: t=0.470, cavg*=1, r_mart=2.18176, r_aust=0.0157066
   96: t=0.480, cavg*=1, r_mart=2.18176, r_aust=0.0157066
   98: t=0.490, cavg*=1, r_mart=2.18176, r_aust=0.0157066
  100: t=0.500, cavg*=1, r_mart=2.18176, r_aust=0.0157066
  102: t=0.510, cavg*=1, r_mart=2.18176, r_aust=0.0157066
  104: t=0.520, cavg*=1, r_mart=2.18176, r_aust=0.0157066
  106: t=0.530, cavg*=1, r_mart=2.18176, r_aust=0.0157066
  108: t=0.540, cavg*=1, r_mart=2.18176, r_aust=0.0157066
  110: t=0.550, cavg*=1, r_mart=2.18176, r_aust=0.0157066
  112: t=0.560, cavg*=1, r_mart=2.18176, r_aust=0.0157066
  114: t=0.570, cavg*=1, r_mart=2.18176, r_aust=0.0157066
  116: t=0.580, cavg*=1, r_mart=2.18176, r_aust=0.0157066
  118: t=0.590, cavg*=1, r_mart=2.18176, r_aust=0.0157066
  120: t=0.600, cavg*=1, r_mart=2.18176, r_aust=0.0157066
  122: t=0.610, cavg*=1, r_mart=2.18176, r_aust=0.0157066
  124: t=0.620, cavg*=1, r_mart=2.18176, r_aust=0.0157066
  126: t=0.630, cavg*=1, r_mart=2.18176, r_aust=0.0157066
  128: t=0.640, cavg*=1, r_mart=2.18176, r_aust=0.0157066
  130: t=0.650, cavg*=1, r_mart=2.18176, r_aust=0.0157066
  132: t=0.660, cavg*=1, r_mart=2.18176, r_aust=0.0157066
  134: t=0.670, cavg*=1, r_mart=2.18176, r_aust=0.0157066
  136: t=0.680, cavg*=1, r_mart=2.18176, r_aust=0.0157066
  138: t=0.690, cavg*=1, r_mart=2.18176, r_aust=0.0157066
  140: t=0.700, cavg*=1, r_mart=2.18176, r_aust=0.0157066
  142: t=0.710, cavg*=1, r_mart=2.18176, r_aust=0.0157066
  144: t=0.720, cavg*=1, r_mart=2.18176, r_aust=0.0157066
  146: t=0.730, cavg*=1, r_mart=2.18176, r_aust=0.0157066
  148: t=0.740, cavg*=1, r_mart=2.18176, r_aust=0.0157066
  150: t=0.750, cavg*=1, r_mart=2.18176, r_aust=0.0157066
  152: t=0.760, cavg*=1, r_mart=2.18176, r_aust=0.0157066
  154: t=0.770, cavg*=1, r_mart=2.18176, r_aust=0.0157066
  156: t=0.780, cavg*=1, r_mart=2.18176, r_aust=0.0157066
  158: t=0.790, cavg*=1, r_mart=2.18176, r_aust=0.0157066
  160: t=0.800, cavg*=1, r_mart=2.18176, r_aust=0.0157066
  162: t=0.810, cavg*=1, r_mart=2.18176, r_aust=0.0157066
  164: t=0.820, cavg*=1, r_mart=2.18176, r_aust=0.0157066
  166: t=0.830, cavg*=1, r_mart=2.18176, r_aust=0.0157066
  168: t=0.840, cavg*=1, r_mart=2.18176, r_aust=0.0157066
  170: t=0.850, cavg*=1, r_mart=2.18176, r_aust=0.0157066
  172: t=0.860, cavg*=1, r_mart=2.18176, r_aust=0.0157066
  174: t=0.870, cavg*=1, r_mart=2.18176, r_aust=0.0157066
  176: t=0.880, cavg*=1, r_mart=2.18176, r_aust=0.0157066
  178: t=0.890, cavg*=1, r_mart=2.18176, r_aust=0.0157066
  180: t=0.900, cavg*=1, r_mart=2.18176, r_aust=0.0157066
  182: t=0.910, cavg*=1, r_mart=2.18176, r_aust=0.0157066
  184: t=0.920, cavg*=1, r_mart=2.18176, r_aust=0.0157066
  186: t=0.930, cavg*=1, r_mart=2.18176, r_aust=0.0157066
  188: t=0.940, cavg*=1, r_mart=2.18176, r_aust=0.0157066
  190: t=0.950, cavg*=1, r_mart=2.18176, r_aust=0.0157066
  192: t=0.960, cavg*=1, r_mart=2.18176, r_aust=0.0157066
  194: t=0.970, cavg*=1, r_mart=2.18176, r_aust=0.0157066
  196: t=0.980, cavg*=1, r_mart=2.18176, r_aust=0.0157066
  198: t=0.990, cavg*=1, r_mart=2.18176, r_aust=0.0157066
  200: t=1.000, cavg*=1, r_mart=2.18176, r_aust=0.0157066
  202: t=2.000, cavg*=1, r_mart=218.176, r_aust=1.57066
  204: t=3.000, cavg*=1, r_mart=218.176, r_aust=1.57066
  206: t=4.000, cavg*=1, r_mart=218.176, r_aust=1.57066
  208: t=5.000, cavg*=1, r_mart=218.176, r_aust=1.57066
  210: t=6.000, cavg*=1, r_mart=218.176, r_aust=1.57066
  212: t=7.000, cavg*=1, r_mart=218.176, r_aust=1.57066
  214: t=8.000, cavg*=1, r_mart=218.176, r_aust=1.57066
  216: t=9.000, cavg*=1, r_mart=218.176, r_aust=1.57066
  218: t=10.000, cavg*=1, r_mart=218.176, r_aust=1.57066
  220: t=11.000, cavg*=1, r_mart=218.176, r_aust=1.57066
  222: t=12.000, cavg*=1, r_mart=218.176, r_aust=1.57066
  224: t=13.000, cavg*=1, r_mart=218.176, r_aust=1.57066
  226: t=14.000, cavg*=1, r_mart=218.176, r_aust=1.57066
  228: t=15.000, cavg*=1, r_mart=218.176, r_aust=1.57066
  230: t=16.000, cavg*=1, r_mart=218.176, r_aust=1.57066
  232: t=17.000, cavg*=1, r_mart=218.176, r_aust=1.57066
  234: t=18.000, cavg*=1, r_mart=218.176, r_aust=1.57066
  236: t=19.000, cavg*=1, r_mart=218.176, r_aust=1.57066
  238: t=20.000, cavg*=1, r_mart=218.176, r_aust=1.57066
  240: t=21.000, cavg*=1, r_mart=218.176, r_aust=1.57066
  242: t=22.000, cavg*=1, r_mart=218.176, r_aust=1.57066
  244: t=23.000, cavg*=1, r_mart=218.176, r_aust=1.57066
  246: t=24.000, cavg*=1, r_mart=218.176, r_aust=1.57066
  248: t=25.000, cavg*=1, r_mart=218.176, r_aust=1.57066
  250: t=26.000, cavg*=1, r_mart=218.176, r_aust=1.57066
  252: t=27.000, cavg*=1, r_mart=218.176, r_aust=1.57066
  254: t=28.000, cavg*=1, r_mart=218.176, r_aust=1.57066
  256: t=29.000, cavg*=1, r_mart=218.176, r_aust=1.57066
  258: t=30.000, cavg*=1, r_mart=218.176, r_aust=1.57066
  260: t=31.000, cavg*=1, r_mart=218.176, r_aust=1.57066
  262: t=32.000, cavg*=1, r_mart=218.176, r_aust=1.57066
  264: t=33.000, cavg*=1, r_mart=218.176, r_aust=1.57066
  266: t=34.000, cavg*=1, r_mart=218.176, r_aust=1.57066
  268: t=35.000, cavg*=1, r_mart=218.176, r_aust=1.57066
  270: t=36.000, cavg*=1, r_mart=218.176, r_aust=1.57066
  272: t=37.000, cavg*=1, r_mart=218.176, r_aust=1.57066
  274: t=38.000, cavg*=1, r_mart=218.176, r_aust=1.57066
  276: t=39.000, cavg*=1, r_mart=218.176, r_aust=1.57066
  278: t=40.000, cavg*=1, r_mart=218.176, r_aust=1.57066
  280: t=41.000, cavg*=1, r_mart=218.176, r_aust=1.57066
  282: t=42.000, cavg*=1, r_mart=218.176, r_aust=1.57066
  284: t=43.000, cavg*=1, r_mart=218.176, r_aust=1.57066
  286: t=44.000, cavg*=1, r_mart=218.176, r_aust=1.57066
  288: t=45.000, cavg*=1, r_mart=218.176, r_aust=1.57066
  290: t=46.000, cavg*=1, r_mart=218.176, r_aust=1.57066
  292: t=47.000, cavg*=1, r_mart=218.176, r_aust=1.57066
  294: t=48.000, cavg*=1, r_mart=218.176, r_aust=1.57066
  296: t=49.000, cavg*=1, r_mart=218.176, r_aust=1.57066
  298: t=50.000, cavg*=1, r_mart=218.176, r_aust=1.57066
  300: t=51.000, cavg*=1, r_mart=218.176, r_aust=1.57066
  302: t=52.000, cavg*=1, r_mart=218.176, r_aust=1.57066
  304: t=53.000, cavg*=1, r_mart=218.176, r_aust=1.57066
  306: t=54.000, cavg*=1, r_mart=218.176, r_aust=1.57066
  308: t=55.000, cavg*=1, r_mart=218.176, r_aust=1.57066
  310: t=56.000, cavg*=1, r_mart=218.176, r_aust=1.57066
  312: t=57.000, cavg*=1, r_mart=218.176, r_aust=1.57066
  314: t=58.000, cavg*=1, r_mart=218.176, r_aust=1.57066
  316: t=59.000, cavg*=1, r_mart=218.176, r_aust=1.57066
  318: t=60.000, cavg*=1, r_mart=218.176, r_aust=1.57066
  320: t=61.000, cavg*=1, r_mart=218.176, r_aust=1.57066
  322: t=62.000, cavg*=1, r_mart=218.176, r_aust=1.57066
  324: t=63.000, cavg*=1, r_mart=218.176, r_aust=1.57066
  326: t=64.000, cavg*=1, r_mart=218.176, r_aust=1.57066
  328: t=65.000, cavg*=1, r_mart=218.176, r_aust=1.57066
  330: t=66.000, cavg*=1, r_mart=218.176, r_aust=1.57066
  332: t=67.000, cavg*=1, r_mart=218.176, r_aust=1.57066
  334: t=68.000, cavg*=1, r_mart=218.176, r_aust=1.57066
  336: t=69.000, cavg*=1, r_mart=218.176, r_aust=1.57066
  338: t=70.000, cavg*=1, r_mart=218.176, r_aust=1.57066
  340: t=71.000, cavg*=1, r_mart=218.176, r_aust=1.57066
  342: t=72.000, cavg*=1, r_mart=218.176, r_aust=1.57066
  344: t=73.000, cavg*=1, r_mart=218.176, r_aust=1.57066
  346: t=74.000, cavg*=1, r_mart=218.176, r_aust=1.57066
  348: t=75.000, cavg*=1, r_mart=218.176, r_aust=1.57066
  350: t=76.000, cavg*=1, r_mart=218.176, r_aust=1.57066
  352: t=77.000, cavg*=1, r_mart=218.176, r_aust=1.57066
  354: t=78.000, cavg*=1, r_mart=218.176, r_aust=1.57066
  356: t=79.000, cavg*=1, r_mart=218.176, r_aust=1.57066
  358: t=80.000, cavg*=1, r_mart=218.176, r_aust=1.57066
  360: t=81.000, cavg*=1, r_mart=218.176, r_aust=1.57066
  362: t=82.000, cavg*=1, r_mart=218.176, r_aust=1.57066
  364: t=83.000, cavg*=1, r_mart=218.176, r_aust=1.57066
  366: t=84.000, cavg*=1, r_mart=218.176, r_aust=1.57066
  368: t=85.000, cavg*=1, r_mart=218.176, r_aust=1.57066
  370: t=86.000, cavg*=1, r_mart=218.176, r_aust=1.57066
  372: t=87.000, cavg*=1, r_mart=218.176, r_aust=1.57066
  374: t=88.000, cavg*=1, r_mart=218.176, r_aust=1.57066
  376: t=89.000, cavg*=1, r_mart=218.176, r_aust=1.57066
  378: t=90.000, cavg*=1, r_mart=218.176, r_aust=1.57066
  380: t=91.000, cavg*=1, r_mart=218.176, r_aust=1.57066
  382: t=92.000, cavg*=1, r_mart=218.176, r_aust=1.57066
  384: t=93.000, cavg*=1, r_mart=218.176, r_aust=1.57066
  386: t=94.000, cavg*=1, r_mart=218.176, r_aust=1.57066
  388: t=95.000, cavg*=1, r_mart=218.176, r_aust=1.57066
  390: t=96.000, cavg*=1, r_mart=218.176, r_aust=1.57066
  392: t=97.000, cavg*=1, r_mart=218.176, r_aust=1.57066
  394: t=98.000, cavg*=1, r_mart=218.176, r_aust=1.57066
  396: t=99.000, cavg*=1, r_mart=218.176, r_aust=1.57066
  398: t=100.000, cavg*=1, r_mart=218.176, r_aust=1.57066
  400: t=101.000, cavg*=1, r_mart=218.176, r_aust=1.57066
  402: t=102.000, cavg*=1, r_mart=218.176, r_aust=1.57066
  404: t=103.000, cavg*=1, r_mart=218.176, r_aust=1.57066
  406: t=104.000, cavg*=1, r_mart=218.176, r_aust=1.57066
  408: t=105.000, cavg*=1, r_mart=218.176, r_aust=1.57066
  410: t=106.000, cavg*=1, r_mart=218.176, r_aust=1.57066
  412: t=107.000, cavg*=1, r_mart=218.176, r_aust=1.57066
  414: t=108.000, cavg*=1, r_mart=218.176, r_aust=1.57066
  416: t=109.000, cavg*=1, r_mart=218.176, r_aust=1.57066
  418: t=110.000, cavg*=1, r_mart=218.176, r_aust=1.57066
  420: t=111.000, cavg*=1, r_mart=218.176, r_aust=1.57066
  422: t=112.000, cavg*=1, r_mart=218.176, r_aust=1.57066
  424: t=113.000, cavg*=1, r_mart=218.176, r_aust=1.57066
  426: t=114.000, cavg*=1, r_mart=218.176, r_aust=1.57066
  428: t=115.000, cavg*=1, r_mart=218.176, r_aust=1.57066
  430: t=116.000, cavg*=1, r_mart=218.176, r_aust=1.57066
  432: t=117.000, cavg*=1, r_mart=218.176, r_aust=1.57066
  434: t=118.000, cavg*=1, r_mart=218.176, r_aust=1.57066
  436: t=119.000, cavg*=1, r_mart=218.176, r_aust=1.57066
  438: t=120.000, cavg*=1, r_mart=218.176, r_aust=1.57066
  440: t=121.000, cavg*=1, r_mart=218.176, r_aust=1.57066
  442: t=122.000, cavg*=1, r_mart=218.176, r_aust=1.57066
  444: t=123.000, cavg*=1, r_mart=218.176, r_aust=1.57066
  446: t=124.000, cavg*=1, r_mart=218.176, r_aust=1.57066
  448: t=125.000, cavg*=1, r_mart=218.176, r_aust=1.57066
  450: t=126.000, cavg*=1, r_mart=218.176, r_aust=1.57066
  452: t=127.000, cavg*=1, r_mart=218.176, r_aust=1.57066
  454: t=128.000, cavg*=1, r_mart=218.176, r_aust=1.57066
  456: t=129.000, cavg*=1, r_mart=218.176, r_aust=1.57066
  458: t=130.000, cavg*=1, r_mart=218.176, r_aust=1.57066
  460: t=131.000, cavg*=1, r_mart=218.176, r_aust=1.57066
  462: t=132.000, cavg*=1, r_mart=218.176, r_aust=1.57066
  464: t=133.000, cavg*=1, r_mart=218.176, r_aust=1.57066
  466: t=134.000, cavg*=1, r_mart=218.176, r_aust=1.57066
  468: t=135.000, cavg*=1, r_mart=218.176, r_aust=1.57066
  470: t=136.000, cavg*=1, r_mart=218.176, r_aust=1.57066
  472: t=137.000, cavg*=1, r_mart=218.176, r_aust=1.57066
  474: t=138.000, cavg*=1, r_mart=218.176, r_aust=1.57066
  476: t=139.000, cavg*=1, r_mart=218.176, r_aust=1.57066
  478: t=140.000, cavg*=1, r_mart=218.176, r_aust=1.57066
  480: t=141.000, cavg*=1, r_mart=218.176, r_aust=1.57066
  482: t=142.000, cavg*=1, r_mart=218.176, r_aust=1.57066
  484: t=143.000, cavg*=1, r_mart=218.176, r_aust=1.57066
  486: t=144.000, cavg*=1, r_mart=218.176, r_aust=1.57066
  488: t=145.000, cavg*=1, r_mart=218.176, r_aust=1.57066
  490: t=146.000, cavg*=1, r_mart=218.176, r_aust=1.57066
  492: t=147.000, cavg*=1, r_mart=218.176, r_aust=1.57066
  494: t=148.000, cavg*=1, r_mart=218.176, r_aust=1.57066
  496: t=149.000, cavg*=1, r_mart=218.176, r_aust=1.57066
  498: t=150.000, cavg*=1, r_mart=218.176, r_aust=1.57066
  500: t=151.000, cavg*=1, r_mart=218.176, r_aust=1.57066
  502: t=152.000, cavg*=1, r_mart=218.176, r_aust=1.57066
  504: t=153.000, cavg*=1, r_mart=218.176, r_aust=1.57066
  506: t=154.000, cavg*=1, r_mart=218.176, r_aust=1.57066
  508: t=155.000, cavg*=1, r_mart=218.176, r_aust=1.57066
  510: t=156.000, cavg*=1, r_mart=218.176, r_aust=1.57066
  512: t=157.000, cavg*=1, r_mart=218.176, r_aust=1.57066
  514: t=158.000, cavg*=1, r_mart=218.176, r_aust=1.57066
  516: t=159.000, cavg*=1, r_mart=218.176, r_aust=1.57066
  518: t=160.000, cavg*=1, r_mart=218.176, r_aust=1.57066
  520: t=161.000, cavg*=1, r_mart=218.176, r_aust=1.57066
  522: t=162.000, cavg*=1, r_mart=218.176, r_aust=1.57066
  524: t=163.000, cavg*=1, r_mart=218.176, r_aust=1.57066
  526: t=164.000, cavg*=1, r_mart=218.176, r_aust=1.57066
  528: t=165.000, cavg*=1, r_mart=218.176, r_aust=1.57066
  530: t=166.000, cavg*=1, r_mart=218.176, r_aust=1.57066
  532: t=167.000, cavg*=1, r_mart=218.176, r_aust=1.57066
  534: t=168.000, cavg*=1, r_mart=218.176, r_aust=1.57066
  536: t=169.000, cavg*=1, r_mart=218.176, r_aust=1.57066
  538: t=170.000, cavg*=1, r_mart=218.176, r_aust=1.57066
  540: t=171.000, cavg*=1, r_mart=218.176, r_aust=1.57066
  542: t=172.000, cavg*=1, r_mart=218.176, r_aust=1.57066
  544: t=173.000, cavg*=1, r_mart=218.176, r_aust=1.57066
  546: t=174.000, cavg*=1, r_mart=218.176, r_aust=1.57066
  548: t=175.000, cavg*=1, r_mart=218.176, r_aust=1.57066
  550: t=176.000, cavg*=1, r_mart=218.176, r_aust=1.57066
  552: t=177.000, cavg*=1, r_mart=218.176, r_aust=1.57066
  554: t=178.000, cavg*=1, r_mart=218.176, r_aust=1.57066
  556: t=179.000, cavg*=1, r_mart=218.176, r_aust=1.57066
  558: t=180.000, cavg*=1, r_mart=218.176, r_aust=1.57066
  560: t=181.000, cavg*=1, r_mart=218.176, r_aust=1.57066
  562: t=182.000, cavg*=1, r_mart=218.176, r_aust=1.57066
  564: t=183.000, cavg*=1, r_mart=218.176, r_aust=1.57066
  566: t=184.000, cavg*=1, r_mart=218.176, r_aust=1.57066
  568: t=185.000, cavg*=1, r_mart=218.176, r_aust=1.57066
  570: t=186.000, cavg*=1, r_mart=218.176, r_aust=1.57066
  572: t=187.000, cavg*=1, r_mart=218.176, r_aust=1.57066
  574: t=188.000, cavg*=1, r_mart=218.176, r_aust=1.57066
  576: t=189.000, cavg*=1, r_mart=218.176, r_aust=1.57066
  578: t=190.000, cavg*=1, r_mart=218.176, r_aust=1.57066
  580: t=191.000, cavg*=1, r_mart=218.176, r_aust=1.57066
  582: t=192.000, cavg*=1, r_mart=218.176, r_aust=1.57066
  584: t=193.000, cavg*=1, r_mart=218.176, r_aust=1.57066
  586: t=194.000, cavg*=1, r_mart=218.176, r_aust=1.57066
  588: t=195.000, cavg*=1, r_mart=218.176, r_aust=1.57066
  590: t=196.000, cavg*=1, r_mart=218.176, r_aust=1.57066
  592: t=197.000, cavg*=1, r_mart=218.176, r_aust=1.57066
  594: t=198.000, cavg*=1, r_mart=218.176, r_aust=1.57066
  596: t=199.000, cavg*=1, r_mart=218.176, r_aust=1.57066
  598: t=200.000, cavg*=1, r_mart=218.176, r_aust=1.57066
  600: t=201.000, cavg*=1, r_mart=218.176, r_aust=1.57066
  602: t=202.000, cavg*=1, r_mart=218.176, r_aust=1.57066
  604: t=203.000, cavg*=1, r_mart=218.176, r_aust=1.57066
  606: t=204.000, cavg*=1, r_mart=218.176, r_aust=1.57066
  608: t=205.000, cavg*=1, r_mart=218.176, r_aust=1.57066
  610: t=206.000, cavg*=1, r_mart=218.176, r_aust=1.57066
  612: t=207.000, cavg*=1, r_mart=218.176, r_aust=1.57066
  614: t=208.000, cavg*=1, r_mart=218.176, r_aust=1.57066
  616: t=209.000, cavg*=1, r_mart=218.176, r_aust=1.57066
  618: t=210.000, cavg*=1, r_mart=218.176, r_aust=1.57066
  620: t=211.000, cavg*=1, r_mart=218.176, r_aust=1.57066
  622: t=212.000, cavg*=1, r_mart=218.176, r_aust=1.57066
  624: t=213.000, cavg*=1, r_mart=218.176, r_aust=1.57066
  626: t=214.000, cavg*=1, r_mart=218.176, r_aust=1.57066
  628: t=215.000, cavg*=1, r_mart=218.176, r_aust=1.57066
  630: t=216.000, cavg*=1, r_mart=218.176, r_aust=1.57066
  632: t=217.000, cavg*=1, r_mart=218.176, r_aust=1.57066
  634: t=218.000, cavg*=1, r_mart=218.176, r_aust=1.57066
  636: t=219.000, cavg*=1, r_mart=218.176, r_aust=1.57066
  638: t=220.000, cavg*=1, r_mart=218.176, r_aust=1.57066
  640: t=221.000, cavg*=1, r_mart=218.176, r_aust=1.57066
  642: t=222.000, cavg*=1, r_mart=218.176, r_aust=1.57066
  644: t=223.000, cavg*=1, r_mart=218.176, r_aust=1.57066
  646: t=224.000, cavg*=1, r_mart=218.176, r_aust=1.57066
  648: t=225.000, cavg*=1, r_mart=218.176, r_aust=1.57066
  650: t=226.000, cavg*=1, r_mart=218.176, r_aust=1.57066
  652: t=227.000, cavg*=1, r_mart=218.176, r_aust=1.57066
  654: t=228.000, cavg*=1, r_mart=218.176, r_aust=1.57066
  656: t=229.000, cavg*=1, r_mart=218.176, r_aust=1.57066
  658: t=230.000, cavg*=1, r_mart=218.176, r_aust=1.57066
  660: t=231.000, cavg*=1, r_mart=218.176, r_aust=1.57066
  662: t=232.000, cavg*=1, r_mart=218.176, r_aust=1.57066
  664: t=233.000, cavg*=1, r_mart=218.176, r_aust=1.57066
  666: t=234.000, cavg*=1, r_mart=218.176, r_aust=1.57066
  668: t=235.000, cavg*=1, r_mart=218.176, r_aust=1.57066
  670: t=236.000, cavg*=1, r_mart=218.176, r_aust=1.57066
  672: t=237.000, cavg*=1, r_mart=218.176, r_aust=1.57066
  674: t=238.000, cavg*=1, r_mart=218.176, r_aust=1.57066
  676: t=239.000, cavg*=1, r_mart=218.176, r_aust=1.57066
  678: t=240.000, cavg*=1, r_mart=218.176, r_aust=1.57066
  680: t=241.000, cavg*=1, r_mart=218.176, r_aust=1.57066
  682: t=242.000, cavg*=1, r_mart=218.176, r_aust=1.57066
  684: t=243.000, cavg*=1, r_mart=218.176, r_aust=1.57066
  686: t=244.000, cavg*=1, r_mart=218.176, r_aust=1.57066
  688: t=245.000, cavg*=1, r_mart=218.176, r_aust=1.57066
  690: t=246.000, cavg*=1, r_mart=218.176, r_aust=1.57066
  692: t=247.000, cavg*=1, r_mart=218.176, r_aust=1.57066
  694: t=248.000, cavg*=1, r_mart=218.176, r_aust=1.57066
  696: t=249.000, cavg*=1, r_mart=218.176, r_aust=1.57066
  698: t=250.000, cavg*=1, r_mart=218.176, r_aust=1.57066
  700: t=251.000, cavg*=1, r_mart=218.176, r_aust=1.57066
  702: t=252.000, cavg*=1, r_mart=218.176, r_aust=1.57066
  704: t=253.000, cavg*=1, r_mart=218.176, r_aust=1.57066
  706: t=254.000, cavg*=1, r_mart=218.176, r_aust=1.57066
  708: t=255.000, cavg*=1, r_mart=218.176, r_aust=1.57066
  710: t=256.000, cavg*=1, r_mart=218.176, r_aust=1.57066
  712: t=257.000, cavg*=1, r_mart=218.176, r_aust=1.57066
  714: t=258.000, cavg*=1, r_mart=218.176, r_aust=1.57066
  716: t=259.000, cavg*=1, r_mart=218.176, r_aust=1.57066
  718: t=260.000, cavg*=1, r_mart=218.176, r_aust=1.57066
  720: t=261.000, cavg*=1, r_mart=218.176, r_aust=1.57066
  722: t=262.000, cavg*=1, r_mart=218.176, r_aust=1.57066
  724: t=263.000, cavg*=1, r_mart=218.176, r_aust=1.57066
  726: t=264.000, cavg*=1, r_mart=218.176, r_aust=1.57066
  728: t=265.000, cavg*=1, r_mart=218.176, r_aust=1.57066
  730: t=266.000, cavg*=1, r_mart=218.176, r_aust=1.57066
  732: t=267.000, cavg*=1, r_mart=218.176, r_aust=1.57066
  734: t=268.000, cavg*=1, r_mart=218.176, r_aust=1.57066
  736: t=269.000, cavg*=1, r_mart=218.176, r_aust=1.57066
  738: t=270.000, cavg*=1, r_mart=218.176, r_aust=1.57066
  740: t=271.000, cavg*=1, r_mart=218.176, r_aust=1.57066
  742: t=272.000, cavg*=1, r_mart=218.176, r_aust=1.57066
  744: t=273.000, cavg*=1, r_mart=218.176, r_aust=1.57066
  746: t=274.000, cavg*=1, r_mart=218.176, r_aust=1.57066
  748: t=275.000, cavg*=1, r_mart=218.176, r_aust=1.57066
  750: t=276.000, cavg*=1, r_mart=218.176, r_aust=1.57066
  752: t=277.000, cavg*=1, r_mart=218.176, r_aust=1.57066
  754: t=278.000, cavg*=1, r_mart=218.176, r_aust=1.57066
  756: t=279.000, cavg*=1, r_mart=218.176, r_aust=1.57066
  758: t=280.000, cavg*=1, r_mart=218.176, r_aust=1.57066
  760: t=281.000, cavg*=1, r_mart=218.176, r_aust=1.57066
  762: t=282.000, cavg*=1, r_mart=218.176, r_aust=1.57066
  764: t=283.000, cavg*=1, r_mart=218.176, r_aust=1.57066
  766: t=284.000, cavg*=1, r_mart=218.176, r_aust=1.57066
  768: t=285.000, cavg*=1, r_mart=218.176, r_aust=1.57066
  770: t=286.000, cavg*=1, r_mart=218.176, r_aust=1.57066
  772: t=287.000, cavg*=1, r_mart=218.176, r_aust=1.57066
  774: t=288.000, cavg*=1, r_mart=218.176, r_aust=1.57066
  776: t=289.000, cavg*=1, r_mart=218.176, r_aust=1.57066
  778: t=290.000, cavg*=1, r_mart=218.176, r_aust=1.57066
  780: t=291.000, cavg*=1, r_mart=218.176, r_aust=1.57066
  782: t=292.000, cavg*=1, r_mart=218.176, r_aust=1.57066
  784: t=293.000, cavg*=1, r_mart=218.176, r_aust=1.57066
  786: t=294.000, cavg*=1, r_mart=218.176, r_aust=1.57066
  788: t=295.000, cavg*=1, r_mart=218.176, r_aust=1.57066
  790: t=296.000, cavg*=1, r_mart=218.176, r_aust=1.57066
  792: t=297.000, cavg*=1, r_mart=218.176, r_aust=1.57066
  794: t=298.000, cavg*=1, r_mart=218.176, r_aust=1.57066
  796: t=299.000, cavg*=1, r_mart=218.176, r_aust=1.57066
  798: t=300.000, cavg*=1, r_mart=218.176, r_aust=1.57066
  800: t=301.000, cavg*=1, r_mart=218.176, r_aust=1.57066
  802: t=302.000, cavg*=1, r_mart=218.176, r_aust=1.57066
  804: t=303.000, cavg*=1, r_mart=218.176, r_aust=1.57066
  806: t=304.000, cavg*=1, r_mart=218.176, r_aust=1.57066
  808: t=305.000, cavg*=1, r_mart=218.176, r_aust=1.57066
  810: t=306.000, cavg*=1, r_mart=218.176, r_aust=1.57066
  812: t=307.000, cavg*=1, r_mart=218.176, r_aust=1.57066
  814: t=308.000, cavg*=1, r_mart=218.176, r_aust=1.57066
  816: t=309.000, cavg*=1, r_mart=218.176, r_aust=1.57066
  818: t=310.000, cavg*=1, r_mart=218.176, r_aust=1.57066
  820: t=311.000, cavg*=1, r_mart=218.176, r_aust=1.57066
  822: t=312.000, cavg*=1, r_mart=218.176, r_aust=1.57066
  824: t=313.000, cavg*=1, r_mart=218.176, r_aust=1.57066
  826: t=314.000, cavg*=1, r_mart=218.176, r_aust=1.57066
  828: t=315.000, cavg*=1, r_mart=218.176, r_aust=1.57066
  830: t=316.000, cavg*=1, r_mart=218.176, r_aust=1.57066
  832: t=317.000, cavg*=1, r_mart=218.176, r_aust=1.57066
  834: t=318.000, cavg*=1, r_mart=218.176, r_aust=1.57066
  836: t=319.000, cavg*=1, r_mart=218.176, r_aust=1.57066
  838: t=320.000, cavg*=1, r_mart=218.176, r_aust=1.57066
  840: t=321.000, cavg*=1, r_mart=218.176, r_aust=1.57066
  842: t=322.000, cavg*=1, r_mart=218.176, r_aust=1.57066
  844: t=323.000, cavg*=1, r_mart=218.176, r_aust=1.57066
  846: t=324.000, cavg*=1, r_mart=218.176, r_aust=1.57066
  848: t=325.000, cavg*=1, r_mart=218.176, r_aust=1.57066
  850: t=326.000, cavg*=1, r_mart=218.176, r_aust=1.57066
  852: t=327.000, cavg*=1, r_mart=218.176, r_aust=1.57066
  854: t=328.000, cavg*=1, r_mart=218.176, r_aust=1.57066
  856: t=329.000, cavg*=1, r_mart=218.176, r_aust=1.57066
  858: t=330.000, cavg*=1, r_mart=218.176, r_aust=1.57066
  860: t=331.000, cavg*=1, r_mart=218.176, r_aust=1.57066
  862: t=332.000, cavg*=1, r_mart=218.176, r_aust=1.57066
  864: t=333.000, cavg*=1, r_mart=218.176, r_aust=1.57066
  866: t=334.000, cavg*=1, r_mart=218.176, r_aust=1.57066
  868: t=335.000, cavg*=1, r_mart=218.176, r_aust=1.57066
  870: t=336.000, cavg*=1, r_mart=218.176, r_aust=1.57066
  872: t=337.000, cavg*=1, r_mart=218.176, r_aust=1.57066
  874: t=338.000, cavg*=1, r_mart=218.176, r_aust=1.57066
  876: t=339.000, cavg*=1, r_mart=218.176, r_aust=1.57066
  878: t=340.000, cavg*=1, r_mart=218.176, r_aust=1.57066
  880: t=341.000, cavg*=1, r_mart=218.176, r_aust=1.57066
  882: t=342.000, cavg*=1, r_mart=218.176, r_aust=1.57066
  884: t=343.000, cavg*=1, r_mart=218.176, r_aust=1.57066
  886: t=344.000, cavg*=1, r_mart=218.176, r_aust=1.57066
  888: t=345.000, cavg*=1, r_mart=218.176, r_aust=1.57066
  890: t=346.000, cavg*=1, r_mart=218.176, r_aust=1.57066
  892: t=347.000, cavg*=1, r_mart=218.176, r_aust=1.57066
  894: t=348.000, cavg*=1, r_mart=218.176, r_aust=1.57066
  896: t=349.000, cavg*=1, r_mart=218.176, r_aust=1.57066
  898: t=350.000, cavg*=1, r_mart=218.176, r_aust=1.57066
  900: t=351.000, cavg*=1, r_mart=218.176, r_aust=1.57066
  902: t=352.000, cavg*=1, r_mart=218.176, r_aust=1.57066
  904: t=353.000, cavg*=1, r_mart=218.176, r_aust=1.57066
  906: t=354.000, cavg*=1, r_mart=218.176, r_aust=1.57066
  908: t=355.000, cavg*=1, r_mart=218.176, r_aust=1.57066
  910: t=356.000, cavg*=1, r_mart=218.176, r_aust=1.57066
  912: t=357.000, cavg*=1, r_mart=218.176, r_aust=1.57066
  914: t=358.000, cavg*=1, r_mart=218.176, r_aust=1.57066
  916: t=359.000, cavg*=1, r_mart=218.176, r_aust=1.57066
  918: t=360.000, cavg*=1, r_mart=218.176, r_aust=1.57066
  920: t=361.000, cavg*=1, r_mart=218.176, r_aust=1.57066
  922: t=362.000, cavg*=1, r_mart=218.176, r_aust=1.57066
  924: t=363.000, cavg*=1, r_mart=218.176, r_aust=1.57066
  926: t=364.000, cavg*=1, r_mart=218.176, r_aust=1.57066
  928: t=365.000, cavg*=1, r_mart=218.176, r_aust=1.57066
  930: t=366.000, cavg*=1, r_mart=218.176, r_aust=1.57066
  932: t=367.000, cavg*=1, r_mart=218.176, r_aust=1.57066
  934: t=368.000, cavg*=1, r_mart=218.176, r_aust=1.57066
  936: t=369.000, cavg*=1, r_mart=218.176, r_aust=1.57066
  938: t=370.000, cavg*=1, r_mart=218.176, r_aust=1.57066
  940: t=371.000, cavg*=1, r_mart=218.176, r_aust=1.57066
  942: t=372.000, cavg*=1, r_mart=218.176, r_aust=1.57066
  944: t=373.000, cavg*=1, r_mart=218.176, r_aust=1.57066
  946: t=374.000, cavg*=1, r_mart=218.176, r_aust=1.57066
  948: t=375.000, cavg*=1, r_mart=218.176, r_aust=1.57066
  950: t=376.000, cavg*=1, r_mart=218.176, r_aust=1.57066
  952: t=377.000, cavg*=1, r_mart=218.176, r_aust=1.57066
  954: t=378.000, cavg*=1, r_mart=218.176, r_aust=1.57066
  956: t=379.000, cavg*=1, r_mart=218.176, r_aust=1.57066
  958: t=380.000, cavg*=1, r_mart=218.176, r_aust=1.57066
  960: t=381.000, cavg*=1, r_mart=218.176, r_aust=1.57066
  962: t=382.000, cavg*=1, r_mart=218.176, r_aust=1.57066
  964: t=383.000, cavg*=1, r_mart=218.176, r_aust=1.57066
  966: t=384.000, cavg*=1, r_mart=218.176, r_aust=1.57066
  968: t=385.000, cavg*=1, r_mart=218.176, r_aust=1.57066
  970: t=386.000, cavg*=1, r_mart=218.176, r_aust=1.57066
  972: t=387.000, cavg*=1, r_mart=218.176, r_aust=1.57066
  974: t=388.000, cavg*=1, r_mart=218.176, r_aust=1.57066
  976: t=389.000, cavg*=1, r_mart=218.176, r_aust=1.57066
  978: t=390.000, cavg*=1, r_mart=218.176, r_aust=1.57066
  980: t=391.000, cavg*=1, r_mart=218.176, r_aust=1.57066
  982: t=392.000, cavg*=1, r_mart=218.176, r_aust=1.57066
  984: t=393.000, cavg*=1, r_mart=218.176, r_aust=1.57066
  986: t=394.000, cavg*=1, r_mart=218.176, r_aust=1.57066
  988: t=395.000, cavg*=1, r_mart=218.176, r_aust=1.57066
  990: t=396.000, cavg*=1, r_mart=218.176, r_aust=1.57066
  992: t=397.000, cavg*=1, r_mart=218.176, r_aust=1.57066
  994: t=398.000, cavg*=1, r_mart=218.176, r_aust=1.57066
  996: t=399.000, cavg*=1, r_mart=218.176, r_aust=1.57066
  998: t=400.000, cavg*=1, r_mart=218.176, r_aust=1.57066
 1000: t=401.000, cavg*=1, r_mart=218.176, r_aust=1.57066
 1002: t=402.000, cavg*=1, r_mart=218.176, r_aust=1.57066
 1004: t=403.000, cavg*=1, r_mart=218.176, r_aust=1.57066
 1006: t=404.000, cavg*=1, r_mart=218.176, r_aust=1.57066
 1008: t=405.000, cavg*=1, r_mart=218.176, r_aust=1.57066
 1010: t=406.000, cavg*=1, r_mart=218.176, r_aust=1.57066
 1012: t=407.000, cavg*=1, r_mart=218.176, r_aust=1.57066
 1014: t=408.000, cavg*=1, r_mart=218.176, r_aust=1.57066
 1016: t=409.000, cavg*=1, r_mart=218.176, r_aust=1.57066
 1018: t=410.000, cavg*=1, r_mart=218.176, r_aust=1.57066
 1020: t=411.000, cavg*=1, r_mart=218.176, r_aust=1.57066
 1022: t=412.000, cavg*=1, r_mart=218.176, r_aust=1.57066
 1024: t=413.000, cavg*=1, r_mart=218.176, r_aust=1.57066
 1026: t=414.000, cavg*=1, r_mart=218.176, r_aust=1.57066
 1028: t=415.000, cavg*=1, r_mart=218.176, r_aust=1.57066
 1030: t=416.000, cavg*=1, r_mart=218.176, r_aust=1.57066
 1032: t=417.000, cavg*=1, r_mart=218.176, r_aust=1.57066
 1034: t=418.000, cavg*=1, r_mart=218.176, r_aust=1.57066
 1036: t=419.000, cavg*=1, r_mart=218.176, r_aust=1.57066
 1038: t=420.000, cavg*=1, r_mart=218.176, r_aust=1.57066
 1040: t=421.000, cavg*=1, r_mart=218.176, r_aust=1.57066
 1042: t=422.000, cavg*=1, r_mart=218.176, r_aust=1.57066
 1044: t=423.000, cavg*=1, r_mart=218.176, r_aust=1.57066
 1046: t=424.000, cavg*=1, r_mart=218.176, r_aust=1.57066
 1048: t=425.000, cavg*=1, r_mart=218.176, r_aust=1.57066
 1050: t=426.000, cavg*=1, r_mart=218.176, r_aust=1.57066
 1052: t=427.000, cavg*=1, r_mart=218.176, r_aust=1.57066
 1054: t=428.000, cavg*=1, r_mart=218.176, r_aust=1.57066
 1056: t=429.000, cavg*=1, r_mart=218.176, r_aust=1.57066
 1058: t=430.000, cavg*=1, r_mart=218.176, r_aust=1.57066
 1060: t=431.000, cavg*=1, r_mart=218.176, r_aust=1.57066
 1062: t=432.000, cavg*=1, r_mart=218.176, r_aust=1.57066
 1064: t=433.000, cavg*=1, r_mart=218.176, r_aust=1.57066
 1066: t=434.000, cavg*=1, r_mart=218.176, r_aust=1.57066
 1068: t=435.000, cavg*=1, r_mart=218.176, r_aust=1.57066
 1070: t=436.000, cavg*=1, r_mart=218.176, r_aust=1.57066
 1072: t=437.000, cavg*=1, r_mart=218.176, r_aust=1.57066
 1074: t=438.000, cavg*=1, r_mart=218.176, r_aust=1.57066
 1076: t=439.000, cavg*=1, r_mart=218.176, r_aust=1.57066
 1078: t=440.000, cavg*=1, r_mart=218.176, r_aust=1.57066
 1080: t=441.000, cavg*=1, r_mart=218.176, r_aust=1.57066
 1082: t=442.000, cavg*=1, r_mart=218.176, r_aust=1.57066
 1084: t=443.000, cavg*=1, r_mart=218.176, r_aust=1.57066
 1086: t=444.000, cavg*=1, r_mart=218.176, r_aust=1.57066
 1088: t=445.000, cavg*=1, r_mart=218.176, r_aust=1.57066
 1090: t=446.000, cavg*=1, r_mart=218.176, r_aust=1.57066
 1092: t=447.000, cavg*=1, r_mart=218.176, r_aust=1.57066
 1094: t=448.000, cavg*=1, r_mart=218.176, r_aust=1.57066
 1096: t=449.000, cavg*=1, r_mart=218.176, r_aust=1.57066
 1098: t=450.000, cavg*=1, r_mart=218.176, r_aust=1.57066
 1100: t=451.000, cavg*=1, r_mart=218.176, r_aust=1.57066
 1102: t=452.000, cavg*=1, r_mart=218.176, r_aust=1.57066
 1104: t=453.000, cavg*=1, r_mart=218.176, r_aust=1.57066
 1106: t=454.000, cavg*=1, r_mart=218.176, r_aust=1.57066
 1108: t=455.000, cavg*=1, r_mart=218.176, r_aust=1.57066
 1110: t=456.000, cavg*=1, r_mart=218.176, r_aust=1.57066
 1112: t=457.000, cavg*=1, r_mart=218.176, r_aust=1.57066
 1114: t=458.000, cavg*=1, r_mart=218.176, r_aust=1.57066
 1116: t=459.000, cavg*=1, r_mart=218.176, r_aust=1.57066
 1118: t=460.000, cavg*=1, r_mart=218.176, r_aust=1.57066
 1120: t=461.000, cavg*=1, r_mart=218.176, r_aust=1.57066
 1122: t=462.000, cavg*=1, r_mart=218.176, r_aust=1.57066
 1124: t=463.000, cavg*=1, r_mart=218.176, r_aust=1.57066
 1126: t=464.000, cavg*=1, r_mart=218.176, r_aust=1.57066
 1128: t=465.000, cavg*=1, r_mart=218.176, r_aust=1.57066
 1130: t=466.000, cavg*=1, r_mart=218.176, r_aust=1.57066
 1132: t=467.000, cavg*=1, r_mart=218.176, r_aust=1.57066
 1134: t=468.000, cavg*=1, r_mart=218.176, r_aust=1.57066
 1136: t=469.000, cavg*=1, r_mart=218.176, r_aust=1.57066
 1138: t=470.000, cavg*=1, r_mart=218.176, r_aust=1.57066
 1140: t=471.000, cavg*=1, r_mart=218.176, r_aust=1.57066
 1142: t=472.000, cavg*=1, r_mart=218.176, r_aust=1.57066
 1144: t=473.000, cavg*=1, r_mart=218.176, r_aust=1.57066
 1146: t=474.000, cavg*=1, r_mart=218.176, r_aust=1.57066
 1148: t=475.000, cavg*=1, r_mart=218.176, r_aust=1.57066
 1150: t=476.000, cavg*=1, r_mart=218.176, r_aust=1.57066
 1152: t=477.000, cavg*=1, r_mart=218.176, r_aust=1.57066
 1154: t=478.000, cavg*=1, r_mart=218.176, r_aust=1.57066
 1156: t=479.000, cavg*=1, r_mart=218.176, r_aust=1.57066
 1158: t=480.000, cavg*=1, r_mart=218.176, r_aust=1.57066
 1160: t=481.000, cavg*=1, r_mart=218.176, r_aust=1.57066
 1162: t=482.000, cavg*=1, r_mart=218.176, r_aust=1.57066
 1164: t=483.000, cavg*=1, r_mart=218.176, r_aust=1.57066
 1166: t=484.000, cavg*=1, r_mart=218.176, r_aust=1.57066
 1168: t=485.000, cavg*=1, r_mart=218.176, r_aust=1.57066
 1170: t=486.000, cavg*=1, r_mart=218.176, r_aust=1.57066
 1172: t=487.000, cavg*=1, r_mart=218.176, r_aust=1.57066
 1174: t=488.000, cavg*=1, r_mart=218.176, r_aust=1.57066
 1176: t=489.000, cavg*=1, r_mart=218.176, r_aust=1.57066
 1178: t=490.000, cavg*=1, r_mart=218.176, r_aust=1.57066
 1180: t=491.000, cavg*=1, r_mart=218.176, r_aust=1.57066
 1182: t=492.000, cavg*=1, r_mart=218.176, r_aust=1.57066
 1184: t=493.000, cavg*=1, r_mart=218.176, r_aust=1.57066
 1186: t=494.000, cavg*=1, r_mart=218.176, r_aust=1.57066
 1188: t=495.000, cavg*=1, r_mart=218.176, r_aust=1.57066
 1190: t=496.000, cavg*=1, r_mart=218.176, r_aust=1.57066
 1192: t=497.000, cavg*=1, r_mart=218.176, r_aust=1.57066
 1194: t=498.000, cavg*=1, r_mart=218.176, r_aust=1.57066
 1196: t=499.000, cavg*=1, r_mart=218.176, r_aust=1.57066
 1198: t=500.000, cavg*=1, r_mart=218.176, r_aust=1.57066
 1200: t=501.000, cavg*=1, r_mart=218.176, r_aust=1.57066
 1202: t=502.000, cavg*=1, r_mart=218.176, r_aust=1.57066
 1204: t=503.000, cavg*=1, r_mart=218.176, r_aust=1.57066
 1206: t=504.000, cavg*=1, r_mart=218.176, r_aust=1.57066
 1208: t=505.000, cavg*=1, r_mart=218.176, r_aust=1.57066
 1210: t=506.000, cavg*=1, r_mart=218.176, r_aust=1.57066
 1212: t=507.000, cavg*=1, r_mart=218.176, r_aust=1.57066
 1214: t=508.000, cavg*=1, r_mart=218.176, r_aust=1.57066
 1216: t=509.000, cavg*=1, r_mart=218.176, r_aust=1.57066
 1218: t=510.000, cavg*=1, r_mart=218.176, r_aust=1.57066
 1220: t=511.000, cavg*=1, r_mart=218.176, r_aust=1.57066
 1222: t=512.000, cavg*=1, r_mart=218.176, r_aust=1.57066
 1224: t=513.000, cavg*=1, r_mart=218.176, r_aust=1.57066
 1226: t=514.000, cavg*=1, r_mart=218.176, r_aust=1.57066
 1228: t=515.000, cavg*=1, r_mart=218.176, r_aust=1.57066
 1230: t=516.000, cavg*=1, r_mart=218.176, r_aust=1.57066
 1232: t=517.000, cavg*=1, r_mart=218.176, r_aust=1.57066
 1234: t=518.000, cavg*=1, r_mart=218.176, r_aust=1.57066
 1236: t=519.000, cavg*=1, r_mart=218.176, r_aust=1.57066
 1238: t=520.000, cavg*=1, r_mart=218.176, r_aust=1.57066
 1240: t=521.000, cavg*=1, r_mart=218.176, r_aust=1.57066
 1242: t=522.000, cavg*=1, r_mart=218.176, r_aust=1.57066
 1244: t=523.000, cavg*=1, r_mart=218.176, r_aust=1.57066
 1246: t=524.000, cavg*=1, r_mart=218.176, r_aust=1.57066
 1248: t=525.000, cavg*=1, r_mart=218.176, r_aust=1.57066
 1250: t=526.000, cavg*=1, r_mart=218.176, r_aust=1.57066
 1252: t=527.000, cavg*=1, r_mart=218.176, r_aust=1.57066
 1254: t=528.000, cavg*=1, r_mart=218.176, r_aust=1.57066
 1256: t=529.000, cavg*=1, r_mart=218.176, r_aust=1.57066
 1258: t=530.000, cavg*=1, r_mart=218.176, r_aust=1.57066
 1260: t=531.000, cavg*=1, r_mart=218.176, r_aust=1.57066
 1262: t=532.000, cavg*=1, r_mart=218.176, r_aust=1.57066
 1264: t=533.000, cavg*=1, r_mart=218.176, r_aust=1.57066
 1266: t=534.000, cavg*=1, r_mart=218.176, r_aust=1.57066
 1268: t=535.000, cavg*=1, r_mart=218.176, r_aust=1.57066
 1270: t=536.000, cavg*=1, r_mart=218.176, r_aust=1.57066
 1272: t=537.000, cavg*=1, r_mart=218.176, r_aust=1.57066
 1274: t=538.000, cavg*=1, r_mart=218.176, r_aust=1.57066
 1276: t=539.000, cavg*=1, r_mart=218.176, r_aust=1.57066
 1278: t=540.000, cavg*=1, r_mart=218.176, r_aust=1.57066
 1280: t=541.000, cavg*=1, r_mart=218.176, r_aust=1.57066
 1282: t=542.000, cavg*=1, r_mart=218.176, r_aust=1.57066
 1284: t=543.000, cavg*=1, r_mart=218.176, r_aust=1.57066
 1286: t=544.000, cavg*=1, r_mart=218.176, r_aust=1.57066
 1288: t=545.000, cavg*=1, r_mart=218.176, r_aust=1.57066
 1290: t=546.000, cavg*=1, r_mart=218.176, r_aust=1.57066
 1292: t=547.000, cavg*=1, r_mart=218.176, r_aust=1.57066
 1294: t=548.000, cavg*=1, r_mart=218.176, r_aust=1.57066
 1296: t=549.000, cavg*=1, r_mart=218.176, r_aust=1.57066
 1298: t=550.000, cavg*=1, r_mart=218.176, r_aust=1.57066
 1300: t=551.000, cavg*=1, r_mart=218.176, r_aust=1.57066
 1302: t=552.000, cavg*=1, r_mart=218.176, r_aust=1.57066
 1304: t=553.000, cavg*=1, r_mart=218.176, r_aust=1.57066
 1306: t=554.000, cavg*=1, r_mart=218.176, r_aust=1.57066
 1308: t=555.000, cavg*=1, r_mart=218.176, r_aust=1.57066
 1310: t=556.000, cavg*=1, r_mart=218.176, r_aust=1.57066
 1312: t=557.000, cavg*=1, r_mart=218.176, r_aust=1.57066
 1314: t=558.000, cavg*=1, r_mart=218.176, r_aust=1.57066
 1316: t=559.000, cavg*=1, r_mart=218.176, r_aust=1.57066
 1318: t=560.000, cavg*=1, r_mart=218.176, r_aust=1.57066
 1320: t=561.000, cavg*=1, r_mart=218.176, r_aust=1.57066
 1322: t=562.000, cavg*=1, r_mart=218.176, r_aust=1.57066
 1324: t=563.000, cavg*=1, r_mart=218.176, r_aust=1.57066
 1326: t=564.000, cavg*=1, r_mart=218.176, r_aust=1.57066
 1328: t=565.000, cavg*=1, r_mart=218.176, r_aust=1.57066
 1330: t=566.000, cavg*=1, r_mart=218.176, r_aust=1.57066
 1332: t=567.000, cavg*=1, r_mart=218.176, r_aust=1.57066
 1334: t=568.000, cavg*=1, r_mart=218.176, r_aust=1.57066
 1336: t=569.000, cavg*=1, r_mart=218.176, r_aust=1.57066
 1338: t=570.000, cavg*=1, r_mart=218.176, r_aust=1.57066
 1340: t=571.000, cavg*=1, r_mart=218.176, r_aust=1.57066
 1342: t=572.000, cavg*=1, r_mart=218.176, r_aust=1.57066
 1344: t=573.000, cavg*=1, r_mart=218.176, r_aust=1.57066
 1346: t=574.000, cavg*=1, r_mart=218.176, r_aust=1.57066
 1348: t=575.000, cavg*=1, r_mart=218.176, r_aust=1.57066
 1350: t=576.000, cavg*=1, r_mart=218.176, r_aust=1.57066
 1352: t=577.000, cavg*=1, r_mart=218.176, r_aust=1.57066
 1354: t=578.000, cavg*=1, r_mart=218.176, r_aust=1.57066
 1356: t=579.000, cavg*=1, r_mart=218.176, r_aust=1.57066
 1358: t=580.000, cavg*=1, r_mart=218.176, r_aust=1.57066
 1360: t=581.000, cavg*=1, r_mart=218.176, r_aust=1.57066
 1362: t=582.000, cavg*=1, r_mart=218.176, r_aust=1.57066
 1364: t=583.000, cavg*=1, r_mart=218.176, r_aust=1.57066
 1366: t=584.000, cavg*=1, r_mart=218.176, r_aust=1.57066
 1368: t=585.000, cavg*=1, r_mart=218.176, r_aust=1.57066
 1370: t=586.000, cavg*=1, r_mart=218.176, r_aust=1.57066
 1372: t=587.000, cavg*=1, r_mart=218.176, r_aust=1.57066
 1374: t=588.000, cavg*=1, r_mart=218.176, r_aust=1.57066
 1376: t=589.000, cavg*=1, r_mart=218.176, r_aust=1.57066
 1378: t=590.000, cavg*=1, r_mart=218.176, r_aust=1.57066
 1380: t=591.000, cavg*=1, r_mart=218.176, r_aust=1.57066
 1382: t=592.000, cavg*=1, r_mart=218.176, r_aust=1.57066
 1384: t=593.000, cavg*=1, r_mart=218.176, r_aust=1.57066
 1386: t=594.000, cavg*=1, r_mart=218.176, r_aust=1.57066
 1388: t=595.000, cavg*=1, r_mart=218.176, r_aust=1.57066
 1390: t=596.000, cavg*=1, r_mart=218.176, r_aust=1.57066
 1392: t=597.000, cavg*=1, r_mart=218.176, r_aust=1.57066
 1394: t=598.000, cavg*=1, r_mart=218.176, r_aust=1.57066
 1396: t=599.000, cavg*=1, r_mart=218.176, r_aust=1.57066
 1398: t=600.000, cavg*=1, r_mart=218.176, r_aust=1.57066
 1400: t=601.000, cavg*=1, r_mart=218.176, r_aust=1.57066
 1402: t=602.000, cavg*=1, r_mart=218.176, r_aust=1.57066
 1404: t=603.000, cavg*=1, r_mart=218.176, r_aust=1.57066
 1406: t=604.000, cavg*=1, r_mart=218.176, r_aust=1.57066
 1408: t=605.000, cavg*=1, r_mart=218.176, r_aust=1.57066
 1410: t=606.000, cavg*=1, r_mart=218.176, r_aust=1.57066
 1412: t=607.000, cavg*=1, r_mart=218.176, r_aust=1.57066
 1414: t=608.000, cavg*=1, r_mart=218.176, r_aust=1.57066
 1416: t=609.000, cavg*=1, r_mart=218.176, r_aust=1.57066
 1418: t=610.000, cavg*=1, r_mart=218.176, r_aust=1.57066
 1420: t=611.000, cavg*=1, r_mart=218.176, r_aust=1.57066
 1422: t=612.000, cavg*=1, r_mart=218.176, r_aust=1.57066
 1424: t=613.000, cavg*=1, r_mart=218.176, r_aust=1.57066
 1426: t=614.000, cavg*=1, r_mart=218.176, r_aust=1.57066
 1428: t=615.000, cavg*=1, r_mart=218.176, r_aust=1.57066
 1430: t=616.000, cavg*=1, r_mart=218.176, r_aust=1.57066
 1432: t=617.000, cavg*=1, r_mart=218.176, r_aust=1.57066
 1434: t=618.000, cavg*=1, r_mart=218.176, r_aust=1.57066
 1436: t=619.000, cavg*=1, r_mart=218.176, r_aust=1.57066
 1438: t=620.000, cavg*=1, r_mart=218.176, r_aust=1.57066
 1440: t=621.000, cavg*=1, r_mart=218.176, r_aust=1.57066
 1442: t=622.000, cavg*=1, r_mart=218.176, r_aust=1.57066
 1444: t=623.000, cavg*=1, r_mart=218.176, r_aust=1.57066
 1446: t=624.000, cavg*=1, r_mart=218.176, r_aust=1.57066
 1448: t=625.000, cavg*=1, r_mart=218.176, r_aust=1.57066
 1450: t=626.000, cavg*=1, r_mart=218.176, r_aust=1.57066
 1452: t=627.000, cavg*=1, r_mart=218.176, r_aust=1.57066
 1454: t=628.000, cavg*=1, r_mart=218.176, r_aust=1.57066
 1456: t=629.000, cavg*=1, r_mart=218.176, r_aust=1.57066
 1458: t=630.000, cavg*=1, r_mart=218.176, r_aust=1.57066
 1460: t=631.000, cavg*=1, r_mart=218.176, r_aust=1.57066
 1462: t=632.000, cavg*=1, r_mart=218.176, r_aust=1.57066
 1464: t=633.000, cavg*=1, r_mart=218.176, r_aust=1.57066
 1466: t=634.000, cavg*=1, r_mart=218.176, r_aust=1.57066
 1468: t=635.000, cavg*=1, r_mart=218.176, r_aust=1.57066
 1470: t=636.000, cavg*=1, r_mart=218.176, r_aust=1.57066
 1472: t=637.000, cavg*=1, r_mart=218.176, r_aust=1.57066
 1474: t=638.000, cavg*=1, r_mart=218.176, r_aust=1.57066
 1476: t=639.000, cavg*=1, r_mart=218.176, r_aust=1.57066
 1478: t=640.000, cavg*=1, r_mart=218.176, r_aust=1.57066
 1480: t=641.000, cavg*=1, r_mart=218.176, r_aust=1.57066
 1482: t=642.000, cavg*=1, r_mart=218.176, r_aust=1.57066
 1484: t=643.000, cavg*=1, r_mart=218.176, r_aust=1.57066
 1486: t=644.000, cavg*=1, r_mart=218.176, r_aust=1.57066
 1488: t=645.000, cavg*=1, r_mart=218.176, r_aust=1.57066
 1490: t=646.000, cavg*=1, r_mart=218.176, r_aust=1.57066
 1492: t=647.000, cavg*=1, r_mart=218.176, r_aust=1.57066
 1494: t=648.000, cavg*=1, r_mart=218.176, r_aust=1.57066
 1496: t=649.000, cavg*=1, r_mart=218.176, r_aust=1.57066
 1498: t=650.000, cavg*=1, r_mart=218.176, r_aust=1.57066
 1500: t=651.000, cavg*=1, r_mart=218.176, r_aust=1.57066
 1502: t=652.000, cavg*=1, r_mart=218.176, r_aust=1.57066
 1504: t=653.000, cavg*=1, r_mart=218.176, r_aust=1.57066
 1506: t=654.000, cavg*=1, r_mart=218.176, r_aust=1.57066
 1508: t=655.000, cavg*=1, r_mart=218.176, r_aust=1.57066
 1510: t=656.000, cavg*=1, r_mart=218.176, r_aust=1.57066
 1512: t=657.000, cavg*=1, r_mart=218.176, r_aust=1.57066
 1514: t=658.000, cavg*=1, r_mart=218.176, r_aust=1.57066
 1516: t=659.000, cavg*=1, r_mart=218.176, r_aust=1.57066
 1518: t=660.000, cavg*=1, r_mart=218.176, r_aust=1.57066
 1520: t=661.000, cavg*=1, r_mart=218.176, r_aust=1.57066
 1522: t=662.000, cavg*=1, r_mart=218.176, r_aust=1.57066
 1524: t=663.000, cavg*=1, r_mart=218.176, r_aust=1.57066
 1526: t=664.000, cavg*=1, r_mart=218.176, r_aust=1.57066
 1528: t=665.000, cavg*=1, r_mart=218.176, r_aust=1.57066
 1530: t=666.000, cavg*=1, r_mart=218.176, r_aust=1.57066
 1532: t=667.000, cavg*=1, r_mart=218.176, r_aust=1.57066
 1534: t=668.000, cavg*=1, r_mart=218.176, r_aust=1.57066
 1536: t=669.000, cavg*=1, r_mart=218.176, r_aust=1.57066
 1538: t=670.000, cavg*=1, r_mart=218.176, r_aust=1.57066
 1540: t=671.000, cavg*=1, r_mart=218.176, r_aust=1.57066
 1542: t=672.000, cavg*=1, r_mart=218.176, r_aust=1.57066
 1544: t=673.000, cavg*=1, r_mart=218.176, r_aust=1.57066
 1546: t=674.000, cavg*=1, r_mart=218.176, r_aust=1.57066
 1548: t=675.000, cavg*=1, r_mart=218.176, r_aust=1.57066
 1550: t=676.000, cavg*=1, r_mart=218.176, r_aust=1.57066
 1552: t=677.000, cavg*=1, r_mart=218.176, r_aust=1.57066
 1554: t=678.000, cavg*=1, r_mart=218.176, r_aust=1.57066
 1556: t=679.000, cavg*=1, r_mart=218.176, r_aust=1.57066
 1558: t=680.000, cavg*=1, r_mart=218.176, r_aust=1.57066
 1560: t=681.000, cavg*=1, r_mart=218.176, r_aust=1.57066
 1562: t=682.000, cavg*=1, r_mart=218.176, r_aust=1.57066
 1564: t=683.000, cavg*=1, r_mart=218.176, r_aust=1.57066
 1566: t=684.000, cavg*=1, r_mart=218.176, r_aust=1.57066
 1568: t=685.000, cavg*=1, r_mart=218.176, r_aust=1.57066
 1570: t=686.000, cavg*=1, r_mart=218.176, r_aust=1.57066
 1572: t=687.000, cavg*=1, r_mart=218.176, r_aust=1.57066
 1574: t=688.000, cavg*=1, r_mart=218.176, r_aust=1.57066
 1576: t=689.000, cavg*=1, r_mart=218.176, r_aust=1.57066
 1578: t=690.000, cavg*=1, r_mart=218.176, r_aust=1.57066
 1580: t=691.000, cavg*=1, r_mart=218.176, r_aust=1.57066
 1582: t=692.000, cavg*=1, r_mart=218.176, r_aust=1.57066
 1584: t=693.000, cavg*=1, r_mart=218.176, r_aust=1.57066
 1586: t=694.000, cavg*=1, r_mart=218.176, r_aust=1.57066
 1588: t=695.000, cavg*=1, r_mart=218.176, r_aust=1.57066
 1590: t=696.000, cavg*=1, r_mart=218.176, r_aust=1.57066
 1592: t=697.000, cavg*=1, r_mart=218.176, r_aust=1.57066
 1594: t=698.000, cavg*=1, r_mart=218.176, r_aust=1.57066
 1596: t=699.000, cavg*=1, r_mart=218.176, r_aust=1.57066
 1598: t=700.000, cavg*=1, r_mart=218.176, r_aust=1.57066
 1600: t=701.000, cavg*=1, r_mart=218.176, r_aust=1.57066
 1602: t=702.000, cavg*=1, r_mart=218.176, r_aust=1.57066
 1604: t=703.000, cavg*=1, r_mart=218.176, r_aust=1.57066
 1606: t=704.000, cavg*=1, r_mart=218.176, r_aust=1.57066
 1608: t=705.000, cavg*=1, r_mart=218.176, r_aust=1.57066
 1610: t=706.000, cavg*=1, r_mart=218.176, r_aust=1.57066
 1612: t=707.000, cavg*=1, r_mart=218.176, r_aust=1.57066
 1614: t=708.000, cavg*=1, r_mart=218.176, r_aust=1.57066
 1616: t=709.000, cavg*=1, r_mart=218.176, r_aust=1.57066
 1618: t=710.000, cavg*=1, r_mart=218.176, r_aust=1.57066
 1620: t=711.000, cavg*=1, r_mart=218.176, r_aust=1.57066
 1622: t=712.000, cavg*=1, r_mart=218.176, r_aust=1.57066
 1624: t=713.000, cavg*=1, r_mart=218.176, r_aust=1.57066
 1626: t=714.000, cavg*=1, r_mart=218.176, r_aust=1.57066
 1628: t=715.000, cavg*=1, r_mart=218.176, r_aust=1.57066
 1630: t=716.000, cavg*=1, r_mart=218.176, r_aust=1.57066
 1632: t=717.000, cavg*=1, r_mart=218.176, r_aust=1.57066
 1634: t=718.000, cavg*=1, r_mart=218.176, r_aust=1.57066
 1636: t=719.000, cavg*=1, r_mart=218.176, r_aust=1.57066
 1638: t=720.000, cavg*=1, r_mart=218.176, r_aust=1.57066
 1640: t=721.000, cavg*=1, r_mart=218.176, r_aust=1.57066
 1642: t=722.000, cavg*=1, r_mart=218.176, r_aust=1.57066
 1644: t=723.000, cavg*=1, r_mart=218.176, r_aust=1.57066
 1646: t=724.000, cavg*=1, r_mart=218.176, r_aust=1.57066
 1648: t=725.000, cavg*=1, r_mart=218.176, r_aust=1.57066
 1650: t=726.000, cavg*=1, r_mart=218.176, r_aust=1.57066
 1652: t=727.000, cavg*=1, r_mart=218.176, r_aust=1.57066
 1654: t=728.000, cavg*=1, r_mart=218.176, r_aust=1.57066
 1656: t=729.000, cavg*=1, r_mart=218.176, r_aust=1.57066
 1658: t=730.000, cavg*=1, r_mart=218.176, r_aust=1.57066
 1660: t=731.000, cavg*=1, r_mart=218.176, r_aust=1.57066
 1662: t=732.000, cavg*=1, r_mart=218.176, r_aust=1.57066
 1664: t=733.000, cavg*=1, r_mart=218.176, r_aust=1.57066
 1666: t=734.000, cavg*=1, r_mart=218.176, r_aust=1.57066
 1668: t=735.000, cavg*=1, r_mart=218.176, r_aust=1.57066
 1670: t=736.000, cavg*=1, r_mart=218.176, r_aust=1.57066
 1672: t=737.000, cavg*=1, r_mart=218.176, r_aust=1.57066
 1674: t=738.000, cavg*=1, r_mart=218.176, r_aust=1.57066
 1676: t=739.000, cavg*=1, r_mart=218.176, r_aust=1.57066
 1678: t=740.000, cavg*=1, r_mart=218.176, r_aust=1.57066
 1680: t=741.000, cavg*=1, r_mart=218.176, r_aust=1.57066
 1682: t=742.000, cavg*=1, r_mart=218.176, r_aust=1.57066
 1684: t=743.000, cavg*=1, r_mart=218.176, r_aust=1.57066
 1686: t=744.000, cavg*=1, r_mart=218.176, r_aust=1.57066
 1688: t=745.000, cavg*=1, r_mart=218.176, r_aust=1.57066
 1690: t=746.000, cavg*=1, r_mart=218.176, r_aust=1.57066
 1692: t=747.000, cavg*=1, r_mart=218.176, r_aust=1.57066
 1694: t=748.000, cavg*=1, r_mart=218.176, r_aust=1.57066
 1696: t=749.000, cavg*=1, r_mart=218.176, r_aust=1.57066
 1698: t=750.000, cavg*=1, r_mart=218.176, r_aust=1.57066
 1700: t=751.000, cavg*=1, r_mart=218.176, r_aust=1.57066
 1702: t=752.000, cavg*=1, r_mart=218.176, r_aust=1.57066
 1704: t=753.000, cavg*=1, r_mart=218.176, r_aust=1.57066
 1706: t=754.000, cavg*=1, r_mart=218.176, r_aust=1.57066
 1708: t=755.000, cavg*=1, r_mart=218.176, r_aust=1.57066
 1710: t=756.000, cavg*=1, r_mart=218.176, r_aust=1.57066
 1712: t=757.000, cavg*=1, r_mart=218.176, r_aust=1.57066
 1714: t=758.000, cavg*=1, r_mart=218.176, r_aust=1.57066
 1716: t=759.000, cavg*=1, r_mart=218.176, r_aust=1.57066
 1718: t=760.000, cavg*=1, r_mart=218.176, r_aust=1.57066
 1720: t=761.000, cavg*=1, r_mart=218.176, r_aust=1.57066
 1722: t=762.000, cavg*=1, r_mart=218.176, r_aust=1.57066
 1724: t=763.000, cavg*=1, r_mart=218.176, r_aust=1.57066
 1726: t=764.000, cavg*=1, r_mart=218.176, r_aust=1.57066
 1728: t=765.000, cavg*=1, r_mart=218.176, r_aust=1.57066
 1730: t=766.000, cavg*=1, r_mart=218.176, r_aust=1.57066
 1732: t=767.000, cavg*=1, r_mart=218.176, r_aust=1.57066
 1734: t=768.000, cavg*=1, r_mart=218.176, r_aust=1.57066
 1736: t=769.000, cavg*=1, r_mart=218.176, r_aust=1.57066
 1738: t=770.000, cavg*=1, r_mart=218.176, r_aust=1.57066
 1740: t=771.000, cavg*=1, r_mart=218.176, r_aust=1.57066
 1742: t=772.000, cavg*=1, r_mart=218.176, r_aust=1.57066
 1744: t=773.000, cavg*=1, r_mart=218.176, r_aust=1.57066
 1746: t=774.000, cavg*=1, r_mart=218.176, r_aust=1.57066
 1748: t=775.000, cavg*=1, r_mart=218.176, r_aust=1.57066
 1750: t=776.000, cavg*=1, r_mart=218.176, r_aust=1.57066
 1752: t=777.000, cavg*=1, r_mart=218.176, r_aust=1.57066
 1754: t=778.000, cavg*=1, r_mart=218.176, r_aust=1.57066
 1756: t=779.000, cavg*=1, r_mart=218.176, r_aust=1.57066
 1758: t=780.000, cavg*=1, r_mart=218.176, r_aust=1.57066
 1760: t=781.000, cavg*=1, r_mart=218.176, r_aust=1.57066
 1762: t=782.000, cavg*=1, r_mart=218.176, r_aust=1.57066
 1764: t=783.000, cavg*=1, r_mart=218.176, r_aust=1.57066
 1766: t=784.000, cavg*=1, r_mart=218.176, r_aust=1.57066
 1768: t=785.000, cavg*=1, r_mart=218.176, r_aust=1.57066
 1770: t=786.000, cavg*=1, r_mart=218.176, r_aust=1.57066
 1772: t=787.000, cavg*=1, r_mart=218.176, r_aust=1.57066
 1774: t=788.000, cavg*=1, r_mart=218.176, r_aust=1.57066
 1776: t=789.000, cavg*=1, r_mart=218.176, r_aust=1.57066
 1778: t=790.000, cavg*=1, r_mart=218.176, r_aust=1.57066
 1780: t=791.000, cavg*=1, r_mart=218.176, r_aust=1.57066
 1782: t=792.000, cavg*=1, r_mart=218.176, r_aust=1.57066
 1784: t=793.000, cavg*=1, r_mart=218.176, r_aust=1.57066
 1786: t=794.000, cavg*=1, r_mart=218.176, r_aust=1.57066
 1788: t=795.000, cavg*=1, r_mart=218.176, r_aust=1.57066
 1790: t=796.000, cavg*=1, r_mart=218.176, r_aust=1.57066
 1792: t=797.000, cavg*=1, r_mart=218.176, r_aust=1.57066
 1794: t=798.000, cavg*=1, r_mart=218.176, r_aust=1.57066
 1796: t=799.000, cavg*=1, r_mart=218.176, r_aust=1.57066
 1798: t=800.000, cavg*=1, r_mart=218.176, r_aust=1.57066
 1800: t=801.000, cavg*=1, r_mart=218.176, r_aust=1.57066
 1802: t=802.000, cavg*=1, r_mart=218.176, r_aust=1.57066
 1804: t=803.000, cavg*=1, r_mart=218.176, r_aust=1.57066
 1806: t=804.000, cavg*=1, r_mart=218.176, r_aust=1.57066
 1808: t=805.000, cavg*=1, r_mart=218.176, r_aust=1.57066
 1810: t=806.000, cavg*=1, r_mart=218.176, r_aust=1.57066
 1812: t=807.000, cavg*=1, r_mart=218.176, r_aust=1.57066
 1814: t=808.000, cavg*=1, r_mart=218.176, r_aust=1.57066
 1816: t=809.000, cavg*=1, r_mart=218.176, r_aust=1.57066
 1818: t=810.000, cavg*=1, r_mart=218.176, r_aust=1.57066
 1820: t=811.000, cavg*=1, r_mart=218.176, r_aust=1.57066
 1822: t=812.000, cavg*=1, r_mart=218.176, r_aust=1.57066
 1824: t=813.000, cavg*=1, r_mart=218.176, r_aust=1.57066
 1826: t=814.000, cavg*=1, r_mart=218.176, r_aust=1.57066
 1828: t=815.000, cavg*=1, r_mart=218.176, r_aust=1.57066
 1830: t=816.000, cavg*=1, r_mart=218.176, r_aust=1.57066
 1832: t=817.000, cavg*=1, r_mart=218.176, r_aust=1.57066
 1834: t=818.000, cavg*=1, r_mart=218.176, r_aust=1.57066
 1836: t=819.000, cavg*=1, r_mart=218.176, r_aust=1.57066
 1838: t=820.000, cavg*=1, r_mart=218.176, r_aust=1.57066
 1840: t=821.000, cavg*=1, r_mart=218.176, r_aust=1.57066
 1842: t=822.000, cavg*=1, r_mart=218.176, r_aust=1.57066
 1844: t=823.000, cavg*=1, r_mart=218.176, r_aust=1.57066
 1846: t=824.000, cavg*=1, r_mart=218.176, r_aust=1.57066
 1848: t=825.000, cavg*=1, r_mart=218.176, r_aust=1.57066
 1850: t=826.000, cavg*=1, r_mart=218.176, r_aust=1.57066
 1852: t=827.000, cavg*=1, r_mart=218.176, r_aust=1.57066
 1854: t=828.000, cavg*=1, r_mart=218.176, r_aust=1.57066
 1856: t=829.000, cavg*=1, r_mart=218.176, r_aust=1.57066
 1858: t=830.000, cavg*=1, r_mart=218.176, r_aust=1.57066
 1860: t=831.000, cavg*=1, r_mart=218.176, r_aust=1.57066
 1862: t=832.000, cavg*=1, r_mart=218.176, r_aust=1.57066
 1864: t=833.000, cavg*=1, r_mart=218.176, r_aust=1.57066
 1866: t=834.000, cavg*=1, r_mart=218.176, r_aust=1.57066
 1868: t=835.000, cavg*=1, r_mart=218.176, r_aust=1.57066
 1870: t=836.000, cavg*=1, r_mart=218.176, r_aust=1.57066
 1872: t=837.000, cavg*=1, r_mart=218.176, r_aust=1.57066
 1874: t=838.000, cavg*=1, r_mart=218.176, r_aust=1.57066
 1876: t=839.000, cavg*=1, r_mart=218.176, r_aust=1.57066
 1878: t=840.000, cavg*=1, r_mart=218.176, r_aust=1.57066
 1880: t=841.000, cavg*=1, r_mart=218.176, r_aust=1.57066
 1882: t=842.000, cavg*=1, r_mart=218.176, r_aust=1.57066
 1884: t=843.000, cavg*=1, r_mart=218.176, r_aust=1.57066
 1886: t=844.000, cavg*=1, r_mart=218.176, r_aust=1.57066
 1888: t=845.000, cavg*=1, r_mart=218.176, r_aust=1.57066
 1890: t=846.000, cavg*=1, r_mart=218.176, r_aust=1.57066
 1892: t=847.000, cavg*=1, r_mart=218.176, r_aust=1.57066
 1894: t=848.000, cavg*=1, r_mart=218.176, r_aust=1.57066
 1896: t=849.000, cavg*=1, r_mart=218.176, r_aust=1.57066
 1898: t=850.000, cavg*=1, r_mart=218.176, r_aust=1.57066
 1900: t=851.000, cavg*=1, r_mart=218.176, r_aust=1.57066
 1902: t=852.000, cavg*=1, r_mart=218.176, r_aust=1.57066
 1904: t=853.000, cavg*=1, r_mart=218.176, r_aust=1.57066
 1906: t=854.000, cavg*=1, r_mart=218.176, r_aust=1.57066
 1908: t=855.000, cavg*=1, r_mart=218.176, r_aust=1.57066
 1910: t=856.000, cavg*=1, r_mart=218.176, r_aust=1.57066
 1912: t=857.000, cavg*=1, r_mart=218.176, r_aust=1.57066
 1914: t=858.000, cavg*=1, r_mart=218.176, r_aust=1.57066
 1916: t=859.000, cavg*=1, r_mart=218.176, r_aust=1.57066
 1918: t=860.000, cavg*=1, r_mart=218.176, r_aust=1.57066
 1920: t=861.000, cavg*=1, r_mart=218.176, r_aust=1.57066
 1922: t=862.000, cavg*=1, r_mart=218.176, r_aust=1.57066
 1924: t=863.000, cavg*=1, r_mart=218.176, r_aust=1.57066
 1926: t=864.000, cavg*=1, r_mart=218.176, r_aust=1.57066
 1928: t=865.000, cavg*=1, r_mart=218.176, r_aust=1.57066
 1930: t=866.000, cavg*=1, r_mart=218.176, r_aust=1.57066
 1932: t=867.000, cavg*=1, r_mart=218.176, r_aust=1.57066
 1934: t=868.000, cavg*=1, r_mart=218.176, r_aust=1.57066
 1936: t=869.000, cavg*=1, r_mart=218.176, r_aust=1.57066
 1938: t=870.000, cavg*=1, r_mart=218.176, r_aust=1.57066
 1940: t=871.000, cavg*=1, r_mart=218.176, r_aust=1.57066
 1942: t=872.000, cavg*=1, r_mart=218.176, r_aust=1.57066
 1944: t=873.000, cavg*=1, r_mart=218.176, r_aust=1.57066
 1946: t=874.000, cavg*=1, r_mart=218.176, r_aust=1.57066
 1948: t=875.000, cavg*=1, r_mart=218.176, r_aust=1.57066
 1950: t=876.000, cavg*=1, r_mart=218.176, r_aust=1.57066
 1952: t=877.000, cavg*=1, r_mart=218.176, r_aust=1.57066
 1954: t=878.000, cavg*=1, r_mart=218.176, r_aust=1.57066
 1956: t=879.000, cavg*=1, r_mart=218.176, r_aust=1.57066
 1958: t=880.000, cavg*=1, r_mart=218.176, r_aust=1.57066
 1960: t=881.000, cavg*=1, r_mart=218.176, r_aust=1.57066
 1962: t=882.000, cavg*=1, r_mart=218.176, r_aust=1.57066
 1964: t=883.000, cavg*=1, r_mart=218.176, r_aust=1.57066
 1966: t=884.000, cavg*=1, r_mart=218.176, r_aust=1.57066
 1968: t=885.000, cavg*=1, r_mart=218.176, r_aust=1.57066
 1970: t=886.000, cavg*=1, r_mart=218.176, r_aust=1.57066
 1972: t=887.000, cavg*=1, r_mart=218.176, r_aust=1.57066
 1974: t=888.000, cavg*=1, r_mart=218.176, r_aust=1.57066
 1976: t=889.000, cavg*=1, r_mart=218.176, r_aust=1.57066
 1978: t=890.000, cavg*=1, r_mart=218.176, r_aust=1.57066
 1980: t=891.000, cavg*=1, r_mart=218.176, r_aust=1.57066
 1982: t=892.000, cavg*=1, r_mart=218.176, r_aust=1.57066
 1984: t=893.000, cavg*=1, r_mart=218.176, r_aust=1.57066
 1986: t=894.000, cavg*=1, r_mart=218.176, r_aust=1.57066
 1988: t=895.000, cavg*=1, r_mart=218.176, r_aust=1.57066
 1990: t=896.000, cavg*=1, r_mart=218.176, r_aust=1.57066
 1992: t=897.000, cavg*=1, r_mart=218.176, r_aust=1.57066
 1994: t=898.000, cavg*=1, r_mart=218.176, r_aust=1.57066
 1996: t=899.000, cavg*=1, r_mart=218.176, r_aust=1.57066
 1998: t=900.000, cavg*=1, r_mart=218.176, r_aust=1.57066
 2000: t=901.000, cavg*=1, r_mart=218.176, r_aust=1.57066
 2002: t=902.000, cavg*=1, r_mart=218.176, r_aust=1.57066
 2004: t=903.000, cavg*=1, r_mart=218.176, r_aust=1.57066
 2006: t=904.000, cavg*=1, r_mart=218.176, r_aust=1.57066
 2008: t=905.000, cavg*=1, r_mart=218.176, r_aust=1.57066
 2010: t=906.000, cavg*=1, r_mart=218.176, r_aust=1.57066
 2012: t=907.000, cavg*=1, r_mart=218.176, r_aust=1.57066
 2014: t=908.000, cavg*=1, r_mart=218.176, r_aust=1.57066
 2016: t=909.000, cavg*=1, r_mart=218.176, r_aust=1.57066
 2018: t=910.000, cavg*=1, r_mart=218.176, r_aust=1.57066
 2020: t=911.000, cavg*=1, r_mart=218.176, r_aust=1.57066
 2022: t=912.000, cavg*=1, r_mart=218.176, r_aust=1.57066
 2024: t=913.000, cavg*=1, r_mart=218.176, r_aust=1.57066
 2026: t=914.000, cavg*=1, r_mart=218.176, r_aust=1.57066
 2028: t=915.000, cavg*=1, r_mart=218.176, r_aust=1.57066
 2030: t=916.000, cavg*=1, r_mart=218.176, r_aust=1.57066
 2032: t=917.000, cavg*=1, r_mart=218.176, r_aust=1.57066
 2034: t=918.000, cavg*=1, r_mart=218.176, r_aust=1.57066
 2036: t=919.000, cavg*=1, r_mart=218.176, r_aust=1.57066
 2038: t=920.000, cavg*=1, r_mart=218.176, r_aust=1.57066
 2040: t=921.000, cavg*=1, r_mart=218.176, r_aust=1.57066
 2042: t=922.000, cavg*=1, r_mart=218.176, r_aust=1.57066
 2044: t=923.000, cavg*=1, r_mart=218.176, r_aust=1.57066
 2046: t=924.000, cavg*=1, r_mart=218.176, r_aust=1.57066
 2048: t=925.000, cavg*=1, r_mart=218.176, r_aust=1.57066
 2050: t=926.000, cavg*=1, r_mart=218.176, r_aust=1.57066
 2052: t=927.000, cavg*=1, r_mart=218.176, r_aust=1.57066
 2054: t=928.000, cavg*=1, r_mart=218.176, r_aust=1.57066
 2056: t=929.000, cavg*=1, r_mart=218.176, r_aust=1.57066
 2058: t=930.000, cavg*=1, r_mart=218.176, r_aust=1.57066
 2060: t=931.000, cavg*=1, r_mart=218.176, r_aust=1.57066
 2062: t=932.000, cavg*=1, r_mart=218.176, r_aust=1.57066
 2064: t=933.000, cavg*=1, r_mart=218.176, r_aust=1.57066
 2066: t=934.000, cavg*=1, r_mart=218.176, r_aust=1.57066
 2068: t=935.000, cavg*=1, r_mart=218.176, r_aust=1.57066
 2070: t=936.000, cavg*=1, r_mart=218.176, r_aust=1.57066
 2072: t=937.000, cavg*=1, r_mart=218.176, r_aust=1.57066
 2074: t=938.000, cavg*=1, r_mart=218.176, r_aust=1.57066
 2076: t=939.000, cavg*=1, r_mart=218.176, r_aust=1.57066
 2078: t=940.000, cavg*=1, r_mart=218.176, r_aust=1.57066
 2080: t=941.000, cavg*=1, r_mart=218.176, r_aust=1.57066
 2082: t=942.000, cavg*=1, r_mart=218.176, r_aust=1.57066
 2084: t=943.000, cavg*=1, r_mart=218.176, r_aust=1.57066
 2086: t=944.000, cavg*=1, r_mart=218.176, r_aust=1.57066
 2088: t=945.000, cavg*=1, r_mart=218.176, r_aust=1.57066
 2090: t=946.000, cavg*=1, r_mart=218.176, r_aust=1.57066
 2092: t=947.000, cavg*=1, r_mart=218.176, r_aust=1.57066
 2094: t=948.000, cavg*=1, r_mart=218.176, r_aust=1.57066
 2096: t=949.000, cavg*=1, r_mart=218.176, r_aust=1.57066
 2098: t=950.000, cavg*=1, r_mart=218.176, r_aust=1.57066
 2100: t=951.000, cavg*=1, r_mart=218.176, r_aust=1.57066
 2102: t=952.000, cavg*=1, r_mart=218.176, r_aust=1.57066
 2104: t=953.000, cavg*=1, r_mart=218.176, r_aust=1.57066
 2106: t=954.000, cavg*=1, r_mart=218.176, r_aust=1.57066
 2108: t=955.000, cavg*=1, r_mart=218.176, r_aust=1.57066
 2110: t=956.000, cavg*=1, r_mart=218.176, r_aust=1.57066
 2112: t=957.000, cavg*=1, r_mart=218.176, r_aust=1.57066
 2114: t=958.000, cavg*=1, r_mart=218.176, r_aust=1.57066
 2116: t=959.000, cavg*=1, r_mart=218.176, r_aust=1.57066
 2118: t=960.000, cavg*=1, r_mart=218.176, r_aust=1.57066
 2120: t=961.000, cavg*=1, r_mart=218.176, r_aust=1.57066
 2122: t=962.000, cavg*=1, r_mart=218.176, r_aust=1.57066
 2124: t=963.000, cavg*=1, r_mart=218.176, r_aust=1.57066
 2126: t=964.000, cavg*=1, r_mart=218.176, r_aust=1.57066
 2128: t=965.000, cavg*=1, r_mart=218.176, r_aust=1.57066
 2130: t=966.000, cavg*=1, r_mart=218.176, r_aust=1.57066
 2132: t=967.000, cavg*=1, r_mart=218.176, r_aust=1.57066
 2134: t=968.000, cavg*=1, r_mart=218.176, r_aust=1.57066
 2136: t=969.000, cavg*=1, r_mart=218.176, r_aust=1.57066
 2138: t=970.000, cavg*=1, r_mart=218.176, r_aust=1.57066
 2140: t=971.000, cavg*=1, r_mart=218.176, r_aust=1.57066
 2142: t=972.000, cavg*=1, r_mart=218.176, r_aust=1.57066
 2144: t=973.000, cavg*=1, r_mart=218.176, r_aust=1.57066
 2146: t=974.000, cavg*=1, r_mart=218.176, r_aust=1.57066
 2148: t=975.000, cavg*=1, r_mart=218.176, r_aust=1.57066
 2150: t=976.000, cavg*=1, r_mart=218.176, r_aust=1.57066
 2152: t=977.000, cavg*=1, r_mart=218.176, r_aust=1.57066
 2154: t=978.000, cavg*=1, r_mart=218.176, r_aust=1.57066
 2156: t=979.000, cavg*=1, r_mart=218.176, r_aust=1.57066
 2158: t=980.000, cavg*=1, r_mart=218.176, r_aust=1.57066
 2160: t=981.000, cavg*=1, r_mart=218.176, r_aust=1.57066
 2162: t=982.000, cavg*=1, r_mart=218.176, r_aust=1.57066
 2164: t=983.000, cavg*=1, r_mart=218.176, r_aust=1.57066
 2166: t=984.000, cavg*=1, r_mart=218.176, r_aust=1.57066
 2168: t=985.000, cavg*=1, r_mart=218.176, r_aust=1.57066
 2170: t=986.000, cavg*=1, r_mart=218.176, r_aust=1.57066
 2172: t=987.000, cavg*=1, r_mart=218.176, r_aust=1.57066
 2174: t=988.000, cavg*=1, r_mart=218.176, r_aust=1.57066
 2176: t=989.000, cavg*=1, r_mart=218.176, r_aust=1.57066
 2178: t=990.000, cavg*=1, r_mart=218.176, r_aust=1.57066
 2180: t=991.000, cavg*=1, r_mart=218.176, r_aust=1.57066
 2182: t=992.000, cavg*=1, r_mart=218.176, r_aust=1.57066
 2184: t=993.000, cavg*=1, r_mart=218.176, r_aust=1.57066
 2186: t=994.000, cavg*=1, r_mart=218.176, r_aust=1.57066
 2188: t=995.000, cavg*=1, r_mart=218.176, r_aust=1.57066
 2190: t=996.000, cavg*=1, r_mart=218.176, r_aust=1.57066
 2192: t=997.000, cavg*=1, r_mart=218.176, r_aust=1.57066
 2194: t=998.000, cavg*=1, r_mart=218.176, r_aust=1.57066
 2196: t=999.000, cavg*=1, r_mart=218.176, r_aust=1.57066
 2198: t=1000.000, cavg*=1, r_mart=218.176, r_aust=1.57066
Time elapsed: 3.24 s

