mart_FoFo_CCE.log @ arthur-ltf
2018-06-20T09:25:29

c0 = 3.344140e-02 (approx 0.74 wt.%)
T_C = 375.0 [oC]
total_time = 1.0 [s]; n_time = 2000

mart: structure = bcc; E = 0.0 [J/mol]; type_D = 0 (comp.local)
      thermodynamical data: thermo/FoFo/TCFE8/375-bcc.txt
      z0 = -1.16 um; zn = -0.66 um; n = 50
aust: structure = fcc; E = 0.0 [J/mol]; type_D = 0 (comp.local)
      thermodynamical data: thermo/FoFo/TCFE8/375-fcc.txt
      z0 = -0.66 um; zn = 0.00 um; n = 400
intf: type_int = 1 (fixed.fluxes)

   10: t=0.005, cavg*=0.980428, r_mart=1.63019, r_aust=7.30377
   20: t=0.010, cavg*=0.978332, r_mart=1.63019, r_aust=9.86885
   30: t=0.015, cavg*=0.9772, r_mart=1.63019, r_aust=11.1415
   40: t=0.020, cavg*=0.976508, r_mart=1.63019, r_aust=11.9282
   50: t=0.025, cavg*=0.975941, r_mart=1.63019, r_aust=12.4771
   60: t=0.030, cavg*=0.975507, r_mart=1.63019, r_aust=12.8889
   70: t=0.035, cavg*=0.975148, r_mart=1.63019, r_aust=13.2127
   80: t=0.040, cavg*=0.974801, r_mart=1.63019, r_aust=13.4761
   90: t=0.045, cavg*=0.974521, r_mart=1.63019, r_aust=13.6959
  100: t=0.050, cavg*=0.974275, r_mart=1.63019, r_aust=13.8832
  110: t=0.055, cavg*=0.974032, r_mart=1.63019, r_aust=14.0452
  120: t=0.060, cavg*=0.973816, r_mart=1.63019, r_aust=14.1873
  130: t=0.065, cavg*=0.973627, r_mart=1.63019, r_aust=14.3133
  140: t=0.070, cavg*=0.973453, r_mart=1.63019, r_aust=14.4259
  150: t=0.075, cavg*=0.973291, r_mart=1.63019, r_aust=14.5274
  160: t=0.080, cavg*=0.973138, r_mart=1.63019, r_aust=14.6194
  170: t=0.085, cavg*=0.972994, r_mart=1.63019, r_aust=14.7031
  180: t=0.090, cavg*=0.972859, r_mart=1.63019, r_aust=14.7796
  190: t=0.095, cavg*=0.972732, r_mart=1.63019, r_aust=14.8497
  200: t=0.100, cavg*=0.972612, r_mart=1.63019, r_aust=14.9138
  210: t=0.105, cavg*=0.972499, r_mart=1.63019, r_aust=14.9725
  220: t=0.110, cavg*=0.972393, r_mart=1.63019, r_aust=15.0261
  230: t=0.115, cavg*=0.972295, r_mart=1.63019, r_aust=15.075
  240: t=0.120, cavg*=0.972205, r_mart=1.63019, r_aust=15.1193
  250: t=0.125, cavg*=0.972119, r_mart=1.63019, r_aust=15.1591
  260: t=0.130, cavg*=0.972037, r_mart=1.63019, r_aust=15.1947
  270: t=0.135, cavg*=0.971959, r_mart=1.63019, r_aust=15.226
  280: t=0.140, cavg*=0.971887, r_mart=1.63019, r_aust=15.2532
  290: t=0.145, cavg*=0.971822, r_mart=1.63019, r_aust=15.2764
  300: t=0.150, cavg*=0.971762, r_mart=1.63019, r_aust=15.2955
  310: t=0.155, cavg*=0.971704, r_mart=1.63019, r_aust=15.3106
  320: t=0.160, cavg*=0.971651, r_mart=1.63019, r_aust=15.3219
  330: t=0.165, cavg*=0.971604, r_mart=1.63019, r_aust=15.3293
  340: t=0.170, cavg*=0.971561, r_mart=1.63019, r_aust=15.3328
  350: t=0.175, cavg*=0.971521, r_mart=1.63019, r_aust=15.3326
  360: t=0.180, cavg*=0.971487, r_mart=1.63019, r_aust=15.3286
  370: t=0.185, cavg*=0.971457, r_mart=1.63019, r_aust=15.321
  380: t=0.190, cavg*=0.971429, r_mart=1.63019, r_aust=15.3098
  390: t=0.195, cavg*=0.971406, r_mart=1.63019, r_aust=15.2951
  400: t=0.200, cavg*=0.971388, r_mart=1.63019, r_aust=15.2769
  410: t=0.205, cavg*=0.971372, r_mart=1.63019, r_aust=15.2554
  420: t=0.210, cavg*=0.97136, r_mart=1.63019, r_aust=15.2305
  430: t=0.215, cavg*=0.971352, r_mart=1.63019, r_aust=15.2025
  440: t=0.220, cavg*=0.971346, r_mart=1.63019, r_aust=15.1713
  450: t=0.225, cavg*=0.971345, r_mart=1.63019, r_aust=15.137
  460: t=0.230, cavg*=0.971346, r_mart=1.63019, r_aust=15.0998
  470: t=0.235, cavg*=0.971351, r_mart=1.63019, r_aust=15.0598
  480: t=0.240, cavg*=0.971358, r_mart=1.63019, r_aust=15.017
  490: t=0.245, cavg*=0.971368, r_mart=1.63019, r_aust=14.9715
  500: t=0.250, cavg*=0.971381, r_mart=1.63019, r_aust=14.9234
  510: t=0.255, cavg*=0.971397, r_mart=1.63019, r_aust=14.8728
  520: t=0.260, cavg*=0.971415, r_mart=1.63019, r_aust=14.8199
  530: t=0.265, cavg*=0.971436, r_mart=1.63019, r_aust=14.7647
  540: t=0.270, cavg*=0.971458, r_mart=1.63019, r_aust=14.7072
  550: t=0.275, cavg*=0.971484, r_mart=1.63019, r_aust=14.6477
  560: t=0.280, cavg*=0.971511, r_mart=1.63019, r_aust=14.5862
  570: t=0.285, cavg*=0.97154, r_mart=1.63019, r_aust=14.5227
  580: t=0.290, cavg*=0.971572, r_mart=1.63019, r_aust=14.4574
  590: t=0.295, cavg*=0.971605, r_mart=1.63019, r_aust=14.3903
  600: t=0.300, cavg*=0.97164, r_mart=1.63019, r_aust=14.3216
  610: t=0.305, cavg*=0.971677, r_mart=1.63019, r_aust=14.2514
  620: t=0.310, cavg*=0.971715, r_mart=1.63019, r_aust=14.1796
  630: t=0.315, cavg*=0.971755, r_mart=1.63019, r_aust=14.1064
  640: t=0.320, cavg*=0.971797, r_mart=1.63019, r_aust=14.0319
  650: t=0.325, cavg*=0.97184, r_mart=1.63019, r_aust=13.9562
  660: t=0.330, cavg*=0.971884, r_mart=1.63019, r_aust=13.8793
  670: t=0.335, cavg*=0.971929, r_mart=1.63019, r_aust=13.8013
  680: t=0.340, cavg*=0.971976, r_mart=1.63019, r_aust=13.7222
  690: t=0.345, cavg*=0.972024, r_mart=1.63019, r_aust=13.6422
  700: t=0.350, cavg*=0.972073, r_mart=1.63019, r_aust=13.5613
  710: t=0.355, cavg*=0.972123, r_mart=1.63019, r_aust=13.4796
  720: t=0.360, cavg*=0.972173, r_mart=1.63019, r_aust=13.3971
  730: t=0.365, cavg*=0.972225, r_mart=1.63019, r_aust=13.3139
  740: t=0.370, cavg*=0.972278, r_mart=1.63019, r_aust=13.2301
  750: t=0.375, cavg*=0.972331, r_mart=1.63019, r_aust=13.1457
  760: t=0.380, cavg*=0.972385, r_mart=1.63019, r_aust=13.0608
  770: t=0.385, cavg*=0.97244, r_mart=1.63019, r_aust=12.9753
  780: t=0.390, cavg*=0.972495, r_mart=1.63019, r_aust=12.8895
  790: t=0.395, cavg*=0.972551, r_mart=1.63019, r_aust=12.8033
  800: t=0.400, cavg*=0.972607, r_mart=1.63019, r_aust=12.7167
  810: t=0.405, cavg*=0.972664, r_mart=1.63019, r_aust=12.6299
  820: t=0.410, cavg*=0.972722, r_mart=1.63019, r_aust=12.5429
  830: t=0.415, cavg*=0.972779, r_mart=1.63019, r_aust=12.4556
  840: t=0.420, cavg*=0.972837, r_mart=1.63019, r_aust=12.3682
  850: t=0.425, cavg*=0.972896, r_mart=1.63019, r_aust=12.2807
  860: t=0.430, cavg*=0.972955, r_mart=1.63019, r_aust=12.1931
  870: t=0.435, cavg*=0.973014, r_mart=1.63019, r_aust=12.1055
  880: t=0.440, cavg*=0.973073, r_mart=1.63019, r_aust=12.0179
  890: t=0.445, cavg*=0.973132, r_mart=1.63019, r_aust=11.9303
  900: t=0.450, cavg*=0.973192, r_mart=1.63019, r_aust=11.8428
  910: t=0.455, cavg*=0.973251, r_mart=1.63019, r_aust=11.7554
  920: t=0.460, cavg*=0.973311, r_mart=1.63019, r_aust=11.6681
  930: t=0.465, cavg*=0.973371, r_mart=1.63019, r_aust=11.5809
  940: t=0.470, cavg*=0.973431, r_mart=1.63019, r_aust=11.494
  950: t=0.475, cavg*=0.973491, r_mart=1.63019, r_aust=11.4072
  960: t=0.480, cavg*=0.973551, r_mart=1.63019, r_aust=11.3207
  970: t=0.485, cavg*=0.973611, r_mart=1.63019, r_aust=11.2344
  980: t=0.490, cavg*=0.97367, r_mart=1.63019, r_aust=11.1484
  990: t=0.495, cavg*=0.97373, r_mart=1.63019, r_aust=11.0627
 1000: t=0.500, cavg*=0.97379, r_mart=1.63019, r_aust=10.9773
 1010: t=0.505, cavg*=0.973849, r_mart=1.63019, r_aust=10.8922
 1020: t=0.510, cavg*=0.973909, r_mart=1.63019, r_aust=10.8075
 1030: t=0.515, cavg*=0.973968, r_mart=1.63019, r_aust=10.7232
 1040: t=0.520, cavg*=0.974027, r_mart=1.63019, r_aust=10.6393
 1050: t=0.525, cavg*=0.974086, r_mart=1.63019, r_aust=10.5558
 1060: t=0.530, cavg*=0.974145, r_mart=1.63019, r_aust=10.4726
 1070: t=0.535, cavg*=0.974203, r_mart=1.63019, r_aust=10.39
 1080: t=0.540, cavg*=0.974261, r_mart=1.63019, r_aust=10.3077
 1090: t=0.545, cavg*=0.974319, r_mart=1.63019, r_aust=10.226
 1100: t=0.550, cavg*=0.974377, r_mart=1.63019, r_aust=10.1447
 1110: t=0.555, cavg*=0.974435, r_mart=1.63019, r_aust=10.0638
 1120: t=0.560, cavg*=0.974492, r_mart=1.63019, r_aust=9.9835
 1130: t=0.565, cavg*=0.974549, r_mart=1.63019, r_aust=9.90367
 1140: t=0.570, cavg*=0.974606, r_mart=1.63019, r_aust=9.82435
 1150: t=0.575, cavg*=0.974662, r_mart=1.63019, r_aust=9.74554
 1160: t=0.580, cavg*=0.974718, r_mart=1.63019, r_aust=9.66727
 1170: t=0.585, cavg*=0.974774, r_mart=1.63019, r_aust=9.58952
 1180: t=0.590, cavg*=0.974829, r_mart=1.63019, r_aust=9.51232
 1190: t=0.595, cavg*=0.974884, r_mart=1.63019, r_aust=9.43566
 1200: t=0.600, cavg*=0.974939, r_mart=1.63019, r_aust=9.35955
 1210: t=0.605, cavg*=0.974994, r_mart=1.63019, r_aust=9.284
 1220: t=0.610, cavg*=0.975048, r_mart=1.63019, r_aust=9.20901
 1230: t=0.615, cavg*=0.975101, r_mart=1.63019, r_aust=9.13459
 1240: t=0.620, cavg*=0.975155, r_mart=1.63019, r_aust=9.06073
 1250: t=0.625, cavg*=0.975208, r_mart=1.63019, r_aust=8.98745
 1260: t=0.630, cavg*=0.97526, r_mart=1.63019, r_aust=8.91474
 1270: t=0.635, cavg*=0.975312, r_mart=1.63019, r_aust=8.84261
 1280: t=0.640, cavg*=0.975364, r_mart=1.63019, r_aust=8.77106
 1290: t=0.645, cavg*=0.975416, r_mart=1.63019, r_aust=8.70009
 1300: t=0.650, cavg*=0.975467, r_mart=1.63019, r_aust=8.62971
 1310: t=0.655, cavg*=0.975517, r_mart=1.63019, r_aust=8.55991
 1320: t=0.660, cavg*=0.975568, r_mart=1.63019, r_aust=8.4907
 1330: t=0.665, cavg*=0.975618, r_mart=1.63019, r_aust=8.42208
 1340: t=0.670, cavg*=0.975667, r_mart=1.63019, r_aust=8.35404
 1350: t=0.675, cavg*=0.975716, r_mart=1.63019, r_aust=8.2866
 1360: t=0.680, cavg*=0.975765, r_mart=1.63019, r_aust=8.21974
 1370: t=0.685, cavg*=0.975813, r_mart=1.63019, r_aust=8.15347
 1380: t=0.690, cavg*=0.975861, r_mart=1.63019, r_aust=8.08778
 1390: t=0.695, cavg*=0.975909, r_mart=1.63019, r_aust=8.02268
 1400: t=0.700, cavg*=0.975956, r_mart=1.63019, r_aust=7.95816
 1410: t=0.705, cavg*=0.976002, r_mart=1.63019, r_aust=7.89423
 1420: t=0.710, cavg*=0.976049, r_mart=1.63019, r_aust=7.83088
 1430: t=0.715, cavg*=0.976094, r_mart=1.63019, r_aust=7.76811
 1440: t=0.720, cavg*=0.97614, r_mart=1.63019, r_aust=7.70592
 1450: t=0.725, cavg*=0.976185, r_mart=1.63019, r_aust=7.64431
 1460: t=0.730, cavg*=0.97623, r_mart=1.63019, r_aust=7.58327
 1470: t=0.735, cavg*=0.976274, r_mart=1.63019, r_aust=7.5228
 1480: t=0.740, cavg*=0.976318, r_mart=1.63019, r_aust=7.4629
 1490: t=0.745, cavg*=0.976361, r_mart=1.63019, r_aust=7.40357
 1500: t=0.750, cavg*=0.976404, r_mart=1.63019, r_aust=7.34481
 1510: t=0.755, cavg*=0.976447, r_mart=1.63019, r_aust=7.2866
 1520: t=0.760, cavg*=0.976489, r_mart=1.63019, r_aust=7.22896
 1530: t=0.765, cavg*=0.976531, r_mart=1.63019, r_aust=7.17187
 1540: t=0.770, cavg*=0.976572, r_mart=1.63019, r_aust=7.11534
 1550: t=0.775, cavg*=0.976613, r_mart=1.63019, r_aust=7.05935
 1560: t=0.780, cavg*=0.976654, r_mart=1.63019, r_aust=7.00392
 1570: t=0.785, cavg*=0.976694, r_mart=1.63019, r_aust=6.94902
 1580: t=0.790, cavg*=0.976734, r_mart=1.63019, r_aust=6.89467
 1590: t=0.795, cavg*=0.976774, r_mart=1.63019, r_aust=6.84085
 1600: t=0.800, cavg*=0.976813, r_mart=1.63019, r_aust=6.78756
 1610: t=0.805, cavg*=0.976852, r_mart=1.63019, r_aust=6.7348
 1620: t=0.810, cavg*=0.97689, r_mart=1.63019, r_aust=6.68257
 1630: t=0.815, cavg*=0.976928, r_mart=1.63019, r_aust=6.63086
 1640: t=0.820, cavg*=0.976966, r_mart=1.63019, r_aust=6.57967
 1650: t=0.825, cavg*=0.977003, r_mart=1.63019, r_aust=6.52899
 1660: t=0.830, cavg*=0.97704, r_mart=1.63019, r_aust=6.47882
 1670: t=0.835, cavg*=0.977076, r_mart=1.63019, r_aust=6.42916
 1680: t=0.840, cavg*=0.977112, r_mart=1.63019, r_aust=6.38
 1690: t=0.845, cavg*=0.977148, r_mart=1.63019, r_aust=6.33134
 1700: t=0.850, cavg*=0.977183, r_mart=1.63019, r_aust=6.28317
 1710: t=0.855, cavg*=0.977218, r_mart=1.63019, r_aust=6.23549
 1720: t=0.860, cavg*=0.977253, r_mart=1.63019, r_aust=6.1883
 1730: t=0.865, cavg*=0.977287, r_mart=1.63019, r_aust=6.14159
 1740: t=0.870, cavg*=0.977321, r_mart=1.63019, r_aust=6.09535
 1750: t=0.875, cavg*=0.977355, r_mart=1.63019, r_aust=6.04959
 1760: t=0.880, cavg*=0.977388, r_mart=1.63019, r_aust=6.0043
 1770: t=0.885, cavg*=0.977421, r_mart=1.63019, r_aust=5.95948
 1780: t=0.890, cavg*=0.977454, r_mart=1.63019, r_aust=5.91511
 1790: t=0.895, cavg*=0.977486, r_mart=1.63019, r_aust=5.8712
 1800: t=0.900, cavg*=0.977518, r_mart=1.63019, r_aust=5.82775
 1810: t=0.905, cavg*=0.97755, r_mart=1.63019, r_aust=5.78474
 1820: t=0.910, cavg*=0.977581, r_mart=1.63019, r_aust=5.74218
 1830: t=0.915, cavg*=0.977612, r_mart=1.63019, r_aust=5.70006
 1840: t=0.920, cavg*=0.977642, r_mart=1.63019, r_aust=5.65837
 1850: t=0.925, cavg*=0.977673, r_mart=1.63019, r_aust=5.61711
 1860: t=0.930, cavg*=0.977703, r_mart=1.63019, r_aust=5.57629
 1870: t=0.935, cavg*=0.977732, r_mart=1.63019, r_aust=5.53588
 1880: t=0.940, cavg*=0.977762, r_mart=1.63019, r_aust=5.4959
 1890: t=0.945, cavg*=0.977791, r_mart=1.63019, r_aust=5.45633
 1900: t=0.950, cavg*=0.977819, r_mart=1.63019, r_aust=5.41717
 1910: t=0.955, cavg*=0.977848, r_mart=1.63019, r_aust=5.37842
 1920: t=0.960, cavg*=0.977876, r_mart=1.63019, r_aust=5.34008
 1930: t=0.965, cavg*=0.977904, r_mart=1.63019, r_aust=5.30213
 1940: t=0.970, cavg*=0.977931, r_mart=1.63019, r_aust=5.26457
 1950: t=0.975, cavg*=0.977959, r_mart=1.63019, r_aust=5.22741
 1960: t=0.980, cavg*=0.977986, r_mart=1.63019, r_aust=5.19063
 1970: t=0.985, cavg*=0.978012, r_mart=1.63019, r_aust=5.15424
 1980: t=0.990, cavg*=0.978039, r_mart=1.63019, r_aust=5.11822
 1990: t=0.995, cavg*=0.978065, r_mart=1.63019, r_aust=5.08258
 2000: t=1.000, cavg*=0.978091, r_mart=1.63019, r_aust=5.04731
Time elapsed: 3.59 s

mart_FoFo_CCE.log @ arthur-ltf
2018-06-20T09:25:33

c0 = 3.344140e-02 (approx 0.74 wt.%)
T_C = 375.0 [oC]
total_time = 1.0 [s]; n_time = 199800

mart: structure = bcc; E = 0.0 [J/mol]; type_D = 0 (comp.local)
      thermodynamical data: thermo/FoFo/TCFE8/375-bcc.txt
      z0 = -1.16 um; zn = -0.66 um; n = 10
aust: structure = fcc; E = 0.0 [J/mol]; type_D = 0 (comp.local)
      thermodynamical data: thermo/FoFo/TCFE8/375-fcc.txt
      z0 = -0.66 um; zn = 0.00 um; n = 50
intf: type_int = 1 (fixed.fluxes)

 2200: t=2.000, cavg*=0.98129, r_mart=0.54996, r_aust=0.307517
 2400: t=3.000, cavg*=0.981788, r_mart=0.54996, r_aust=0.197182
 2600: t=4.000, cavg*=0.981953, r_mart=0.54996, r_aust=0.151124
 2800: t=5.000, cavg*=0.98204, r_mart=0.54996, r_aust=0.125269
 3000: t=6.000, cavg*=0.982096, r_mart=0.54996, r_aust=0.108441
 3200: t=7.000, cavg*=0.982137, r_mart=0.54996, r_aust=0.096491
 3400: t=8.000, cavg*=0.982168, r_mart=0.54996, r_aust=0.0875023
 3600: t=9.000, cavg*=0.982194, r_mart=0.54996, r_aust=0.0804577
 3800: t=10.000, cavg*=0.982214, r_mart=0.54996, r_aust=0.0747644
 4000: t=11.000, cavg*=0.982232, r_mart=0.54996, r_aust=0.0700518
 4200: t=12.000, cavg*=0.982248, r_mart=0.54996, r_aust=0.0660758
 4400: t=13.000, cavg*=0.982261, r_mart=0.54996, r_aust=0.0626683
 4600: t=14.000, cavg*=0.982273, r_mart=0.54996, r_aust=0.05971
 4800: t=15.000, cavg*=0.982284, r_mart=0.54996, r_aust=0.057113
 5000: t=16.000, cavg*=0.982293, r_mart=0.54996, r_aust=0.0548117
 5200: t=17.000, cavg*=0.982302, r_mart=0.54996, r_aust=0.0527557
 5400: t=18.000, cavg*=0.98231, r_mart=0.54996, r_aust=0.0509056
 5600: t=19.000, cavg*=0.982318, r_mart=0.54996, r_aust=0.0492303
 5800: t=20.000, cavg*=0.982325, r_mart=0.54996, r_aust=0.0477048
 6000: t=21.000, cavg*=0.982331, r_mart=0.54996, r_aust=0.0463086
 6200: t=22.000, cavg*=0.982337, r_mart=0.54996, r_aust=0.0450252
 6400: t=23.000, cavg*=0.982343, r_mart=0.54996, r_aust=0.0438405
 6600: t=24.000, cavg*=0.982348, r_mart=0.54996, r_aust=0.0427428
 6800: t=25.000, cavg*=0.982353, r_mart=0.54996, r_aust=0.0417224
 7000: t=26.000, cavg*=0.982357, r_mart=0.54996, r_aust=0.0407709
 7200: t=27.000, cavg*=0.982362, r_mart=0.54996, r_aust=0.0398811
 7400: t=28.000, cavg*=0.982366, r_mart=0.54996, r_aust=0.0390468
 7600: t=29.000, cavg*=0.98237, r_mart=0.54996, r_aust=0.0382627
 7800: t=30.000, cavg*=0.982374, r_mart=0.54996, r_aust=0.037524
 8000: t=31.000, cavg*=0.982377, r_mart=0.54996, r_aust=0.0368266
 8200: t=32.000, cavg*=0.982381, r_mart=0.54996, r_aust=0.0361671
 8400: t=33.000, cavg*=0.982384, r_mart=0.54996, r_aust=0.0355421
 8600: t=34.000, cavg*=0.982387, r_mart=0.54996, r_aust=0.0349489
 8800: t=35.000, cavg*=0.98239, r_mart=0.54996, r_aust=0.0343849
 9000: t=36.000, cavg*=0.982393, r_mart=0.54996, r_aust=0.0338478
 9200: t=37.000, cavg*=0.982396, r_mart=0.54996, r_aust=0.0333358
 9400: t=38.000, cavg*=0.982398, r_mart=0.54996, r_aust=0.0328468
 9600: t=39.000, cavg*=0.982401, r_mart=0.54996, r_aust=0.0323794
 9800: t=40.000, cavg*=0.982403, r_mart=0.54996, r_aust=0.0319319
10000: t=41.000, cavg*=0.982405, r_mart=0.54996, r_aust=0.0315032
10200: t=42.000, cavg*=0.982407, r_mart=0.54996, r_aust=0.0310918
10400: t=43.000, cavg*=0.982409, r_mart=0.54996, r_aust=0.0306968
10600: t=44.000, cavg*=0.982411, r_mart=0.54996, r_aust=0.0303171
10800: t=45.000, cavg*=0.982413, r_mart=0.54996, r_aust=0.0299518
11000: t=46.000, cavg*=0.982415, r_mart=0.54996, r_aust=0.0295999
11200: t=47.000, cavg*=0.982417, r_mart=0.54996, r_aust=0.0292608
11400: t=48.000, cavg*=0.982418, r_mart=0.54996, r_aust=0.0289337
11600: t=49.000, cavg*=0.98242, r_mart=0.54996, r_aust=0.0286179
11800: t=50.000, cavg*=0.982421, r_mart=0.54996, r_aust=0.0283128
12000: t=51.000, cavg*=0.982423, r_mart=0.54996, r_aust=0.0280178
12200: t=52.000, cavg*=0.982424, r_mart=0.54996, r_aust=0.0277324
12400: t=53.000, cavg*=0.982425, r_mart=0.54996, r_aust=0.0274561
12600: t=54.000, cavg*=0.982426, r_mart=0.54996, r_aust=0.0271885
12800: t=55.000, cavg*=0.982428, r_mart=0.54996, r_aust=0.026929
13000: t=56.000, cavg*=0.982429, r_mart=0.54996, r_aust=0.0266774
13200: t=57.000, cavg*=0.98243, r_mart=0.54996, r_aust=0.0264332
13400: t=58.000, cavg*=0.982431, r_mart=0.54996, r_aust=0.0261961
13600: t=59.000, cavg*=0.982432, r_mart=0.54996, r_aust=0.0259658
13800: t=60.000, cavg*=0.982433, r_mart=0.54996, r_aust=0.0257419
14000: t=61.000, cavg*=0.982434, r_mart=0.54996, r_aust=0.0255241
14200: t=62.000, cavg*=0.982435, r_mart=0.54996, r_aust=0.0253123
14400: t=63.000, cavg*=0.982435, r_mart=0.54996, r_aust=0.0251061
14600: t=64.000, cavg*=0.982436, r_mart=0.54996, r_aust=0.0249053
14800: t=65.000, cavg*=0.982437, r_mart=0.54996, r_aust=0.0247097
15000: t=66.000, cavg*=0.982438, r_mart=0.54996, r_aust=0.0245191
15200: t=67.000, cavg*=0.982439, r_mart=0.54996, r_aust=0.0243332
15400: t=68.000, cavg*=0.98244, r_mart=0.54996, r_aust=0.0241518
15600: t=69.000, cavg*=0.98244, r_mart=0.54996, r_aust=0.0239749
15800: t=70.000, cavg*=0.982441, r_mart=0.54996, r_aust=0.0238022
16000: t=71.000, cavg*=0.982442, r_mart=0.54996, r_aust=0.0236336
16200: t=72.000, cavg*=0.982443, r_mart=0.54996, r_aust=0.0234688
16400: t=73.000, cavg*=0.982444, r_mart=0.54996, r_aust=0.0233079
16600: t=74.000, cavg*=0.982444, r_mart=0.54996, r_aust=0.0231505
16800: t=75.000, cavg*=0.982445, r_mart=0.54996, r_aust=0.0229967
17000: t=76.000, cavg*=0.982446, r_mart=0.54996, r_aust=0.0228462
17200: t=77.000, cavg*=0.982447, r_mart=0.54996, r_aust=0.022699
17400: t=78.000, cavg*=0.982447, r_mart=0.54996, r_aust=0.0225549
17600: t=79.000, cavg*=0.982448, r_mart=0.54996, r_aust=0.0224138
17800: t=80.000, cavg*=0.982449, r_mart=0.54996, r_aust=0.0222757
18000: t=81.000, cavg*=0.98245, r_mart=0.54996, r_aust=0.0221404
18200: t=82.000, cavg*=0.982451, r_mart=0.54996, r_aust=0.0220079
18400: t=83.000, cavg*=0.982451, r_mart=0.54996, r_aust=0.021878
18600: t=84.000, cavg*=0.982452, r_mart=0.54996, r_aust=0.0217507
18800: t=85.000, cavg*=0.982453, r_mart=0.54996, r_aust=0.0216258
19000: t=86.000, cavg*=0.982454, r_mart=0.54996, r_aust=0.0215034
19200: t=87.000, cavg*=0.982455, r_mart=0.54996, r_aust=0.0213833
19400: t=88.000, cavg*=0.982456, r_mart=0.54996, r_aust=0.0212654
19600: t=89.000, cavg*=0.982456, r_mart=0.54996, r_aust=0.0211498
19800: t=90.000, cavg*=0.982457, r_mart=0.54996, r_aust=0.0210362
20000: t=91.000, cavg*=0.982458, r_mart=0.54996, r_aust=0.0209248
20200: t=92.000, cavg*=0.982459, r_mart=0.54996, r_aust=0.0208153
20400: t=93.000, cavg*=0.98246, r_mart=0.54996, r_aust=0.0207078
20600: t=94.000, cavg*=0.98246, r_mart=0.54996, r_aust=0.0206022
20800: t=95.000, cavg*=0.982461, r_mart=0.54996, r_aust=0.0204984
21000: t=96.000, cavg*=0.982462, r_mart=0.54996, r_aust=0.0203965
21200: t=97.000, cavg*=0.982463, r_mart=0.54996, r_aust=0.0202962
21400: t=98.000, cavg*=0.982464, r_mart=0.54996, r_aust=0.0201976
21600: t=99.000, cavg*=0.982465, r_mart=0.54996, r_aust=0.0201007
21800: t=100.000, cavg*=0.982465, r_mart=0.54996, r_aust=0.0200054
22000: t=101.000, cavg*=0.982466, r_mart=0.54996, r_aust=0.0199116
22200: t=102.000, cavg*=0.982467, r_mart=0.54996, r_aust=0.0198194
22400: t=103.000, cavg*=0.982468, r_mart=0.54996, r_aust=0.0197286
22600: t=104.000, cavg*=0.982469, r_mart=0.54996, r_aust=0.0196393
22800: t=105.000, cavg*=0.982469, r_mart=0.54996, r_aust=0.0195514
23000: t=106.000, cavg*=0.98247, r_mart=0.54996, r_aust=0.0194648
23200: t=107.000, cavg*=0.982471, r_mart=0.54996, r_aust=0.0193796
23400: t=108.000, cavg*=0.982472, r_mart=0.54996, r_aust=0.0192957
23600: t=109.000, cavg*=0.982473, r_mart=0.54996, r_aust=0.019213
23800: t=110.000, cavg*=0.982473, r_mart=0.54996, r_aust=0.0191316
24000: t=111.000, cavg*=0.982474, r_mart=0.54996, r_aust=0.0190514
24200: t=112.000, cavg*=0.982475, r_mart=0.54996, r_aust=0.0189724
24400: t=113.000, cavg*=0.982476, r_mart=0.54996, r_aust=0.0188945
24600: t=114.000, cavg*=0.982476, r_mart=0.54996, r_aust=0.0188178
24800: t=115.000, cavg*=0.982477, r_mart=0.54996, r_aust=0.0187422
25000: t=116.000, cavg*=0.982478, r_mart=0.54996, r_aust=0.0186676
25200: t=117.000, cavg*=0.982479, r_mart=0.54996, r_aust=0.0185941
25400: t=118.000, cavg*=0.982479, r_mart=0.54996, r_aust=0.0185217
25600: t=119.000, cavg*=0.98248, r_mart=0.54996, r_aust=0.0184502
25800: t=120.000, cavg*=0.982481, r_mart=0.54996, r_aust=0.0183797
26000: t=121.000, cavg*=0.982481, r_mart=0.54996, r_aust=0.0183102
26200: t=122.000, cavg*=0.982482, r_mart=0.54996, r_aust=0.0182416
26400: t=123.000, cavg*=0.982483, r_mart=0.54996, r_aust=0.018174
26600: t=124.000, cavg*=0.982483, r_mart=0.54996, r_aust=0.0181072
26800: t=125.000, cavg*=0.982484, r_mart=0.54996, r_aust=0.0180413
27000: t=126.000, cavg*=0.982485, r_mart=0.54996, r_aust=0.0179764
27200: t=127.000, cavg*=0.982485, r_mart=0.54996, r_aust=0.0179122
27400: t=128.000, cavg*=0.982486, r_mart=0.54996, r_aust=0.0178489
27600: t=129.000, cavg*=0.982487, r_mart=0.54996, r_aust=0.0177864
27800: t=130.000, cavg*=0.982487, r_mart=0.54996, r_aust=0.0177247
28000: t=131.000, cavg*=0.982488, r_mart=0.54996, r_aust=0.0176638
28200: t=132.000, cavg*=0.982489, r_mart=0.54996, r_aust=0.0176037
28400: t=133.000, cavg*=0.982489, r_mart=0.54996, r_aust=0.0175443
28600: t=134.000, cavg*=0.98249, r_mart=0.54996, r_aust=0.0174856
28800: t=135.000, cavg*=0.982491, r_mart=0.54996, r_aust=0.0174277
29000: t=136.000, cavg*=0.982491, r_mart=0.54996, r_aust=0.0173705
29200: t=137.000, cavg*=0.982492, r_mart=0.54996, r_aust=0.017314
29400: t=138.000, cavg*=0.982492, r_mart=0.54996, r_aust=0.0172582
29600: t=139.000, cavg*=0.982493, r_mart=0.54996, r_aust=0.017203
29800: t=140.000, cavg*=0.982494, r_mart=0.54996, r_aust=0.0171486
30000: t=141.000, cavg*=0.982494, r_mart=0.54996, r_aust=0.0170947
30200: t=142.000, cavg*=0.982495, r_mart=0.54996, r_aust=0.0170416
30400: t=143.000, cavg*=0.982495, r_mart=0.54996, r_aust=0.016989
30600: t=144.000, cavg*=0.982496, r_mart=0.54996, r_aust=0.0169371
30800: t=145.000, cavg*=0.982496, r_mart=0.54996, r_aust=0.0168857
31000: t=146.000, cavg*=0.982497, r_mart=0.54996, r_aust=0.016835
31200: t=147.000, cavg*=0.982498, r_mart=0.54996, r_aust=0.0167848
31400: t=148.000, cavg*=0.982498, r_mart=0.54996, r_aust=0.0167353
31600: t=149.000, cavg*=0.982499, r_mart=0.54996, r_aust=0.0166863
31800: t=150.000, cavg*=0.982499, r_mart=0.54996, r_aust=0.0166378
32000: t=151.000, cavg*=0.9825, r_mart=0.54996, r_aust=0.01659
32200: t=152.000, cavg*=0.9825, r_mart=0.54996, r_aust=0.0165426
32400: t=153.000, cavg*=0.982501, r_mart=0.54996, r_aust=0.0164958
32600: t=154.000, cavg*=0.982501, r_mart=0.54996, r_aust=0.0164495
32800: t=155.000, cavg*=0.982502, r_mart=0.54996, r_aust=0.0164038
33000: t=156.000, cavg*=0.982502, r_mart=0.54996, r_aust=0.0163585
33200: t=157.000, cavg*=0.982503, r_mart=0.54996, r_aust=0.0163137
33400: t=158.000, cavg*=0.982503, r_mart=0.54996, r_aust=0.0162695
33600: t=159.000, cavg*=0.982504, r_mart=0.54996, r_aust=0.0162257
33800: t=160.000, cavg*=0.982504, r_mart=0.54996, r_aust=0.0161824
34000: t=161.000, cavg*=0.982505, r_mart=0.54996, r_aust=0.0161396
34200: t=162.000, cavg*=0.982505, r_mart=0.54996, r_aust=0.0160972
34400: t=163.000, cavg*=0.982506, r_mart=0.54996, r_aust=0.0160553
34600: t=164.000, cavg*=0.982506, r_mart=0.54996, r_aust=0.0160139
34800: t=165.000, cavg*=0.982507, r_mart=0.54996, r_aust=0.0159729
35000: t=166.000, cavg*=0.982507, r_mart=0.54996, r_aust=0.0159323
35200: t=167.000, cavg*=0.982507, r_mart=0.54996, r_aust=0.0158922
35400: t=168.000, cavg*=0.982508, r_mart=0.54996, r_aust=0.0158525
35600: t=169.000, cavg*=0.982508, r_mart=0.54996, r_aust=0.0158132
35800: t=170.000, cavg*=0.982509, r_mart=0.54996, r_aust=0.0157743
36000: t=171.000, cavg*=0.982509, r_mart=0.54996, r_aust=0.0157359
36200: t=172.000, cavg*=0.98251, r_mart=0.54996, r_aust=0.0156979
36400: t=173.000, cavg*=0.98251, r_mart=0.54996, r_aust=0.0156602
36600: t=174.000, cavg*=0.982511, r_mart=0.54996, r_aust=0.015623
36800: t=175.000, cavg*=0.982511, r_mart=0.54996, r_aust=0.0155861
37000: t=176.000, cavg*=0.982511, r_mart=0.54996, r_aust=0.0155496
37200: t=177.000, cavg*=0.982512, r_mart=0.54996, r_aust=0.0155135
37400: t=178.000, cavg*=0.982512, r_mart=0.54996, r_aust=0.0154778
37600: t=179.000, cavg*=0.982513, r_mart=0.54996, r_aust=0.0154425
37800: t=180.000, cavg*=0.982513, r_mart=0.54996, r_aust=0.0154075
38000: t=181.000, cavg*=0.982513, r_mart=0.54996, r_aust=0.0153729
38200: t=182.000, cavg*=0.982514, r_mart=0.54996, r_aust=0.0153386
38400: t=183.000, cavg*=0.982514, r_mart=0.54996, r_aust=0.0153047
38600: t=184.000, cavg*=0.982515, r_mart=0.54996, r_aust=0.0152711
38800: t=185.000, cavg*=0.982515, r_mart=0.54996, r_aust=0.0152379
39000: t=186.000, cavg*=0.982515, r_mart=0.54996, r_aust=0.015205
39200: t=187.000, cavg*=0.982516, r_mart=0.54996, r_aust=0.0151724
39400: t=188.000, cavg*=0.982516, r_mart=0.54996, r_aust=0.0151402
39600: t=189.000, cavg*=0.982516, r_mart=0.54996, r_aust=0.0151083
39800: t=190.000, cavg*=0.982517, r_mart=0.54996, r_aust=0.0150768
40000: t=191.000, cavg*=0.982517, r_mart=0.54996, r_aust=0.0150455
40200: t=192.000, cavg*=0.982518, r_mart=0.54996, r_aust=0.0150146
40400: t=193.000, cavg*=0.982518, r_mart=0.54996, r_aust=0.014984
40600: t=194.000, cavg*=0.982518, r_mart=0.54996, r_aust=0.0149536
40800: t=195.000, cavg*=0.982519, r_mart=0.54996, r_aust=0.0149236
41000: t=196.000, cavg*=0.982519, r_mart=0.54996, r_aust=0.0148939
41200: t=197.000, cavg*=0.982519, r_mart=0.54996, r_aust=0.0148645
41400: t=198.000, cavg*=0.98252, r_mart=0.54996, r_aust=0.0148354
41600: t=199.000, cavg*=0.98252, r_mart=0.54996, r_aust=0.0148066
41800: t=200.000, cavg*=0.98252, r_mart=0.54996, r_aust=0.0147781
42000: t=201.000, cavg*=0.982521, r_mart=0.54996, r_aust=0.0147498
42200: t=202.000, cavg*=0.982521, r_mart=0.54996, r_aust=0.0147219
42400: t=203.000, cavg*=0.982521, r_mart=0.54996, r_aust=0.0146942
42600: t=204.000, cavg*=0.982522, r_mart=0.54996, r_aust=0.0146668
42800: t=205.000, cavg*=0.982522, r_mart=0.54996, r_aust=0.0146396
43000: t=206.000, cavg*=0.982522, r_mart=0.54996, r_aust=0.0146127
43200: t=207.000, cavg*=0.982523, r_mart=0.54996, r_aust=0.0145861
43400: t=208.000, cavg*=0.982523, r_mart=0.54996, r_aust=0.0145598
43600: t=209.000, cavg*=0.982523, r_mart=0.54996, r_aust=0.0145337
43800: t=210.000, cavg*=0.982524, r_mart=0.54996, r_aust=0.0145079
44000: t=211.000, cavg*=0.982524, r_mart=0.54996, r_aust=0.0144823
44200: t=212.000, cavg*=0.982524, r_mart=0.54996, r_aust=0.014457
44400: t=213.000, cavg*=0.982525, r_mart=0.54996, r_aust=0.014432
44600: t=214.000, cavg*=0.982525, r_mart=0.54996, r_aust=0.0144071
44800: t=215.000, cavg*=0.982525, r_mart=0.54996, r_aust=0.0143826
45000: t=216.000, cavg*=0.982525, r_mart=0.54996, r_aust=0.0143582
45200: t=217.000, cavg*=0.982526, r_mart=0.54996, r_aust=0.0143342
45400: t=218.000, cavg*=0.982526, r_mart=0.54996, r_aust=0.0143103
45600: t=219.000, cavg*=0.982526, r_mart=0.54996, r_aust=0.0142867
45800: t=220.000, cavg*=0.982527, r_mart=0.54996, r_aust=0.0142633
46000: t=221.000, cavg*=0.982527, r_mart=0.54996, r_aust=0.0142401
46200: t=222.000, cavg*=0.982527, r_mart=0.54996, r_aust=0.0142172
46400: t=223.000, cavg*=0.982527, r_mart=0.54996, r_aust=0.0141945
46600: t=224.000, cavg*=0.982528, r_mart=0.54996, r_aust=0.014172
46800: t=225.000, cavg*=0.982528, r_mart=0.54996, r_aust=0.0141498
47000: t=226.000, cavg*=0.982528, r_mart=0.54996, r_aust=0.0141277
47200: t=227.000, cavg*=0.982529, r_mart=0.54996, r_aust=0.0141059
47400: t=228.000, cavg*=0.982529, r_mart=0.54996, r_aust=0.0140843
47600: t=229.000, cavg*=0.982529, r_mart=0.54996, r_aust=0.0140629
47800: t=230.000, cavg*=0.982529, r_mart=0.54996, r_aust=0.0140417
48000: t=231.000, cavg*=0.98253, r_mart=0.54996, r_aust=0.0140207
48200: t=232.000, cavg*=0.98253, r_mart=0.54996, r_aust=0.0139999
48400: t=233.000, cavg*=0.98253, r_mart=0.54996, r_aust=0.0139794
48600: t=234.000, cavg*=0.98253, r_mart=0.54996, r_aust=0.013959
48800: t=235.000, cavg*=0.982531, r_mart=0.54996, r_aust=0.0139388
49000: t=236.000, cavg*=0.982531, r_mart=0.54996, r_aust=0.0139188
49200: t=237.000, cavg*=0.982531, r_mart=0.54996, r_aust=0.013899
49400: t=238.000, cavg*=0.982531, r_mart=0.54996, r_aust=0.0138794
49600: t=239.000, cavg*=0.982532, r_mart=0.54996, r_aust=0.01386
49800: t=240.000, cavg*=0.982532, r_mart=0.54996, r_aust=0.0138408
50000: t=241.000, cavg*=0.982532, r_mart=0.54996, r_aust=0.0138218
50200: t=242.000, cavg*=0.982532, r_mart=0.54996, r_aust=0.0138029
50400: t=243.000, cavg*=0.982533, r_mart=0.54996, r_aust=0.0137843
50600: t=244.000, cavg*=0.982533, r_mart=0.54996, r_aust=0.0137658
50800: t=245.000, cavg*=0.982533, r_mart=0.54996, r_aust=0.0137475
51000: t=246.000, cavg*=0.982533, r_mart=0.54996, r_aust=0.0137294
51200: t=247.000, cavg*=0.982533, r_mart=0.54996, r_aust=0.0137114
51400: t=248.000, cavg*=0.982534, r_mart=0.54996, r_aust=0.0136937
51600: t=249.000, cavg*=0.982534, r_mart=0.54996, r_aust=0.0136761
51800: t=250.000, cavg*=0.982534, r_mart=0.54996, r_aust=0.0136587
52000: t=251.000, cavg*=0.982534, r_mart=0.54996, r_aust=0.0136414
52200: t=252.000, cavg*=0.982535, r_mart=0.54996, r_aust=0.0136243
52400: t=253.000, cavg*=0.982535, r_mart=0.54996, r_aust=0.0136074
52600: t=254.000, cavg*=0.982535, r_mart=0.54996, r_aust=0.0135906
52800: t=255.000, cavg*=0.982535, r_mart=0.54996, r_aust=0.013574
53000: t=256.000, cavg*=0.982535, r_mart=0.54996, r_aust=0.0135576
53200: t=257.000, cavg*=0.982536, r_mart=0.54996, r_aust=0.0135413
53400: t=258.000, cavg*=0.982536, r_mart=0.54996, r_aust=0.0135252
53600: t=259.000, cavg*=0.982536, r_mart=0.54996, r_aust=0.0135093
53800: t=260.000, cavg*=0.982536, r_mart=0.54996, r_aust=0.0134935
54000: t=261.000, cavg*=0.982536, r_mart=0.54996, r_aust=0.0134778
54200: t=262.000, cavg*=0.982537, r_mart=0.54996, r_aust=0.0134623
54400: t=263.000, cavg*=0.982537, r_mart=0.54996, r_aust=0.013447
54600: t=264.000, cavg*=0.982537, r_mart=0.54996, r_aust=0.0134318
54800: t=265.000, cavg*=0.982537, r_mart=0.54996, r_aust=0.0134167
55000: t=266.000, cavg*=0.982537, r_mart=0.54996, r_aust=0.0134018
55200: t=267.000, cavg*=0.982538, r_mart=0.54996, r_aust=0.013387
55400: t=268.000, cavg*=0.982538, r_mart=0.54996, r_aust=0.0133724
55600: t=269.000, cavg*=0.982538, r_mart=0.54996, r_aust=0.0133579
55800: t=270.000, cavg*=0.982538, r_mart=0.54996, r_aust=0.0133436
56000: t=271.000, cavg*=0.982538, r_mart=0.54996, r_aust=0.0133294
56200: t=272.000, cavg*=0.982538, r_mart=0.54996, r_aust=0.0133153
56400: t=273.000, cavg*=0.982539, r_mart=0.54996, r_aust=0.0133014
56600: t=274.000, cavg*=0.982539, r_mart=0.54996, r_aust=0.0132876
56800: t=275.000, cavg*=0.982539, r_mart=0.54996, r_aust=0.013274
57000: t=276.000, cavg*=0.982539, r_mart=0.54996, r_aust=0.0132604
57200: t=277.000, cavg*=0.982539, r_mart=0.54996, r_aust=0.013247
57400: t=278.000, cavg*=0.98254, r_mart=0.54996, r_aust=0.0132338
57600: t=279.000, cavg*=0.98254, r_mart=0.54996, r_aust=0.0132206
57800: t=280.000, cavg*=0.98254, r_mart=0.54996, r_aust=0.0132076
58000: t=281.000, cavg*=0.98254, r_mart=0.54996, r_aust=0.0131948
58200: t=282.000, cavg*=0.98254, r_mart=0.54996, r_aust=0.013182
58400: t=283.000, cavg*=0.98254, r_mart=0.54996, r_aust=0.0131694
58600: t=284.000, cavg*=0.982541, r_mart=0.54996, r_aust=0.0131568
58800: t=285.000, cavg*=0.982541, r_mart=0.54996, r_aust=0.0131445
59000: t=286.000, cavg*=0.982541, r_mart=0.54996, r_aust=0.0131322
59200: t=287.000, cavg*=0.982541, r_mart=0.54996, r_aust=0.01312
59400: t=288.000, cavg*=0.982541, r_mart=0.54996, r_aust=0.013108
59600: t=289.000, cavg*=0.982541, r_mart=0.54996, r_aust=0.0130961
59800: t=290.000, cavg*=0.982541, r_mart=0.54996, r_aust=0.0130843
60000: t=291.000, cavg*=0.982542, r_mart=0.54996, r_aust=0.0130726
60200: t=292.000, cavg*=0.982542, r_mart=0.54996, r_aust=0.013061
60400: t=293.000, cavg*=0.982542, r_mart=0.54996, r_aust=0.0130496
60600: t=294.000, cavg*=0.982542, r_mart=0.54996, r_aust=0.0130382
60800: t=295.000, cavg*=0.982542, r_mart=0.54996, r_aust=0.013027
61000: t=296.000, cavg*=0.982542, r_mart=0.54996, r_aust=0.0130158
61200: t=297.000, cavg*=0.982542, r_mart=0.54996, r_aust=0.0130048
61400: t=298.000, cavg*=0.982543, r_mart=0.54996, r_aust=0.0129939
61600: t=299.000, cavg*=0.982543, r_mart=0.54996, r_aust=0.0129831
61800: t=300.000, cavg*=0.982543, r_mart=0.54996, r_aust=0.0129724
62000: t=301.000, cavg*=0.982543, r_mart=0.54996, r_aust=0.0129618
62200: t=302.000, cavg*=0.982543, r_mart=0.54996, r_aust=0.0129513
62400: t=303.000, cavg*=0.982543, r_mart=0.54996, r_aust=0.0129409
62600: t=304.000, cavg*=0.982543, r_mart=0.54996, r_aust=0.0129306
62800: t=305.000, cavg*=0.982544, r_mart=0.54996, r_aust=0.0129204
63000: t=306.000, cavg*=0.982544, r_mart=0.54996, r_aust=0.0129103
63200: t=307.000, cavg*=0.982544, r_mart=0.54996, r_aust=0.0129003
63400: t=308.000, cavg*=0.982544, r_mart=0.54996, r_aust=0.0128904
63600: t=309.000, cavg*=0.982544, r_mart=0.54996, r_aust=0.0128806
63800: t=310.000, cavg*=0.982544, r_mart=0.54996, r_aust=0.0128708
64000: t=311.000, cavg*=0.982544, r_mart=0.54996, r_aust=0.0128612
64200: t=312.000, cavg*=0.982544, r_mart=0.54996, r_aust=0.0128517
64400: t=313.000, cavg*=0.982545, r_mart=0.54996, r_aust=0.0128423
64600: t=314.000, cavg*=0.982545, r_mart=0.54996, r_aust=0.0128329
64800: t=315.000, cavg*=0.982545, r_mart=0.54996, r_aust=0.0128237
65000: t=316.000, cavg*=0.982545, r_mart=0.54996, r_aust=0.0128145
65200: t=317.000, cavg*=0.982545, r_mart=0.54996, r_aust=0.0128054
65400: t=318.000, cavg*=0.982545, r_mart=0.54996, r_aust=0.0127964
65600: t=319.000, cavg*=0.982545, r_mart=0.54996, r_aust=0.0127875
65800: t=320.000, cavg*=0.982545, r_mart=0.54996, r_aust=0.0127787
66000: t=321.000, cavg*=0.982546, r_mart=0.54996, r_aust=0.01277
66200: t=322.000, cavg*=0.982546, r_mart=0.54996, r_aust=0.0127613
66400: t=323.000, cavg*=0.982546, r_mart=0.54996, r_aust=0.0127528
66600: t=324.000, cavg*=0.982546, r_mart=0.54996, r_aust=0.0127443
66800: t=325.000, cavg*=0.982546, r_mart=0.54996, r_aust=0.0127359
67000: t=326.000, cavg*=0.982546, r_mart=0.54996, r_aust=0.0127276
67200: t=327.000, cavg*=0.982546, r_mart=0.54996, r_aust=0.0127194
67400: t=328.000, cavg*=0.982546, r_mart=0.54996, r_aust=0.0127112
67600: t=329.000, cavg*=0.982546, r_mart=0.54996, r_aust=0.0127031
67800: t=330.000, cavg*=0.982547, r_mart=0.54996, r_aust=0.0126951
68000: t=331.000, cavg*=0.982547, r_mart=0.54996, r_aust=0.0126872
68200: t=332.000, cavg*=0.982547, r_mart=0.54996, r_aust=0.0126794
68400: t=333.000, cavg*=0.982547, r_mart=0.54996, r_aust=0.0126716
68600: t=334.000, cavg*=0.982547, r_mart=0.54996, r_aust=0.0126639
68800: t=335.000, cavg*=0.982547, r_mart=0.54996, r_aust=0.0126563
69000: t=336.000, cavg*=0.982547, r_mart=0.54996, r_aust=0.0126487
69200: t=337.000, cavg*=0.982547, r_mart=0.54996, r_aust=0.0126413
69400: t=338.000, cavg*=0.982547, r_mart=0.54996, r_aust=0.0126339
69600: t=339.000, cavg*=0.982547, r_mart=0.54996, r_aust=0.0126265
69800: t=340.000, cavg*=0.982548, r_mart=0.54996, r_aust=0.0126193
70000: t=341.000, cavg*=0.982548, r_mart=0.54996, r_aust=0.0126121
70200: t=342.000, cavg*=0.982548, r_mart=0.54996, r_aust=0.012605
70400: t=343.000, cavg*=0.982548, r_mart=0.54996, r_aust=0.0125979
70600: t=344.000, cavg*=0.982548, r_mart=0.54996, r_aust=0.012591
70800: t=345.000, cavg*=0.982548, r_mart=0.54996, r_aust=0.0125841
71000: t=346.000, cavg*=0.982548, r_mart=0.54996, r_aust=0.0125772
71200: t=347.000, cavg*=0.982548, r_mart=0.54996, r_aust=0.0125704
71400: t=348.000, cavg*=0.982548, r_mart=0.54996, r_aust=0.0125637
71600: t=349.000, cavg*=0.982548, r_mart=0.54996, r_aust=0.0125571
71800: t=350.000, cavg*=0.982548, r_mart=0.54996, r_aust=0.0125505
72000: t=351.000, cavg*=0.982549, r_mart=0.54996, r_aust=0.012544
72200: t=352.000, cavg*=0.982549, r_mart=0.54996, r_aust=0.0125375
72400: t=353.000, cavg*=0.982549, r_mart=0.54996, r_aust=0.0125311
72600: t=354.000, cavg*=0.982549, r_mart=0.54996, r_aust=0.0125248
72800: t=355.000, cavg*=0.982549, r_mart=0.54996, r_aust=0.0125185
73000: t=356.000, cavg*=0.982549, r_mart=0.54996, r_aust=0.0125123
73200: t=357.000, cavg*=0.982549, r_mart=0.54996, r_aust=0.0125062
73400: t=358.000, cavg*=0.982549, r_mart=0.54996, r_aust=0.0125001
73600: t=359.000, cavg*=0.982549, r_mart=0.54996, r_aust=0.012494
73800: t=360.000, cavg*=0.982549, r_mart=0.54996, r_aust=0.0124881
74000: t=361.000, cavg*=0.982549, r_mart=0.54996, r_aust=0.0124821
74200: t=362.000, cavg*=0.982549, r_mart=0.54996, r_aust=0.0124763
74400: t=363.000, cavg*=0.98255, r_mart=0.54996, r_aust=0.0124705
74600: t=364.000, cavg*=0.98255, r_mart=0.54996, r_aust=0.0124647
74800: t=365.000, cavg*=0.98255, r_mart=0.54996, r_aust=0.012459
75000: t=366.000, cavg*=0.98255, r_mart=0.54996, r_aust=0.0124534
75200: t=367.000, cavg*=0.98255, r_mart=0.54996, r_aust=0.0124478
75400: t=368.000, cavg*=0.98255, r_mart=0.54996, r_aust=0.0124423
75600: t=369.000, cavg*=0.98255, r_mart=0.54996, r_aust=0.0124368
75800: t=370.000, cavg*=0.98255, r_mart=0.54996, r_aust=0.0124314
76000: t=371.000, cavg*=0.98255, r_mart=0.54996, r_aust=0.0124261
76200: t=372.000, cavg*=0.98255, r_mart=0.54996, r_aust=0.0124207
76400: t=373.000, cavg*=0.98255, r_mart=0.54996, r_aust=0.0124155
76600: t=374.000, cavg*=0.98255, r_mart=0.54996, r_aust=0.0124103
76800: t=375.000, cavg*=0.98255, r_mart=0.54996, r_aust=0.0124051
77000: t=376.000, cavg*=0.98255, r_mart=0.54996, r_aust=0.0124
77200: t=377.000, cavg*=0.982551, r_mart=0.54996, r_aust=0.0123949
77400: t=378.000, cavg*=0.982551, r_mart=0.54996, r_aust=0.0123899
77600: t=379.000, cavg*=0.982551, r_mart=0.54996, r_aust=0.012385
77800: t=380.000, cavg*=0.982551, r_mart=0.54996, r_aust=0.01238
78000: t=381.000, cavg*=0.982551, r_mart=0.54996, r_aust=0.0123752
78200: t=382.000, cavg*=0.982551, r_mart=0.54996, r_aust=0.0123703
78400: t=383.000, cavg*=0.982551, r_mart=0.54996, r_aust=0.0123656
78600: t=384.000, cavg*=0.982551, r_mart=0.54996, r_aust=0.0123608
78800: t=385.000, cavg*=0.982551, r_mart=0.54996, r_aust=0.0123562
79000: t=386.000, cavg*=0.982551, r_mart=0.54996, r_aust=0.0123515
79200: t=387.000, cavg*=0.982551, r_mart=0.54996, r_aust=0.0123469
79400: t=388.000, cavg*=0.982551, r_mart=0.54996, r_aust=0.0123424
79600: t=389.000, cavg*=0.982551, r_mart=0.54996, r_aust=0.0123379
79800: t=390.000, cavg*=0.982551, r_mart=0.54996, r_aust=0.0123334
80000: t=391.000, cavg*=0.982551, r_mart=0.54996, r_aust=0.012329
80200: t=392.000, cavg*=0.982551, r_mart=0.54996, r_aust=0.0123246
80400: t=393.000, cavg*=0.982552, r_mart=0.54996, r_aust=0.0123203
80600: t=394.000, cavg*=0.982552, r_mart=0.54996, r_aust=0.012316
80800: t=395.000, cavg*=0.982552, r_mart=0.54996, r_aust=0.0123118
81000: t=396.000, cavg*=0.982552, r_mart=0.54996, r_aust=0.0123075
81200: t=397.000, cavg*=0.982552, r_mart=0.54996, r_aust=0.0123034
81400: t=398.000, cavg*=0.982552, r_mart=0.54996, r_aust=0.0122993
81600: t=399.000, cavg*=0.982552, r_mart=0.54996, r_aust=0.0122952
81800: t=400.000, cavg*=0.982552, r_mart=0.54996, r_aust=0.0122911
82000: t=401.000, cavg*=0.982552, r_mart=0.54996, r_aust=0.0122871
82200: t=402.000, cavg*=0.982552, r_mart=0.54996, r_aust=0.0122831
82400: t=403.000, cavg*=0.982552, r_mart=0.54996, r_aust=0.0122792
82600: t=404.000, cavg*=0.982552, r_mart=0.54996, r_aust=0.0122753
82800: t=405.000, cavg*=0.982552, r_mart=0.54996, r_aust=0.0122715
83000: t=406.000, cavg*=0.982552, r_mart=0.54996, r_aust=0.0122676
83200: t=407.000, cavg*=0.982552, r_mart=0.54996, r_aust=0.0122639
83400: t=408.000, cavg*=0.982552, r_mart=0.54996, r_aust=0.0122601
83600: t=409.000, cavg*=0.982552, r_mart=0.54996, r_aust=0.0122564
83800: t=410.000, cavg*=0.982552, r_mart=0.54996, r_aust=0.0122527
84000: t=411.000, cavg*=0.982552, r_mart=0.54996, r_aust=0.0122491
84200: t=412.000, cavg*=0.982553, r_mart=0.54996, r_aust=0.0122455
84400: t=413.000, cavg*=0.982553, r_mart=0.54996, r_aust=0.0122419
84600: t=414.000, cavg*=0.982553, r_mart=0.54996, r_aust=0.0122384
84800: t=415.000, cavg*=0.982553, r_mart=0.54996, r_aust=0.0122349
85000: t=416.000, cavg*=0.982553, r_mart=0.54996, r_aust=0.0122315
85200: t=417.000, cavg*=0.982553, r_mart=0.54996, r_aust=0.012228
85400: t=418.000, cavg*=0.982553, r_mart=0.54996, r_aust=0.0122246
85600: t=419.000, cavg*=0.982553, r_mart=0.54996, r_aust=0.0122213
85800: t=420.000, cavg*=0.982553, r_mart=0.54996, r_aust=0.0122179
86000: t=421.000, cavg*=0.982553, r_mart=0.54996, r_aust=0.0122146
86200: t=422.000, cavg*=0.982553, r_mart=0.54996, r_aust=0.0122114
86400: t=423.000, cavg*=0.982553, r_mart=0.54996, r_aust=0.0122081
86600: t=424.000, cavg*=0.982553, r_mart=0.54996, r_aust=0.0122049
86800: t=425.000, cavg*=0.982553, r_mart=0.54996, r_aust=0.0122018
87000: t=426.000, cavg*=0.982553, r_mart=0.54996, r_aust=0.0121986
87200: t=427.000, cavg*=0.982553, r_mart=0.54996, r_aust=0.0121955
87400: t=428.000, cavg*=0.982553, r_mart=0.54996, r_aust=0.0121924
87600: t=429.000, cavg*=0.982553, r_mart=0.54996, r_aust=0.0121894
87800: t=430.000, cavg*=0.982553, r_mart=0.54996, r_aust=0.0121863
88000: t=431.000, cavg*=0.982553, r_mart=0.54996, r_aust=0.0121834
88200: t=432.000, cavg*=0.982553, r_mart=0.54996, r_aust=0.0121804
88400: t=433.000, cavg*=0.982553, r_mart=0.54996, r_aust=0.0121775
88600: t=434.000, cavg*=0.982554, r_mart=0.54996, r_aust=0.0121745
88800: t=435.000, cavg*=0.982554, r_mart=0.54996, r_aust=0.0121717
89000: t=436.000, cavg*=0.982554, r_mart=0.54996, r_aust=0.0121688
89200: t=437.000, cavg*=0.982554, r_mart=0.54996, r_aust=0.012166
89400: t=438.000, cavg*=0.982554, r_mart=0.54996, r_aust=0.0121632
89600: t=439.000, cavg*=0.982554, r_mart=0.54996, r_aust=0.0121604
89800: t=440.000, cavg*=0.982554, r_mart=0.54996, r_aust=0.0121577
90000: t=441.000, cavg*=0.982554, r_mart=0.54996, r_aust=0.012155
90200: t=442.000, cavg*=0.982554, r_mart=0.54996, r_aust=0.0121523
90400: t=443.000, cavg*=0.982554, r_mart=0.54996, r_aust=0.0121496
90600: t=444.000, cavg*=0.982554, r_mart=0.54996, r_aust=0.012147
90800: t=445.000, cavg*=0.982554, r_mart=0.54996, r_aust=0.0121444
91000: t=446.000, cavg*=0.982554, r_mart=0.54996, r_aust=0.0121418
91200: t=447.000, cavg*=0.982554, r_mart=0.54996, r_aust=0.0121392
91400: t=448.000, cavg*=0.982554, r_mart=0.54996, r_aust=0.0121367
91600: t=449.000, cavg*=0.982554, r_mart=0.54996, r_aust=0.0121342
91800: t=450.000, cavg*=0.982554, r_mart=0.54996, r_aust=0.0121317
92000: t=451.000, cavg*=0.982554, r_mart=0.54996, r_aust=0.0121292
92200: t=452.000, cavg*=0.982554, r_mart=0.54996, r_aust=0.0121268
92400: t=453.000, cavg*=0.982554, r_mart=0.54996, r_aust=0.0121244
92600: t=454.000, cavg*=0.982554, r_mart=0.54996, r_aust=0.012122
92800: t=455.000, cavg*=0.982554, r_mart=0.54996, r_aust=0.0121196
93000: t=456.000, cavg*=0.982554, r_mart=0.54996, r_aust=0.0121173
93200: t=457.000, cavg*=0.982554, r_mart=0.54996, r_aust=0.0121149
93400: t=458.000, cavg*=0.982554, r_mart=0.54996, r_aust=0.0121126
93600: t=459.000, cavg*=0.982554, r_mart=0.54996, r_aust=0.0121104
93800: t=460.000, cavg*=0.982554, r_mart=0.54996, r_aust=0.0121081
94000: t=461.000, cavg*=0.982554, r_mart=0.54996, r_aust=0.0121059
94200: t=462.000, cavg*=0.982554, r_mart=0.54996, r_aust=0.0121037
94400: t=463.000, cavg*=0.982554, r_mart=0.54996, r_aust=0.0121015
94600: t=464.000, cavg*=0.982555, r_mart=0.54996, r_aust=0.0120993
94800: t=465.000, cavg*=0.982555, r_mart=0.54996, r_aust=0.0120971
95000: t=466.000, cavg*=0.982555, r_mart=0.54996, r_aust=0.012095
95200: t=467.000, cavg*=0.982555, r_mart=0.54996, r_aust=0.0120929
95400: t=468.000, cavg*=0.982555, r_mart=0.54996, r_aust=0.0120908
95600: t=469.000, cavg*=0.982555, r_mart=0.54996, r_aust=0.0120888
95800: t=470.000, cavg*=0.982555, r_mart=0.54996, r_aust=0.0120867
96000: t=471.000, cavg*=0.982555, r_mart=0.54996, r_aust=0.0120847
96200: t=472.000, cavg*=0.982555, r_mart=0.54996, r_aust=0.0120827
96400: t=473.000, cavg*=0.982555, r_mart=0.54996, r_aust=0.0120807
96600: t=474.000, cavg*=0.982555, r_mart=0.54996, r_aust=0.0120787
96800: t=475.000, cavg*=0.982555, r_mart=0.54996, r_aust=0.0120768
97000: t=476.000, cavg*=0.982555, r_mart=0.54996, r_aust=0.0120748
97200: t=477.000, cavg*=0.982555, r_mart=0.54996, r_aust=0.0120729
97400: t=478.000, cavg*=0.982555, r_mart=0.54996, r_aust=0.012071
97600: t=479.000, cavg*=0.982555, r_mart=0.54996, r_aust=0.0120692
97800: t=480.000, cavg*=0.982555, r_mart=0.54996, r_aust=0.0120673
98000: t=481.000, cavg*=0.982555, r_mart=0.54996, r_aust=0.0120655
98200: t=482.000, cavg*=0.982555, r_mart=0.54996, r_aust=0.0120636
98400: t=483.000, cavg*=0.982555, r_mart=0.54996, r_aust=0.0120618
98600: t=484.000, cavg*=0.982555, r_mart=0.54996, r_aust=0.01206
98800: t=485.000, cavg*=0.982555, r_mart=0.54996, r_aust=0.0120583
99000: t=486.000, cavg*=0.982555, r_mart=0.54996, r_aust=0.0120565
99200: t=487.000, cavg*=0.982555, r_mart=0.54996, r_aust=0.0120548
99400: t=488.000, cavg*=0.982555, r_mart=0.54996, r_aust=0.0120531
99600: t=489.000, cavg*=0.982555, r_mart=0.54996, r_aust=0.0120514
99800: t=490.000, cavg*=0.982555, r_mart=0.54996, r_aust=0.0120497
100000: t=491.000, cavg*=0.982555, r_mart=0.54996, r_aust=0.012048
100200: t=492.000, cavg*=0.982555, r_mart=0.54996, r_aust=0.0120464
100400: t=493.000, cavg*=0.982555, r_mart=0.54996, r_aust=0.0120447
100600: t=494.000, cavg*=0.982555, r_mart=0.54996, r_aust=0.0120431
100800: t=495.000, cavg*=0.982555, r_mart=0.54996, r_aust=0.0120415
101000: t=496.000, cavg*=0.982555, r_mart=0.54996, r_aust=0.0120399
101200: t=497.000, cavg*=0.982555, r_mart=0.54996, r_aust=0.0120383
101400: t=498.000, cavg*=0.982555, r_mart=0.54996, r_aust=0.0120368
101600: t=499.000, cavg*=0.982555, r_mart=0.54996, r_aust=0.0120352
101800: t=500.000, cavg*=0.982555, r_mart=0.54996, r_aust=0.0120337
102000: t=501.000, cavg*=0.982555, r_mart=0.54996, r_aust=0.0120322
102200: t=502.000, cavg*=0.982555, r_mart=0.54996, r_aust=0.0120307
102400: t=503.000, cavg*=0.982555, r_mart=0.54996, r_aust=0.0120292
102600: t=504.000, cavg*=0.982556, r_mart=0.54996, r_aust=0.0120277
102800: t=505.000, cavg*=0.982556, r_mart=0.54996, r_aust=0.0120263
103000: t=506.000, cavg*=0.982556, r_mart=0.54996, r_aust=0.0120248
103200: t=507.000, cavg*=0.982556, r_mart=0.54996, r_aust=0.0120234
103400: t=508.000, cavg*=0.982556, r_mart=0.54996, r_aust=0.012022
103600: t=509.000, cavg*=0.982556, r_mart=0.54996, r_aust=0.0120206
103800: t=510.000, cavg*=0.982556, r_mart=0.54996, r_aust=0.0120192
104000: t=511.000, cavg*=0.982556, r_mart=0.54996, r_aust=0.0120178
104200: t=512.000, cavg*=0.982556, r_mart=0.54996, r_aust=0.0120165
104400: t=513.000, cavg*=0.982556, r_mart=0.54996, r_aust=0.0120151
104600: t=514.000, cavg*=0.982556, r_mart=0.54996, r_aust=0.0120138
104800: t=515.000, cavg*=0.982556, r_mart=0.54996, r_aust=0.0120125
105000: t=516.000, cavg*=0.982556, r_mart=0.54996, r_aust=0.0120112
105200: t=517.000, cavg*=0.982556, r_mart=0.54996, r_aust=0.0120099
105400: t=518.000, cavg*=0.982556, r_mart=0.54996, r_aust=0.0120086
105600: t=519.000, cavg*=0.982556, r_mart=0.54996, r_aust=0.0120073
105800: t=520.000, cavg*=0.982556, r_mart=0.54996, r_aust=0.0120061
106000: t=521.000, cavg*=0.982556, r_mart=0.54996, r_aust=0.0120048
106200: t=522.000, cavg*=0.982556, r_mart=0.54996, r_aust=0.0120036
106400: t=523.000, cavg*=0.982556, r_mart=0.54996, r_aust=0.0120024
106600: t=524.000, cavg*=0.982556, r_mart=0.54996, r_aust=0.0120011
106800: t=525.000, cavg*=0.982556, r_mart=0.54996, r_aust=0.0119999
107000: t=526.000, cavg*=0.982556, r_mart=0.54996, r_aust=0.0119988
107200: t=527.000, cavg*=0.982556, r_mart=0.54996, r_aust=0.0119976
107400: t=528.000, cavg*=0.982556, r_mart=0.54996, r_aust=0.0119964
107600: t=529.000, cavg*=0.982556, r_mart=0.54996, r_aust=0.0119953
107800: t=530.000, cavg*=0.982556, r_mart=0.54996, r_aust=0.0119941
108000: t=531.000, cavg*=0.982556, r_mart=0.54996, r_aust=0.011993
108200: t=532.000, cavg*=0.982556, r_mart=0.54996, r_aust=0.0119919
108400: t=533.000, cavg*=0.982556, r_mart=0.54996, r_aust=0.0119908
108600: t=534.000, cavg*=0.982556, r_mart=0.54996, r_aust=0.0119897
108800: t=535.000, cavg*=0.982556, r_mart=0.54996, r_aust=0.0119886
109000: t=536.000, cavg*=0.982556, r_mart=0.54996, r_aust=0.0119875
109200: t=537.000, cavg*=0.982556, r_mart=0.54996, r_aust=0.0119864
109400: t=538.000, cavg*=0.982556, r_mart=0.54996, r_aust=0.0119854
109600: t=539.000, cavg*=0.982556, r_mart=0.54996, r_aust=0.0119843
109800: t=540.000, cavg*=0.982556, r_mart=0.54996, r_aust=0.0119833
110000: t=541.000, cavg*=0.982556, r_mart=0.54996, r_aust=0.0119823
110200: t=542.000, cavg*=0.982556, r_mart=0.54996, r_aust=0.0119813
110400: t=543.000, cavg*=0.982556, r_mart=0.54996, r_aust=0.0119803
110600: t=544.000, cavg*=0.982556, r_mart=0.54996, r_aust=0.0119793
110800: t=545.000, cavg*=0.982556, r_mart=0.54996, r_aust=0.0119783
111000: t=546.000, cavg*=0.982556, r_mart=0.54996, r_aust=0.0119773
111200: t=547.000, cavg*=0.982556, r_mart=0.54996, r_aust=0.0119763
111400: t=548.000, cavg*=0.982556, r_mart=0.54996, r_aust=0.0119754
111600: t=549.000, cavg*=0.982556, r_mart=0.54996, r_aust=0.0119744
111800: t=550.000, cavg*=0.982556, r_mart=0.54996, r_aust=0.0119735
112000: t=551.000, cavg*=0.982556, r_mart=0.54996, r_aust=0.0119726
112200: t=552.000, cavg*=0.982556, r_mart=0.54996, r_aust=0.0119716
112400: t=553.000, cavg*=0.982556, r_mart=0.54996, r_aust=0.0119707
112600: t=554.000, cavg*=0.982556, r_mart=0.54996, r_aust=0.0119698
112800: t=555.000, cavg*=0.982556, r_mart=0.54996, r_aust=0.0119689
113000: t=556.000, cavg*=0.982556, r_mart=0.54996, r_aust=0.011968
113200: t=557.000, cavg*=0.982556, r_mart=0.54996, r_aust=0.0119672
113400: t=558.000, cavg*=0.982556, r_mart=0.54996, r_aust=0.0119663
113600: t=559.000, cavg*=0.982556, r_mart=0.54996, r_aust=0.0119654
113800: t=560.000, cavg*=0.982556, r_mart=0.54996, r_aust=0.0119646
114000: t=561.000, cavg*=0.982556, r_mart=0.54996, r_aust=0.0119637
114200: t=562.000, cavg*=0.982556, r_mart=0.54996, r_aust=0.0119629
114400: t=563.000, cavg*=0.982556, r_mart=0.54996, r_aust=0.0119621
114600: t=564.000, cavg*=0.982556, r_mart=0.54996, r_aust=0.0119612
114800: t=565.000, cavg*=0.982556, r_mart=0.54996, r_aust=0.0119604
115000: t=566.000, cavg*=0.982556, r_mart=0.54996, r_aust=0.0119596
115200: t=567.000, cavg*=0.982556, r_mart=0.54996, r_aust=0.0119588
115400: t=568.000, cavg*=0.982556, r_mart=0.54996, r_aust=0.011958
115600: t=569.000, cavg*=0.982556, r_mart=0.54996, r_aust=0.0119573
115800: t=570.000, cavg*=0.982556, r_mart=0.54996, r_aust=0.0119565
116000: t=571.000, cavg*=0.982556, r_mart=0.54996, r_aust=0.0119557
116200: t=572.000, cavg*=0.982556, r_mart=0.54996, r_aust=0.011955
116400: t=573.000, cavg*=0.982557, r_mart=0.54996, r_aust=0.0119542
116600: t=574.000, cavg*=0.982557, r_mart=0.54996, r_aust=0.0119535
116800: t=575.000, cavg*=0.982557, r_mart=0.54996, r_aust=0.0119527
117000: t=576.000, cavg*=0.982557, r_mart=0.54996, r_aust=0.011952
117200: t=577.000, cavg*=0.982557, r_mart=0.54996, r_aust=0.0119513
117400: t=578.000, cavg*=0.982557, r_mart=0.54996, r_aust=0.0119506
117600: t=579.000, cavg*=0.982557, r_mart=0.54996, r_aust=0.0119499
117800: t=580.000, cavg*=0.982557, r_mart=0.54996, r_aust=0.0119492
118000: t=581.000, cavg*=0.982557, r_mart=0.54996, r_aust=0.0119485
118200: t=582.000, cavg*=0.982557, r_mart=0.54996, r_aust=0.0119478
118400: t=583.000, cavg*=0.982557, r_mart=0.54996, r_aust=0.0119471
118600: t=584.000, cavg*=0.982557, r_mart=0.54996, r_aust=0.0119464
118800: t=585.000, cavg*=0.982557, r_mart=0.54996, r_aust=0.0119457
119000: t=586.000, cavg*=0.982557, r_mart=0.54996, r_aust=0.0119451
119200: t=587.000, cavg*=0.982557, r_mart=0.54996, r_aust=0.0119444
119400: t=588.000, cavg*=0.982557, r_mart=0.54996, r_aust=0.0119438
119600: t=589.000, cavg*=0.982557, r_mart=0.54996, r_aust=0.0119431
119800: t=590.000, cavg*=0.982557, r_mart=0.54996, r_aust=0.0119425
120000: t=591.000, cavg*=0.982557, r_mart=0.54996, r_aust=0.0119419
120200: t=592.000, cavg*=0.982557, r_mart=0.54996, r_aust=0.0119412
120400: t=593.000, cavg*=0.982557, r_mart=0.54996, r_aust=0.0119406
120600: t=594.000, cavg*=0.982557, r_mart=0.54996, r_aust=0.01194
120800: t=595.000, cavg*=0.982557, r_mart=0.54996, r_aust=0.0119394
121000: t=596.000, cavg*=0.982557, r_mart=0.54996, r_aust=0.0119388
121200: t=597.000, cavg*=0.982557, r_mart=0.54996, r_aust=0.0119382
121400: t=598.000, cavg*=0.982557, r_mart=0.54996, r_aust=0.0119376
121600: t=599.000, cavg*=0.982557, r_mart=0.54996, r_aust=0.011937
121800: t=600.000, cavg*=0.982557, r_mart=0.54996, r_aust=0.0119365
122000: t=601.000, cavg*=0.982557, r_mart=0.54996, r_aust=0.0119359
122200: t=602.000, cavg*=0.982557, r_mart=0.54996, r_aust=0.0119353
122400: t=603.000, cavg*=0.982557, r_mart=0.54996, r_aust=0.0119348
122600: t=604.000, cavg*=0.982557, r_mart=0.54996, r_aust=0.0119342
122800: t=605.000, cavg*=0.982557, r_mart=0.54996, r_aust=0.0119337
123000: t=606.000, cavg*=0.982557, r_mart=0.54996, r_aust=0.0119331
123200: t=607.000, cavg*=0.982557, r_mart=0.54996, r_aust=0.0119326
123400: t=608.000, cavg*=0.982557, r_mart=0.54996, r_aust=0.011932
123600: t=609.000, cavg*=0.982557, r_mart=0.54996, r_aust=0.0119315
123800: t=610.000, cavg*=0.982557, r_mart=0.54996, r_aust=0.011931
124000: t=611.000, cavg*=0.982557, r_mart=0.54996, r_aust=0.0119305
124200: t=612.000, cavg*=0.982557, r_mart=0.54996, r_aust=0.01193
124400: t=613.000, cavg*=0.982557, r_mart=0.54996, r_aust=0.0119294
124600: t=614.000, cavg*=0.982557, r_mart=0.54996, r_aust=0.0119289
124800: t=615.000, cavg*=0.982557, r_mart=0.54996, r_aust=0.0119284
125000: t=616.000, cavg*=0.982557, r_mart=0.54996, r_aust=0.011928
125200: t=617.000, cavg*=0.982557, r_mart=0.54996, r_aust=0.0119275
125400: t=618.000, cavg*=0.982557, r_mart=0.54996, r_aust=0.011927
125600: t=619.000, cavg*=0.982557, r_mart=0.54996, r_aust=0.0119265
125800: t=620.000, cavg*=0.982557, r_mart=0.54996, r_aust=0.011926
126000: t=621.000, cavg*=0.982557, r_mart=0.54996, r_aust=0.0119256
126200: t=622.000, cavg*=0.982557, r_mart=0.54996, r_aust=0.0119251
126400: t=623.000, cavg*=0.982557, r_mart=0.54996, r_aust=0.0119246
126600: t=624.000, cavg*=0.982557, r_mart=0.54996, r_aust=0.0119242
126800: t=625.000, cavg*=0.982557, r_mart=0.54996, r_aust=0.0119237
127000: t=626.000, cavg*=0.982557, r_mart=0.54996, r_aust=0.0119233
127200: t=627.000, cavg*=0.982557, r_mart=0.54996, r_aust=0.0119228
127400: t=628.000, cavg*=0.982557, r_mart=0.54996, r_aust=0.0119224
127600: t=629.000, cavg*=0.982557, r_mart=0.54996, r_aust=0.0119219
127800: t=630.000, cavg*=0.982557, r_mart=0.54996, r_aust=0.0119215
128000: t=631.000, cavg*=0.982557, r_mart=0.54996, r_aust=0.0119211
128200: t=632.000, cavg*=0.982557, r_mart=0.54996, r_aust=0.0119207
128400: t=633.000, cavg*=0.982557, r_mart=0.54996, r_aust=0.0119202
128600: t=634.000, cavg*=0.982557, r_mart=0.54996, r_aust=0.0119198
128800: t=635.000, cavg*=0.982557, r_mart=0.54996, r_aust=0.0119194
129000: t=636.000, cavg*=0.982557, r_mart=0.54996, r_aust=0.011919
129200: t=637.000, cavg*=0.982557, r_mart=0.54996, r_aust=0.0119186
129400: t=638.000, cavg*=0.982557, r_mart=0.54996, r_aust=0.0119182
129600: t=639.000, cavg*=0.982557, r_mart=0.54996, r_aust=0.0119178
129800: t=640.000, cavg*=0.982557, r_mart=0.54996, r_aust=0.0119174
130000: t=641.000, cavg*=0.982557, r_mart=0.54996, r_aust=0.011917
130200: t=642.000, cavg*=0.982557, r_mart=0.54996, r_aust=0.0119167
130400: t=643.000, cavg*=0.982557, r_mart=0.54996, r_aust=0.0119163
130600: t=644.000, cavg*=0.982557, r_mart=0.54996, r_aust=0.0119159
130800: t=645.000, cavg*=0.982557, r_mart=0.54996, r_aust=0.0119155
131000: t=646.000, cavg*=0.982557, r_mart=0.54996, r_aust=0.0119152
131200: t=647.000, cavg*=0.982557, r_mart=0.54996, r_aust=0.0119148
131400: t=648.000, cavg*=0.982557, r_mart=0.54996, r_aust=0.0119144
131600: t=649.000, cavg*=0.982557, r_mart=0.54996, r_aust=0.0119141
131800: t=650.000, cavg*=0.982557, r_mart=0.54996, r_aust=0.0119137
132000: t=651.000, cavg*=0.982557, r_mart=0.54996, r_aust=0.0119134
132200: t=652.000, cavg*=0.982557, r_mart=0.54996, r_aust=0.011913
132400: t=653.000, cavg*=0.982557, r_mart=0.54996, r_aust=0.0119127
132600: t=654.000, cavg*=0.982557, r_mart=0.54996, r_aust=0.0119123
132800: t=655.000, cavg*=0.982557, r_mart=0.54996, r_aust=0.011912
133000: t=656.000, cavg*=0.982557, r_mart=0.54996, r_aust=0.0119117
133200: t=657.000, cavg*=0.982557, r_mart=0.54996, r_aust=0.0119113
133400: t=658.000, cavg*=0.982557, r_mart=0.54996, r_aust=0.011911
133600: t=659.000, cavg*=0.982557, r_mart=0.54996, r_aust=0.0119107
133800: t=660.000, cavg*=0.982557, r_mart=0.54996, r_aust=0.0119104
134000: t=661.000, cavg*=0.982557, r_mart=0.54996, r_aust=0.01191
134200: t=662.000, cavg*=0.982557, r_mart=0.54996, r_aust=0.0119097
134400: t=663.000, cavg*=0.982557, r_mart=0.54996, r_aust=0.0119094
134600: t=664.000, cavg*=0.982557, r_mart=0.54996, r_aust=0.0119091
134800: t=665.000, cavg*=0.982557, r_mart=0.54996, r_aust=0.0119088
135000: t=666.000, cavg*=0.982557, r_mart=0.54996, r_aust=0.0119085
135200: t=667.000, cavg*=0.982557, r_mart=0.54996, r_aust=0.0119082
135400: t=668.000, cavg*=0.982557, r_mart=0.54996, r_aust=0.0119079
135600: t=669.000, cavg*=0.982557, r_mart=0.54996, r_aust=0.0119076
135800: t=670.000, cavg*=0.982557, r_mart=0.54996, r_aust=0.0119073
136000: t=671.000, cavg*=0.982557, r_mart=0.54996, r_aust=0.011907
136200: t=672.000, cavg*=0.982557, r_mart=0.54996, r_aust=0.0119067
136400: t=673.000, cavg*=0.982557, r_mart=0.54996, r_aust=0.0119064
136600: t=674.000, cavg*=0.982557, r_mart=0.54996, r_aust=0.0119062
136800: t=675.000, cavg*=0.982557, r_mart=0.54996, r_aust=0.0119059
137000: t=676.000, cavg*=0.982557, r_mart=0.54996, r_aust=0.0119056
137200: t=677.000, cavg*=0.982557, r_mart=0.54996, r_aust=0.0119053
137400: t=678.000, cavg*=0.982557, r_mart=0.54996, r_aust=0.0119051
137600: t=679.000, cavg*=0.982557, r_mart=0.54996, r_aust=0.0119048
137800: t=680.000, cavg*=0.982557, r_mart=0.54996, r_aust=0.0119045
138000: t=681.000, cavg*=0.982557, r_mart=0.54996, r_aust=0.0119043
138200: t=682.000, cavg*=0.982557, r_mart=0.54996, r_aust=0.011904
138400: t=683.000, cavg*=0.982557, r_mart=0.54996, r_aust=0.0119037
138600: t=684.000, cavg*=0.982557, r_mart=0.54996, r_aust=0.0119035
138800: t=685.000, cavg*=0.982557, r_mart=0.54996, r_aust=0.0119032
139000: t=686.000, cavg*=0.982557, r_mart=0.54996, r_aust=0.011903
139200: t=687.000, cavg*=0.982557, r_mart=0.54996, r_aust=0.0119027
139400: t=688.000, cavg*=0.982557, r_mart=0.54996, r_aust=0.0119025
139600: t=689.000, cavg*=0.982557, r_mart=0.54996, r_aust=0.0119023
139800: t=690.000, cavg*=0.982557, r_mart=0.54996, r_aust=0.011902
140000: t=691.000, cavg*=0.982557, r_mart=0.54996, r_aust=0.0119018
140200: t=692.000, cavg*=0.982557, r_mart=0.54996, r_aust=0.0119015
140400: t=693.000, cavg*=0.982557, r_mart=0.54996, r_aust=0.0119013
140600: t=694.000, cavg*=0.982557, r_mart=0.54996, r_aust=0.0119011
140800: t=695.000, cavg*=0.982557, r_mart=0.54996, r_aust=0.0119008
141000: t=696.000, cavg*=0.982557, r_mart=0.54996, r_aust=0.0119006
141200: t=697.000, cavg*=0.982557, r_mart=0.54996, r_aust=0.0119004
141400: t=698.000, cavg*=0.982557, r_mart=0.54996, r_aust=0.0119002
141600: t=699.000, cavg*=0.982557, r_mart=0.54996, r_aust=0.0119
141800: t=700.000, cavg*=0.982557, r_mart=0.54996, r_aust=0.0118997
142000: t=701.000, cavg*=0.982557, r_mart=0.54996, r_aust=0.0118995
142200: t=702.000, cavg*=0.982557, r_mart=0.54996, r_aust=0.0118993
142400: t=703.000, cavg*=0.982557, r_mart=0.54996, r_aust=0.0118991
142600: t=704.000, cavg*=0.982557, r_mart=0.54996, r_aust=0.0118989
142800: t=705.000, cavg*=0.982557, r_mart=0.54996, r_aust=0.0118987
143000: t=706.000, cavg*=0.982557, r_mart=0.54996, r_aust=0.0118985
143200: t=707.000, cavg*=0.982557, r_mart=0.54996, r_aust=0.0118983
143400: t=708.000, cavg*=0.982557, r_mart=0.54996, r_aust=0.0118981
143600: t=709.000, cavg*=0.982557, r_mart=0.54996, r_aust=0.0118979
143800: t=710.000, cavg*=0.982557, r_mart=0.54996, r_aust=0.0118977
144000: t=711.000, cavg*=0.982557, r_mart=0.54996, r_aust=0.0118975
144200: t=712.000, cavg*=0.982557, r_mart=0.54996, r_aust=0.0118973
144400: t=713.000, cavg*=0.982557, r_mart=0.54996, r_aust=0.0118971
144600: t=714.000, cavg*=0.982557, r_mart=0.54996, r_aust=0.0118969
144800: t=715.000, cavg*=0.982557, r_mart=0.54996, r_aust=0.0118967
145000: t=716.000, cavg*=0.982557, r_mart=0.54996, r_aust=0.0118965
145200: t=717.000, cavg*=0.982557, r_mart=0.54996, r_aust=0.0118963
145400: t=718.000, cavg*=0.982557, r_mart=0.54996, r_aust=0.0118962
145600: t=719.000, cavg*=0.982557, r_mart=0.54996, r_aust=0.011896
145800: t=720.000, cavg*=0.982557, r_mart=0.54996, r_aust=0.0118958
146000: t=721.000, cavg*=0.982557, r_mart=0.54996, r_aust=0.0118956
146200: t=722.000, cavg*=0.982557, r_mart=0.54996, r_aust=0.0118954
146400: t=723.000, cavg*=0.982557, r_mart=0.54996, r_aust=0.0118953
146600: t=724.000, cavg*=0.982557, r_mart=0.54996, r_aust=0.0118951
146800: t=725.000, cavg*=0.982557, r_mart=0.54996, r_aust=0.0118949
147000: t=726.000, cavg*=0.982557, r_mart=0.54996, r_aust=0.0118947
147200: t=727.000, cavg*=0.982557, r_mart=0.54996, r_aust=0.0118946
147400: t=728.000, cavg*=0.982557, r_mart=0.54996, r_aust=0.0118944
147600: t=729.000, cavg*=0.982557, r_mart=0.54996, r_aust=0.0118942
147800: t=730.000, cavg*=0.982557, r_mart=0.54996, r_aust=0.0118941
148000: t=731.000, cavg*=0.982557, r_mart=0.54996, r_aust=0.0118939
148200: t=732.000, cavg*=0.982557, r_mart=0.54996, r_aust=0.0118938
148400: t=733.000, cavg*=0.982557, r_mart=0.54996, r_aust=0.0118936
148600: t=734.000, cavg*=0.982557, r_mart=0.54996, r_aust=0.0118935
148800: t=735.000, cavg*=0.982557, r_mart=0.54996, r_aust=0.0118933
149000: t=736.000, cavg*=0.982557, r_mart=0.54996, r_aust=0.0118931
149200: t=737.000, cavg*=0.982557, r_mart=0.54996, r_aust=0.011893
149400: t=738.000, cavg*=0.982557, r_mart=0.54996, r_aust=0.0118928
149600: t=739.000, cavg*=0.982557, r_mart=0.54996, r_aust=0.0118927
149800: t=740.000, cavg*=0.982557, r_mart=0.54996, r_aust=0.0118925
150000: t=741.000, cavg*=0.982557, r_mart=0.54996, r_aust=0.0118924
150200: t=742.000, cavg*=0.982557, r_mart=0.54996, r_aust=0.0118923
150400: t=743.000, cavg*=0.982557, r_mart=0.54996, r_aust=0.0118921
150600: t=744.000, cavg*=0.982557, r_mart=0.54996, r_aust=0.011892
150800: t=745.000, cavg*=0.982557, r_mart=0.54996, r_aust=0.0118918
151000: t=746.000, cavg*=0.982557, r_mart=0.54996, r_aust=0.0118917
151200: t=747.000, cavg*=0.982557, r_mart=0.54996, r_aust=0.0118915
151400: t=748.000, cavg*=0.982557, r_mart=0.54996, r_aust=0.0118914
151600: t=749.000, cavg*=0.982557, r_mart=0.54996, r_aust=0.0118913
151800: t=750.000, cavg*=0.982557, r_mart=0.54996, r_aust=0.0118911
152000: t=751.000, cavg*=0.982557, r_mart=0.54996, r_aust=0.011891
152200: t=752.000, cavg*=0.982557, r_mart=0.54996, r_aust=0.0118909
152400: t=753.000, cavg*=0.982557, r_mart=0.54996, r_aust=0.0118907
152600: t=754.000, cavg*=0.982557, r_mart=0.54996, r_aust=0.0118906
152800: t=755.000, cavg*=0.982557, r_mart=0.54996, r_aust=0.0118905
153000: t=756.000, cavg*=0.982557, r_mart=0.54996, r_aust=0.0118904
153200: t=757.000, cavg*=0.982557, r_mart=0.54996, r_aust=0.0118902
153400: t=758.000, cavg*=0.982557, r_mart=0.54996, r_aust=0.0118901
153600: t=759.000, cavg*=0.982557, r_mart=0.54996, r_aust=0.01189
153800: t=760.000, cavg*=0.982557, r_mart=0.54996, r_aust=0.0118899
154000: t=761.000, cavg*=0.982557, r_mart=0.54996, r_aust=0.0118897
154200: t=762.000, cavg*=0.982557, r_mart=0.54996, r_aust=0.0118896
154400: t=763.000, cavg*=0.982557, r_mart=0.54996, r_aust=0.0118895
154600: t=764.000, cavg*=0.982557, r_mart=0.54996, r_aust=0.0118894
154800: t=765.000, cavg*=0.982557, r_mart=0.54996, r_aust=0.0118893
155000: t=766.000, cavg*=0.982557, r_mart=0.54996, r_aust=0.0118892
155200: t=767.000, cavg*=0.982557, r_mart=0.54996, r_aust=0.0118891
155400: t=768.000, cavg*=0.982557, r_mart=0.54996, r_aust=0.0118889
155600: t=769.000, cavg*=0.982557, r_mart=0.54996, r_aust=0.0118888
155800: t=770.000, cavg*=0.982557, r_mart=0.54996, r_aust=0.0118887
156000: t=771.000, cavg*=0.982557, r_mart=0.54996, r_aust=0.0118886
156200: t=772.000, cavg*=0.982557, r_mart=0.54996, r_aust=0.0118885
156400: t=773.000, cavg*=0.982557, r_mart=0.54996, r_aust=0.0118884
156600: t=774.000, cavg*=0.982557, r_mart=0.54996, r_aust=0.0118883
156800: t=775.000, cavg*=0.982557, r_mart=0.54996, r_aust=0.0118882
157000: t=776.000, cavg*=0.982557, r_mart=0.54996, r_aust=0.0118881
157200: t=777.000, cavg*=0.982557, r_mart=0.54996, r_aust=0.011888
157400: t=778.000, cavg*=0.982557, r_mart=0.54996, r_aust=0.0118879
157600: t=779.000, cavg*=0.982557, r_mart=0.54996, r_aust=0.0118878
157800: t=780.000, cavg*=0.982557, r_mart=0.54996, r_aust=0.0118877
158000: t=781.000, cavg*=0.982557, r_mart=0.54996, r_aust=0.0118876
158200: t=782.000, cavg*=0.982557, r_mart=0.54996, r_aust=0.0118875
158400: t=783.000, cavg*=0.982557, r_mart=0.54996, r_aust=0.0118874
158600: t=784.000, cavg*=0.982557, r_mart=0.54996, r_aust=0.0118873
158800: t=785.000, cavg*=0.982557, r_mart=0.54996, r_aust=0.0118872
159000: t=786.000, cavg*=0.982557, r_mart=0.54996, r_aust=0.0118871
159200: t=787.000, cavg*=0.982557, r_mart=0.54996, r_aust=0.011887
159400: t=788.000, cavg*=0.982557, r_mart=0.54996, r_aust=0.0118869
159600: t=789.000, cavg*=0.982557, r_mart=0.54996, r_aust=0.0118868
159800: t=790.000, cavg*=0.982557, r_mart=0.54996, r_aust=0.0118867
160000: t=791.000, cavg*=0.982557, r_mart=0.54996, r_aust=0.0118866
160200: t=792.000, cavg*=0.982557, r_mart=0.54996, r_aust=0.0118865
160400: t=793.000, cavg*=0.982557, r_mart=0.54996, r_aust=0.0118865
160600: t=794.000, cavg*=0.982557, r_mart=0.54996, r_aust=0.0118864
160800: t=795.000, cavg*=0.982557, r_mart=0.54996, r_aust=0.0118863
161000: t=796.000, cavg*=0.982557, r_mart=0.54996, r_aust=0.0118862
161200: t=797.000, cavg*=0.982557, r_mart=0.54996, r_aust=0.0118861
161400: t=798.000, cavg*=0.982557, r_mart=0.54996, r_aust=0.011886
161600: t=799.000, cavg*=0.982557, r_mart=0.54996, r_aust=0.0118859
161800: t=800.000, cavg*=0.982557, r_mart=0.54996, r_aust=0.0118859
162000: t=801.000, cavg*=0.982557, r_mart=0.54996, r_aust=0.0118858
162200: t=802.000, cavg*=0.982557, r_mart=0.54996, r_aust=0.0118857
162400: t=803.000, cavg*=0.982557, r_mart=0.54996, r_aust=0.0118856
162600: t=804.000, cavg*=0.982557, r_mart=0.54996, r_aust=0.0118855
162800: t=805.000, cavg*=0.982557, r_mart=0.54996, r_aust=0.0118855
163000: t=806.000, cavg*=0.982557, r_mart=0.54996, r_aust=0.0118854
163200: t=807.000, cavg*=0.982557, r_mart=0.54996, r_aust=0.0118853
163400: t=808.000, cavg*=0.982557, r_mart=0.54996, r_aust=0.0118852
163600: t=809.000, cavg*=0.982557, r_mart=0.54996, r_aust=0.0118852
163800: t=810.000, cavg*=0.982557, r_mart=0.54996, r_aust=0.0118851
164000: t=811.000, cavg*=0.982557, r_mart=0.54996, r_aust=0.011885
164200: t=812.000, cavg*=0.982557, r_mart=0.54996, r_aust=0.0118849
164400: t=813.000, cavg*=0.982557, r_mart=0.54996, r_aust=0.0118849
164600: t=814.000, cavg*=0.982557, r_mart=0.54996, r_aust=0.0118848
164800: t=815.000, cavg*=0.982557, r_mart=0.54996, r_aust=0.0118847
165000: t=816.000, cavg*=0.982557, r_mart=0.54996, r_aust=0.0118846
165200: t=817.000, cavg*=0.982557, r_mart=0.54996, r_aust=0.0118846
165400: t=818.000, cavg*=0.982557, r_mart=0.54996, r_aust=0.0118845
165600: t=819.000, cavg*=0.982557, r_mart=0.54996, r_aust=0.0118844
165800: t=820.000, cavg*=0.982557, r_mart=0.54996, r_aust=0.0118844
166000: t=821.000, cavg*=0.982557, r_mart=0.54996, r_aust=0.0118843
166200: t=822.000, cavg*=0.982557, r_mart=0.54996, r_aust=0.0118842
166400: t=823.000, cavg*=0.982557, r_mart=0.54996, r_aust=0.0118842
166600: t=824.000, cavg*=0.982557, r_mart=0.54996, r_aust=0.0118841
166800: t=825.000, cavg*=0.982557, r_mart=0.54996, r_aust=0.011884
167000: t=826.000, cavg*=0.982557, r_mart=0.54996, r_aust=0.011884
167200: t=827.000, cavg*=0.982557, r_mart=0.54996, r_aust=0.0118839
167400: t=828.000, cavg*=0.982557, r_mart=0.54996, r_aust=0.0118838
167600: t=829.000, cavg*=0.982557, r_mart=0.54996, r_aust=0.0118838
167800: t=830.000, cavg*=0.982557, r_mart=0.54996, r_aust=0.0118837
168000: t=831.000, cavg*=0.982557, r_mart=0.54996, r_aust=0.0118837
168200: t=832.000, cavg*=0.982557, r_mart=0.54996, r_aust=0.0118836
168400: t=833.000, cavg*=0.982557, r_mart=0.54996, r_aust=0.0118835
168600: t=834.000, cavg*=0.982557, r_mart=0.54996, r_aust=0.0118835
168800: t=835.000, cavg*=0.982557, r_mart=0.54996, r_aust=0.0118834
169000: t=836.000, cavg*=0.982557, r_mart=0.54996, r_aust=0.0118834
169200: t=837.000, cavg*=0.982557, r_mart=0.54996, r_aust=0.0118833
169400: t=838.000, cavg*=0.982557, r_mart=0.54996, r_aust=0.0118833
169600: t=839.000, cavg*=0.982557, r_mart=0.54996, r_aust=0.0118832
169800: t=840.000, cavg*=0.982557, r_mart=0.54996, r_aust=0.0118831
170000: t=841.000, cavg*=0.982557, r_mart=0.54996, r_aust=0.0118831
170200: t=842.000, cavg*=0.982557, r_mart=0.54996, r_aust=0.011883
170400: t=843.000, cavg*=0.982557, r_mart=0.54996, r_aust=0.011883
170600: t=844.000, cavg*=0.982557, r_mart=0.54996, r_aust=0.0118829
170800: t=845.000, cavg*=0.982557, r_mart=0.54996, r_aust=0.0118829
171000: t=846.000, cavg*=0.982557, r_mart=0.54996, r_aust=0.0118828
171200: t=847.000, cavg*=0.982557, r_mart=0.54996, r_aust=0.0118828
171400: t=848.000, cavg*=0.982557, r_mart=0.54996, r_aust=0.0118827
171600: t=849.000, cavg*=0.982557, r_mart=0.54996, r_aust=0.0118827
171800: t=850.000, cavg*=0.982557, r_mart=0.54996, r_aust=0.0118826
172000: t=851.000, cavg*=0.982557, r_mart=0.54996, r_aust=0.0118826
172200: t=852.000, cavg*=0.982557, r_mart=0.54996, r_aust=0.0118825
172400: t=853.000, cavg*=0.982557, r_mart=0.54996, r_aust=0.0118825
172600: t=854.000, cavg*=0.982557, r_mart=0.54996, r_aust=0.0118824
172800: t=855.000, cavg*=0.982557, r_mart=0.54996, r_aust=0.0118824
173000: t=856.000, cavg*=0.982557, r_mart=0.54996, r_aust=0.0118823
173200: t=857.000, cavg*=0.982557, r_mart=0.54996, r_aust=0.0118823
173400: t=858.000, cavg*=0.982557, r_mart=0.54996, r_aust=0.0118822
173600: t=859.000, cavg*=0.982557, r_mart=0.54996, r_aust=0.0118822
173800: t=860.000, cavg*=0.982557, r_mart=0.54996, r_aust=0.0118821
174000: t=861.000, cavg*=0.982557, r_mart=0.54996, r_aust=0.0118821
174200: t=862.000, cavg*=0.982557, r_mart=0.54996, r_aust=0.011882
174400: t=863.000, cavg*=0.982557, r_mart=0.54996, r_aust=0.011882
174600: t=864.000, cavg*=0.982557, r_mart=0.54996, r_aust=0.011882
174800: t=865.000, cavg*=0.982557, r_mart=0.54996, r_aust=0.0118819
175000: t=866.000, cavg*=0.982557, r_mart=0.54996, r_aust=0.0118819
175200: t=867.000, cavg*=0.982557, r_mart=0.54996, r_aust=0.0118818
175400: t=868.000, cavg*=0.982558, r_mart=0.54996, r_aust=0.0118818
175600: t=869.000, cavg*=0.982558, r_mart=0.54996, r_aust=0.0118817
175800: t=870.000, cavg*=0.982558, r_mart=0.54996, r_aust=0.0118817
176000: t=871.000, cavg*=0.982558, r_mart=0.54996, r_aust=0.0118817
176200: t=872.000, cavg*=0.982558, r_mart=0.54996, r_aust=0.0118816
176400: t=873.000, cavg*=0.982558, r_mart=0.54996, r_aust=0.0118816
176600: t=874.000, cavg*=0.982558, r_mart=0.54996, r_aust=0.0118815
176800: t=875.000, cavg*=0.982558, r_mart=0.54996, r_aust=0.0118815
177000: t=876.000, cavg*=0.982558, r_mart=0.54996, r_aust=0.0118815
177200: t=877.000, cavg*=0.982558, r_mart=0.54996, r_aust=0.0118814
177400: t=878.000, cavg*=0.982558, r_mart=0.54996, r_aust=0.0118814
177600: t=879.000, cavg*=0.982558, r_mart=0.54996, r_aust=0.0118813
177800: t=880.000, cavg*=0.982558, r_mart=0.54996, r_aust=0.0118813
178000: t=881.000, cavg*=0.982558, r_mart=0.54996, r_aust=0.0118813
178200: t=882.000, cavg*=0.982558, r_mart=0.54996, r_aust=0.0118812
178400: t=883.000, cavg*=0.982558, r_mart=0.54996, r_aust=0.0118812
178600: t=884.000, cavg*=0.982558, r_mart=0.54996, r_aust=0.0118812
178800: t=885.000, cavg*=0.982558, r_mart=0.54996, r_aust=0.0118811
179000: t=886.000, cavg*=0.982558, r_mart=0.54996, r_aust=0.0118811
179200: t=887.000, cavg*=0.982558, r_mart=0.54996, r_aust=0.011881
179400: t=888.000, cavg*=0.982558, r_mart=0.54996, r_aust=0.011881
179600: t=889.000, cavg*=0.982558, r_mart=0.54996, r_aust=0.011881
179800: t=890.000, cavg*=0.982558, r_mart=0.54996, r_aust=0.0118809
180000: t=891.000, cavg*=0.982558, r_mart=0.54996, r_aust=0.0118809
180200: t=892.000, cavg*=0.982558, r_mart=0.54996, r_aust=0.0118809
180400: t=893.000, cavg*=0.982558, r_mart=0.54996, r_aust=0.0118808
180600: t=894.000, cavg*=0.982558, r_mart=0.54996, r_aust=0.0118808
180800: t=895.000, cavg*=0.982558, r_mart=0.54996, r_aust=0.0118808
181000: t=896.000, cavg*=0.982558, r_mart=0.54996, r_aust=0.0118807
181200: t=897.000, cavg*=0.982558, r_mart=0.54996, r_aust=0.0118807
181400: t=898.000, cavg*=0.982558, r_mart=0.54996, r_aust=0.0118807
181600: t=899.000, cavg*=0.982558, r_mart=0.54996, r_aust=0.0118806
181800: t=900.000, cavg*=0.982558, r_mart=0.54996, r_aust=0.0118806
182000: t=901.000, cavg*=0.982558, r_mart=0.54996, r_aust=0.0118806
182200: t=902.000, cavg*=0.982558, r_mart=0.54996, r_aust=0.0118806
182400: t=903.000, cavg*=0.982558, r_mart=0.54996, r_aust=0.0118805
182600: t=904.000, cavg*=0.982558, r_mart=0.54996, r_aust=0.0118805
182800: t=905.000, cavg*=0.982558, r_mart=0.54996, r_aust=0.0118805
183000: t=906.000, cavg*=0.982558, r_mart=0.54996, r_aust=0.0118804
183200: t=907.000, cavg*=0.982558, r_mart=0.54996, r_aust=0.0118804
183400: t=908.000, cavg*=0.982558, r_mart=0.54996, r_aust=0.0118804
183600: t=909.000, cavg*=0.982558, r_mart=0.54996, r_aust=0.0118804
183800: t=910.000, cavg*=0.982558, r_mart=0.54996, r_aust=0.0118803
184000: t=911.000, cavg*=0.982558, r_mart=0.54996, r_aust=0.0118803
184200: t=912.000, cavg*=0.982558, r_mart=0.54996, r_aust=0.0118803
184400: t=913.000, cavg*=0.982558, r_mart=0.54996, r_aust=0.0118802
184600: t=914.000, cavg*=0.982558, r_mart=0.54996, r_aust=0.0118802
184800: t=915.000, cavg*=0.982558, r_mart=0.54996, r_aust=0.0118802
185000: t=916.000, cavg*=0.982558, r_mart=0.54996, r_aust=0.0118802
185200: t=917.000, cavg*=0.982558, r_mart=0.54996, r_aust=0.0118801
185400: t=918.000, cavg*=0.982558, r_mart=0.54996, r_aust=0.0118801
185600: t=919.000, cavg*=0.982558, r_mart=0.54996, r_aust=0.0118801
185800: t=920.000, cavg*=0.982558, r_mart=0.54996, r_aust=0.0118801
186000: t=921.000, cavg*=0.982558, r_mart=0.54996, r_aust=0.01188
186200: t=922.000, cavg*=0.982558, r_mart=0.54996, r_aust=0.01188
186400: t=923.000, cavg*=0.982558, r_mart=0.54996, r_aust=0.01188
186600: t=924.000, cavg*=0.982558, r_mart=0.54996, r_aust=0.01188
186800: t=925.000, cavg*=0.982558, r_mart=0.54996, r_aust=0.0118799
187000: t=926.000, cavg*=0.982558, r_mart=0.54996, r_aust=0.0118799
187200: t=927.000, cavg*=0.982558, r_mart=0.54996, r_aust=0.0118799
187400: t=928.000, cavg*=0.982558, r_mart=0.54996, r_aust=0.0118799
187600: t=929.000, cavg*=0.982558, r_mart=0.54996, r_aust=0.0118798
187800: t=930.000, cavg*=0.982558, r_mart=0.54996, r_aust=0.0118798
188000: t=931.000, cavg*=0.982558, r_mart=0.54996, r_aust=0.0118798
188200: t=932.000, cavg*=0.982558, r_mart=0.54996, r_aust=0.0118798
188400: t=933.000, cavg*=0.982558, r_mart=0.54996, r_aust=0.0118797
188600: t=934.000, cavg*=0.982558, r_mart=0.54996, r_aust=0.0118797
188800: t=935.000, cavg*=0.982558, r_mart=0.54996, r_aust=0.0118797
189000: t=936.000, cavg*=0.982558, r_mart=0.54996, r_aust=0.0118797
189200: t=937.000, cavg*=0.982558, r_mart=0.54996, r_aust=0.0118797
189400: t=938.000, cavg*=0.982558, r_mart=0.54996, r_aust=0.0118796
189600: t=939.000, cavg*=0.982558, r_mart=0.54996, r_aust=0.0118796
189800: t=940.000, cavg*=0.982558, r_mart=0.54996, r_aust=0.0118796
190000: t=941.000, cavg*=0.982558, r_mart=0.54996, r_aust=0.0118796
190200: t=942.000, cavg*=0.982558, r_mart=0.54996, r_aust=0.0118795
190400: t=943.000, cavg*=0.982558, r_mart=0.54996, r_aust=0.0118795
190600: t=944.000, cavg*=0.982558, r_mart=0.54996, r_aust=0.0118795
190800: t=945.000, cavg*=0.982558, r_mart=0.54996, r_aust=0.0118795
191000: t=946.000, cavg*=0.982558, r_mart=0.54996, r_aust=0.0118795
191200: t=947.000, cavg*=0.982558, r_mart=0.54996, r_aust=0.0118794
191400: t=948.000, cavg*=0.982558, r_mart=0.54996, r_aust=0.0118794
191600: t=949.000, cavg*=0.982558, r_mart=0.54996, r_aust=0.0118794
191800: t=950.000, cavg*=0.982558, r_mart=0.54996, r_aust=0.0118794
192000: t=951.000, cavg*=0.982558, r_mart=0.54996, r_aust=0.0118794
192200: t=952.000, cavg*=0.982558, r_mart=0.54996, r_aust=0.0118794
192400: t=953.000, cavg*=0.982558, r_mart=0.54996, r_aust=0.0118793
192600: t=954.000, cavg*=0.982558, r_mart=0.54996, r_aust=0.0118793
192800: t=955.000, cavg*=0.982558, r_mart=0.54996, r_aust=0.0118793
193000: t=956.000, cavg*=0.982558, r_mart=0.54996, r_aust=0.0118793
193200: t=957.000, cavg*=0.982558, r_mart=0.54996, r_aust=0.0118793
193400: t=958.000, cavg*=0.982558, r_mart=0.54996, r_aust=0.0118792
193600: t=959.000, cavg*=0.982558, r_mart=0.54996, r_aust=0.0118792
193800: t=960.000, cavg*=0.982558, r_mart=0.54996, r_aust=0.0118792
194000: t=961.000, cavg*=0.982558, r_mart=0.54996, r_aust=0.0118792
194200: t=962.000, cavg*=0.982558, r_mart=0.54996, r_aust=0.0118792
194400: t=963.000, cavg*=0.982558, r_mart=0.54996, r_aust=0.0118792
194600: t=964.000, cavg*=0.982558, r_mart=0.54996, r_aust=0.0118791
194800: t=965.000, cavg*=0.982558, r_mart=0.54996, r_aust=0.0118791
195000: t=966.000, cavg*=0.982558, r_mart=0.54996, r_aust=0.0118791
195200: t=967.000, cavg*=0.982558, r_mart=0.54996, r_aust=0.0118791
195400: t=968.000, cavg*=0.982558, r_mart=0.54996, r_aust=0.0118791
195600: t=969.000, cavg*=0.982558, r_mart=0.54996, r_aust=0.0118791
195800: t=970.000, cavg*=0.982558, r_mart=0.54996, r_aust=0.011879
196000: t=971.000, cavg*=0.982558, r_mart=0.54996, r_aust=0.011879
196200: t=972.000, cavg*=0.982558, r_mart=0.54996, r_aust=0.011879
196400: t=973.000, cavg*=0.982558, r_mart=0.54996, r_aust=0.011879
196600: t=974.000, cavg*=0.982558, r_mart=0.54996, r_aust=0.011879
196800: t=975.000, cavg*=0.982558, r_mart=0.54996, r_aust=0.011879
197000: t=976.000, cavg*=0.982558, r_mart=0.54996, r_aust=0.011879
197200: t=977.000, cavg*=0.982558, r_mart=0.54996, r_aust=0.0118789
197400: t=978.000, cavg*=0.982558, r_mart=0.54996, r_aust=0.0118789
197600: t=979.000, cavg*=0.982558, r_mart=0.54996, r_aust=0.0118789
197800: t=980.000, cavg*=0.982558, r_mart=0.54996, r_aust=0.0118789
198000: t=981.000, cavg*=0.982558, r_mart=0.54996, r_aust=0.0118789
198200: t=982.000, cavg*=0.982558, r_mart=0.54996, r_aust=0.0118789
198400: t=983.000, cavg*=0.982558, r_mart=0.54996, r_aust=0.0118789
198600: t=984.000, cavg*=0.982558, r_mart=0.54996, r_aust=0.0118788
198800: t=985.000, cavg*=0.982558, r_mart=0.54996, r_aust=0.0118788
199000: t=986.000, cavg*=0.982558, r_mart=0.54996, r_aust=0.0118788
199200: t=987.000, cavg*=0.982558, r_mart=0.54996, r_aust=0.0118788
199400: t=988.000, cavg*=0.982558, r_mart=0.54996, r_aust=0.0118788
199600: t=989.000, cavg*=0.982558, r_mart=0.54996, r_aust=0.0118788
199800: t=990.000, cavg*=0.982558, r_mart=0.54996, r_aust=0.0118788
200000: t=991.000, cavg*=0.982558, r_mart=0.54996, r_aust=0.0118787
200200: t=992.000, cavg*=0.982558, r_mart=0.54996, r_aust=0.0118787
200400: t=993.000, cavg*=0.982558, r_mart=0.54996, r_aust=0.0118787
200600: t=994.000, cavg*=0.982558, r_mart=0.54996, r_aust=0.0118787
200800: t=995.000, cavg*=0.982558, r_mart=0.54996, r_aust=0.0118787
201000: t=996.000, cavg*=0.982558, r_mart=0.54996, r_aust=0.0118787
201200: t=997.000, cavg*=0.982558, r_mart=0.54996, r_aust=0.0118787
201400: t=998.000, cavg*=0.982558, r_mart=0.54996, r_aust=0.0118787
201600: t=999.000, cavg*=0.982558, r_mart=0.54996, r_aust=0.0118786
201800: t=1000.000, cavg*=0.982558, r_mart=0.54996, r_aust=0.0118786
Time elapsed: 312.36 s

