mart_FoFo_mu30e3.log @ arthur-ltf
2018-06-20T21:25:11

c0 = 3.344140e-02 (approx 0.74 wt.%)
T_C = 375.0 [oC]
total_time = 1000.0 [s]; n_time = 30800

mart: structure = bcc; E = 0.0 [J/mol]; type_D = 3 (pseudophase alpha + carbides)
      thermodynamical data: thermo/FoFo/TCFE8/375-bcc.txt
      z0 = -1.16 um; zn = -0.66 um; n = 20
aust: structure = fcc; E = 0.0 [J/mol]; type_D = 0 (comp.local)
      thermodynamical data: thermo/FoFo/TCFE8/375-fcc.txt
      z0 = -0.66 um; zn = 0.00 um; n = 100
intf: type_int = 1 (fixed.fluxes)

  200: t=0.010, cavg*=0.989678, r_mart=0.0230276, r_aust=0.00677963
  400: t=0.020, cavg*=0.98698, r_mart=0.0227772, r_aust=0.00677963
  600: t=0.030, cavg*=0.988896, r_mart=0.0225143, r_aust=0.00677963
  800: t=0.040, cavg*=0.990827, r_mart=0.0224122, r_aust=0.00677963
 1000: t=0.050, cavg*=0.992241, r_mart=0.0223857, r_aust=0.00677963
 1200: t=0.060, cavg*=0.993126, r_mart=0.0223841, r_aust=0.00677963
 1400: t=0.070, cavg*=0.993596, r_mart=0.0223844, r_aust=0.00677963
 1600: t=0.080, cavg*=0.993858, r_mart=0.0223815, r_aust=0.00677963
 1800: t=0.090, cavg*=0.994072, r_mart=0.022378, r_aust=0.00677963
 2000: t=0.100, cavg*=0.994294, r_mart=0.0223757, r_aust=0.00677963
 2200: t=0.110, cavg*=0.994514, r_mart=0.0223747, r_aust=0.00677963
 2400: t=0.120, cavg*=0.994698, r_mart=0.0223746, r_aust=0.00677963
 2600: t=0.130, cavg*=0.994828, r_mart=0.0223747, r_aust=0.00677963
 2800: t=0.140, cavg*=0.994914, r_mart=0.0223747, r_aust=0.00677963
 3000: t=0.150, cavg*=0.994977, r_mart=0.0223747, r_aust=0.00677963
 3200: t=0.160, cavg*=0.995038, r_mart=0.0223747, r_aust=0.00677963
 3400: t=0.170, cavg*=0.995105, r_mart=0.022375, r_aust=0.00677963
 3600: t=0.180, cavg*=0.995176, r_mart=0.0223755, r_aust=0.00677963
 3800: t=0.190, cavg*=0.995244, r_mart=0.0223764, r_aust=0.00677963
 4000: t=0.200, cavg*=0.995302, r_mart=0.0223775, r_aust=0.00677963
 4200: t=0.300, cavg*=0.995588, r_mart=0.223954, r_aust=0.0677963
 4400: t=0.400, cavg*=0.995727, r_mart=0.224221, r_aust=0.0677963
 4600: t=0.500, cavg*=0.99581, r_mart=0.224523, r_aust=0.0677963
 4800: t=0.600, cavg*=0.995868, r_mart=0.224836, r_aust=0.0677963
 5000: t=0.700, cavg*=0.995912, r_mart=0.225147, r_aust=0.0677963
 5200: t=0.800, cavg*=0.995944, r_mart=0.225451, r_aust=0.0677963
 5400: t=0.900, cavg*=0.99597, r_mart=0.225748, r_aust=0.0677963
 5600: t=1.000, cavg*=0.995991, r_mart=0.226036, r_aust=0.0677963
 5800: t=1.100, cavg*=0.996009, r_mart=0.226315, r_aust=0.0677963
 6000: t=1.200, cavg*=0.996024, r_mart=0.226587, r_aust=0.0677963
 6200: t=1.300, cavg*=0.996038, r_mart=0.22685, r_aust=0.0677963
 6400: t=1.400, cavg*=0.996049, r_mart=0.227107, r_aust=0.0677963
 6600: t=1.500, cavg*=0.99606, r_mart=0.227357, r_aust=0.0677963
 6800: t=1.600, cavg*=0.996069, r_mart=0.2276, r_aust=0.0677963
 7000: t=1.700, cavg*=0.996077, r_mart=0.227838, r_aust=0.0677963
 7200: t=1.800, cavg*=0.996085, r_mart=0.22807, r_aust=0.0677963
 7400: t=1.900, cavg*=0.996092, r_mart=0.228296, r_aust=0.0677963
 7600: t=2.000, cavg*=0.996098, r_mart=0.228518, r_aust=0.0677963
 7800: t=3.000, cavg*=0.996113, r_mart=2.30514, r_aust=0.677963
 8000: t=4.000, cavg*=0.996121, r_mart=2.32237, r_aust=0.677963
 8200: t=5.000, cavg*=0.996126, r_mart=2.3377, r_aust=0.677963
 8400: t=6.000, cavg*=0.996129, r_mart=2.35165, r_aust=0.677963
 8600: t=7.000, cavg*=0.996131, r_mart=2.36452, r_aust=0.677963
 8800: t=8.000, cavg*=0.996133, r_mart=2.37655, r_aust=0.677963
 9000: t=9.000, cavg*=0.996135, r_mart=2.38786, r_aust=0.677963
 9200: t=10.000, cavg*=0.996136, r_mart=2.39859, r_aust=0.677963
 9400: t=11.000, cavg*=0.996137, r_mart=2.4088, r_aust=0.677963
 9600: t=12.000, cavg*=0.996138, r_mart=2.41857, r_aust=0.677963
 9800: t=13.000, cavg*=0.996139, r_mart=2.42795, r_aust=0.677963
10000: t=14.000, cavg*=0.996139, r_mart=2.43699, r_aust=0.677963
10200: t=15.000, cavg*=0.99614, r_mart=2.44571, r_aust=0.677963
10400: t=16.000, cavg*=0.996857, r_mart=2.45395, r_aust=0.682903
10600: t=17.000, cavg*=0.997801, r_mart=2.45417, r_aust=0.512226
10800: t=18.000, cavg*=0.998237, r_mart=2.45428, r_aust=0.433855
11000: t=19.000, cavg*=0.998506, r_mart=2.45436, r_aust=0.385429
11200: t=20.000, cavg*=0.998698, r_mart=2.45442, r_aust=0.350683
11400: t=30.000, cavg*=1.00597, r_mart=24.5465, r_aust=2.27923
11600: t=40.000, cavg*=1.00905, r_mart=24.5477, r_aust=1.76633
11800: t=50.000, cavg*=1.01077, r_mart=24.5484, r_aust=1.48663
12000: t=60.000, cavg*=1.01188, r_mart=24.5488, r_aust=1.30732
12200: t=70.000, cavg*=1.01267, r_mart=24.5492, r_aust=1.18102
12400: t=80.000, cavg*=1.01327, r_mart=24.5495, r_aust=1.08641
12600: t=90.000, cavg*=1.01374, r_mart=24.5497, r_aust=1.01241
12800: t=100.000, cavg*=1.01412, r_mart=24.5499, r_aust=0.952623
13000: t=110.000, cavg*=1.01444, r_mart=24.5501, r_aust=0.903122
13200: t=120.000, cavg*=1.01471, r_mart=24.5502, r_aust=0.861331
13400: t=130.000, cavg*=1.01494, r_mart=24.5503, r_aust=0.825501
13600: t=140.000, cavg*=1.01514, r_mart=24.5505, r_aust=0.7944
13800: t=150.000, cavg*=1.01532, r_mart=24.5506, r_aust=0.767142
14000: t=160.000, cavg*=1.01548, r_mart=24.5506, r_aust=0.743072
14200: t=170.000, cavg*=1.01562, r_mart=24.5507, r_aust=0.721698
14400: t=180.000, cavg*=1.01575, r_mart=24.5508, r_aust=0.702634
14600: t=190.000, cavg*=1.01586, r_mart=24.5509, r_aust=0.68558
14800: t=200.000, cavg*=1.01596, r_mart=24.5509, r_aust=0.670289
15000: t=210.000, cavg*=1.01605, r_mart=24.551, r_aust=0.656559
15200: t=220.000, cavg*=1.01614, r_mart=24.551, r_aust=0.644215
15400: t=230.000, cavg*=1.01621, r_mart=24.5511, r_aust=0.633111
15600: t=240.000, cavg*=1.01628, r_mart=24.5511, r_aust=0.623116
15800: t=250.000, cavg*=1.01634, r_mart=24.5511, r_aust=0.614118
16000: t=260.000, cavg*=1.01639, r_mart=24.5512, r_aust=0.606016
16200: t=270.000, cavg*=1.01644, r_mart=24.5512, r_aust=0.598719
16400: t=280.000, cavg*=1.01649, r_mart=24.5512, r_aust=0.592147
16600: t=290.000, cavg*=1.01653, r_mart=24.5513, r_aust=0.586228
16800: t=300.000, cavg*=1.01656, r_mart=24.5513, r_aust=0.580898
17000: t=310.000, cavg*=1.01659, r_mart=24.5513, r_aust=0.576098
17200: t=320.000, cavg*=1.01662, r_mart=24.5513, r_aust=0.571775
17400: t=330.000, cavg*=1.01665, r_mart=24.5513, r_aust=0.567881
17600: t=340.000, cavg*=1.01667, r_mart=24.5513, r_aust=0.564375
17800: t=350.000, cavg*=1.0167, r_mart=24.5514, r_aust=0.561217
18000: t=360.000, cavg*=1.01671, r_mart=24.5514, r_aust=0.558374
18200: t=370.000, cavg*=1.01673, r_mart=24.5514, r_aust=0.555814
18400: t=380.000, cavg*=1.01675, r_mart=24.5514, r_aust=0.553509
18600: t=390.000, cavg*=1.01676, r_mart=24.5514, r_aust=0.551433
18800: t=400.000, cavg*=1.01677, r_mart=24.5514, r_aust=0.549563
19000: t=410.000, cavg*=1.01679, r_mart=24.5514, r_aust=0.54788
19200: t=420.000, cavg*=1.0168, r_mart=24.5514, r_aust=0.546365
19400: t=430.000, cavg*=1.01681, r_mart=24.5514, r_aust=0.545
19600: t=440.000, cavg*=1.01681, r_mart=24.5514, r_aust=0.543771
19800: t=450.000, cavg*=1.01682, r_mart=24.5514, r_aust=0.542665
20000: t=460.000, cavg*=1.01683, r_mart=24.5514, r_aust=0.541669
20200: t=470.000, cavg*=1.01683, r_mart=24.5514, r_aust=0.540772
20400: t=480.000, cavg*=1.01684, r_mart=24.5514, r_aust=0.539964
20600: t=490.000, cavg*=1.01684, r_mart=24.5515, r_aust=0.539237
20800: t=500.000, cavg*=1.01685, r_mart=24.5515, r_aust=0.538582
21000: t=510.000, cavg*=1.01685, r_mart=24.5515, r_aust=0.537992
21200: t=520.000, cavg*=1.01686, r_mart=24.5515, r_aust=0.537462
21400: t=530.000, cavg*=1.01686, r_mart=24.5515, r_aust=0.536984
21600: t=540.000, cavg*=1.01686, r_mart=24.5515, r_aust=0.536553
21800: t=550.000, cavg*=1.01687, r_mart=24.5515, r_aust=0.536166
22000: t=560.000, cavg*=1.01687, r_mart=24.5515, r_aust=0.535817
22200: t=570.000, cavg*=1.01687, r_mart=24.5515, r_aust=0.535503
22400: t=580.000, cavg*=1.01687, r_mart=24.5515, r_aust=0.53522
22600: t=590.000, cavg*=1.01687, r_mart=24.5515, r_aust=0.534965
22800: t=600.000, cavg*=1.01688, r_mart=24.5515, r_aust=0.534736
23000: t=610.000, cavg*=1.01688, r_mart=24.5515, r_aust=0.534529
23200: t=620.000, cavg*=1.01688, r_mart=24.5515, r_aust=0.534343
23400: t=630.000, cavg*=1.01688, r_mart=24.5515, r_aust=0.534176
23600: t=640.000, cavg*=1.01688, r_mart=24.5515, r_aust=0.534025
23800: t=650.000, cavg*=1.01688, r_mart=24.5515, r_aust=0.53389
24000: t=660.000, cavg*=1.01688, r_mart=24.5515, r_aust=0.533767
24200: t=670.000, cavg*=1.01688, r_mart=24.5515, r_aust=0.533657
24400: t=680.000, cavg*=1.01688, r_mart=24.5515, r_aust=0.533558
24600: t=690.000, cavg*=1.01688, r_mart=24.5515, r_aust=0.533469
24800: t=700.000, cavg*=1.01688, r_mart=24.5515, r_aust=0.533389
25000: t=710.000, cavg*=1.01689, r_mart=24.5515, r_aust=0.533317
25200: t=720.000, cavg*=1.01689, r_mart=24.5515, r_aust=0.533252
25400: t=730.000, cavg*=1.01689, r_mart=24.5515, r_aust=0.533193
25600: t=740.000, cavg*=1.01689, r_mart=24.5515, r_aust=0.53314
25800: t=750.000, cavg*=1.01689, r_mart=24.5515, r_aust=0.533093
26000: t=760.000, cavg*=1.01689, r_mart=24.5515, r_aust=0.53305
26200: t=770.000, cavg*=1.01689, r_mart=24.5515, r_aust=0.533011
26400: t=780.000, cavg*=1.01689, r_mart=24.5515, r_aust=0.532977
26600: t=790.000, cavg*=1.01689, r_mart=24.5515, r_aust=0.532945
26800: t=800.000, cavg*=1.01689, r_mart=24.5515, r_aust=0.532917
27000: t=810.000, cavg*=1.01689, r_mart=24.5515, r_aust=0.532892
27200: t=820.000, cavg*=1.01689, r_mart=24.5515, r_aust=0.532869
27400: t=830.000, cavg*=1.01689, r_mart=24.5515, r_aust=0.532849
27600: t=840.000, cavg*=1.01689, r_mart=24.5515, r_aust=0.53283
27800: t=850.000, cavg*=1.01689, r_mart=24.5515, r_aust=0.532813
28000: t=860.000, cavg*=1.01689, r_mart=24.5515, r_aust=0.532798
28200: t=870.000, cavg*=1.01689, r_mart=24.5515, r_aust=0.532785
28400: t=880.000, cavg*=1.01689, r_mart=24.5515, r_aust=0.532773
28600: t=890.000, cavg*=1.01689, r_mart=24.5515, r_aust=0.532762
28800: t=900.000, cavg*=1.01689, r_mart=24.5515, r_aust=0.532752
29000: t=910.000, cavg*=1.01689, r_mart=24.5515, r_aust=0.532743
29200: t=920.000, cavg*=1.01689, r_mart=24.5515, r_aust=0.532735
29400: t=930.000, cavg*=1.01689, r_mart=24.5515, r_aust=0.532728
29600: t=940.000, cavg*=1.01689, r_mart=24.5515, r_aust=0.532722
29800: t=950.000, cavg*=1.01689, r_mart=24.5515, r_aust=0.532716
30000: t=960.000, cavg*=1.01689, r_mart=24.5515, r_aust=0.53271
30200: t=970.000, cavg*=1.01689, r_mart=24.5515, r_aust=0.532706
30400: t=980.000, cavg*=1.01689, r_mart=24.5515, r_aust=0.532701
30600: t=990.000, cavg*=1.01689, r_mart=24.5515, r_aust=0.532698
30800: t=1000.000, cavg*=1.01689, r_mart=24.5515, r_aust=0.532694
Time elapsed: 57.75 s

