mart_FoFo_CCE_resume.log @ arthur-ltf
2018-06-14T19:42:58

c0 = 3.344140e-02 (approx 0.74 wt.%)
T_C = 375.0 [oC]
total_time = 1000.0 [s]; n_time = 20000

mart: structure = bcc; E = 0.0 [J/mol]; type_D = 0 (comp.local)
      thermodynamical data: thermo/FoFo/TCFE8/375-bcc.txt
      z0 = -1.16 um; zn = -0.66 um; n = 10
aust: structure = fcc; E = 0.0 [J/mol]; type_D = 0 (comp.local)
      thermodynamical data: thermo/FoFo/TCFE8/375-fcc.txt
      z0 = -0.66 um; zn = 0.00 um; n = 50
intf: type_int = 1 (fixed.fluxes)

  100: t=4.950, cavg*=1.01589, r_mart=5.4996, r_aust=1.33896
  200: t=9.950, cavg*=1.01768, r_mart=5.4996, r_aust=0.821084
  300: t=14.951, cavg*=1.01808, r_mart=5.4996, r_aust=0.627644
  400: t=19.951, cavg*=1.01818, r_mart=5.4996, r_aust=0.523108
  500: t=24.951, cavg*=1.01817, r_mart=5.4996, r_aust=0.456374
  600: t=29.951, cavg*=1.01812, r_mart=5.4996, r_aust=0.409496
  700: t=34.952, cavg*=1.01806, r_mart=5.4996, r_aust=0.374455
  800: t=39.952, cavg*=1.01799, r_mart=5.4996, r_aust=0.347091
  900: t=44.952, cavg*=1.01791, r_mart=5.4996, r_aust=0.325021
 1000: t=49.952, cavg*=1.01784, r_mart=5.4996, r_aust=0.306771
 1100: t=54.953, cavg*=1.01776, r_mart=5.4996, r_aust=0.291377
 1200: t=59.953, cavg*=1.01769, r_mart=5.4996, r_aust=0.278183
 1300: t=64.953, cavg*=1.01763, r_mart=5.4996, r_aust=0.266721
 1400: t=69.953, cavg*=1.01756, r_mart=5.4996, r_aust=0.256652
 1500: t=74.954, cavg*=1.0175, r_mart=5.4996, r_aust=0.247721
 1600: t=79.954, cavg*=1.01744, r_mart=5.4996, r_aust=0.239733
 1700: t=84.954, cavg*=1.01739, r_mart=5.4996, r_aust=0.232539
 1800: t=89.954, cavg*=1.01733, r_mart=5.4996, r_aust=0.226017
 1900: t=94.955, cavg*=1.01728, r_mart=5.4996, r_aust=0.220071
 2000: t=99.955, cavg*=1.01724, r_mart=5.4996, r_aust=0.214624
 2100: t=104.955, cavg*=1.01719, r_mart=5.4996, r_aust=0.209612
 2200: t=109.955, cavg*=1.01715, r_mart=5.4996, r_aust=0.204982
 2300: t=114.956, cavg*=1.01711, r_mart=5.4996, r_aust=0.20069
 2400: t=119.956, cavg*=1.01706, r_mart=5.4996, r_aust=0.1967
 2500: t=124.956, cavg*=1.01703, r_mart=5.4996, r_aust=0.19298
 2600: t=129.956, cavg*=1.01699, r_mart=5.4996, r_aust=0.189503
 2700: t=134.957, cavg*=1.01695, r_mart=5.4996, r_aust=0.186247
 2800: t=139.957, cavg*=1.01692, r_mart=5.4996, r_aust=0.183192
 2900: t=144.957, cavg*=1.01688, r_mart=5.4996, r_aust=0.180322
 3000: t=149.957, cavg*=1.01685, r_mart=5.4996, r_aust=0.177622
 3100: t=154.958, cavg*=1.01682, r_mart=5.4996, r_aust=0.175078
 3200: t=159.958, cavg*=1.01679, r_mart=5.4996, r_aust=0.172679
 3300: t=164.958, cavg*=1.01676, r_mart=5.4996, r_aust=0.170416
 3400: t=169.958, cavg*=1.01673, r_mart=5.4996, r_aust=0.168279
 3500: t=174.959, cavg*=1.0167, r_mart=5.4996, r_aust=0.166259
 3600: t=179.959, cavg*=1.01668, r_mart=5.4996, r_aust=0.164349
 3700: t=184.959, cavg*=1.01665, r_mart=5.4996, r_aust=0.162544
 3800: t=189.959, cavg*=1.01663, r_mart=5.4996, r_aust=0.160835
 3900: t=194.960, cavg*=1.0166, r_mart=5.4996, r_aust=0.159218
 4000: t=199.960, cavg*=1.01658, r_mart=5.4996, r_aust=0.157688
 4100: t=204.960, cavg*=1.01656, r_mart=5.4996, r_aust=0.156239
 4200: t=209.960, cavg*=1.01654, r_mart=5.4996, r_aust=0.154867
 4300: t=214.961, cavg*=1.01652, r_mart=5.4996, r_aust=0.153568
 4400: t=219.961, cavg*=1.0165, r_mart=5.4996, r_aust=0.152337
 4500: t=224.961, cavg*=1.01648, r_mart=5.4996, r_aust=0.151172
 4600: t=229.961, cavg*=1.01646, r_mart=5.4996, r_aust=0.150068
 4700: t=234.962, cavg*=1.01645, r_mart=5.4996, r_aust=0.149022
 4800: t=239.962, cavg*=1.01643, r_mart=5.4996, r_aust=0.148031
 4900: t=244.962, cavg*=1.01641, r_mart=5.4996, r_aust=0.147093
 5000: t=249.962, cavg*=1.0164, r_mart=5.4996, r_aust=0.146204
 5100: t=254.963, cavg*=1.01639, r_mart=5.4996, r_aust=0.145361
 5200: t=259.963, cavg*=1.01637, r_mart=5.4996, r_aust=0.144564
 5300: t=264.963, cavg*=1.01636, r_mart=5.4996, r_aust=0.143808
 5400: t=269.963, cavg*=1.01635, r_mart=5.4996, r_aust=0.143092
 5500: t=274.964, cavg*=1.01634, r_mart=5.4996, r_aust=0.142413
 5600: t=279.964, cavg*=1.01632, r_mart=5.4996, r_aust=0.14177
 5700: t=284.964, cavg*=1.01631, r_mart=5.4996, r_aust=0.141162
 5800: t=289.964, cavg*=1.0163, r_mart=5.4996, r_aust=0.140585
 5900: t=294.965, cavg*=1.01629, r_mart=5.4996, r_aust=0.140038
 6000: t=299.965, cavg*=1.01629, r_mart=5.4996, r_aust=0.13952
 6100: t=304.965, cavg*=1.01628, r_mart=5.4996, r_aust=0.13903
 6200: t=309.965, cavg*=1.01627, r_mart=5.4996, r_aust=0.138565
 6300: t=314.966, cavg*=1.01626, r_mart=5.4996, r_aust=0.138125
 6400: t=319.966, cavg*=1.01625, r_mart=5.4996, r_aust=0.137708
 6500: t=324.966, cavg*=1.01625, r_mart=5.4996, r_aust=0.137313
 6600: t=329.966, cavg*=1.01624, r_mart=5.4996, r_aust=0.136939
 6700: t=334.967, cavg*=1.01623, r_mart=5.4996, r_aust=0.136584
 6800: t=339.967, cavg*=1.01623, r_mart=5.4996, r_aust=0.136249
 6900: t=344.967, cavg*=1.01622, r_mart=5.4996, r_aust=0.13593
 7000: t=349.967, cavg*=1.01621, r_mart=5.4996, r_aust=0.135629
 7100: t=354.968, cavg*=1.01621, r_mart=5.4996, r_aust=0.135344
 7200: t=359.968, cavg*=1.0162, r_mart=5.4996, r_aust=0.135073
 7300: t=364.968, cavg*=1.0162, r_mart=5.4996, r_aust=0.134817
 7400: t=369.968, cavg*=1.0162, r_mart=5.4996, r_aust=0.134574
 7500: t=374.969, cavg*=1.01619, r_mart=5.4996, r_aust=0.134344
 7600: t=379.969, cavg*=1.01619, r_mart=5.4996, r_aust=0.134126
 7700: t=384.969, cavg*=1.01618, r_mart=5.4996, r_aust=0.13392
 7800: t=389.969, cavg*=1.01618, r_mart=5.4996, r_aust=0.133725
 7900: t=394.970, cavg*=1.01618, r_mart=5.4996, r_aust=0.133539
 8000: t=399.970, cavg*=1.01617, r_mart=5.4996, r_aust=0.133364
 8100: t=404.970, cavg*=1.01617, r_mart=5.4996, r_aust=0.133198
 8200: t=409.970, cavg*=1.01617, r_mart=5.4996, r_aust=0.133041
 8300: t=414.971, cavg*=1.01616, r_mart=5.4996, r_aust=0.132891
 8400: t=419.971, cavg*=1.01616, r_mart=5.4996, r_aust=0.13275
 8500: t=424.971, cavg*=1.01616, r_mart=5.4996, r_aust=0.132616
 8600: t=429.971, cavg*=1.01616, r_mart=5.4996, r_aust=0.13249
 8700: t=434.972, cavg*=1.01615, r_mart=5.4996, r_aust=0.13237
 8800: t=439.972, cavg*=1.01615, r_mart=5.4996, r_aust=0.132256
 8900: t=444.972, cavg*=1.01615, r_mart=5.4996, r_aust=0.132148
 9000: t=449.972, cavg*=1.01615, r_mart=5.4996, r_aust=0.132046
 9100: t=454.973, cavg*=1.01615, r_mart=5.4996, r_aust=0.131949
 9200: t=459.973, cavg*=1.01614, r_mart=5.4996, r_aust=0.131858
 9300: t=464.973, cavg*=1.01614, r_mart=5.4996, r_aust=0.131771
 9400: t=469.973, cavg*=1.01614, r_mart=5.4996, r_aust=0.131689
 9500: t=474.974, cavg*=1.01614, r_mart=5.4996, r_aust=0.131611
 9600: t=479.974, cavg*=1.01614, r_mart=5.4996, r_aust=0.131537
 9700: t=484.974, cavg*=1.01614, r_mart=5.4996, r_aust=0.131467
 9800: t=489.974, cavg*=1.01614, r_mart=5.4996, r_aust=0.131401
 9900: t=494.975, cavg*=1.01613, r_mart=5.4996, r_aust=0.131338
10000: t=499.975, cavg*=1.01613, r_mart=5.4996, r_aust=0.131279
10100: t=504.975, cavg*=1.01613, r_mart=5.4996, r_aust=0.131223
10200: t=509.975, cavg*=1.01613, r_mart=5.4996, r_aust=0.131169
10300: t=514.976, cavg*=1.01613, r_mart=5.4996, r_aust=0.131119
10400: t=519.976, cavg*=1.01613, r_mart=5.4996, r_aust=0.131071
10500: t=524.976, cavg*=1.01613, r_mart=5.4996, r_aust=0.131026
10600: t=529.976, cavg*=1.01613, r_mart=5.4996, r_aust=0.130983
10700: t=534.977, cavg*=1.01613, r_mart=5.4996, r_aust=0.130942
10800: t=539.977, cavg*=1.01613, r_mart=5.4996, r_aust=0.130904
10900: t=544.977, cavg*=1.01612, r_mart=5.4996, r_aust=0.130867
11000: t=549.977, cavg*=1.01612, r_mart=5.4996, r_aust=0.130833
11100: t=554.978, cavg*=1.01612, r_mart=5.4996, r_aust=0.1308
11200: t=559.978, cavg*=1.01612, r_mart=5.4996, r_aust=0.130769
11300: t=564.978, cavg*=1.01612, r_mart=5.4996, r_aust=0.130739
11400: t=569.978, cavg*=1.01612, r_mart=5.4996, r_aust=0.130712
11500: t=574.979, cavg*=1.01612, r_mart=5.4996, r_aust=0.130685
11600: t=579.979, cavg*=1.01612, r_mart=5.4996, r_aust=0.13066
11700: t=584.979, cavg*=1.01612, r_mart=5.4996, r_aust=0.130637
11800: t=589.979, cavg*=1.01612, r_mart=5.4996, r_aust=0.130614
11900: t=594.980, cavg*=1.01612, r_mart=5.4996, r_aust=0.130593
12000: t=599.980, cavg*=1.01612, r_mart=5.4996, r_aust=0.130573
12100: t=604.980, cavg*=1.01612, r_mart=5.4996, r_aust=0.130554
12200: t=609.980, cavg*=1.01612, r_mart=5.4996, r_aust=0.130536
12300: t=614.981, cavg*=1.01612, r_mart=5.4996, r_aust=0.130519
12400: t=619.981, cavg*=1.01612, r_mart=5.4996, r_aust=0.130502
12500: t=624.981, cavg*=1.01612, r_mart=5.4996, r_aust=0.130487
12600: t=629.981, cavg*=1.01612, r_mart=5.4996, r_aust=0.130473
12700: t=634.982, cavg*=1.01612, r_mart=5.4996, r_aust=0.130459
12800: t=639.982, cavg*=1.01612, r_mart=5.4996, r_aust=0.130446
12900: t=644.982, cavg*=1.01612, r_mart=5.4996, r_aust=0.130433
13000: t=649.982, cavg*=1.01612, r_mart=5.4996, r_aust=0.130422
13100: t=654.983, cavg*=1.01612, r_mart=5.4996, r_aust=0.130411
13200: t=659.983, cavg*=1.01612, r_mart=5.4996, r_aust=0.1304
13300: t=664.983, cavg*=1.01612, r_mart=5.4996, r_aust=0.13039
13400: t=669.983, cavg*=1.01612, r_mart=5.4996, r_aust=0.130381
13500: t=674.984, cavg*=1.01612, r_mart=5.4996, r_aust=0.130372
13600: t=679.984, cavg*=1.01612, r_mart=5.4996, r_aust=0.130363
13700: t=684.984, cavg*=1.01612, r_mart=5.4996, r_aust=0.130355
13800: t=689.984, cavg*=1.01611, r_mart=5.4996, r_aust=0.130348
13900: t=694.985, cavg*=1.01611, r_mart=5.4996, r_aust=0.130341
14000: t=699.985, cavg*=1.01611, r_mart=5.4996, r_aust=0.130334
14100: t=704.985, cavg*=1.01611, r_mart=5.4996, r_aust=0.130327
14200: t=709.985, cavg*=1.01611, r_mart=5.4996, r_aust=0.130321
14300: t=714.986, cavg*=1.01611, r_mart=5.4996, r_aust=0.130315
14400: t=719.986, cavg*=1.01611, r_mart=5.4996, r_aust=0.13031
14500: t=724.986, cavg*=1.01611, r_mart=5.4996, r_aust=0.130305
14600: t=729.986, cavg*=1.01611, r_mart=5.4996, r_aust=0.1303
14700: t=734.987, cavg*=1.01611, r_mart=5.4996, r_aust=0.130295
14800: t=739.987, cavg*=1.01611, r_mart=5.4996, r_aust=0.130291
14900: t=744.987, cavg*=1.01611, r_mart=5.4996, r_aust=0.130287
15000: t=749.987, cavg*=1.01611, r_mart=5.4996, r_aust=0.130283
15100: t=754.988, cavg*=1.01611, r_mart=5.4996, r_aust=0.130279
15200: t=759.988, cavg*=1.01611, r_mart=5.4996, r_aust=0.130275
15300: t=764.988, cavg*=1.01611, r_mart=5.4996, r_aust=0.130272
15400: t=769.988, cavg*=1.01611, r_mart=5.4996, r_aust=0.130269
15500: t=774.989, cavg*=1.01611, r_mart=5.4996, r_aust=0.130266
15600: t=779.989, cavg*=1.01611, r_mart=5.4996, r_aust=0.130263
15700: t=784.989, cavg*=1.01611, r_mart=5.4996, r_aust=0.13026
15800: t=789.989, cavg*=1.01611, r_mart=5.4996, r_aust=0.130258
15900: t=794.990, cavg*=1.01611, r_mart=5.4996, r_aust=0.130255
16000: t=799.990, cavg*=1.01611, r_mart=5.4996, r_aust=0.130253
16100: t=804.990, cavg*=1.01611, r_mart=5.4996, r_aust=0.130251
16200: t=809.990, cavg*=1.01611, r_mart=5.4996, r_aust=0.130249
16300: t=814.991, cavg*=1.01611, r_mart=5.4996, r_aust=0.130247
16400: t=819.991, cavg*=1.01611, r_mart=5.4996, r_aust=0.130245
16500: t=824.991, cavg*=1.01611, r_mart=5.4996, r_aust=0.130243
16600: t=829.991, cavg*=1.01611, r_mart=5.4996, r_aust=0.130241
16700: t=834.992, cavg*=1.01611, r_mart=5.4996, r_aust=0.13024
16800: t=839.992, cavg*=1.01611, r_mart=5.4996, r_aust=0.130238
16900: t=844.992, cavg*=1.01611, r_mart=5.4996, r_aust=0.130237
17000: t=849.992, cavg*=1.01611, r_mart=5.4996, r_aust=0.130235
17100: t=854.993, cavg*=1.01611, r_mart=5.4996, r_aust=0.130234
17200: t=859.993, cavg*=1.01611, r_mart=5.4996, r_aust=0.130233
17300: t=864.993, cavg*=1.01611, r_mart=5.4996, r_aust=0.130232
17400: t=869.993, cavg*=1.01611, r_mart=5.4996, r_aust=0.130231
17500: t=874.994, cavg*=1.01611, r_mart=5.4996, r_aust=0.13023
17600: t=879.994, cavg*=1.01611, r_mart=5.4996, r_aust=0.130229
17700: t=884.994, cavg*=1.01611, r_mart=5.4996, r_aust=0.130228
17800: t=889.994, cavg*=1.01611, r_mart=5.4996, r_aust=0.130227
17900: t=894.995, cavg*=1.01611, r_mart=5.4996, r_aust=0.130226
18000: t=899.995, cavg*=1.01611, r_mart=5.4996, r_aust=0.130225
18100: t=904.995, cavg*=1.01611, r_mart=5.4996, r_aust=0.130225
18200: t=909.995, cavg*=1.01611, r_mart=5.4996, r_aust=0.130224
18300: t=914.996, cavg*=1.01611, r_mart=5.4996, r_aust=0.130223
18400: t=919.996, cavg*=1.01611, r_mart=5.4996, r_aust=0.130223
18500: t=924.996, cavg*=1.01611, r_mart=5.4996, r_aust=0.130222
18600: t=929.996, cavg*=1.01611, r_mart=5.4996, r_aust=0.130221
18700: t=934.997, cavg*=1.01611, r_mart=5.4996, r_aust=0.130221
18800: t=939.997, cavg*=1.01611, r_mart=5.4996, r_aust=0.13022
18900: t=944.997, cavg*=1.01611, r_mart=5.4996, r_aust=0.13022
19000: t=949.997, cavg*=1.01611, r_mart=5.4996, r_aust=0.13022
19100: t=954.998, cavg*=1.01611, r_mart=5.4996, r_aust=0.130219
19200: t=959.998, cavg*=1.01611, r_mart=5.4996, r_aust=0.130219
19300: t=964.998, cavg*=1.01611, r_mart=5.4996, r_aust=0.130218
19400: t=969.998, cavg*=1.01611, r_mart=5.4996, r_aust=0.130218
19500: t=974.999, cavg*=1.01611, r_mart=5.4996, r_aust=0.130218
19600: t=979.999, cavg*=1.01611, r_mart=5.4996, r_aust=0.130217
19700: t=984.999, cavg*=1.01611, r_mart=5.4996, r_aust=0.130217
19800: t=989.999, cavg*=1.01611, r_mart=5.4996, r_aust=0.130217
19900: t=995.000, cavg*=1.01611, r_mart=5.4996, r_aust=0.130216
20000: t=1000.000, cavg*=1.01611, r_mart=5.4996, r_aust=0.130216
Time elapsed: 28.95 s

