mart_FoFo_CCEpara.log @ arthur-ltf
2018-06-20T09:24:17

c0 = 3.344140e-02 (approx 0.74 wt.%)
T_C = 375.0 [oC]
total_time = 2.0 [s]; n_time = 4000

mart: structure = bcc; E = 0.0 [J/mol]; type_D = 3 (pseudophase alpha + carbides)
      thermodynamical data: thermo/FoFo/TCFE8/375-bcc.txt
      z0 = -1.16 um; zn = -0.66 um; n = 20
aust: structure = fcc; E = 0.0 [J/mol]; type_D = 0 (comp.local)
      thermodynamical data: thermo/FoFo/TCFE8/375-fcc.txt
      z0 = -0.66 um; zn = 0.00 um; n = 100
intf: type_int = 1 (fixed.fluxes)

   10: t=0.005, cavg*=0.986269, r_mart=0.244484, r_aust=0.489631
   20: t=0.010, cavg*=1.00831, r_mart=0.222982, r_aust=0.489631
   30: t=0.015, cavg*=1.01512, r_mart=0.224506, r_aust=0.489631
   40: t=0.020, cavg*=1.01656, r_mart=0.226325, r_aust=0.489631
   50: t=0.025, cavg*=1.01848, r_mart=0.227402, r_aust=0.489631
   60: t=0.030, cavg*=1.01948, r_mart=0.228175, r_aust=0.489631
   70: t=0.035, cavg*=1.01975, r_mart=0.228626, r_aust=0.489631
   80: t=0.040, cavg*=1.02047, r_mart=0.229034, r_aust=0.489631
   90: t=0.045, cavg*=1.02119, r_mart=0.229387, r_aust=0.489631
  100: t=0.050, cavg*=1.02134, r_mart=0.229636, r_aust=0.489631
  110: t=0.055, cavg*=1.02141, r_mart=0.229828, r_aust=0.489631
  120: t=0.060, cavg*=1.02176, r_mart=0.230014, r_aust=0.489631
  130: t=0.065, cavg*=1.02221, r_mart=0.230194, r_aust=0.489631
  140: t=0.070, cavg*=1.02239, r_mart=0.230346, r_aust=0.489631
  150: t=0.075, cavg*=1.02237, r_mart=0.230465, r_aust=0.489631
  160: t=0.080, cavg*=1.0224, r_mart=0.230567, r_aust=0.489631
  170: t=0.085, cavg*=1.02261, r_mart=0.230668, r_aust=0.489631
  180: t=0.090, cavg*=1.02289, r_mart=0.230767, r_aust=0.489631
  190: t=0.095, cavg*=1.02305, r_mart=0.230861, r_aust=0.489631
  200: t=0.100, cavg*=1.02304, r_mart=0.230942, r_aust=0.489631
  210: t=0.105, cavg*=1.023, r_mart=0.231012, r_aust=0.489631
  220: t=0.110, cavg*=1.02303, r_mart=0.231075, r_aust=0.489631
  230: t=0.115, cavg*=1.02318, r_mart=0.231137, r_aust=0.489631
  240: t=0.120, cavg*=1.02336, r_mart=0.231199, r_aust=0.489631
  250: t=0.125, cavg*=1.02348, r_mart=0.23126, r_aust=0.489631
  260: t=0.130, cavg*=1.02349, r_mart=0.231318, r_aust=0.489631
  270: t=0.135, cavg*=1.02344, r_mart=0.23137, r_aust=0.489631
  280: t=0.140, cavg*=1.02342, r_mart=0.231418, r_aust=0.489631
  290: t=0.145, cavg*=1.02346, r_mart=0.231464, r_aust=0.489631
  300: t=0.150, cavg*=1.02356, r_mart=0.231509, r_aust=0.489631
  310: t=0.155, cavg*=1.02369, r_mart=0.231554, r_aust=0.489631
  320: t=0.160, cavg*=1.02377, r_mart=0.2316, r_aust=0.489631
  330: t=0.165, cavg*=1.02378, r_mart=0.231645, r_aust=0.489631
  340: t=0.170, cavg*=1.02374, r_mart=0.231689, r_aust=0.489631
  350: t=0.175, cavg*=1.02371, r_mart=0.231731, r_aust=0.489631
  360: t=0.180, cavg*=1.0237, r_mart=0.231771, r_aust=0.489631
  370: t=0.185, cavg*=1.02375, r_mart=0.231812, r_aust=0.489631
  380: t=0.190, cavg*=1.02383, r_mart=0.231852, r_aust=0.489631
  390: t=0.195, cavg*=1.02391, r_mart=0.231893, r_aust=0.489631
  400: t=0.200, cavg*=1.02397, r_mart=0.231934, r_aust=0.489631
  410: t=0.205, cavg*=1.02397, r_mart=0.231976, r_aust=0.489631
  420: t=0.210, cavg*=1.02394, r_mart=0.232019, r_aust=0.489631
  430: t=0.215, cavg*=1.02391, r_mart=0.23206, r_aust=0.489631
  440: t=0.220, cavg*=1.02389, r_mart=0.232102, r_aust=0.489631
  450: t=0.225, cavg*=1.0239, r_mart=0.232143, r_aust=0.489631
  460: t=0.230, cavg*=1.02395, r_mart=0.232185, r_aust=0.489631
  470: t=0.235, cavg*=1.02401, r_mart=0.232227, r_aust=0.489631
  480: t=0.240, cavg*=1.02407, r_mart=0.232271, r_aust=0.489631
  490: t=0.245, cavg*=1.0241, r_mart=0.232314, r_aust=0.489631
  500: t=0.250, cavg*=1.0241, r_mart=0.232359, r_aust=0.489631
  510: t=0.255, cavg*=1.02407, r_mart=0.232404, r_aust=0.489631
  520: t=0.260, cavg*=1.02404, r_mart=0.232449, r_aust=0.489631
  530: t=0.265, cavg*=1.02402, r_mart=0.232495, r_aust=0.489631
  540: t=0.270, cavg*=1.02402, r_mart=0.232541, r_aust=0.489631
  550: t=0.275, cavg*=1.02405, r_mart=0.232587, r_aust=0.489631
  560: t=0.280, cavg*=1.02409, r_mart=0.232634, r_aust=0.489631
  570: t=0.285, cavg*=1.02413, r_mart=0.232682, r_aust=0.489631
  580: t=0.290, cavg*=1.02417, r_mart=0.23273, r_aust=0.489631
  590: t=0.295, cavg*=1.02418, r_mart=0.232778, r_aust=0.489631
  600: t=0.300, cavg*=1.02418, r_mart=0.232828, r_aust=0.489631
  610: t=0.305, cavg*=1.02415, r_mart=0.232878, r_aust=0.489631
  620: t=0.310, cavg*=1.02413, r_mart=0.232928, r_aust=0.489631
  630: t=0.315, cavg*=1.02411, r_mart=0.232979, r_aust=0.489631
  640: t=0.320, cavg*=1.02411, r_mart=0.23303, r_aust=0.489631
  650: t=0.325, cavg*=1.02412, r_mart=0.233082, r_aust=0.489631
  660: t=0.330, cavg*=1.02415, r_mart=0.233134, r_aust=0.489631
  670: t=0.335, cavg*=1.02418, r_mart=0.233186, r_aust=0.489631
  680: t=0.340, cavg*=1.02421, r_mart=0.233239, r_aust=0.489631
  690: t=0.345, cavg*=1.02423, r_mart=0.233292, r_aust=0.489631
  700: t=0.350, cavg*=1.02423, r_mart=0.233346, r_aust=0.489631
  710: t=0.355, cavg*=1.02422, r_mart=0.2334, r_aust=0.489631
  720: t=0.360, cavg*=1.0242, r_mart=0.233455, r_aust=0.489631
  730: t=0.365, cavg*=1.02418, r_mart=0.23351, r_aust=0.489631
  740: t=0.370, cavg*=1.02417, r_mart=0.233566, r_aust=0.489631
  750: t=0.375, cavg*=1.02417, r_mart=0.233622, r_aust=0.489631
  760: t=0.380, cavg*=1.02417, r_mart=0.233678, r_aust=0.489631
  770: t=0.385, cavg*=1.02419, r_mart=0.233734, r_aust=0.489631
  780: t=0.390, cavg*=1.02421, r_mart=0.233791, r_aust=0.489631
  790: t=0.395, cavg*=1.02424, r_mart=0.233848, r_aust=0.489631
  800: t=0.400, cavg*=1.02426, r_mart=0.233905, r_aust=0.489631
  810: t=0.405, cavg*=1.02426, r_mart=0.233963, r_aust=0.489631
  820: t=0.410, cavg*=1.02426, r_mart=0.234021, r_aust=0.489631
  830: t=0.415, cavg*=1.02425, r_mart=0.234079, r_aust=0.489631
  840: t=0.420, cavg*=1.02423, r_mart=0.234137, r_aust=0.489631
  850: t=0.425, cavg*=1.02422, r_mart=0.234196, r_aust=0.489631
  860: t=0.430, cavg*=1.0242, r_mart=0.234255, r_aust=0.489631
  870: t=0.435, cavg*=1.0242, r_mart=0.234314, r_aust=0.489631
  880: t=0.440, cavg*=1.02421, r_mart=0.234373, r_aust=0.489631
  890: t=0.445, cavg*=1.02422, r_mart=0.234433, r_aust=0.489631
  900: t=0.450, cavg*=1.02424, r_mart=0.234493, r_aust=0.489631
  910: t=0.455, cavg*=1.02426, r_mart=0.234552, r_aust=0.489631
  920: t=0.460, cavg*=1.02427, r_mart=0.234612, r_aust=0.489631
  930: t=0.465, cavg*=1.02428, r_mart=0.234673, r_aust=0.489631
  940: t=0.470, cavg*=1.02428, r_mart=0.234733, r_aust=0.489631
  950: t=0.475, cavg*=1.02427, r_mart=0.234793, r_aust=0.489631
  960: t=0.480, cavg*=1.02426, r_mart=0.234854, r_aust=0.489631
  970: t=0.485, cavg*=1.02424, r_mart=0.234915, r_aust=0.489631
  980: t=0.490, cavg*=1.02423, r_mart=0.234976, r_aust=0.489631
  990: t=0.495, cavg*=1.02423, r_mart=0.235037, r_aust=0.489631
 1000: t=0.500, cavg*=1.02422, r_mart=0.235098, r_aust=0.489631
 1010: t=0.505, cavg*=1.02423, r_mart=0.235159, r_aust=0.489631
 1020: t=0.510, cavg*=1.02424, r_mart=0.23522, r_aust=0.489631
 1030: t=0.515, cavg*=1.02425, r_mart=0.235281, r_aust=0.489631
 1040: t=0.520, cavg*=1.02427, r_mart=0.235343, r_aust=0.489631
 1050: t=0.525, cavg*=1.02428, r_mart=0.235404, r_aust=0.489631
 1060: t=0.530, cavg*=1.02428, r_mart=0.235466, r_aust=0.489631
 1070: t=0.535, cavg*=1.02428, r_mart=0.235527, r_aust=0.489631
 1080: t=0.540, cavg*=1.02428, r_mart=0.235589, r_aust=0.489631
 1090: t=0.545, cavg*=1.02427, r_mart=0.23565, r_aust=0.489631
 1100: t=0.550, cavg*=1.02426, r_mart=0.235712, r_aust=0.489631
 1110: t=0.555, cavg*=1.02425, r_mart=0.235774, r_aust=0.489631
 1120: t=0.560, cavg*=1.02424, r_mart=0.235836, r_aust=0.489631
 1130: t=0.565, cavg*=1.02423, r_mart=0.235898, r_aust=0.489631
 1140: t=0.570, cavg*=1.02424, r_mart=0.235959, r_aust=0.489631
 1150: t=0.575, cavg*=1.02424, r_mart=0.236021, r_aust=0.489631
 1160: t=0.580, cavg*=1.02425, r_mart=0.236083, r_aust=0.489631
 1170: t=0.585, cavg*=1.02426, r_mart=0.236145, r_aust=0.489631
 1180: t=0.590, cavg*=1.02427, r_mart=0.236207, r_aust=0.489631
 1190: t=0.595, cavg*=1.02428, r_mart=0.236268, r_aust=0.489631
 1200: t=0.600, cavg*=1.02428, r_mart=0.23633, r_aust=0.489631
 1210: t=0.605, cavg*=1.02428, r_mart=0.236392, r_aust=0.489631
 1220: t=0.610, cavg*=1.02428, r_mart=0.236454, r_aust=0.489631
 1230: t=0.615, cavg*=1.02427, r_mart=0.236515, r_aust=0.489631
 1240: t=0.620, cavg*=1.02426, r_mart=0.236577, r_aust=0.489631
 1250: t=0.625, cavg*=1.02425, r_mart=0.236639, r_aust=0.489631
 1260: t=0.630, cavg*=1.02425, r_mart=0.236701, r_aust=0.489631
 1270: t=0.635, cavg*=1.02424, r_mart=0.236762, r_aust=0.489631
 1280: t=0.640, cavg*=1.02424, r_mart=0.236824, r_aust=0.489631
 1290: t=0.645, cavg*=1.02424, r_mart=0.236885, r_aust=0.489631
 1300: t=0.650, cavg*=1.02424, r_mart=0.236947, r_aust=0.489631
 1310: t=0.655, cavg*=1.02425, r_mart=0.237009, r_aust=0.489631
 1320: t=0.660, cavg*=1.02426, r_mart=0.23707, r_aust=0.489631
 1330: t=0.665, cavg*=1.02427, r_mart=0.237131, r_aust=0.489631
 1340: t=0.670, cavg*=1.02427, r_mart=0.237193, r_aust=0.489631
 1350: t=0.675, cavg*=1.02428, r_mart=0.237254, r_aust=0.489631
 1360: t=0.680, cavg*=1.02428, r_mart=0.237315, r_aust=0.489631
 1370: t=0.685, cavg*=1.02427, r_mart=0.237377, r_aust=0.489631
 1380: t=0.690, cavg*=1.02427, r_mart=0.237438, r_aust=0.489631
 1390: t=0.695, cavg*=1.02426, r_mart=0.237499, r_aust=0.489631
 1400: t=0.700, cavg*=1.02425, r_mart=0.23756, r_aust=0.489631
 1410: t=0.705, cavg*=1.02424, r_mart=0.237621, r_aust=0.489631
 1420: t=0.710, cavg*=1.02424, r_mart=0.237682, r_aust=0.489631
 1430: t=0.715, cavg*=1.02424, r_mart=0.237743, r_aust=0.489631
 1440: t=0.720, cavg*=1.02424, r_mart=0.237804, r_aust=0.489631
 1450: t=0.725, cavg*=1.02424, r_mart=0.237864, r_aust=0.489631
 1460: t=0.730, cavg*=1.02424, r_mart=0.237925, r_aust=0.489631
 1470: t=0.735, cavg*=1.02425, r_mart=0.237986, r_aust=0.489631
 1480: t=0.740, cavg*=1.02426, r_mart=0.238046, r_aust=0.489631
 1490: t=0.745, cavg*=1.02426, r_mart=0.238107, r_aust=0.489631
 1500: t=0.750, cavg*=1.02426, r_mart=0.238167, r_aust=0.489631
 1510: t=0.755, cavg*=1.02427, r_mart=0.238228, r_aust=0.489631
 1520: t=0.760, cavg*=1.02427, r_mart=0.238288, r_aust=0.489631
 1530: t=0.765, cavg*=1.02426, r_mart=0.238348, r_aust=0.489631
 1540: t=0.770, cavg*=1.02426, r_mart=0.238408, r_aust=0.489631
 1550: t=0.775, cavg*=1.02425, r_mart=0.238468, r_aust=0.489631
 1560: t=0.780, cavg*=1.02424, r_mart=0.238528, r_aust=0.489631
 1570: t=0.785, cavg*=1.02424, r_mart=0.238588, r_aust=0.489631
 1580: t=0.790, cavg*=1.02424, r_mart=0.238648, r_aust=0.489631
 1590: t=0.795, cavg*=1.02423, r_mart=0.238708, r_aust=0.489631
 1600: t=0.800, cavg*=1.02423, r_mart=0.238767, r_aust=0.489631
 1610: t=0.805, cavg*=1.02423, r_mart=0.238827, r_aust=0.489631
 1620: t=0.810, cavg*=1.02424, r_mart=0.238886, r_aust=0.489631
 1630: t=0.815, cavg*=1.02424, r_mart=0.238946, r_aust=0.489631
 1640: t=0.820, cavg*=1.02425, r_mart=0.239005, r_aust=0.489631
 1650: t=0.825, cavg*=1.02425, r_mart=0.239064, r_aust=0.489631
 1660: t=0.830, cavg*=1.02425, r_mart=0.239124, r_aust=0.489631
 1670: t=0.835, cavg*=1.02425, r_mart=0.239183, r_aust=0.489631
 1680: t=0.840, cavg*=1.02425, r_mart=0.239242, r_aust=0.489631
 1690: t=0.845, cavg*=1.02425, r_mart=0.239301, r_aust=0.489631
 1700: t=0.850, cavg*=1.02425, r_mart=0.23936, r_aust=0.489631
 1710: t=0.855, cavg*=1.02425, r_mart=0.239418, r_aust=0.489631
 1720: t=0.860, cavg*=1.02424, r_mart=0.239477, r_aust=0.489631
 1730: t=0.865, cavg*=1.02424, r_mart=0.239536, r_aust=0.489631
 1740: t=0.870, cavg*=1.02423, r_mart=0.239594, r_aust=0.489631
 1750: t=0.875, cavg*=1.02423, r_mart=0.239653, r_aust=0.489631
 1760: t=0.880, cavg*=1.02423, r_mart=0.239711, r_aust=0.489631
 1770: t=0.885, cavg*=1.02423, r_mart=0.239769, r_aust=0.489631
 1780: t=0.890, cavg*=1.02423, r_mart=0.239828, r_aust=0.489631
 1790: t=0.895, cavg*=1.02423, r_mart=0.239886, r_aust=0.489631
 1800: t=0.900, cavg*=1.02423, r_mart=0.239944, r_aust=0.489631
 1810: t=0.905, cavg*=1.02423, r_mart=0.240002, r_aust=0.489631
 1820: t=0.910, cavg*=1.02424, r_mart=0.24006, r_aust=0.489631
 1830: t=0.915, cavg*=1.02424, r_mart=0.240117, r_aust=0.489631
 1840: t=0.920, cavg*=1.02424, r_mart=0.240175, r_aust=0.489631
 1850: t=0.925, cavg*=1.02424, r_mart=0.240233, r_aust=0.489631
 1860: t=0.930, cavg*=1.02424, r_mart=0.24029, r_aust=0.489631
 1870: t=0.935, cavg*=1.02424, r_mart=0.240348, r_aust=0.489631
 1880: t=0.940, cavg*=1.02424, r_mart=0.240405, r_aust=0.489631
 1890: t=0.945, cavg*=1.02423, r_mart=0.240462, r_aust=0.489631
 1900: t=0.950, cavg*=1.02423, r_mart=0.24052, r_aust=0.489631
 1910: t=0.955, cavg*=1.02422, r_mart=0.240577, r_aust=0.489631
 1920: t=0.960, cavg*=1.02422, r_mart=0.240634, r_aust=0.489631
 1930: t=0.965, cavg*=1.02422, r_mart=0.240691, r_aust=0.489631
 1940: t=0.970, cavg*=1.02422, r_mart=0.240748, r_aust=0.489631
 1950: t=0.975, cavg*=1.02422, r_mart=0.240804, r_aust=0.489631
 1960: t=0.980, cavg*=1.02422, r_mart=0.240861, r_aust=0.489631
 1970: t=0.985, cavg*=1.02422, r_mart=0.240918, r_aust=0.489631
 1980: t=0.990, cavg*=1.02422, r_mart=0.240974, r_aust=0.489631
 1990: t=0.995, cavg*=1.02422, r_mart=0.241031, r_aust=0.489631
 2000: t=1.000, cavg*=1.02423, r_mart=0.241087, r_aust=0.489631
 2010: t=1.005, cavg*=1.02423, r_mart=0.241143, r_aust=0.489631
 2020: t=1.010, cavg*=1.02423, r_mart=0.2412, r_aust=0.489631
 2030: t=1.015, cavg*=1.02423, r_mart=0.241256, r_aust=0.489631
 2040: t=1.020, cavg*=1.02423, r_mart=0.241312, r_aust=0.489631
 2050: t=1.025, cavg*=1.02423, r_mart=0.241368, r_aust=0.489631
 2060: t=1.030, cavg*=1.02423, r_mart=0.241424, r_aust=0.489631
 2070: t=1.035, cavg*=1.02422, r_mart=0.241479, r_aust=0.489631
 2080: t=1.040, cavg*=1.02422, r_mart=0.241535, r_aust=0.489631
 2090: t=1.045, cavg*=1.02422, r_mart=0.241591, r_aust=0.489631
 2100: t=1.050, cavg*=1.02421, r_mart=0.241646, r_aust=0.489631
 2110: t=1.055, cavg*=1.02421, r_mart=0.241702, r_aust=0.489631
 2120: t=1.060, cavg*=1.02421, r_mart=0.241757, r_aust=0.489631
 2130: t=1.065, cavg*=1.02421, r_mart=0.241812, r_aust=0.489631
 2140: t=1.070, cavg*=1.02421, r_mart=0.241868, r_aust=0.489631
 2150: t=1.075, cavg*=1.02421, r_mart=0.241923, r_aust=0.489631
 2160: t=1.080, cavg*=1.02421, r_mart=0.241978, r_aust=0.489631
 2170: t=1.085, cavg*=1.02421, r_mart=0.242033, r_aust=0.489631
 2180: t=1.090, cavg*=1.02421, r_mart=0.242088, r_aust=0.489631
 2190: t=1.095, cavg*=1.02422, r_mart=0.242143, r_aust=0.489631
 2200: t=1.100, cavg*=1.02422, r_mart=0.242197, r_aust=0.489631
 2210: t=1.105, cavg*=1.02422, r_mart=0.242252, r_aust=0.489631
 2220: t=1.110, cavg*=1.02422, r_mart=0.242307, r_aust=0.489631
 2230: t=1.115, cavg*=1.02422, r_mart=0.242361, r_aust=0.489631
 2240: t=1.120, cavg*=1.02422, r_mart=0.242415, r_aust=0.489631
 2250: t=1.125, cavg*=1.02422, r_mart=0.24247, r_aust=0.489631
 2260: t=1.130, cavg*=1.02421, r_mart=0.242524, r_aust=0.489631
 2270: t=1.135, cavg*=1.02421, r_mart=0.242578, r_aust=0.489631
 2280: t=1.140, cavg*=1.02421, r_mart=0.242632, r_aust=0.489631
 2290: t=1.145, cavg*=1.0242, r_mart=0.242686, r_aust=0.489631
 2300: t=1.150, cavg*=1.0242, r_mart=0.24274, r_aust=0.489631
 2310: t=1.155, cavg*=1.0242, r_mart=0.242794, r_aust=0.489631
 2320: t=1.160, cavg*=1.0242, r_mart=0.242848, r_aust=0.489631
 2330: t=1.165, cavg*=1.0242, r_mart=0.242902, r_aust=0.489631
 2340: t=1.170, cavg*=1.0242, r_mart=0.242955, r_aust=0.489631
 2350: t=1.175, cavg*=1.0242, r_mart=0.243009, r_aust=0.489631
 2360: t=1.180, cavg*=1.0242, r_mart=0.243062, r_aust=0.489631
 2370: t=1.185, cavg*=1.0242, r_mart=0.243116, r_aust=0.489631
 2380: t=1.190, cavg*=1.0242, r_mart=0.243169, r_aust=0.489631
 2390: t=1.195, cavg*=1.0242, r_mart=0.243222, r_aust=0.489631
 2400: t=1.200, cavg*=1.02421, r_mart=0.243275, r_aust=0.489631
 2410: t=1.205, cavg*=1.02421, r_mart=0.243329, r_aust=0.489631
 2420: t=1.210, cavg*=1.02421, r_mart=0.243382, r_aust=0.489631
 2430: t=1.215, cavg*=1.02421, r_mart=0.243435, r_aust=0.489631
 2440: t=1.220, cavg*=1.02421, r_mart=0.243487, r_aust=0.489631
 2450: t=1.225, cavg*=1.0242, r_mart=0.24354, r_aust=0.489631
 2460: t=1.230, cavg*=1.0242, r_mart=0.243593, r_aust=0.489631
 2470: t=1.235, cavg*=1.0242, r_mart=0.243646, r_aust=0.489631
 2480: t=1.240, cavg*=1.0242, r_mart=0.243698, r_aust=0.489631
 2490: t=1.245, cavg*=1.0242, r_mart=0.243751, r_aust=0.489631
 2500: t=1.250, cavg*=1.02419, r_mart=0.243803, r_aust=0.489631
 2510: t=1.255, cavg*=1.02419, r_mart=0.243855, r_aust=0.489631
 2520: t=1.260, cavg*=1.02419, r_mart=0.243908, r_aust=0.489631
 2530: t=1.265, cavg*=1.02419, r_mart=0.24396, r_aust=0.489631
 2540: t=1.270, cavg*=1.02419, r_mart=0.244012, r_aust=0.489631
 2550: t=1.275, cavg*=1.02419, r_mart=0.244064, r_aust=0.489631
 2560: t=1.280, cavg*=1.02419, r_mart=0.244116, r_aust=0.489631
 2570: t=1.285, cavg*=1.02419, r_mart=0.244168, r_aust=0.489631
 2580: t=1.290, cavg*=1.02419, r_mart=0.24422, r_aust=0.489631
 2590: t=1.295, cavg*=1.02419, r_mart=0.244272, r_aust=0.489631
 2600: t=1.300, cavg*=1.02419, r_mart=0.244323, r_aust=0.489631
 2610: t=1.305, cavg*=1.0242, r_mart=0.244375, r_aust=0.489631
 2620: t=1.310, cavg*=1.0242, r_mart=0.244427, r_aust=0.489631
 2630: t=1.315, cavg*=1.0242, r_mart=0.244478, r_aust=0.489631
 2640: t=1.320, cavg*=1.0242, r_mart=0.24453, r_aust=0.489631
 2650: t=1.325, cavg*=1.02419, r_mart=0.244581, r_aust=0.489631
 2660: t=1.330, cavg*=1.02419, r_mart=0.244632, r_aust=0.489631
 2670: t=1.335, cavg*=1.02419, r_mart=0.244683, r_aust=0.489631
 2680: t=1.340, cavg*=1.02419, r_mart=0.244735, r_aust=0.489631
 2690: t=1.345, cavg*=1.02419, r_mart=0.244786, r_aust=0.489631
 2700: t=1.350, cavg*=1.02419, r_mart=0.244837, r_aust=0.489631
 2710: t=1.355, cavg*=1.02418, r_mart=0.244888, r_aust=0.489631
 2720: t=1.360, cavg*=1.02418, r_mart=0.244938, r_aust=0.489631
 2730: t=1.365, cavg*=1.02418, r_mart=0.244989, r_aust=0.489631
 2740: t=1.370, cavg*=1.02418, r_mart=0.24504, r_aust=0.489631
 2750: t=1.375, cavg*=1.02418, r_mart=0.245091, r_aust=0.489631
 2760: t=1.380, cavg*=1.02419, r_mart=0.245128, r_aust=0.489644
 2770: t=1.385, cavg*=1.02421, r_mart=0.245129, r_aust=0.486835
 2780: t=1.390, cavg*=1.02423, r_mart=0.245131, r_aust=0.483863
 2790: t=1.395, cavg*=1.02425, r_mart=0.245132, r_aust=0.480842
 2800: t=1.400, cavg*=1.02427, r_mart=0.245134, r_aust=0.477804
 2810: t=1.405, cavg*=1.02429, r_mart=0.245136, r_aust=0.474762
 2820: t=1.410, cavg*=1.02431, r_mart=0.245137, r_aust=0.471725
 2830: t=1.415, cavg*=1.02433, r_mart=0.245139, r_aust=0.468698
 2840: t=1.420, cavg*=1.02435, r_mart=0.24514, r_aust=0.465683
 2850: t=1.425, cavg*=1.02436, r_mart=0.245142, r_aust=0.462681
 2860: t=1.430, cavg*=1.02438, r_mart=0.245144, r_aust=0.459695
 2870: t=1.435, cavg*=1.0244, r_mart=0.245145, r_aust=0.456725
 2880: t=1.440, cavg*=1.02441, r_mart=0.245147, r_aust=0.453771
 2890: t=1.445, cavg*=1.02443, r_mart=0.245148, r_aust=0.450834
 2900: t=1.450, cavg*=1.02444, r_mart=0.24515, r_aust=0.447915
 2910: t=1.455, cavg*=1.02446, r_mart=0.245152, r_aust=0.445013
 2920: t=1.460, cavg*=1.02447, r_mart=0.245153, r_aust=0.442128
 2930: t=1.465, cavg*=1.02448, r_mart=0.245155, r_aust=0.439261
 2940: t=1.470, cavg*=1.0245, r_mart=0.245156, r_aust=0.436411
 2950: t=1.475, cavg*=1.02451, r_mart=0.245158, r_aust=0.433579
 2960: t=1.480, cavg*=1.02453, r_mart=0.245159, r_aust=0.430765
 2970: t=1.485, cavg*=1.02454, r_mart=0.245161, r_aust=0.427967
 2980: t=1.490, cavg*=1.02456, r_mart=0.245163, r_aust=0.425188
 2990: t=1.495, cavg*=1.02457, r_mart=0.245164, r_aust=0.422425
 3000: t=1.500, cavg*=1.02459, r_mart=0.245166, r_aust=0.41968
 3010: t=1.505, cavg*=1.0246, r_mart=0.245167, r_aust=0.416953
 3020: t=1.510, cavg*=1.02462, r_mart=0.245169, r_aust=0.414243
 3030: t=1.515, cavg*=1.02463, r_mart=0.24517, r_aust=0.41155
 3040: t=1.520, cavg*=1.02465, r_mart=0.245172, r_aust=0.408875
 3050: t=1.525, cavg*=1.02466, r_mart=0.245173, r_aust=0.406217
 3060: t=1.530, cavg*=1.02468, r_mart=0.245175, r_aust=0.403576
 3070: t=1.535, cavg*=1.02469, r_mart=0.245176, r_aust=0.400953
 3080: t=1.540, cavg*=1.0247, r_mart=0.245178, r_aust=0.398348
 3090: t=1.545, cavg*=1.02471, r_mart=0.245179, r_aust=0.39576
 3100: t=1.550, cavg*=1.02473, r_mart=0.245181, r_aust=0.393189
 3110: t=1.555, cavg*=1.02474, r_mart=0.245182, r_aust=0.390636
 3120: t=1.560, cavg*=1.02475, r_mart=0.245184, r_aust=0.388101
 3130: t=1.565, cavg*=1.02476, r_mart=0.245185, r_aust=0.385583
 3140: t=1.570, cavg*=1.02477, r_mart=0.245187, r_aust=0.383084
 3150: t=1.575, cavg*=1.02478, r_mart=0.245188, r_aust=0.380601
 3160: t=1.580, cavg*=1.02479, r_mart=0.24519, r_aust=0.378137
 3170: t=1.585, cavg*=1.02481, r_mart=0.245191, r_aust=0.375691
 3180: t=1.590, cavg*=1.02482, r_mart=0.245192, r_aust=0.373262
 3190: t=1.595, cavg*=1.02483, r_mart=0.245194, r_aust=0.370851
 3200: t=1.600, cavg*=1.02484, r_mart=0.245195, r_aust=0.368458
 3210: t=1.605, cavg*=1.02485, r_mart=0.245197, r_aust=0.366083
 3220: t=1.610, cavg*=1.02486, r_mart=0.245198, r_aust=0.363726
 3230: t=1.615, cavg*=1.02487, r_mart=0.2452, r_aust=0.361387
 3240: t=1.620, cavg*=1.02488, r_mart=0.245201, r_aust=0.359065
 3250: t=1.625, cavg*=1.0249, r_mart=0.245202, r_aust=0.356762
 3260: t=1.630, cavg*=1.02491, r_mart=0.245204, r_aust=0.354477
 3270: t=1.635, cavg*=1.02492, r_mart=0.245205, r_aust=0.352209
 3280: t=1.640, cavg*=1.02493, r_mart=0.245207, r_aust=0.34996
 3290: t=1.645, cavg*=1.02494, r_mart=0.245208, r_aust=0.347728
 3300: t=1.650, cavg*=1.02495, r_mart=0.245209, r_aust=0.345514
 3310: t=1.655, cavg*=1.02496, r_mart=0.245211, r_aust=0.343318
 3320: t=1.660, cavg*=1.02497, r_mart=0.245212, r_aust=0.34114
 3330: t=1.665, cavg*=1.02498, r_mart=0.245214, r_aust=0.33898
 3340: t=1.670, cavg*=1.02499, r_mart=0.245215, r_aust=0.336837
 3350: t=1.675, cavg*=1.02499, r_mart=0.245216, r_aust=0.334713
 3360: t=1.680, cavg*=1.025, r_mart=0.245218, r_aust=0.332605
 3370: t=1.685, cavg*=1.02501, r_mart=0.245219, r_aust=0.330516
 3380: t=1.690, cavg*=1.02502, r_mart=0.24522, r_aust=0.328444
 3390: t=1.695, cavg*=1.02503, r_mart=0.245222, r_aust=0.326389
 3400: t=1.700, cavg*=1.02504, r_mart=0.245223, r_aust=0.324352
 3410: t=1.705, cavg*=1.02504, r_mart=0.245224, r_aust=0.322332
 3420: t=1.710, cavg*=1.02505, r_mart=0.245225, r_aust=0.320329
 3430: t=1.715, cavg*=1.02506, r_mart=0.245227, r_aust=0.318343
 3440: t=1.720, cavg*=1.02507, r_mart=0.245228, r_aust=0.316375
 3450: t=1.725, cavg*=1.02508, r_mart=0.245229, r_aust=0.314424
 3460: t=1.730, cavg*=1.02508, r_mart=0.245231, r_aust=0.312489
 3470: t=1.735, cavg*=1.02509, r_mart=0.245232, r_aust=0.310571
 3480: t=1.740, cavg*=1.0251, r_mart=0.245233, r_aust=0.30867
 3490: t=1.745, cavg*=1.02511, r_mart=0.245234, r_aust=0.306786
 3500: t=1.750, cavg*=1.02512, r_mart=0.245236, r_aust=0.304918
 3510: t=1.755, cavg*=1.02512, r_mart=0.245237, r_aust=0.303067
 3520: t=1.760, cavg*=1.02513, r_mart=0.245238, r_aust=0.301232
 3530: t=1.765, cavg*=1.02514, r_mart=0.245239, r_aust=0.299414
 3540: t=1.770, cavg*=1.02515, r_mart=0.24524, r_aust=0.297611
 3550: t=1.775, cavg*=1.02515, r_mart=0.245242, r_aust=0.295825
 3560: t=1.780, cavg*=1.02516, r_mart=0.245243, r_aust=0.294054
 3570: t=1.785, cavg*=1.02517, r_mart=0.245244, r_aust=0.292299
 3580: t=1.790, cavg*=1.02517, r_mart=0.245245, r_aust=0.29056
 3590: t=1.795, cavg*=1.02518, r_mart=0.245246, r_aust=0.288837
 3600: t=1.800, cavg*=1.02519, r_mart=0.245248, r_aust=0.287129
 3610: t=1.805, cavg*=1.02519, r_mart=0.245249, r_aust=0.285437
 3620: t=1.810, cavg*=1.0252, r_mart=0.24525, r_aust=0.28376
 3630: t=1.815, cavg*=1.0252, r_mart=0.245251, r_aust=0.282098
 3640: t=1.820, cavg*=1.02521, r_mart=0.245252, r_aust=0.280451
 3650: t=1.825, cavg*=1.02522, r_mart=0.245253, r_aust=0.278819
 3660: t=1.830, cavg*=1.02522, r_mart=0.245254, r_aust=0.277201
 3670: t=1.835, cavg*=1.02523, r_mart=0.245256, r_aust=0.275599
 3680: t=1.840, cavg*=1.02523, r_mart=0.245257, r_aust=0.274011
 3690: t=1.845, cavg*=1.02524, r_mart=0.245258, r_aust=0.272437
 3700: t=1.850, cavg*=1.02524, r_mart=0.245259, r_aust=0.270878
 3710: t=1.855, cavg*=1.02525, r_mart=0.24526, r_aust=0.269332
 3720: t=1.860, cavg*=1.02526, r_mart=0.245261, r_aust=0.267801
 3730: t=1.865, cavg*=1.02526, r_mart=0.245262, r_aust=0.266284
 3740: t=1.870, cavg*=1.02527, r_mart=0.245263, r_aust=0.264781
 3750: t=1.875, cavg*=1.02527, r_mart=0.245264, r_aust=0.263292
 3760: t=1.880, cavg*=1.02528, r_mart=0.245265, r_aust=0.261816
 3770: t=1.885, cavg*=1.02528, r_mart=0.245266, r_aust=0.260353
 3780: t=1.890, cavg*=1.02529, r_mart=0.245267, r_aust=0.258904
 3790: t=1.895, cavg*=1.02529, r_mart=0.245269, r_aust=0.257469
 3800: t=1.900, cavg*=1.0253, r_mart=0.24527, r_aust=0.256046
 3810: t=1.905, cavg*=1.0253, r_mart=0.245271, r_aust=0.254636
 3820: t=1.910, cavg*=1.02531, r_mart=0.245272, r_aust=0.25324
 3830: t=1.915, cavg*=1.02531, r_mart=0.245273, r_aust=0.251856
 3840: t=1.920, cavg*=1.02532, r_mart=0.245274, r_aust=0.250484
 3850: t=1.925, cavg*=1.02532, r_mart=0.245275, r_aust=0.249125
 3860: t=1.930, cavg*=1.02533, r_mart=0.245276, r_aust=0.247779
 3870: t=1.935, cavg*=1.02533, r_mart=0.245277, r_aust=0.246445
 3880: t=1.940, cavg*=1.02534, r_mart=0.245278, r_aust=0.245123
 3890: t=1.945, cavg*=1.02534, r_mart=0.245279, r_aust=0.243813
 3900: t=1.950, cavg*=1.02534, r_mart=0.24528, r_aust=0.242515
 3910: t=1.955, cavg*=1.02535, r_mart=0.245281, r_aust=0.241229
 3920: t=1.960, cavg*=1.02535, r_mart=0.245281, r_aust=0.239955
 3930: t=1.965, cavg*=1.02536, r_mart=0.245282, r_aust=0.238692
 3940: t=1.970, cavg*=1.02536, r_mart=0.245283, r_aust=0.237441
 3950: t=1.975, cavg*=1.02536, r_mart=0.245284, r_aust=0.236201
 3960: t=1.980, cavg*=1.02537, r_mart=0.245285, r_aust=0.234973
 3970: t=1.985, cavg*=1.02537, r_mart=0.245286, r_aust=0.233755
 3980: t=1.990, cavg*=1.02538, r_mart=0.245287, r_aust=0.232549
 3990: t=1.995, cavg*=1.02538, r_mart=0.245288, r_aust=0.231353
 4000: t=2.000, cavg*=1.02538, r_mart=0.245289, r_aust=0.230169
Time elapsed: 6.29 s

mart_FoFo_CCEpara.log @ arthur-ltf
2018-06-20T09:24:23

c0 = 3.344140e-02 (approx 0.74 wt.%)
T_C = 375.0 [oC]
total_time = 2.0 [s]; n_time = 199600

mart: structure = bcc; E = 0.0 [J/mol]; type_D = 0 (comp.local)
      thermodynamical data: thermo/FoFo/TCFE8/375-bcc.txt
      z0 = -1.16 um; zn = -0.66 um; n = 10
aust: structure = fcc; E = 0.0 [J/mol]; type_D = 0 (comp.local)
      thermodynamical data: thermo/FoFo/TCFE8/375-fcc.txt
      z0 = -0.66 um; zn = 0.00 um; n = 100
intf: type_int = 1 (fixed.fluxes)

 4200: t=3.000, cavg*=1.02772, r_mart=0.54996, r_aust=1.17928
 4400: t=4.000, cavg*=1.02819, r_mart=0.54996, r_aust=0.821561
 4600: t=5.000, cavg*=1.0283, r_mart=0.54996, r_aust=0.650495
 4800: t=6.000, cavg*=1.02831, r_mart=0.54996, r_aust=0.548091
 5000: t=7.000, cavg*=1.02829, r_mart=0.54996, r_aust=0.479005
 5200: t=8.000, cavg*=1.02825, r_mart=0.54996, r_aust=0.428817
 5400: t=9.000, cavg*=1.0282, r_mart=0.54996, r_aust=0.390468
 5600: t=10.000, cavg*=1.02815, r_mart=0.54996, r_aust=0.360066
 5800: t=11.000, cavg*=1.0281, r_mart=0.54996, r_aust=0.335282
 6000: t=12.000, cavg*=1.02805, r_mart=0.54996, r_aust=0.314628
 6200: t=13.000, cavg*=1.028, r_mart=0.54996, r_aust=0.297107
 6400: t=14.000, cavg*=1.02796, r_mart=0.54996, r_aust=0.282025
 6600: t=15.000, cavg*=1.02791, r_mart=0.54996, r_aust=0.268882
 6800: t=16.000, cavg*=1.02787, r_mart=0.54996, r_aust=0.257308
 7000: t=17.000, cavg*=1.02783, r_mart=0.54996, r_aust=0.247026
 7200: t=18.000, cavg*=1.02779, r_mart=0.54996, r_aust=0.237818
 7400: t=19.000, cavg*=1.02775, r_mart=0.54996, r_aust=0.229516
 7600: t=20.000, cavg*=1.02772, r_mart=0.54996, r_aust=0.221986
 7800: t=21.000, cavg*=1.02768, r_mart=0.54996, r_aust=0.215118
 8000: t=22.000, cavg*=1.02765, r_mart=0.54996, r_aust=0.208825
 8200: t=23.000, cavg*=1.02762, r_mart=0.54996, r_aust=0.203032
 8400: t=24.000, cavg*=1.02759, r_mart=0.54996, r_aust=0.19768
 8600: t=25.000, cavg*=1.02756, r_mart=0.54996, r_aust=0.192716
 8800: t=26.000, cavg*=1.02753, r_mart=0.54996, r_aust=0.188098
 9000: t=27.000, cavg*=1.0275, r_mart=0.54996, r_aust=0.183788
 9200: t=28.000, cavg*=1.02747, r_mart=0.54996, r_aust=0.179755
 9400: t=29.000, cavg*=1.02745, r_mart=0.54996, r_aust=0.17597
 9600: t=30.000, cavg*=1.02742, r_mart=0.54996, r_aust=0.172412
 9800: t=31.000, cavg*=1.0274, r_mart=0.54996, r_aust=0.169057
10000: t=32.000, cavg*=1.02737, r_mart=0.54996, r_aust=0.16589
10200: t=33.000, cavg*=1.02735, r_mart=0.54996, r_aust=0.162892
10400: t=34.000, cavg*=1.02733, r_mart=0.54996, r_aust=0.16005
10600: t=35.000, cavg*=1.02731, r_mart=0.54996, r_aust=0.157352
10800: t=36.000, cavg*=1.02728, r_mart=0.54996, r_aust=0.154786
11000: t=37.000, cavg*=1.02726, r_mart=0.54996, r_aust=0.152341
11200: t=38.000, cavg*=1.02724, r_mart=0.54996, r_aust=0.150009
11400: t=39.000, cavg*=1.02722, r_mart=0.54996, r_aust=0.147783
11600: t=40.000, cavg*=1.0272, r_mart=0.54996, r_aust=0.145653
11800: t=41.000, cavg*=1.02718, r_mart=0.54996, r_aust=0.143614
12000: t=42.000, cavg*=1.02717, r_mart=0.54996, r_aust=0.14166
12200: t=43.000, cavg*=1.02715, r_mart=0.54996, r_aust=0.139785
12400: t=44.000, cavg*=1.02713, r_mart=0.54996, r_aust=0.137984
12600: t=45.000, cavg*=1.02711, r_mart=0.54996, r_aust=0.136252
12800: t=46.000, cavg*=1.0271, r_mart=0.54996, r_aust=0.134586
13000: t=47.000, cavg*=1.02708, r_mart=0.54996, r_aust=0.132981
13200: t=48.000, cavg*=1.02706, r_mart=0.54996, r_aust=0.131434
13400: t=49.000, cavg*=1.02705, r_mart=0.54996, r_aust=0.129941
13600: t=50.000, cavg*=1.02703, r_mart=0.54996, r_aust=0.1285
13800: t=51.000, cavg*=1.02702, r_mart=0.54996, r_aust=0.127107
14000: t=52.000, cavg*=1.027, r_mart=0.54996, r_aust=0.125761
14200: t=53.000, cavg*=1.02699, r_mart=0.54996, r_aust=0.124458
14400: t=54.000, cavg*=1.02697, r_mart=0.54996, r_aust=0.123197
14600: t=55.000, cavg*=1.02696, r_mart=0.54996, r_aust=0.121974
14800: t=56.000, cavg*=1.02694, r_mart=0.54996, r_aust=0.12079
15000: t=57.000, cavg*=1.02693, r_mart=0.54996, r_aust=0.119641
15200: t=58.000, cavg*=1.02692, r_mart=0.54996, r_aust=0.118525
15400: t=59.000, cavg*=1.0269, r_mart=0.54996, r_aust=0.117442
15600: t=60.000, cavg*=1.02689, r_mart=0.54996, r_aust=0.11639
15800: t=61.000, cavg*=1.02688, r_mart=0.54996, r_aust=0.115367
16000: t=62.000, cavg*=1.02687, r_mart=0.54996, r_aust=0.114373
16200: t=63.000, cavg*=1.02685, r_mart=0.54996, r_aust=0.113405
16400: t=64.000, cavg*=1.02684, r_mart=0.54996, r_aust=0.112463
16600: t=65.000, cavg*=1.02683, r_mart=0.54996, r_aust=0.111545
16800: t=66.000, cavg*=1.02682, r_mart=0.54996, r_aust=0.110652
17000: t=67.000, cavg*=1.02681, r_mart=0.54996, r_aust=0.10978
17200: t=68.000, cavg*=1.02679, r_mart=0.54996, r_aust=0.108931
17400: t=69.000, cavg*=1.02678, r_mart=0.54996, r_aust=0.108102
17600: t=70.000, cavg*=1.02677, r_mart=0.54996, r_aust=0.107294
17800: t=71.000, cavg*=1.02676, r_mart=0.54996, r_aust=0.106505
18000: t=72.000, cavg*=1.02675, r_mart=0.54996, r_aust=0.105734
18200: t=73.000, cavg*=1.02674, r_mart=0.54996, r_aust=0.104981
18400: t=74.000, cavg*=1.02673, r_mart=0.54996, r_aust=0.104245
18600: t=75.000, cavg*=1.02672, r_mart=0.54996, r_aust=0.103526
18800: t=76.000, cavg*=1.02671, r_mart=0.54996, r_aust=0.102823
19000: t=77.000, cavg*=1.0267, r_mart=0.54996, r_aust=0.102135
19200: t=78.000, cavg*=1.02669, r_mart=0.54996, r_aust=0.101462
19400: t=79.000, cavg*=1.02668, r_mart=0.54996, r_aust=0.100804
19600: t=80.000, cavg*=1.02667, r_mart=0.54996, r_aust=0.100159
19800: t=81.000, cavg*=1.02666, r_mart=0.54996, r_aust=0.0995277
20000: t=82.000, cavg*=1.02665, r_mart=0.54996, r_aust=0.0989093
20200: t=83.000, cavg*=1.02664, r_mart=0.54996, r_aust=0.0983034
20400: t=84.000, cavg*=1.02663, r_mart=0.54996, r_aust=0.0977097
20600: t=85.000, cavg*=1.02662, r_mart=0.54996, r_aust=0.0971277
20800: t=86.000, cavg*=1.02661, r_mart=0.54996, r_aust=0.0965571
21000: t=87.000, cavg*=1.02661, r_mart=0.54996, r_aust=0.0959974
21200: t=88.000, cavg*=1.0266, r_mart=0.54996, r_aust=0.0954484
21400: t=89.000, cavg*=1.02659, r_mart=0.54996, r_aust=0.0949098
21600: t=90.000, cavg*=1.02658, r_mart=0.54996, r_aust=0.0943812
21800: t=91.000, cavg*=1.02657, r_mart=0.54996, r_aust=0.0938623
22000: t=92.000, cavg*=1.02656, r_mart=0.54996, r_aust=0.0933528
22200: t=93.000, cavg*=1.02656, r_mart=0.54996, r_aust=0.0928526
22400: t=94.000, cavg*=1.02655, r_mart=0.54996, r_aust=0.0923613
22600: t=95.000, cavg*=1.02654, r_mart=0.54996, r_aust=0.0918786
22800: t=96.000, cavg*=1.02653, r_mart=0.54996, r_aust=0.0914043
23000: t=97.000, cavg*=1.02652, r_mart=0.54996, r_aust=0.0909382
23200: t=98.000, cavg*=1.02652, r_mart=0.54996, r_aust=0.0904801
23400: t=99.000, cavg*=1.02651, r_mart=0.54996, r_aust=0.0900297
23600: t=100.000, cavg*=1.0265, r_mart=0.54996, r_aust=0.0895868
23800: t=101.000, cavg*=1.02649, r_mart=0.54996, r_aust=0.0891512
24000: t=102.000, cavg*=1.02649, r_mart=0.54996, r_aust=0.0887229
24200: t=103.000, cavg*=1.02648, r_mart=0.54996, r_aust=0.0883015
24400: t=104.000, cavg*=1.02647, r_mart=0.54996, r_aust=0.0878869
24600: t=105.000, cavg*=1.02646, r_mart=0.54996, r_aust=0.0874789
24800: t=106.000, cavg*=1.02646, r_mart=0.54996, r_aust=0.0870773
25000: t=107.000, cavg*=1.02645, r_mart=0.54996, r_aust=0.086682
25200: t=108.000, cavg*=1.02644, r_mart=0.54996, r_aust=0.0862928
25400: t=109.000, cavg*=1.02644, r_mart=0.54996, r_aust=0.0859096
25600: t=110.000, cavg*=1.02643, r_mart=0.54996, r_aust=0.0855322
25800: t=111.000, cavg*=1.02642, r_mart=0.54996, r_aust=0.0851606
26000: t=112.000, cavg*=1.02642, r_mart=0.54996, r_aust=0.0847946
26200: t=113.000, cavg*=1.02641, r_mart=0.54996, r_aust=0.084434
26400: t=114.000, cavg*=1.0264, r_mart=0.54996, r_aust=0.0840787
26600: t=115.000, cavg*=1.0264, r_mart=0.54996, r_aust=0.0837286
26800: t=116.000, cavg*=1.02639, r_mart=0.54996, r_aust=0.0833836
27000: t=117.000, cavg*=1.02638, r_mart=0.54996, r_aust=0.0830435
27200: t=118.000, cavg*=1.02638, r_mart=0.54996, r_aust=0.0827083
27400: t=119.000, cavg*=1.02637, r_mart=0.54996, r_aust=0.0823779
27600: t=120.000, cavg*=1.02636, r_mart=0.54996, r_aust=0.0820521
27800: t=121.000, cavg*=1.02636, r_mart=0.54996, r_aust=0.0817309
28000: t=122.000, cavg*=1.02635, r_mart=0.54996, r_aust=0.0814141
28200: t=123.000, cavg*=1.02635, r_mart=0.54996, r_aust=0.0811017
28400: t=124.000, cavg*=1.02634, r_mart=0.54996, r_aust=0.0807936
28600: t=125.000, cavg*=1.02634, r_mart=0.54996, r_aust=0.0804897
28800: t=126.000, cavg*=1.02633, r_mart=0.54996, r_aust=0.0801899
29000: t=127.000, cavg*=1.02632, r_mart=0.54996, r_aust=0.0798941
29200: t=128.000, cavg*=1.02632, r_mart=0.54996, r_aust=0.0796023
29400: t=129.000, cavg*=1.02631, r_mart=0.54996, r_aust=0.0793144
29600: t=130.000, cavg*=1.02631, r_mart=0.54996, r_aust=0.0790302
29800: t=131.000, cavg*=1.0263, r_mart=0.54996, r_aust=0.0787498
30000: t=132.000, cavg*=1.0263, r_mart=0.54996, r_aust=0.078473
30200: t=133.000, cavg*=1.02629, r_mart=0.54996, r_aust=0.0781999
30400: t=134.000, cavg*=1.02628, r_mart=0.54996, r_aust=0.0779302
30600: t=135.000, cavg*=1.02628, r_mart=0.54996, r_aust=0.0776641
30800: t=136.000, cavg*=1.02627, r_mart=0.54996, r_aust=0.0774013
31000: t=137.000, cavg*=1.02627, r_mart=0.54996, r_aust=0.0771419
31200: t=138.000, cavg*=1.02626, r_mart=0.54996, r_aust=0.0768858
31400: t=139.000, cavg*=1.02626, r_mart=0.54996, r_aust=0.0766329
31600: t=140.000, cavg*=1.02625, r_mart=0.54996, r_aust=0.0763831
31800: t=141.000, cavg*=1.02625, r_mart=0.54996, r_aust=0.0761365
32000: t=142.000, cavg*=1.02624, r_mart=0.54996, r_aust=0.0758929
32200: t=143.000, cavg*=1.02624, r_mart=0.54996, r_aust=0.0756524
32400: t=144.000, cavg*=1.02623, r_mart=0.54996, r_aust=0.0754148
32600: t=145.000, cavg*=1.02623, r_mart=0.54996, r_aust=0.0751801
32800: t=146.000, cavg*=1.02622, r_mart=0.54996, r_aust=0.0749483
33000: t=147.000, cavg*=1.02622, r_mart=0.54996, r_aust=0.0747194
33200: t=148.000, cavg*=1.02621, r_mart=0.54996, r_aust=0.0744932
33400: t=149.000, cavg*=1.02621, r_mart=0.54996, r_aust=0.0742697
33600: t=150.000, cavg*=1.0262, r_mart=0.54996, r_aust=0.0740489
33800: t=151.000, cavg*=1.0262, r_mart=0.54996, r_aust=0.0738308
34000: t=152.000, cavg*=1.0262, r_mart=0.54996, r_aust=0.0736153
34200: t=153.000, cavg*=1.02619, r_mart=0.54996, r_aust=0.0734024
34400: t=154.000, cavg*=1.02619, r_mart=0.54996, r_aust=0.073192
34600: t=155.000, cavg*=1.02618, r_mart=0.54996, r_aust=0.0729841
34800: t=156.000, cavg*=1.02618, r_mart=0.54996, r_aust=0.0727787
35000: t=157.000, cavg*=1.02617, r_mart=0.54996, r_aust=0.0725757
35200: t=158.000, cavg*=1.02617, r_mart=0.54996, r_aust=0.072375
35400: t=159.000, cavg*=1.02616, r_mart=0.54996, r_aust=0.0721768
35600: t=160.000, cavg*=1.02616, r_mart=0.54996, r_aust=0.0719808
35800: t=161.000, cavg*=1.02616, r_mart=0.54996, r_aust=0.0717871
36000: t=162.000, cavg*=1.02615, r_mart=0.54996, r_aust=0.0715957
36200: t=163.000, cavg*=1.02615, r_mart=0.54996, r_aust=0.0714065
36400: t=164.000, cavg*=1.02614, r_mart=0.54996, r_aust=0.0712195
36600: t=165.000, cavg*=1.02614, r_mart=0.54996, r_aust=0.0710347
36800: t=166.000, cavg*=1.02613, r_mart=0.54996, r_aust=0.070852
37000: t=167.000, cavg*=1.02613, r_mart=0.54996, r_aust=0.0706714
37200: t=168.000, cavg*=1.02613, r_mart=0.54996, r_aust=0.0704929
37400: t=169.000, cavg*=1.02612, r_mart=0.54996, r_aust=0.0703164
37600: t=170.000, cavg*=1.02612, r_mart=0.54996, r_aust=0.070142
37800: t=171.000, cavg*=1.02611, r_mart=0.54996, r_aust=0.0699696
38000: t=172.000, cavg*=1.02611, r_mart=0.54996, r_aust=0.0697991
38200: t=173.000, cavg*=1.02611, r_mart=0.54996, r_aust=0.0696305
38400: t=174.000, cavg*=1.0261, r_mart=0.54996, r_aust=0.0694639
38600: t=175.000, cavg*=1.0261, r_mart=0.54996, r_aust=0.0692992
38800: t=176.000, cavg*=1.0261, r_mart=0.54996, r_aust=0.0691363
39000: t=177.000, cavg*=1.02609, r_mart=0.54996, r_aust=0.0689753
39200: t=178.000, cavg*=1.02609, r_mart=0.54996, r_aust=0.0688162
39400: t=179.000, cavg*=1.02608, r_mart=0.54996, r_aust=0.0686588
39600: t=180.000, cavg*=1.02608, r_mart=0.54996, r_aust=0.0685032
39800: t=181.000, cavg*=1.02608, r_mart=0.54996, r_aust=0.0683493
40000: t=182.000, cavg*=1.02607, r_mart=0.54996, r_aust=0.0681972
40200: t=183.000, cavg*=1.02607, r_mart=0.54996, r_aust=0.0680468
40400: t=184.000, cavg*=1.02607, r_mart=0.54996, r_aust=0.067898
40600: t=185.000, cavg*=1.02606, r_mart=0.54996, r_aust=0.067751
40800: t=186.000, cavg*=1.02606, r_mart=0.54996, r_aust=0.0676056
41000: t=187.000, cavg*=1.02606, r_mart=0.54996, r_aust=0.0674618
41200: t=188.000, cavg*=1.02605, r_mart=0.54996, r_aust=0.0673196
41400: t=189.000, cavg*=1.02605, r_mart=0.54996, r_aust=0.0671791
41600: t=190.000, cavg*=1.02605, r_mart=0.54996, r_aust=0.0670401
41800: t=191.000, cavg*=1.02604, r_mart=0.54996, r_aust=0.0669027
42000: t=192.000, cavg*=1.02604, r_mart=0.54996, r_aust=0.0667667
42200: t=193.000, cavg*=1.02604, r_mart=0.54996, r_aust=0.0666324
42400: t=194.000, cavg*=1.02603, r_mart=0.54996, r_aust=0.0664995
42600: t=195.000, cavg*=1.02603, r_mart=0.54996, r_aust=0.066368
42800: t=196.000, cavg*=1.02603, r_mart=0.54996, r_aust=0.0662381
43000: t=197.000, cavg*=1.02602, r_mart=0.54996, r_aust=0.0661096
43200: t=198.000, cavg*=1.02602, r_mart=0.54996, r_aust=0.0659825
43400: t=199.000, cavg*=1.02602, r_mart=0.54996, r_aust=0.0658568
43600: t=200.000, cavg*=1.02602, r_mart=0.54996, r_aust=0.0657325
43800: t=201.000, cavg*=1.02601, r_mart=0.54996, r_aust=0.0656096
44000: t=202.000, cavg*=1.02601, r_mart=0.54996, r_aust=0.0654881
44200: t=203.000, cavg*=1.02601, r_mart=0.54996, r_aust=0.0653679
44400: t=204.000, cavg*=1.026, r_mart=0.54996, r_aust=0.065249
44600: t=205.000, cavg*=1.026, r_mart=0.54996, r_aust=0.0651315
44800: t=206.000, cavg*=1.026, r_mart=0.54996, r_aust=0.0650153
45000: t=207.000, cavg*=1.02599, r_mart=0.54996, r_aust=0.0649003
45200: t=208.000, cavg*=1.02599, r_mart=0.54996, r_aust=0.0647866
45400: t=209.000, cavg*=1.02599, r_mart=0.54996, r_aust=0.0646742
45600: t=210.000, cavg*=1.02599, r_mart=0.54996, r_aust=0.064563
45800: t=211.000, cavg*=1.02598, r_mart=0.54996, r_aust=0.0644531
46000: t=212.000, cavg*=1.02598, r_mart=0.54996, r_aust=0.0643443
46200: t=213.000, cavg*=1.02598, r_mart=0.54996, r_aust=0.0642368
46400: t=214.000, cavg*=1.02598, r_mart=0.54996, r_aust=0.0641304
46600: t=215.000, cavg*=1.02597, r_mart=0.54996, r_aust=0.0640253
46800: t=216.000, cavg*=1.02597, r_mart=0.54996, r_aust=0.0639213
47000: t=217.000, cavg*=1.02597, r_mart=0.54996, r_aust=0.0638184
47200: t=218.000, cavg*=1.02597, r_mart=0.54996, r_aust=0.0637167
47400: t=219.000, cavg*=1.02596, r_mart=0.54996, r_aust=0.0636161
47600: t=220.000, cavg*=1.02596, r_mart=0.54996, r_aust=0.0635166
47800: t=221.000, cavg*=1.02596, r_mart=0.54996, r_aust=0.0634182
48000: t=222.000, cavg*=1.02596, r_mart=0.54996, r_aust=0.0633208
48200: t=223.000, cavg*=1.02595, r_mart=0.54996, r_aust=0.0632246
48400: t=224.000, cavg*=1.02595, r_mart=0.54996, r_aust=0.0631294
48600: t=225.000, cavg*=1.02595, r_mart=0.54996, r_aust=0.0630353
48800: t=226.000, cavg*=1.02595, r_mart=0.54996, r_aust=0.0629422
49000: t=227.000, cavg*=1.02594, r_mart=0.54996, r_aust=0.0628501
49200: t=228.000, cavg*=1.02594, r_mart=0.54996, r_aust=0.062759
49400: t=229.000, cavg*=1.02594, r_mart=0.54996, r_aust=0.062669
49600: t=230.000, cavg*=1.02594, r_mart=0.54996, r_aust=0.0625799
49800: t=231.000, cavg*=1.02593, r_mart=0.54996, r_aust=0.0624918
50000: t=232.000, cavg*=1.02593, r_mart=0.54996, r_aust=0.0624047
50200: t=233.000, cavg*=1.02593, r_mart=0.54996, r_aust=0.0623185
50400: t=234.000, cavg*=1.02593, r_mart=0.54996, r_aust=0.0622333
50600: t=235.000, cavg*=1.02593, r_mart=0.54996, r_aust=0.062149
50800: t=236.000, cavg*=1.02592, r_mart=0.54996, r_aust=0.0620657
51000: t=237.000, cavg*=1.02592, r_mart=0.54996, r_aust=0.0619832
51200: t=238.000, cavg*=1.02592, r_mart=0.54996, r_aust=0.0619017
51400: t=239.000, cavg*=1.02592, r_mart=0.54996, r_aust=0.0618211
51600: t=240.000, cavg*=1.02591, r_mart=0.54996, r_aust=0.0617413
51800: t=241.000, cavg*=1.02591, r_mart=0.54996, r_aust=0.0616625
52000: t=242.000, cavg*=1.02591, r_mart=0.54996, r_aust=0.0615845
52200: t=243.000, cavg*=1.02591, r_mart=0.54996, r_aust=0.0615073
52400: t=244.000, cavg*=1.02591, r_mart=0.54996, r_aust=0.061431
52600: t=245.000, cavg*=1.0259, r_mart=0.54996, r_aust=0.0613556
52800: t=246.000, cavg*=1.0259, r_mart=0.54996, r_aust=0.061281
53000: t=247.000, cavg*=1.0259, r_mart=0.54996, r_aust=0.0612072
53200: t=248.000, cavg*=1.0259, r_mart=0.54996, r_aust=0.0611342
53400: t=249.000, cavg*=1.0259, r_mart=0.54996, r_aust=0.061062
53600: t=250.000, cavg*=1.0259, r_mart=0.54996, r_aust=0.0609906
53800: t=251.000, cavg*=1.02589, r_mart=0.54996, r_aust=0.06092
54000: t=252.000, cavg*=1.02589, r_mart=0.54996, r_aust=0.0608502
54200: t=253.000, cavg*=1.02589, r_mart=0.54996, r_aust=0.0607811
54400: t=254.000, cavg*=1.02589, r_mart=0.54996, r_aust=0.0607128
54600: t=255.000, cavg*=1.02589, r_mart=0.54996, r_aust=0.0606452
54800: t=256.000, cavg*=1.02588, r_mart=0.54996, r_aust=0.0605784
55000: t=257.000, cavg*=1.02588, r_mart=0.54996, r_aust=0.0605124
55200: t=258.000, cavg*=1.02588, r_mart=0.54996, r_aust=0.060447
55400: t=259.000, cavg*=1.02588, r_mart=0.54996, r_aust=0.0603824
55600: t=260.000, cavg*=1.02588, r_mart=0.54996, r_aust=0.0603184
55800: t=261.000, cavg*=1.02588, r_mart=0.54996, r_aust=0.0602552
56000: t=262.000, cavg*=1.02587, r_mart=0.54996, r_aust=0.0601927
56200: t=263.000, cavg*=1.02587, r_mart=0.54996, r_aust=0.0601309
56400: t=264.000, cavg*=1.02587, r_mart=0.54996, r_aust=0.0600697
56600: t=265.000, cavg*=1.02587, r_mart=0.54996, r_aust=0.0600092
56800: t=266.000, cavg*=1.02587, r_mart=0.54996, r_aust=0.0599494
57000: t=267.000, cavg*=1.02587, r_mart=0.54996, r_aust=0.0598902
57200: t=268.000, cavg*=1.02586, r_mart=0.54996, r_aust=0.0598317
57400: t=269.000, cavg*=1.02586, r_mart=0.54996, r_aust=0.0597738
57600: t=270.000, cavg*=1.02586, r_mart=0.54996, r_aust=0.0597166
57800: t=271.000, cavg*=1.02586, r_mart=0.54996, r_aust=0.05966
58000: t=272.000, cavg*=1.02586, r_mart=0.54996, r_aust=0.059604
58200: t=273.000, cavg*=1.02586, r_mart=0.54996, r_aust=0.0595486
58400: t=274.000, cavg*=1.02585, r_mart=0.54996, r_aust=0.0594939
58600: t=275.000, cavg*=1.02585, r_mart=0.54996, r_aust=0.0594397
58800: t=276.000, cavg*=1.02585, r_mart=0.54996, r_aust=0.0593862
59000: t=277.000, cavg*=1.02585, r_mart=0.54996, r_aust=0.0593332
59200: t=278.000, cavg*=1.02585, r_mart=0.54996, r_aust=0.0592808
59400: t=279.000, cavg*=1.02585, r_mart=0.54996, r_aust=0.059229
59600: t=280.000, cavg*=1.02585, r_mart=0.54996, r_aust=0.0591777
59800: t=281.000, cavg*=1.02584, r_mart=0.54996, r_aust=0.059127
60000: t=282.000, cavg*=1.02584, r_mart=0.54996, r_aust=0.0590769
60200: t=283.000, cavg*=1.02584, r_mart=0.54996, r_aust=0.0590273
60400: t=284.000, cavg*=1.02584, r_mart=0.54996, r_aust=0.0589783
60600: t=285.000, cavg*=1.02584, r_mart=0.54996, r_aust=0.0589298
60800: t=286.000, cavg*=1.02584, r_mart=0.54996, r_aust=0.0588819
61000: t=287.000, cavg*=1.02584, r_mart=0.54996, r_aust=0.0588344
61200: t=288.000, cavg*=1.02584, r_mart=0.54996, r_aust=0.0587875
61400: t=289.000, cavg*=1.02583, r_mart=0.54996, r_aust=0.0587411
61600: t=290.000, cavg*=1.02583, r_mart=0.54996, r_aust=0.0586952
61800: t=291.000, cavg*=1.02583, r_mart=0.54996, r_aust=0.0586499
62000: t=292.000, cavg*=1.02583, r_mart=0.54996, r_aust=0.058605
62200: t=293.000, cavg*=1.02583, r_mart=0.54996, r_aust=0.0585606
62400: t=294.000, cavg*=1.02583, r_mart=0.54996, r_aust=0.0585167
62600: t=295.000, cavg*=1.02583, r_mart=0.54996, r_aust=0.0584733
62800: t=296.000, cavg*=1.02583, r_mart=0.54996, r_aust=0.0584303
63000: t=297.000, cavg*=1.02582, r_mart=0.54996, r_aust=0.0583879
63200: t=298.000, cavg*=1.02582, r_mart=0.54996, r_aust=0.0583459
63400: t=299.000, cavg*=1.02582, r_mart=0.54996, r_aust=0.0583044
63600: t=300.000, cavg*=1.02582, r_mart=0.54996, r_aust=0.0582633
63800: t=301.000, cavg*=1.02582, r_mart=0.54996, r_aust=0.0582226
64000: t=302.000, cavg*=1.02582, r_mart=0.54996, r_aust=0.0581825
64200: t=303.000, cavg*=1.02582, r_mart=0.54996, r_aust=0.0581427
64400: t=304.000, cavg*=1.02582, r_mart=0.54996, r_aust=0.0581034
64600: t=305.000, cavg*=1.02582, r_mart=0.54996, r_aust=0.0580646
64800: t=306.000, cavg*=1.02581, r_mart=0.54996, r_aust=0.0580261
65000: t=307.000, cavg*=1.02581, r_mart=0.54996, r_aust=0.0579881
65200: t=308.000, cavg*=1.02581, r_mart=0.54996, r_aust=0.0579505
65400: t=309.000, cavg*=1.02581, r_mart=0.54996, r_aust=0.0579133
65600: t=310.000, cavg*=1.02581, r_mart=0.54996, r_aust=0.0578765
65800: t=311.000, cavg*=1.02581, r_mart=0.54996, r_aust=0.0578401
66000: t=312.000, cavg*=1.02581, r_mart=0.54996, r_aust=0.0578042
66200: t=313.000, cavg*=1.02581, r_mart=0.54996, r_aust=0.0577686
66400: t=314.000, cavg*=1.02581, r_mart=0.54996, r_aust=0.0577334
66600: t=315.000, cavg*=1.02581, r_mart=0.54996, r_aust=0.0576986
66800: t=316.000, cavg*=1.0258, r_mart=0.54996, r_aust=0.0576642
67000: t=317.000, cavg*=1.0258, r_mart=0.54996, r_aust=0.0576301
67200: t=318.000, cavg*=1.0258, r_mart=0.54996, r_aust=0.0575965
67400: t=319.000, cavg*=1.0258, r_mart=0.54996, r_aust=0.0575632
67600: t=320.000, cavg*=1.0258, r_mart=0.54996, r_aust=0.0575303
67800: t=321.000, cavg*=1.0258, r_mart=0.54996, r_aust=0.0574977
68000: t=322.000, cavg*=1.0258, r_mart=0.54996, r_aust=0.0574655
68200: t=323.000, cavg*=1.0258, r_mart=0.54996, r_aust=0.0574336
68400: t=324.000, cavg*=1.0258, r_mart=0.54996, r_aust=0.0574021
68600: t=325.000, cavg*=1.0258, r_mart=0.54996, r_aust=0.057371
68800: t=326.000, cavg*=1.0258, r_mart=0.54996, r_aust=0.0573402
69000: t=327.000, cavg*=1.02579, r_mart=0.54996, r_aust=0.0573097
69200: t=328.000, cavg*=1.02579, r_mart=0.54996, r_aust=0.0572795
69400: t=329.000, cavg*=1.02579, r_mart=0.54996, r_aust=0.0572497
69600: t=330.000, cavg*=1.02579, r_mart=0.54996, r_aust=0.0572203
69800: t=331.000, cavg*=1.02579, r_mart=0.54996, r_aust=0.0571911
70000: t=332.000, cavg*=1.02579, r_mart=0.54996, r_aust=0.0571623
70200: t=333.000, cavg*=1.02579, r_mart=0.54996, r_aust=0.0571337
70400: t=334.000, cavg*=1.02579, r_mart=0.54996, r_aust=0.0571055
70600: t=335.000, cavg*=1.02579, r_mart=0.54996, r_aust=0.0570776
70800: t=336.000, cavg*=1.02579, r_mart=0.54996, r_aust=0.0570501
71000: t=337.000, cavg*=1.02579, r_mart=0.54996, r_aust=0.0570228
71200: t=338.000, cavg*=1.02579, r_mart=0.54996, r_aust=0.0569958
71400: t=339.000, cavg*=1.02578, r_mart=0.54996, r_aust=0.0569691
71600: t=340.000, cavg*=1.02578, r_mart=0.54996, r_aust=0.0569427
71800: t=341.000, cavg*=1.02578, r_mart=0.54996, r_aust=0.0569166
72000: t=342.000, cavg*=1.02578, r_mart=0.54996, r_aust=0.0568908
72200: t=343.000, cavg*=1.02578, r_mart=0.54996, r_aust=0.0568653
72400: t=344.000, cavg*=1.02578, r_mart=0.54996, r_aust=0.05684
72600: t=345.000, cavg*=1.02578, r_mart=0.54996, r_aust=0.056815
72800: t=346.000, cavg*=1.02578, r_mart=0.54996, r_aust=0.0567903
73000: t=347.000, cavg*=1.02578, r_mart=0.54996, r_aust=0.0567659
73200: t=348.000, cavg*=1.02578, r_mart=0.54996, r_aust=0.0567418
73400: t=349.000, cavg*=1.02578, r_mart=0.54996, r_aust=0.0567179
73600: t=350.000, cavg*=1.02578, r_mart=0.54996, r_aust=0.0566942
73800: t=351.000, cavg*=1.02578, r_mart=0.54996, r_aust=0.0566709
74000: t=352.000, cavg*=1.02578, r_mart=0.54996, r_aust=0.0566478
74200: t=353.000, cavg*=1.02577, r_mart=0.54996, r_aust=0.0566249
74400: t=354.000, cavg*=1.02577, r_mart=0.54996, r_aust=0.0566023
74600: t=355.000, cavg*=1.02577, r_mart=0.54996, r_aust=0.0565799
74800: t=356.000, cavg*=1.02577, r_mart=0.54996, r_aust=0.0565578
75000: t=357.000, cavg*=1.02577, r_mart=0.54996, r_aust=0.056536
75200: t=358.000, cavg*=1.02577, r_mart=0.54996, r_aust=0.0565143
75400: t=359.000, cavg*=1.02577, r_mart=0.54996, r_aust=0.0564929
75600: t=360.000, cavg*=1.02577, r_mart=0.54996, r_aust=0.0564718
75800: t=361.000, cavg*=1.02577, r_mart=0.54996, r_aust=0.0564509
76000: t=362.000, cavg*=1.02577, r_mart=0.54996, r_aust=0.0564302
76200: t=363.000, cavg*=1.02577, r_mart=0.54996, r_aust=0.0564097
76400: t=364.000, cavg*=1.02577, r_mart=0.54996, r_aust=0.0563895
76600: t=365.000, cavg*=1.02577, r_mart=0.54996, r_aust=0.0563695
76800: t=366.000, cavg*=1.02577, r_mart=0.54996, r_aust=0.0563497
77000: t=367.000, cavg*=1.02577, r_mart=0.54996, r_aust=0.0563301
77200: t=368.000, cavg*=1.02577, r_mart=0.54996, r_aust=0.0563107
77400: t=369.000, cavg*=1.02576, r_mart=0.54996, r_aust=0.0562916
77600: t=370.000, cavg*=1.02576, r_mart=0.54996, r_aust=0.0562726
77800: t=371.000, cavg*=1.02576, r_mart=0.54996, r_aust=0.0562539
78000: t=372.000, cavg*=1.02576, r_mart=0.54996, r_aust=0.0562354
78200: t=373.000, cavg*=1.02576, r_mart=0.54996, r_aust=0.0562171
78400: t=374.000, cavg*=1.02576, r_mart=0.54996, r_aust=0.0561989
78600: t=375.000, cavg*=1.02576, r_mart=0.54996, r_aust=0.056181
78800: t=376.000, cavg*=1.02576, r_mart=0.54996, r_aust=0.0561633
79000: t=377.000, cavg*=1.02576, r_mart=0.54996, r_aust=0.0561458
79200: t=378.000, cavg*=1.02576, r_mart=0.54996, r_aust=0.0561284
79400: t=379.000, cavg*=1.02576, r_mart=0.54996, r_aust=0.0561113
79600: t=380.000, cavg*=1.02576, r_mart=0.54996, r_aust=0.0560943
79800: t=381.000, cavg*=1.02576, r_mart=0.54996, r_aust=0.0560776
80000: t=382.000, cavg*=1.02576, r_mart=0.54996, r_aust=0.056061
80200: t=383.000, cavg*=1.02576, r_mart=0.54996, r_aust=0.0560446
80400: t=384.000, cavg*=1.02576, r_mart=0.54996, r_aust=0.0560284
80600: t=385.000, cavg*=1.02576, r_mart=0.54996, r_aust=0.0560123
80800: t=386.000, cavg*=1.02576, r_mart=0.54996, r_aust=0.0559965
81000: t=387.000, cavg*=1.02576, r_mart=0.54996, r_aust=0.0559808
81200: t=388.000, cavg*=1.02576, r_mart=0.54996, r_aust=0.0559653
81400: t=389.000, cavg*=1.02576, r_mart=0.54996, r_aust=0.0559499
81600: t=390.000, cavg*=1.02575, r_mart=0.54996, r_aust=0.0559347
81800: t=391.000, cavg*=1.02575, r_mart=0.54996, r_aust=0.0559197
82000: t=392.000, cavg*=1.02575, r_mart=0.54996, r_aust=0.0559049
82200: t=393.000, cavg*=1.02575, r_mart=0.54996, r_aust=0.0558902
82400: t=394.000, cavg*=1.02575, r_mart=0.54996, r_aust=0.0558757
82600: t=395.000, cavg*=1.02575, r_mart=0.54996, r_aust=0.0558613
82800: t=396.000, cavg*=1.02575, r_mart=0.54996, r_aust=0.0558471
83000: t=397.000, cavg*=1.02575, r_mart=0.54996, r_aust=0.0558331
83200: t=398.000, cavg*=1.02575, r_mart=0.54996, r_aust=0.0558192
83400: t=399.000, cavg*=1.02575, r_mart=0.54996, r_aust=0.0558054
83600: t=400.000, cavg*=1.02575, r_mart=0.54996, r_aust=0.0557918
83800: t=401.000, cavg*=1.02575, r_mart=0.54996, r_aust=0.0557784
84000: t=402.000, cavg*=1.02575, r_mart=0.54996, r_aust=0.0557651
84200: t=403.000, cavg*=1.02575, r_mart=0.54996, r_aust=0.055752
84400: t=404.000, cavg*=1.02575, r_mart=0.54996, r_aust=0.055739
84600: t=405.000, cavg*=1.02575, r_mart=0.54996, r_aust=0.0557261
84800: t=406.000, cavg*=1.02575, r_mart=0.54996, r_aust=0.0557134
85000: t=407.000, cavg*=1.02575, r_mart=0.54996, r_aust=0.0557008
85200: t=408.000, cavg*=1.02575, r_mart=0.54996, r_aust=0.0556884
85400: t=409.000, cavg*=1.02575, r_mart=0.54996, r_aust=0.0556761
85600: t=410.000, cavg*=1.02575, r_mart=0.54996, r_aust=0.0556639
85800: t=411.000, cavg*=1.02575, r_mart=0.54996, r_aust=0.0556519
86000: t=412.000, cavg*=1.02575, r_mart=0.54996, r_aust=0.05564
86200: t=413.000, cavg*=1.02575, r_mart=0.54996, r_aust=0.0556282
86400: t=414.000, cavg*=1.02575, r_mart=0.54996, r_aust=0.0556166
86600: t=415.000, cavg*=1.02574, r_mart=0.54996, r_aust=0.0556051
86800: t=416.000, cavg*=1.02574, r_mart=0.54996, r_aust=0.0555937
87000: t=417.000, cavg*=1.02574, r_mart=0.54996, r_aust=0.0555825
87200: t=418.000, cavg*=1.02574, r_mart=0.54996, r_aust=0.0555713
87400: t=419.000, cavg*=1.02574, r_mart=0.54996, r_aust=0.0555603
87600: t=420.000, cavg*=1.02574, r_mart=0.54996, r_aust=0.0555494
87800: t=421.000, cavg*=1.02574, r_mart=0.54996, r_aust=0.0555387
88000: t=422.000, cavg*=1.02574, r_mart=0.54996, r_aust=0.055528
88200: t=423.000, cavg*=1.02574, r_mart=0.54996, r_aust=0.0555175
88400: t=424.000, cavg*=1.02574, r_mart=0.54996, r_aust=0.0555071
88600: t=425.000, cavg*=1.02574, r_mart=0.54996, r_aust=0.0554967
88800: t=426.000, cavg*=1.02574, r_mart=0.54996, r_aust=0.0554866
89000: t=427.000, cavg*=1.02574, r_mart=0.54996, r_aust=0.0554765
89200: t=428.000, cavg*=1.02574, r_mart=0.54996, r_aust=0.0554665
89400: t=429.000, cavg*=1.02574, r_mart=0.54996, r_aust=0.0554567
89600: t=430.000, cavg*=1.02574, r_mart=0.54996, r_aust=0.0554469
89800: t=431.000, cavg*=1.02574, r_mart=0.54996, r_aust=0.0554373
90000: t=432.000, cavg*=1.02574, r_mart=0.54996, r_aust=0.0554277
90200: t=433.000, cavg*=1.02574, r_mart=0.54996, r_aust=0.0554183
90400: t=434.000, cavg*=1.02574, r_mart=0.54996, r_aust=0.055409
90600: t=435.000, cavg*=1.02574, r_mart=0.54996, r_aust=0.0553997
90800: t=436.000, cavg*=1.02574, r_mart=0.54996, r_aust=0.0553906
91000: t=437.000, cavg*=1.02574, r_mart=0.54996, r_aust=0.0553816
91200: t=438.000, cavg*=1.02574, r_mart=0.54996, r_aust=0.0553727
91400: t=439.000, cavg*=1.02574, r_mart=0.54996, r_aust=0.0553639
91600: t=440.000, cavg*=1.02574, r_mart=0.54996, r_aust=0.0553551
91800: t=441.000, cavg*=1.02574, r_mart=0.54996, r_aust=0.0553465
92000: t=442.000, cavg*=1.02574, r_mart=0.54996, r_aust=0.055338
92200: t=443.000, cavg*=1.02574, r_mart=0.54996, r_aust=0.0553295
92400: t=444.000, cavg*=1.02574, r_mart=0.54996, r_aust=0.0553212
92600: t=445.000, cavg*=1.02574, r_mart=0.54996, r_aust=0.0553129
92800: t=446.000, cavg*=1.02574, r_mart=0.54996, r_aust=0.0553047
93000: t=447.000, cavg*=1.02574, r_mart=0.54996, r_aust=0.0552967
93200: t=448.000, cavg*=1.02574, r_mart=0.54996, r_aust=0.0552887
93400: t=449.000, cavg*=1.02574, r_mart=0.54996, r_aust=0.0552808
93600: t=450.000, cavg*=1.02574, r_mart=0.54996, r_aust=0.055273
93800: t=451.000, cavg*=1.02573, r_mart=0.54996, r_aust=0.0552652
94000: t=452.000, cavg*=1.02573, r_mart=0.54996, r_aust=0.0552576
94200: t=453.000, cavg*=1.02573, r_mart=0.54996, r_aust=0.05525
94400: t=454.000, cavg*=1.02573, r_mart=0.54996, r_aust=0.0552426
94600: t=455.000, cavg*=1.02573, r_mart=0.54996, r_aust=0.0552352
94800: t=456.000, cavg*=1.02573, r_mart=0.54996, r_aust=0.0552279
95000: t=457.000, cavg*=1.02573, r_mart=0.54996, r_aust=0.0552206
95200: t=458.000, cavg*=1.02573, r_mart=0.54996, r_aust=0.0552135
95400: t=459.000, cavg*=1.02573, r_mart=0.54996, r_aust=0.0552064
95600: t=460.000, cavg*=1.02573, r_mart=0.54996, r_aust=0.0551994
95800: t=461.000, cavg*=1.02573, r_mart=0.54996, r_aust=0.0551925
96000: t=462.000, cavg*=1.02573, r_mart=0.54996, r_aust=0.0551856
96200: t=463.000, cavg*=1.02573, r_mart=0.54996, r_aust=0.0551789
96400: t=464.000, cavg*=1.02573, r_mart=0.54996, r_aust=0.0551722
96600: t=465.000, cavg*=1.02573, r_mart=0.54996, r_aust=0.0551656
96800: t=466.000, cavg*=1.02573, r_mart=0.54996, r_aust=0.055159
97000: t=467.000, cavg*=1.02573, r_mart=0.54996, r_aust=0.0551526
97200: t=468.000, cavg*=1.02573, r_mart=0.54996, r_aust=0.0551462
97400: t=469.000, cavg*=1.02573, r_mart=0.54996, r_aust=0.0551398
97600: t=470.000, cavg*=1.02573, r_mart=0.54996, r_aust=0.0551336
97800: t=471.000, cavg*=1.02573, r_mart=0.54996, r_aust=0.0551274
98000: t=472.000, cavg*=1.02573, r_mart=0.54996, r_aust=0.0551212
98200: t=473.000, cavg*=1.02573, r_mart=0.54996, r_aust=0.0551152
98400: t=474.000, cavg*=1.02573, r_mart=0.54996, r_aust=0.0551092
98600: t=475.000, cavg*=1.02573, r_mart=0.54996, r_aust=0.0551033
98800: t=476.000, cavg*=1.02573, r_mart=0.54996, r_aust=0.0550974
99000: t=477.000, cavg*=1.02573, r_mart=0.54996, r_aust=0.0550916
99200: t=478.000, cavg*=1.02573, r_mart=0.54996, r_aust=0.0550859
99400: t=479.000, cavg*=1.02573, r_mart=0.54996, r_aust=0.0550802
99600: t=480.000, cavg*=1.02573, r_mart=0.54996, r_aust=0.0550746
99800: t=481.000, cavg*=1.02573, r_mart=0.54996, r_aust=0.0550691
100000: t=482.000, cavg*=1.02573, r_mart=0.54996, r_aust=0.0550636
100200: t=483.000, cavg*=1.02573, r_mart=0.54996, r_aust=0.0550582
100400: t=484.000, cavg*=1.02573, r_mart=0.54996, r_aust=0.0550528
100600: t=485.000, cavg*=1.02573, r_mart=0.54996, r_aust=0.0550475
100800: t=486.000, cavg*=1.02573, r_mart=0.54996, r_aust=0.0550422
101000: t=487.000, cavg*=1.02573, r_mart=0.54996, r_aust=0.0550371
101200: t=488.000, cavg*=1.02573, r_mart=0.54996, r_aust=0.0550319
101400: t=489.000, cavg*=1.02573, r_mart=0.54996, r_aust=0.0550269
101600: t=490.000, cavg*=1.02573, r_mart=0.54996, r_aust=0.0550218
101800: t=491.000, cavg*=1.02573, r_mart=0.54996, r_aust=0.0550169
102000: t=492.000, cavg*=1.02573, r_mart=0.54996, r_aust=0.055012
102200: t=493.000, cavg*=1.02573, r_mart=0.54996, r_aust=0.0550071
102400: t=494.000, cavg*=1.02573, r_mart=0.54996, r_aust=0.0550023
102600: t=495.000, cavg*=1.02573, r_mart=0.54996, r_aust=0.0549976
102800: t=496.000, cavg*=1.02573, r_mart=0.54996, r_aust=0.0549929
103000: t=497.000, cavg*=1.02573, r_mart=0.54996, r_aust=0.0549882
103200: t=498.000, cavg*=1.02573, r_mart=0.54996, r_aust=0.0549836
103400: t=499.000, cavg*=1.02573, r_mart=0.54996, r_aust=0.0549791
103600: t=500.000, cavg*=1.02573, r_mart=0.54996, r_aust=0.0549746
103800: t=501.000, cavg*=1.02573, r_mart=0.54996, r_aust=0.0549701
104000: t=502.000, cavg*=1.02573, r_mart=0.54996, r_aust=0.0549658
104200: t=503.000, cavg*=1.02573, r_mart=0.54996, r_aust=0.0549614
104400: t=504.000, cavg*=1.02573, r_mart=0.54996, r_aust=0.0549571
104600: t=505.000, cavg*=1.02573, r_mart=0.54996, r_aust=0.0549529
104800: t=506.000, cavg*=1.02573, r_mart=0.54996, r_aust=0.0549487
105000: t=507.000, cavg*=1.02573, r_mart=0.54996, r_aust=0.0549445
105200: t=508.000, cavg*=1.02573, r_mart=0.54996, r_aust=0.0549404
105400: t=509.000, cavg*=1.02573, r_mart=0.54996, r_aust=0.0549363
105600: t=510.000, cavg*=1.02573, r_mart=0.54996, r_aust=0.0549323
105800: t=511.000, cavg*=1.02572, r_mart=0.54996, r_aust=0.0549283
106000: t=512.000, cavg*=1.02572, r_mart=0.54996, r_aust=0.0549244
106200: t=513.000, cavg*=1.02572, r_mart=0.54996, r_aust=0.0549205
106400: t=514.000, cavg*=1.02572, r_mart=0.54996, r_aust=0.0549166
106600: t=515.000, cavg*=1.02572, r_mart=0.54996, r_aust=0.0549128
106800: t=516.000, cavg*=1.02572, r_mart=0.54996, r_aust=0.0549091
107000: t=517.000, cavg*=1.02572, r_mart=0.54996, r_aust=0.0549054
107200: t=518.000, cavg*=1.02572, r_mart=0.54996, r_aust=0.0549017
107400: t=519.000, cavg*=1.02572, r_mart=0.54996, r_aust=0.054898
107600: t=520.000, cavg*=1.02572, r_mart=0.54996, r_aust=0.0548944
107800: t=521.000, cavg*=1.02572, r_mart=0.54996, r_aust=0.0548909
108000: t=522.000, cavg*=1.02572, r_mart=0.54996, r_aust=0.0548873
108200: t=523.000, cavg*=1.02572, r_mart=0.54996, r_aust=0.0548839
108400: t=524.000, cavg*=1.02572, r_mart=0.54996, r_aust=0.0548804
108600: t=525.000, cavg*=1.02572, r_mart=0.54996, r_aust=0.054877
108800: t=526.000, cavg*=1.02572, r_mart=0.54996, r_aust=0.0548736
109000: t=527.000, cavg*=1.02572, r_mart=0.54996, r_aust=0.0548703
109200: t=528.000, cavg*=1.02572, r_mart=0.54996, r_aust=0.054867
109400: t=529.000, cavg*=1.02572, r_mart=0.54996, r_aust=0.0548638
109600: t=530.000, cavg*=1.02572, r_mart=0.54996, r_aust=0.0548605
109800: t=531.000, cavg*=1.02572, r_mart=0.54996, r_aust=0.0548573
110000: t=532.000, cavg*=1.02572, r_mart=0.54996, r_aust=0.0548542
110200: t=533.000, cavg*=1.02572, r_mart=0.54996, r_aust=0.0548511
110400: t=534.000, cavg*=1.02572, r_mart=0.54996, r_aust=0.054848
110600: t=535.000, cavg*=1.02572, r_mart=0.54996, r_aust=0.0548449
110800: t=536.000, cavg*=1.02572, r_mart=0.54996, r_aust=0.0548419
111000: t=537.000, cavg*=1.02572, r_mart=0.54996, r_aust=0.0548389
111200: t=538.000, cavg*=1.02572, r_mart=0.54996, r_aust=0.054836
111400: t=539.000, cavg*=1.02572, r_mart=0.54996, r_aust=0.0548331
111600: t=540.000, cavg*=1.02572, r_mart=0.54996, r_aust=0.0548302
111800: t=541.000, cavg*=1.02572, r_mart=0.54996, r_aust=0.0548273
112000: t=542.000, cavg*=1.02572, r_mart=0.54996, r_aust=0.0548245
112200: t=543.000, cavg*=1.02572, r_mart=0.54996, r_aust=0.0548217
112400: t=544.000, cavg*=1.02572, r_mart=0.54996, r_aust=0.054819
112600: t=545.000, cavg*=1.02572, r_mart=0.54996, r_aust=0.0548162
112800: t=546.000, cavg*=1.02572, r_mart=0.54996, r_aust=0.0548135
113000: t=547.000, cavg*=1.02572, r_mart=0.54996, r_aust=0.0548109
113200: t=548.000, cavg*=1.02572, r_mart=0.54996, r_aust=0.0548082
113400: t=549.000, cavg*=1.02572, r_mart=0.54996, r_aust=0.0548056
113600: t=550.000, cavg*=1.02572, r_mart=0.54996, r_aust=0.054803
113800: t=551.000, cavg*=1.02572, r_mart=0.54996, r_aust=0.0548005
114000: t=552.000, cavg*=1.02572, r_mart=0.54996, r_aust=0.0547979
114200: t=553.000, cavg*=1.02572, r_mart=0.54996, r_aust=0.0547954
114400: t=554.000, cavg*=1.02572, r_mart=0.54996, r_aust=0.054793
114600: t=555.000, cavg*=1.02572, r_mart=0.54996, r_aust=0.0547905
114800: t=556.000, cavg*=1.02572, r_mart=0.54996, r_aust=0.0547881
115000: t=557.000, cavg*=1.02572, r_mart=0.54996, r_aust=0.0547857
115200: t=558.000, cavg*=1.02572, r_mart=0.54996, r_aust=0.0547833
115400: t=559.000, cavg*=1.02572, r_mart=0.54996, r_aust=0.054781
115600: t=560.000, cavg*=1.02572, r_mart=0.54996, r_aust=0.0547787
115800: t=561.000, cavg*=1.02572, r_mart=0.54996, r_aust=0.0547764
116000: t=562.000, cavg*=1.02572, r_mart=0.54996, r_aust=0.0547741
116200: t=563.000, cavg*=1.02572, r_mart=0.54996, r_aust=0.0547719
116400: t=564.000, cavg*=1.02572, r_mart=0.54996, r_aust=0.0547697
116600: t=565.000, cavg*=1.02572, r_mart=0.54996, r_aust=0.0547675
116800: t=566.000, cavg*=1.02572, r_mart=0.54996, r_aust=0.0547653
117000: t=567.000, cavg*=1.02572, r_mart=0.54996, r_aust=0.0547632
117200: t=568.000, cavg*=1.02572, r_mart=0.54996, r_aust=0.0547611
117400: t=569.000, cavg*=1.02572, r_mart=0.54996, r_aust=0.054759
117600: t=570.000, cavg*=1.02572, r_mart=0.54996, r_aust=0.0547569
117800: t=571.000, cavg*=1.02572, r_mart=0.54996, r_aust=0.0547549
118000: t=572.000, cavg*=1.02572, r_mart=0.54996, r_aust=0.0547529
118200: t=573.000, cavg*=1.02572, r_mart=0.54996, r_aust=0.0547508
118400: t=574.000, cavg*=1.02572, r_mart=0.54996, r_aust=0.0547489
118600: t=575.000, cavg*=1.02572, r_mart=0.54996, r_aust=0.0547469
118800: t=576.000, cavg*=1.02572, r_mart=0.54996, r_aust=0.054745
119000: t=577.000, cavg*=1.02572, r_mart=0.54996, r_aust=0.0547431
119200: t=578.000, cavg*=1.02572, r_mart=0.54996, r_aust=0.0547412
119400: t=579.000, cavg*=1.02572, r_mart=0.54996, r_aust=0.0547393
119600: t=580.000, cavg*=1.02572, r_mart=0.54996, r_aust=0.0547374
119800: t=581.000, cavg*=1.02572, r_mart=0.54996, r_aust=0.0547356
120000: t=582.000, cavg*=1.02572, r_mart=0.54996, r_aust=0.0547338
120200: t=583.000, cavg*=1.02572, r_mart=0.54996, r_aust=0.054732
120400: t=584.000, cavg*=1.02572, r_mart=0.54996, r_aust=0.0547302
120600: t=585.000, cavg*=1.02572, r_mart=0.54996, r_aust=0.0547285
120800: t=586.000, cavg*=1.02572, r_mart=0.54996, r_aust=0.0547267
121000: t=587.000, cavg*=1.02572, r_mart=0.54996, r_aust=0.054725
121200: t=588.000, cavg*=1.02572, r_mart=0.54996, r_aust=0.0547233
121400: t=589.000, cavg*=1.02572, r_mart=0.54996, r_aust=0.0547216
121600: t=590.000, cavg*=1.02572, r_mart=0.54996, r_aust=0.05472
121800: t=591.000, cavg*=1.02572, r_mart=0.54996, r_aust=0.0547183
122000: t=592.000, cavg*=1.02572, r_mart=0.54996, r_aust=0.0547167
122200: t=593.000, cavg*=1.02572, r_mart=0.54996, r_aust=0.0547151
122400: t=594.000, cavg*=1.02572, r_mart=0.54996, r_aust=0.0547135
122600: t=595.000, cavg*=1.02572, r_mart=0.54996, r_aust=0.054712
122800: t=596.000, cavg*=1.02572, r_mart=0.54996, r_aust=0.0547104
123000: t=597.000, cavg*=1.02572, r_mart=0.54996, r_aust=0.0547089
123200: t=598.000, cavg*=1.02572, r_mart=0.54996, r_aust=0.0547073
123400: t=599.000, cavg*=1.02572, r_mart=0.54996, r_aust=0.0547058
123600: t=600.000, cavg*=1.02572, r_mart=0.54996, r_aust=0.0547044
123800: t=601.000, cavg*=1.02572, r_mart=0.54996, r_aust=0.0547029
124000: t=602.000, cavg*=1.02572, r_mart=0.54996, r_aust=0.0547014
124200: t=603.000, cavg*=1.02572, r_mart=0.54996, r_aust=0.0547
124400: t=604.000, cavg*=1.02572, r_mart=0.54996, r_aust=0.0546986
124600: t=605.000, cavg*=1.02572, r_mart=0.54996, r_aust=0.0546972
124800: t=606.000, cavg*=1.02572, r_mart=0.54996, r_aust=0.0546958
125000: t=607.000, cavg*=1.02572, r_mart=0.54996, r_aust=0.0546944
125200: t=608.000, cavg*=1.02572, r_mart=0.54996, r_aust=0.0546931
125400: t=609.000, cavg*=1.02572, r_mart=0.54996, r_aust=0.0546917
125600: t=610.000, cavg*=1.02572, r_mart=0.54996, r_aust=0.0546904
125800: t=611.000, cavg*=1.02572, r_mart=0.54996, r_aust=0.0546891
126000: t=612.000, cavg*=1.02572, r_mart=0.54996, r_aust=0.0546878
126200: t=613.000, cavg*=1.02572, r_mart=0.54996, r_aust=0.0546865
126400: t=614.000, cavg*=1.02572, r_mart=0.54996, r_aust=0.0546852
126600: t=615.000, cavg*=1.02572, r_mart=0.54996, r_aust=0.0546839
126800: t=616.000, cavg*=1.02572, r_mart=0.54996, r_aust=0.0546827
127000: t=617.000, cavg*=1.02572, r_mart=0.54996, r_aust=0.0546815
127200: t=618.000, cavg*=1.02572, r_mart=0.54996, r_aust=0.0546803
127400: t=619.000, cavg*=1.02572, r_mart=0.54996, r_aust=0.054679
127600: t=620.000, cavg*=1.02572, r_mart=0.54996, r_aust=0.0546779
127800: t=621.000, cavg*=1.02572, r_mart=0.54996, r_aust=0.0546767
128000: t=622.000, cavg*=1.02572, r_mart=0.54996, r_aust=0.0546755
128200: t=623.000, cavg*=1.02572, r_mart=0.54996, r_aust=0.0546744
128400: t=624.000, cavg*=1.02572, r_mart=0.54996, r_aust=0.0546732
128600: t=625.000, cavg*=1.02572, r_mart=0.54996, r_aust=0.0546721
128800: t=626.000, cavg*=1.02572, r_mart=0.54996, r_aust=0.054671
129000: t=627.000, cavg*=1.02572, r_mart=0.54996, r_aust=0.0546699
129200: t=628.000, cavg*=1.02572, r_mart=0.54996, r_aust=0.0546688
129400: t=629.000, cavg*=1.02572, r_mart=0.54996, r_aust=0.0546677
129600: t=630.000, cavg*=1.02572, r_mart=0.54996, r_aust=0.0546666
129800: t=631.000, cavg*=1.02572, r_mart=0.54996, r_aust=0.0546656
130000: t=632.000, cavg*=1.02572, r_mart=0.54996, r_aust=0.0546646
130200: t=633.000, cavg*=1.02572, r_mart=0.54996, r_aust=0.0546635
130400: t=634.000, cavg*=1.02572, r_mart=0.54996, r_aust=0.0546625
130600: t=635.000, cavg*=1.02572, r_mart=0.54996, r_aust=0.0546615
130800: t=636.000, cavg*=1.02572, r_mart=0.54996, r_aust=0.0546605
131000: t=637.000, cavg*=1.02572, r_mart=0.54996, r_aust=0.0546595
131200: t=638.000, cavg*=1.02572, r_mart=0.54996, r_aust=0.0546585
131400: t=639.000, cavg*=1.02572, r_mart=0.54996, r_aust=0.0546576
131600: t=640.000, cavg*=1.02572, r_mart=0.54996, r_aust=0.0546566
131800: t=641.000, cavg*=1.02572, r_mart=0.54996, r_aust=0.0546557
132000: t=642.000, cavg*=1.02572, r_mart=0.54996, r_aust=0.0546547
132200: t=643.000, cavg*=1.02572, r_mart=0.54996, r_aust=0.0546538
132400: t=644.000, cavg*=1.02572, r_mart=0.54996, r_aust=0.0546529
132600: t=645.000, cavg*=1.02572, r_mart=0.54996, r_aust=0.054652
132800: t=646.000, cavg*=1.02572, r_mart=0.54996, r_aust=0.0546511
133000: t=647.000, cavg*=1.02572, r_mart=0.54996, r_aust=0.0546502
133200: t=648.000, cavg*=1.02572, r_mart=0.54996, r_aust=0.0546493
133400: t=649.000, cavg*=1.02572, r_mart=0.54996, r_aust=0.0546485
133600: t=650.000, cavg*=1.02572, r_mart=0.54996, r_aust=0.0546476
133800: t=651.000, cavg*=1.02572, r_mart=0.54996, r_aust=0.0546468
134000: t=652.000, cavg*=1.02572, r_mart=0.54996, r_aust=0.0546459
134200: t=653.000, cavg*=1.02572, r_mart=0.54996, r_aust=0.0546451
134400: t=654.000, cavg*=1.02572, r_mart=0.54996, r_aust=0.0546443
134600: t=655.000, cavg*=1.02572, r_mart=0.54996, r_aust=0.0546435
134800: t=656.000, cavg*=1.02572, r_mart=0.54996, r_aust=0.0546427
135000: t=657.000, cavg*=1.02572, r_mart=0.54996, r_aust=0.0546419
135200: t=658.000, cavg*=1.02572, r_mart=0.54996, r_aust=0.0546411
135400: t=659.000, cavg*=1.02572, r_mart=0.54996, r_aust=0.0546404
135600: t=660.000, cavg*=1.02572, r_mart=0.54996, r_aust=0.0546396
135800: t=661.000, cavg*=1.02572, r_mart=0.54996, r_aust=0.0546388
136000: t=662.000, cavg*=1.02572, r_mart=0.54996, r_aust=0.0546381
136200: t=663.000, cavg*=1.02572, r_mart=0.54996, r_aust=0.0546373
136400: t=664.000, cavg*=1.02572, r_mart=0.54996, r_aust=0.0546366
136600: t=665.000, cavg*=1.02572, r_mart=0.54996, r_aust=0.0546359
136800: t=666.000, cavg*=1.02572, r_mart=0.54996, r_aust=0.0546352
137000: t=667.000, cavg*=1.02572, r_mart=0.54996, r_aust=0.0546345
137200: t=668.000, cavg*=1.02572, r_mart=0.54996, r_aust=0.0546338
137400: t=669.000, cavg*=1.02572, r_mart=0.54996, r_aust=0.0546331
137600: t=670.000, cavg*=1.02572, r_mart=0.54996, r_aust=0.0546324
137800: t=671.000, cavg*=1.02572, r_mart=0.54996, r_aust=0.0546317
138000: t=672.000, cavg*=1.02572, r_mart=0.54996, r_aust=0.054631
138200: t=673.000, cavg*=1.02572, r_mart=0.54996, r_aust=0.0546304
138400: t=674.000, cavg*=1.02572, r_mart=0.54996, r_aust=0.0546297
138600: t=675.000, cavg*=1.02572, r_mart=0.54996, r_aust=0.0546291
138800: t=676.000, cavg*=1.02572, r_mart=0.54996, r_aust=0.0546284
139000: t=677.000, cavg*=1.02572, r_mart=0.54996, r_aust=0.0546278
139200: t=678.000, cavg*=1.02572, r_mart=0.54996, r_aust=0.0546272
139400: t=679.000, cavg*=1.02572, r_mart=0.54996, r_aust=0.0546266
139600: t=680.000, cavg*=1.02572, r_mart=0.54996, r_aust=0.0546259
139800: t=681.000, cavg*=1.02572, r_mart=0.54996, r_aust=0.0546253
140000: t=682.000, cavg*=1.02572, r_mart=0.54996, r_aust=0.0546247
140200: t=683.000, cavg*=1.02572, r_mart=0.54996, r_aust=0.0546241
140400: t=684.000, cavg*=1.02572, r_mart=0.54996, r_aust=0.0546236
140600: t=685.000, cavg*=1.02572, r_mart=0.54996, r_aust=0.054623
140800: t=686.000, cavg*=1.02572, r_mart=0.54996, r_aust=0.0546224
141000: t=687.000, cavg*=1.02572, r_mart=0.54996, r_aust=0.0546218
141200: t=688.000, cavg*=1.02572, r_mart=0.54996, r_aust=0.0546213
141400: t=689.000, cavg*=1.02572, r_mart=0.54996, r_aust=0.0546207
141600: t=690.000, cavg*=1.02572, r_mart=0.54996, r_aust=0.0546202
141800: t=691.000, cavg*=1.02572, r_mart=0.54996, r_aust=0.0546196
142000: t=692.000, cavg*=1.02572, r_mart=0.54996, r_aust=0.0546191
142200: t=693.000, cavg*=1.02572, r_mart=0.54996, r_aust=0.0546186
142400: t=694.000, cavg*=1.02572, r_mart=0.54996, r_aust=0.054618
142600: t=695.000, cavg*=1.02572, r_mart=0.54996, r_aust=0.0546175
142800: t=696.000, cavg*=1.02572, r_mart=0.54996, r_aust=0.054617
143000: t=697.000, cavg*=1.02572, r_mart=0.54996, r_aust=0.0546165
143200: t=698.000, cavg*=1.02572, r_mart=0.54996, r_aust=0.054616
143400: t=699.000, cavg*=1.02572, r_mart=0.54996, r_aust=0.0546155
143600: t=700.000, cavg*=1.02572, r_mart=0.54996, r_aust=0.054615
143800: t=701.000, cavg*=1.02572, r_mart=0.54996, r_aust=0.0546145
144000: t=702.000, cavg*=1.02572, r_mart=0.54996, r_aust=0.054614
144200: t=703.000, cavg*=1.02572, r_mart=0.54996, r_aust=0.0546136
144400: t=704.000, cavg*=1.02572, r_mart=0.54996, r_aust=0.0546131
144600: t=705.000, cavg*=1.02572, r_mart=0.54996, r_aust=0.0546126
144800: t=706.000, cavg*=1.02572, r_mart=0.54996, r_aust=0.0546122
145000: t=707.000, cavg*=1.02572, r_mart=0.54996, r_aust=0.0546117
145200: t=708.000, cavg*=1.02572, r_mart=0.54996, r_aust=0.0546113
145400: t=709.000, cavg*=1.02572, r_mart=0.54996, r_aust=0.0546108
145600: t=710.000, cavg*=1.02572, r_mart=0.54996, r_aust=0.0546104
145800: t=711.000, cavg*=1.02572, r_mart=0.54996, r_aust=0.0546099
146000: t=712.000, cavg*=1.02572, r_mart=0.54996, r_aust=0.0546095
146200: t=713.000, cavg*=1.02572, r_mart=0.54996, r_aust=0.0546091
146400: t=714.000, cavg*=1.02572, r_mart=0.54996, r_aust=0.0546087
146600: t=715.000, cavg*=1.02572, r_mart=0.54996, r_aust=0.0546083
146800: t=716.000, cavg*=1.02572, r_mart=0.54996, r_aust=0.0546078
147000: t=717.000, cavg*=1.02572, r_mart=0.54996, r_aust=0.0546074
147200: t=718.000, cavg*=1.02572, r_mart=0.54996, r_aust=0.054607
147400: t=719.000, cavg*=1.02572, r_mart=0.54996, r_aust=0.0546066
147600: t=720.000, cavg*=1.02572, r_mart=0.54996, r_aust=0.0546062
147800: t=721.000, cavg*=1.02572, r_mart=0.54996, r_aust=0.0546059
148000: t=722.000, cavg*=1.02572, r_mart=0.54996, r_aust=0.0546055
148200: t=723.000, cavg*=1.02572, r_mart=0.54996, r_aust=0.0546051
148400: t=724.000, cavg*=1.02572, r_mart=0.54996, r_aust=0.0546047
148600: t=725.000, cavg*=1.02572, r_mart=0.54996, r_aust=0.0546043
148800: t=726.000, cavg*=1.02572, r_mart=0.54996, r_aust=0.054604
149000: t=727.000, cavg*=1.02572, r_mart=0.54996, r_aust=0.0546036
149200: t=728.000, cavg*=1.02572, r_mart=0.54996, r_aust=0.0546032
149400: t=729.000, cavg*=1.02572, r_mart=0.54996, r_aust=0.0546029
149600: t=730.000, cavg*=1.02572, r_mart=0.54996, r_aust=0.0546025
149800: t=731.000, cavg*=1.02572, r_mart=0.54996, r_aust=0.0546022
150000: t=732.000, cavg*=1.02572, r_mart=0.54996, r_aust=0.0546018
150200: t=733.000, cavg*=1.02572, r_mart=0.54996, r_aust=0.0546015
150400: t=734.000, cavg*=1.02572, r_mart=0.54996, r_aust=0.0546012
150600: t=735.000, cavg*=1.02572, r_mart=0.54996, r_aust=0.0546008
150800: t=736.000, cavg*=1.02572, r_mart=0.54996, r_aust=0.0546005
151000: t=737.000, cavg*=1.02572, r_mart=0.54996, r_aust=0.0546002
151200: t=738.000, cavg*=1.02572, r_mart=0.54996, r_aust=0.0545999
151400: t=739.000, cavg*=1.02572, r_mart=0.54996, r_aust=0.0545995
151600: t=740.000, cavg*=1.02572, r_mart=0.54996, r_aust=0.0545992
151800: t=741.000, cavg*=1.02572, r_mart=0.54996, r_aust=0.0545989
152000: t=742.000, cavg*=1.02572, r_mart=0.54996, r_aust=0.0545986
152200: t=743.000, cavg*=1.02572, r_mart=0.54996, r_aust=0.0545983
152400: t=744.000, cavg*=1.02572, r_mart=0.54996, r_aust=0.054598
152600: t=745.000, cavg*=1.02572, r_mart=0.54996, r_aust=0.0545977
152800: t=746.000, cavg*=1.02572, r_mart=0.54996, r_aust=0.0545974
153000: t=747.000, cavg*=1.02572, r_mart=0.54996, r_aust=0.0545971
153200: t=748.000, cavg*=1.02572, r_mart=0.54996, r_aust=0.0545968
153400: t=749.000, cavg*=1.02572, r_mart=0.54996, r_aust=0.0545965
153600: t=750.000, cavg*=1.02572, r_mart=0.54996, r_aust=0.0545962
153800: t=751.000, cavg*=1.02572, r_mart=0.54996, r_aust=0.054596
154000: t=752.000, cavg*=1.02571, r_mart=0.54996, r_aust=0.0545957
154200: t=753.000, cavg*=1.02571, r_mart=0.54996, r_aust=0.0545954
154400: t=754.000, cavg*=1.02571, r_mart=0.54996, r_aust=0.0545951
154600: t=755.000, cavg*=1.02571, r_mart=0.54996, r_aust=0.0545949
154800: t=756.000, cavg*=1.02571, r_mart=0.54996, r_aust=0.0545946
155000: t=757.000, cavg*=1.02571, r_mart=0.54996, r_aust=0.0545944
155200: t=758.000, cavg*=1.02571, r_mart=0.54996, r_aust=0.0545941
155400: t=759.000, cavg*=1.02571, r_mart=0.54996, r_aust=0.0545938
155600: t=760.000, cavg*=1.02571, r_mart=0.54996, r_aust=0.0545936
155800: t=761.000, cavg*=1.02571, r_mart=0.54996, r_aust=0.0545933
156000: t=762.000, cavg*=1.02571, r_mart=0.54996, r_aust=0.0545931
156200: t=763.000, cavg*=1.02571, r_mart=0.54996, r_aust=0.0545928
156400: t=764.000, cavg*=1.02571, r_mart=0.54996, r_aust=0.0545926
156600: t=765.000, cavg*=1.02571, r_mart=0.54996, r_aust=0.0545924
156800: t=766.000, cavg*=1.02571, r_mart=0.54996, r_aust=0.0545921
157000: t=767.000, cavg*=1.02571, r_mart=0.54996, r_aust=0.0545919
157200: t=768.000, cavg*=1.02571, r_mart=0.54996, r_aust=0.0545917
157400: t=769.000, cavg*=1.02571, r_mart=0.54996, r_aust=0.0545914
157600: t=770.000, cavg*=1.02571, r_mart=0.54996, r_aust=0.0545912
157800: t=771.000, cavg*=1.02571, r_mart=0.54996, r_aust=0.054591
158000: t=772.000, cavg*=1.02571, r_mart=0.54996, r_aust=0.0545908
158200: t=773.000, cavg*=1.02571, r_mart=0.54996, r_aust=0.0545905
158400: t=774.000, cavg*=1.02571, r_mart=0.54996, r_aust=0.0545903
158600: t=775.000, cavg*=1.02571, r_mart=0.54996, r_aust=0.0545901
158800: t=776.000, cavg*=1.02571, r_mart=0.54996, r_aust=0.0545899
159000: t=777.000, cavg*=1.02571, r_mart=0.54996, r_aust=0.0545897
159200: t=778.000, cavg*=1.02571, r_mart=0.54996, r_aust=0.0545895
159400: t=779.000, cavg*=1.02571, r_mart=0.54996, r_aust=0.0545893
159600: t=780.000, cavg*=1.02571, r_mart=0.54996, r_aust=0.0545891
159800: t=781.000, cavg*=1.02571, r_mart=0.54996, r_aust=0.0545889
160000: t=782.000, cavg*=1.02571, r_mart=0.54996, r_aust=0.0545887
160200: t=783.000, cavg*=1.02571, r_mart=0.54996, r_aust=0.0545885
160400: t=784.000, cavg*=1.02571, r_mart=0.54996, r_aust=0.0545883
160600: t=785.000, cavg*=1.02571, r_mart=0.54996, r_aust=0.0545881
160800: t=786.000, cavg*=1.02571, r_mart=0.54996, r_aust=0.0545879
161000: t=787.000, cavg*=1.02571, r_mart=0.54996, r_aust=0.0545877
161200: t=788.000, cavg*=1.02571, r_mart=0.54996, r_aust=0.0545875
161400: t=789.000, cavg*=1.02571, r_mart=0.54996, r_aust=0.0545874
161600: t=790.000, cavg*=1.02571, r_mart=0.54996, r_aust=0.0545872
161800: t=791.000, cavg*=1.02571, r_mart=0.54996, r_aust=0.054587
162000: t=792.000, cavg*=1.02571, r_mart=0.54996, r_aust=0.0545868
162200: t=793.000, cavg*=1.02571, r_mart=0.54996, r_aust=0.0545866
162400: t=794.000, cavg*=1.02571, r_mart=0.54996, r_aust=0.0545865
162600: t=795.000, cavg*=1.02571, r_mart=0.54996, r_aust=0.0545863
162800: t=796.000, cavg*=1.02571, r_mart=0.54996, r_aust=0.0545861
163000: t=797.000, cavg*=1.02571, r_mart=0.54996, r_aust=0.054586
163200: t=798.000, cavg*=1.02571, r_mart=0.54996, r_aust=0.0545858
163400: t=799.000, cavg*=1.02571, r_mart=0.54996, r_aust=0.0545856
163600: t=800.000, cavg*=1.02571, r_mart=0.54996, r_aust=0.0545855
163800: t=801.000, cavg*=1.02571, r_mart=0.54996, r_aust=0.0545853
164000: t=802.000, cavg*=1.02571, r_mart=0.54996, r_aust=0.0545851
164200: t=803.000, cavg*=1.02571, r_mart=0.54996, r_aust=0.054585
164400: t=804.000, cavg*=1.02571, r_mart=0.54996, r_aust=0.0545848
164600: t=805.000, cavg*=1.02571, r_mart=0.54996, r_aust=0.0545847
164800: t=806.000, cavg*=1.02571, r_mart=0.54996, r_aust=0.0545845
165000: t=807.000, cavg*=1.02571, r_mart=0.54996, r_aust=0.0545844
165200: t=808.000, cavg*=1.02571, r_mart=0.54996, r_aust=0.0545842
165400: t=809.000, cavg*=1.02571, r_mart=0.54996, r_aust=0.0545841
165600: t=810.000, cavg*=1.02571, r_mart=0.54996, r_aust=0.0545839
165800: t=811.000, cavg*=1.02571, r_mart=0.54996, r_aust=0.0545838
166000: t=812.000, cavg*=1.02571, r_mart=0.54996, r_aust=0.0545836
166200: t=813.000, cavg*=1.02571, r_mart=0.54996, r_aust=0.0545835
166400: t=814.000, cavg*=1.02571, r_mart=0.54996, r_aust=0.0545834
166600: t=815.000, cavg*=1.02571, r_mart=0.54996, r_aust=0.0545832
166800: t=816.000, cavg*=1.02571, r_mart=0.54996, r_aust=0.0545831
167000: t=817.000, cavg*=1.02571, r_mart=0.54996, r_aust=0.054583
167200: t=818.000, cavg*=1.02571, r_mart=0.54996, r_aust=0.0545828
167400: t=819.000, cavg*=1.02571, r_mart=0.54996, r_aust=0.0545827
167600: t=820.000, cavg*=1.02571, r_mart=0.54996, r_aust=0.0545826
167800: t=821.000, cavg*=1.02571, r_mart=0.54996, r_aust=0.0545824
168000: t=822.000, cavg*=1.02571, r_mart=0.54996, r_aust=0.0545823
168200: t=823.000, cavg*=1.02571, r_mart=0.54996, r_aust=0.0545822
168400: t=824.000, cavg*=1.02571, r_mart=0.54996, r_aust=0.0545821
168600: t=825.000, cavg*=1.02571, r_mart=0.54996, r_aust=0.0545819
168800: t=826.000, cavg*=1.02571, r_mart=0.54996, r_aust=0.0545818
169000: t=827.000, cavg*=1.02571, r_mart=0.54996, r_aust=0.0545817
169200: t=828.000, cavg*=1.02571, r_mart=0.54996, r_aust=0.0545816
169400: t=829.000, cavg*=1.02571, r_mart=0.54996, r_aust=0.0545815
169600: t=830.000, cavg*=1.02571, r_mart=0.54996, r_aust=0.0545813
169800: t=831.000, cavg*=1.02571, r_mart=0.54996, r_aust=0.0545812
170000: t=832.000, cavg*=1.02571, r_mart=0.54996, r_aust=0.0545811
170200: t=833.000, cavg*=1.02571, r_mart=0.54996, r_aust=0.054581
170400: t=834.000, cavg*=1.02571, r_mart=0.54996, r_aust=0.0545809
170600: t=835.000, cavg*=1.02571, r_mart=0.54996, r_aust=0.0545808
170800: t=836.000, cavg*=1.02571, r_mart=0.54996, r_aust=0.0545807
171000: t=837.000, cavg*=1.02571, r_mart=0.54996, r_aust=0.0545806
171200: t=838.000, cavg*=1.02571, r_mart=0.54996, r_aust=0.0545805
171400: t=839.000, cavg*=1.02571, r_mart=0.54996, r_aust=0.0545803
171600: t=840.000, cavg*=1.02571, r_mart=0.54996, r_aust=0.0545802
171800: t=841.000, cavg*=1.02571, r_mart=0.54996, r_aust=0.0545801
172000: t=842.000, cavg*=1.02571, r_mart=0.54996, r_aust=0.05458
172200: t=843.000, cavg*=1.02571, r_mart=0.54996, r_aust=0.0545799
172400: t=844.000, cavg*=1.02571, r_mart=0.54996, r_aust=0.0545798
172600: t=845.000, cavg*=1.02571, r_mart=0.54996, r_aust=0.0545797
172800: t=846.000, cavg*=1.02571, r_mart=0.54996, r_aust=0.0545796
173000: t=847.000, cavg*=1.02571, r_mart=0.54996, r_aust=0.0545795
173200: t=848.000, cavg*=1.02571, r_mart=0.54996, r_aust=0.0545794
173400: t=849.000, cavg*=1.02571, r_mart=0.54996, r_aust=0.0545794
173600: t=850.000, cavg*=1.02571, r_mart=0.54996, r_aust=0.0545793
173800: t=851.000, cavg*=1.02571, r_mart=0.54996, r_aust=0.0545792
174000: t=852.000, cavg*=1.02571, r_mart=0.54996, r_aust=0.0545791
174200: t=853.000, cavg*=1.02571, r_mart=0.54996, r_aust=0.054579
174400: t=854.000, cavg*=1.02571, r_mart=0.54996, r_aust=0.0545789
174600: t=855.000, cavg*=1.02571, r_mart=0.54996, r_aust=0.0545788
174800: t=856.000, cavg*=1.02571, r_mart=0.54996, r_aust=0.0545787
175000: t=857.000, cavg*=1.02571, r_mart=0.54996, r_aust=0.0545786
175200: t=858.000, cavg*=1.02571, r_mart=0.54996, r_aust=0.0545785
175400: t=859.000, cavg*=1.02571, r_mart=0.54996, r_aust=0.0545785
175600: t=860.000, cavg*=1.02571, r_mart=0.54996, r_aust=0.0545784
175800: t=861.000, cavg*=1.02571, r_mart=0.54996, r_aust=0.0545783
176000: t=862.000, cavg*=1.02571, r_mart=0.54996, r_aust=0.0545782
176200: t=863.000, cavg*=1.02571, r_mart=0.54996, r_aust=0.0545781
176400: t=864.000, cavg*=1.02571, r_mart=0.54996, r_aust=0.0545781
176600: t=865.000, cavg*=1.02571, r_mart=0.54996, r_aust=0.054578
176800: t=866.000, cavg*=1.02571, r_mart=0.54996, r_aust=0.0545779
177000: t=867.000, cavg*=1.02571, r_mart=0.54996, r_aust=0.0545778
177200: t=868.000, cavg*=1.02571, r_mart=0.54996, r_aust=0.0545777
177400: t=869.000, cavg*=1.02571, r_mart=0.54996, r_aust=0.0545777
177600: t=870.000, cavg*=1.02571, r_mart=0.54996, r_aust=0.0545776
177800: t=871.000, cavg*=1.02571, r_mart=0.54996, r_aust=0.0545775
178000: t=872.000, cavg*=1.02571, r_mart=0.54996, r_aust=0.0545774
178200: t=873.000, cavg*=1.02571, r_mart=0.54996, r_aust=0.0545774
178400: t=874.000, cavg*=1.02571, r_mart=0.54996, r_aust=0.0545773
178600: t=875.000, cavg*=1.02571, r_mart=0.54996, r_aust=0.0545772
178800: t=876.000, cavg*=1.02571, r_mart=0.54996, r_aust=0.0545772
179000: t=877.000, cavg*=1.02571, r_mart=0.54996, r_aust=0.0545771
179200: t=878.000, cavg*=1.02571, r_mart=0.54996, r_aust=0.054577
179400: t=879.000, cavg*=1.02571, r_mart=0.54996, r_aust=0.054577
179600: t=880.000, cavg*=1.02571, r_mart=0.54996, r_aust=0.0545769
179800: t=881.000, cavg*=1.02571, r_mart=0.54996, r_aust=0.0545768
180000: t=882.000, cavg*=1.02571, r_mart=0.54996, r_aust=0.0545768
180200: t=883.000, cavg*=1.02571, r_mart=0.54996, r_aust=0.0545767
180400: t=884.000, cavg*=1.02571, r_mart=0.54996, r_aust=0.0545766
180600: t=885.000, cavg*=1.02571, r_mart=0.54996, r_aust=0.0545766
180800: t=886.000, cavg*=1.02571, r_mart=0.54996, r_aust=0.0545765
181000: t=887.000, cavg*=1.02571, r_mart=0.54996, r_aust=0.0545764
181200: t=888.000, cavg*=1.02571, r_mart=0.54996, r_aust=0.0545764
181400: t=889.000, cavg*=1.02571, r_mart=0.54996, r_aust=0.0545763
181600: t=890.000, cavg*=1.02571, r_mart=0.54996, r_aust=0.0545763
181800: t=891.000, cavg*=1.02571, r_mart=0.54996, r_aust=0.0545762
182000: t=892.000, cavg*=1.02571, r_mart=0.54996, r_aust=0.0545761
182200: t=893.000, cavg*=1.02571, r_mart=0.54996, r_aust=0.0545761
182400: t=894.000, cavg*=1.02571, r_mart=0.54996, r_aust=0.054576
182600: t=895.000, cavg*=1.02571, r_mart=0.54996, r_aust=0.054576
182800: t=896.000, cavg*=1.02571, r_mart=0.54996, r_aust=0.0545759
183000: t=897.000, cavg*=1.02571, r_mart=0.54996, r_aust=0.0545759
183200: t=898.000, cavg*=1.02571, r_mart=0.54996, r_aust=0.0545758
183400: t=899.000, cavg*=1.02571, r_mart=0.54996, r_aust=0.0545757
183600: t=900.000, cavg*=1.02571, r_mart=0.54996, r_aust=0.0545757
183800: t=901.000, cavg*=1.02571, r_mart=0.54996, r_aust=0.0545756
184000: t=902.000, cavg*=1.02571, r_mart=0.54996, r_aust=0.0545756
184200: t=903.000, cavg*=1.02571, r_mart=0.54996, r_aust=0.0545755
184400: t=904.000, cavg*=1.02571, r_mart=0.54996, r_aust=0.0545755
184600: t=905.000, cavg*=1.02571, r_mart=0.54996, r_aust=0.0545754
184800: t=906.000, cavg*=1.02571, r_mart=0.54996, r_aust=0.0545754
185000: t=907.000, cavg*=1.02571, r_mart=0.54996, r_aust=0.0545753
185200: t=908.000, cavg*=1.02571, r_mart=0.54996, r_aust=0.0545753
185400: t=909.000, cavg*=1.02571, r_mart=0.54996, r_aust=0.0545752
185600: t=910.000, cavg*=1.02571, r_mart=0.54996, r_aust=0.0545752
185800: t=911.000, cavg*=1.02571, r_mart=0.54996, r_aust=0.0545751
186000: t=912.000, cavg*=1.02571, r_mart=0.54996, r_aust=0.0545751
186200: t=913.000, cavg*=1.02571, r_mart=0.54996, r_aust=0.054575
186400: t=914.000, cavg*=1.02571, r_mart=0.54996, r_aust=0.054575
186600: t=915.000, cavg*=1.02571, r_mart=0.54996, r_aust=0.054575
186800: t=916.000, cavg*=1.02571, r_mart=0.54996, r_aust=0.0545749
187000: t=917.000, cavg*=1.02571, r_mart=0.54996, r_aust=0.0545749
187200: t=918.000, cavg*=1.02571, r_mart=0.54996, r_aust=0.0545748
187400: t=919.000, cavg*=1.02571, r_mart=0.54996, r_aust=0.0545748
187600: t=920.000, cavg*=1.02571, r_mart=0.54996, r_aust=0.0545747
187800: t=921.000, cavg*=1.02571, r_mart=0.54996, r_aust=0.0545747
188000: t=922.000, cavg*=1.02571, r_mart=0.54996, r_aust=0.0545746
188200: t=923.000, cavg*=1.02571, r_mart=0.54996, r_aust=0.0545746
188400: t=924.000, cavg*=1.02571, r_mart=0.54996, r_aust=0.0545746
188600: t=925.000, cavg*=1.02571, r_mart=0.54996, r_aust=0.0545745
188800: t=926.000, cavg*=1.02571, r_mart=0.54996, r_aust=0.0545745
189000: t=927.000, cavg*=1.02571, r_mart=0.54996, r_aust=0.0545744
189200: t=928.000, cavg*=1.02571, r_mart=0.54996, r_aust=0.0545744
189400: t=929.000, cavg*=1.02571, r_mart=0.54996, r_aust=0.0545744
189600: t=930.000, cavg*=1.02571, r_mart=0.54996, r_aust=0.0545743
189800: t=931.000, cavg*=1.02571, r_mart=0.54996, r_aust=0.0545743
190000: t=932.000, cavg*=1.02571, r_mart=0.54996, r_aust=0.0545743
190200: t=933.000, cavg*=1.02571, r_mart=0.54996, r_aust=0.0545742
190400: t=934.000, cavg*=1.02571, r_mart=0.54996, r_aust=0.0545742
190600: t=935.000, cavg*=1.02571, r_mart=0.54996, r_aust=0.0545741
190800: t=936.000, cavg*=1.02571, r_mart=0.54996, r_aust=0.0545741
191000: t=937.000, cavg*=1.02571, r_mart=0.54996, r_aust=0.0545741
191200: t=938.000, cavg*=1.02571, r_mart=0.54996, r_aust=0.054574
191400: t=939.000, cavg*=1.02571, r_mart=0.54996, r_aust=0.054574
191600: t=940.000, cavg*=1.02571, r_mart=0.54996, r_aust=0.054574
191800: t=941.000, cavg*=1.02571, r_mart=0.54996, r_aust=0.0545739
192000: t=942.000, cavg*=1.02571, r_mart=0.54996, r_aust=0.0545739
192200: t=943.000, cavg*=1.02571, r_mart=0.54996, r_aust=0.0545739
192400: t=944.000, cavg*=1.02571, r_mart=0.54996, r_aust=0.0545738
192600: t=945.000, cavg*=1.02571, r_mart=0.54996, r_aust=0.0545738
192800: t=946.000, cavg*=1.02571, r_mart=0.54996, r_aust=0.0545738
193000: t=947.000, cavg*=1.02571, r_mart=0.54996, r_aust=0.0545737
193200: t=948.000, cavg*=1.02571, r_mart=0.54996, r_aust=0.0545737
193400: t=949.000, cavg*=1.02571, r_mart=0.54996, r_aust=0.0545737
193600: t=950.000, cavg*=1.02571, r_mart=0.54996, r_aust=0.0545736
193800: t=951.000, cavg*=1.02571, r_mart=0.54996, r_aust=0.0545736
194000: t=952.000, cavg*=1.02571, r_mart=0.54996, r_aust=0.0545736
194200: t=953.000, cavg*=1.02571, r_mart=0.54996, r_aust=0.0545735
194400: t=954.000, cavg*=1.02571, r_mart=0.54996, r_aust=0.0545735
194600: t=955.000, cavg*=1.02571, r_mart=0.54996, r_aust=0.0545735
194800: t=956.000, cavg*=1.02571, r_mart=0.54996, r_aust=0.0545735
195000: t=957.000, cavg*=1.02571, r_mart=0.54996, r_aust=0.0545734
195200: t=958.000, cavg*=1.02571, r_mart=0.54996, r_aust=0.0545734
195400: t=959.000, cavg*=1.02571, r_mart=0.54996, r_aust=0.0545734
195600: t=960.000, cavg*=1.02571, r_mart=0.54996, r_aust=0.0545733
195800: t=961.000, cavg*=1.02571, r_mart=0.54996, r_aust=0.0545733
196000: t=962.000, cavg*=1.02571, r_mart=0.54996, r_aust=0.0545733
196200: t=963.000, cavg*=1.02571, r_mart=0.54996, r_aust=0.0545733
196400: t=964.000, cavg*=1.02571, r_mart=0.54996, r_aust=0.0545732
196600: t=965.000, cavg*=1.02571, r_mart=0.54996, r_aust=0.0545732
196800: t=966.000, cavg*=1.02571, r_mart=0.54996, r_aust=0.0545732
197000: t=967.000, cavg*=1.02571, r_mart=0.54996, r_aust=0.0545732
197200: t=968.000, cavg*=1.02571, r_mart=0.54996, r_aust=0.0545731
197400: t=969.000, cavg*=1.02571, r_mart=0.54996, r_aust=0.0545731
197600: t=970.000, cavg*=1.02571, r_mart=0.54996, r_aust=0.0545731
197800: t=971.000, cavg*=1.02571, r_mart=0.54996, r_aust=0.0545731
198000: t=972.000, cavg*=1.02571, r_mart=0.54996, r_aust=0.054573
198200: t=973.000, cavg*=1.02571, r_mart=0.54996, r_aust=0.054573
198400: t=974.000, cavg*=1.02571, r_mart=0.54996, r_aust=0.054573
198600: t=975.000, cavg*=1.02571, r_mart=0.54996, r_aust=0.054573
198800: t=976.000, cavg*=1.02571, r_mart=0.54996, r_aust=0.0545729
199000: t=977.000, cavg*=1.02571, r_mart=0.54996, r_aust=0.0545729
199200: t=978.000, cavg*=1.02571, r_mart=0.54996, r_aust=0.0545729
199400: t=979.000, cavg*=1.02571, r_mart=0.54996, r_aust=0.0545729
199600: t=980.000, cavg*=1.02571, r_mart=0.54996, r_aust=0.0545729
199800: t=981.000, cavg*=1.02571, r_mart=0.54996, r_aust=0.0545728
200000: t=982.000, cavg*=1.02571, r_mart=0.54996, r_aust=0.0545728
200200: t=983.000, cavg*=1.02571, r_mart=0.54996, r_aust=0.0545728
200400: t=984.000, cavg*=1.02571, r_mart=0.54996, r_aust=0.0545728
200600: t=985.000, cavg*=1.02571, r_mart=0.54996, r_aust=0.0545727
200800: t=986.000, cavg*=1.02571, r_mart=0.54996, r_aust=0.0545727
201000: t=987.000, cavg*=1.02571, r_mart=0.54996, r_aust=0.0545727
201200: t=988.000, cavg*=1.02571, r_mart=0.54996, r_aust=0.0545727
201400: t=989.000, cavg*=1.02571, r_mart=0.54996, r_aust=0.0545727
201600: t=990.000, cavg*=1.02571, r_mart=0.54996, r_aust=0.0545726
201800: t=991.000, cavg*=1.02571, r_mart=0.54996, r_aust=0.0545726
202000: t=992.000, cavg*=1.02571, r_mart=0.54996, r_aust=0.0545726
202200: t=993.000, cavg*=1.02571, r_mart=0.54996, r_aust=0.0545726
202400: t=994.000, cavg*=1.02571, r_mart=0.54996, r_aust=0.0545726
202600: t=995.000, cavg*=1.02571, r_mart=0.54996, r_aust=0.0545726
202800: t=996.000, cavg*=1.02571, r_mart=0.54996, r_aust=0.0545725
203000: t=997.000, cavg*=1.02571, r_mart=0.54996, r_aust=0.0545725
203200: t=998.000, cavg*=1.02571, r_mart=0.54996, r_aust=0.0545725
203400: t=999.000, cavg*=1.02571, r_mart=0.54996, r_aust=0.0545725
203600: t=1000.000, cavg*=1.02571, r_mart=0.54996, r_aust=0.0545725
Time elapsed: 313.95 s

